spk_ver/v00/v0000	SES146	1.44007	9.8348	8.39473
spk_ver/v00/v0001	SES002	-8.46352	0.246598	8.71012
spk_ver/v00/v0002	SES002	-4.62182	3.82234	8.44415
spk_ver/v00/v0003	SES002	-8.65778	0.0857605	8.74354
spk_ver/v00/v0004	SES002	-5.42991	2.5481	7.978
spk_ver/v00/v0005	SES002	-5.77304	2.03391	7.80696
spk_ver/v00/v0006	SES002	-7.30079	2.4861	9.78688
spk_ver/v00/v0007	SES002	-4.9892	3.27328	8.26248
spk_ver/v00/v0008	SES146	0.62721	8.50379	7.87658
spk_ver/v00/v0009	SES002	-2.72037	7.24668	9.96705
spk_ver/v00/v0010	SES002	-7.33726	-0.147497	7.18976
spk_ver/v00/v0011	SES002	-3.86857	2.70019	6.56876
spk_ver/v00/v0012	SES002	-6.11236	4.65618	10.7685
spk_ver/v00/v0013	SES002	-5.12842	5.41562	10.544
spk_ver/v00/v0014	SES002	-2.79385	6.05813	8.85197
spk_ver/v00/v0015	SES002	-3.37051	5.89338	9.26389
spk_ver/v00/v0016	SES275	0.146031	8.31599	8.16996
spk_ver/v00/v0017	SES002	-2.67282	5.78416	8.45698
spk_ver/v00/v0018	SES002	-7.40655	1.19697	8.60352
spk_ver/v00/v0019	SES002	-3.6319	4.92909	8.56099
spk_ver/v00/v0020	SES002	-7.70311	0.956532	8.65964
spk_ver/v00/v0021	SES002	-6.07937	2.82639	8.90576
spk_ver/v00/v0022	SES002	-4.36145	4.23614	8.59759
spk_ver/v00/v0023	SES002	-6.859	3.84533	10.7043
spk_ver/v00/v0024	SES002	-8.13777	0.19213	8.3299
spk_ver/v00/v0025	SES002	-4.93817	4.55523	9.49339
spk_ver/v00/v0026	SES002	-6.33032	2.75928	9.08961
spk_ver/v00/v0027	SES129	1.70806	10.2187	8.51059
spk_ver/v00/v0028	SES007	-3.45852	6.98482	10.4433
spk_ver/v00/v0029	SES083	-0.662375	9.50439	10.1668
spk_ver/v00/v0030	SES019	2.82023	9.98324	7.16301
spk_ver/v00/v0031	SES007	-2.70038	6.43504	9.13541
spk_ver/v00/v0032	SES270	1.05234	9.19081	8.13847
spk_ver/v00/v0033	SES007	-3.2896	5.90298	9.19257
spk_ver/v00/v0034	SES007	-3.58282	4.61778	8.2006
spk_ver/v00/v0035	SES007	-2.24814	8.11751	10.3657
spk_ver/v00/v0036	SES007	-4.11724	3.26639	7.38363
spk_ver/v00/v0037	SES007	-5.86438	2.81483	8.67921
spk_ver/v00/v0038	SES259	2.67491	11.7884	9.11345
spk_ver/v00/v0039	SES007	-5.12616	1.95558	7.08175
spk_ver/v00/v0040	SES007	-4.63887	5.4201	10.059
spk_ver/v00/v0041	SES007	-3.3472	5.13635	8.48355
spk_ver/v00/v0042	SES007	-3.39712	3.59547	6.99259
spk_ver/v00/v0043	SES007	-1.17727	7.28608	8.46335
spk_ver/v00/v0044	SES007	-3.86411	6.99112	10.8552
spk_ver/v00/v0045	SES007	-2.36337	7.88482	10.2482
spk_ver/v00/v0046	SES007	-2.71685	6.70907	9.42592
spk_ver/v00/v0047	SES172	0.596842	9.92746	9.33062
spk_ver/v00/v0048	SES105	1.49482	9.67051	8.17569
spk_ver/v00/v0049	SES007	-2.17855	8.09231	10.2709
spk_ver/v00/v0050	SES292	-0.583367	8.90166	9.48502
spk_ver/v00/v0051	SES007	-1.86133	7.30798	9.1693
spk_ver/v00/v0052	SES068	0.585175	11.1255	10.5403
spk_ver/v00/v0053	SES008	-2.57066	7.83161	10.4023
spk_ver/v00/v0054	SES008	-4.16587	4.58272	8.74859
spk_ver/v00/v0055	SES008	-3.65024	5.4667	9.11695
spk_ver/v00/v0056	SES008	-6.86476	0.956555	7.82131
spk_ver/v00/v0057	SES008	-5.64924	3.64686	9.2961
spk_ver/v00/v0058	SES083	0.935701	10.8626	9.92689
spk_ver/v00/v0059	SES158	1.77246	9.84561	8.07315
spk_ver/v00/v0060	SES008	-4.61277	4.32038	8.93315
spk_ver/v00/v0061	SES101	-0.596301	8.63546	9.23176
spk_ver/v00/v0062	SES008	-4.22139	4.76232	8.98371
spk_ver/v00/v0063	SES008	-3.44684	5.9844	9.43124
spk_ver/v00/v0064	SES117	1.37917	9.85857	8.4794
spk_ver/v00/v0065	SES149	1.35802	11.2696	9.91154
spk_ver/v00/v0066	SES008	0.407314	10.0853	9.67797
spk_ver/v00/v0067	SES008	-4.18457	4.04891	8.23348
spk_ver/v00/v0068	SES162	1.16134	9.09994	7.9386
spk_ver/v00/v0069	SES008	-9.21937	-0.788772	8.43059
spk_ver/v00/v0070	SES008	-1.36525	8.31647	9.68172
spk_ver/v00/v0071	SES008	-4.29552	5.36421	9.65973
spk_ver/v00/v0072	SES008	-1.7262	9.20229	10.9285
spk_ver/v00/v0073	SES008	-3.37919	6.63225	10.0114
spk_ver/v00/v0074	SES008	-5.58421	3.50782	9.09203
spk_ver/v00/v0075	SES008	-9.9504	-2.8032	7.1472
spk_ver/v00/v0076	SES167	1.43517	10.8943	9.45917
spk_ver/v00/v0077	SES008	-2.24033	8.00387	10.2442
spk_ver/v00/v0078	SES177	0.809323	10.567	9.75772
spk_ver/v00/v0079	SES008	-2.69048	5.72069	8.41117
spk_ver/v00/v0080	SES008	-4.19327	4.81328	9.00655
spk_ver/v00/v0081	SES008	-6.8946	0.0596765	6.95427
spk_ver/v00/v0082	SES008	-4.49938	4.99191	9.49129
spk_ver/v00/v0083	SES008	-7.98702	-1.1883	6.79872
spk_ver/v00/v0084	SES144	1.32725	10.5945	9.26726
spk_ver/v00/v0085	SES008	-3.7516	5.58234	9.33394
spk_ver/v00/v0086	SES008	-4.16858	6.97727	11.1459
spk_ver/v00/v0087	SES008	-6.0839	2.43555	8.51946
spk_ver/v00/v0088	SES008	-1.86088	9.28005	11.1409
spk_ver/v00/v0089	SES008	-3.73204	4.65977	8.3918
spk_ver/v00/v0090	SES142	0.726994	9.4901	8.76311
spk_ver/v00/v0091	SES008	-6.105	2.42573	8.53073
spk_ver/v00/v0092	SES158	1.09824	8.94957	7.85133
spk_ver/v00/v0093	SES014	-3.03479	7.10597	10.1408
spk_ver/v00/v0094	SES014	-6.08024	0.103545	6.18379
spk_ver/v00/v0095	SES014	-1.92397	7.63871	9.56268
spk_ver/v00/v0096	SES014	-8.75222	-1.60436	7.14786
spk_ver/v00/v0097	SES014	-3.82198	3.4464	7.26838
spk_ver/v00/v0098	SES014	-3.0887	6.96534	10.054
spk_ver/v00/v0099	SES014	-4.81086	3.72805	8.53891
spk_ver/v01/v0100	SES127	0.248679	9.95857	9.70989
spk_ver/v01/v0101	SES014	-6.37664	1.61909	7.99573
spk_ver/v01/v0102	SES014	-6.26102	2.56635	8.82737
spk_ver/v01/v0103	SES014	-7.23838	0.97621	8.21459
spk_ver/v01/v0104	SES014	-8.21351	0.762824	8.97633
spk_ver/v01/v0105	SES014	-5.71035	0.660151	6.3705
spk_ver/v01/v0106	SES014	-4.70602	3.08641	7.79242
spk_ver/v01/v0107	SES014	-7.06557	3.2312	10.2968
spk_ver/v01/v0108	SES014	-5.64932	3.45958	9.1089
spk_ver/v01/v0109	SES014	-5.55282	2.26461	7.81743
spk_ver/v01/v0110	SES014	-6.03017	0.655424	6.6856
spk_ver/v01/v0111	SES014	-2.81658	6.7226	9.53918
spk_ver/v01/v0112	SES014	-4.85425	5.19181	10.0461
spk_ver/v01/v0113	SES104	-1.54889	7.03335	8.58223
spk_ver/v01/v0114	SES082	0.253345	10.0271	9.77374
spk_ver/v01/v0115	SES087	1.06407	10.1011	9.037
spk_ver/v01/v0116	SES014	-2.73674	5.45788	8.19462
spk_ver/v01/v0117	SES177	0.528904	9.60594	9.07703
spk_ver/v01/v0118	SES014	-5.43006	2.69147	8.12153
spk_ver/v01/v0119	SES014	-2.37044	6.61234	8.98278
spk_ver/v01/v0120	SES014	-7.03354	2.43025	9.46379
spk_ver/v01/v0121	SES146	0.628249	9.53061	8.90236
spk_ver/v01/v0122	SES014	1.28853	11.5647	10.2762
spk_ver/v01/v0123	SES014	-4.07808	5.59198	9.67006
spk_ver/v01/v0124	SES014	-10.5873	-1.42539	9.16193
spk_ver/v01/v0125	SES014	-5.46644	3.81496	9.2814
spk_ver/v01/v0126	SES016	-4.28986	4.75953	9.04938
spk_ver/v01/v0127	SES016	-4.72557	3.00589	7.73146
spk_ver/v01/v0128	SES106	2.57722	10.5587	7.98152
spk_ver/v01/v0129	SES016	-4.74668	4.65568	9.40237
spk_ver/v01/v0130	SES016	-3.69549	5.69292	9.38841
spk_ver/v01/v0131	SES016	-6.67108	1.77841	8.44949
spk_ver/v01/v0132	SES016	-4.4243	4.58343	9.00773
spk_ver/v01/v0133	SES016	-4.05485	5.91898	9.97384
spk_ver/v01/v0134	SES016	-4.28192	5.47571	9.75763
spk_ver/v01/v0135	SES016	-5.61971	3.7305	9.35022
spk_ver/v01/v0136	SES016	-5.14255	3.21208	8.35463
spk_ver/v01/v0137	SES007	0.514548	8.76045	8.2459
spk_ver/v01/v0138	SES016	-1.79214	7.99834	9.79048
spk_ver/v01/v0139	SES016	-3.26672	6.89455	10.1613
spk_ver/v01/v0140	SES016	0.970456	10.916	9.94556
spk_ver/v01/v0141	SES016	-13.469	-8.39984	5.06915
spk_ver/v01/v0142	SES016	-6.99883	1.3966	8.39543
spk_ver/v01/v0143	SES016	-8.4427	-1.39744	7.04526
spk_ver/v01/v0144	SES016	-5.99561	3.66276	9.65837
spk_ver/v01/v0145	SES016	-8.57102	-1.17234	7.39868
spk_ver/v01/v0146	SES016	-2.95356	7.32456	10.2781
spk_ver/v01/v0147	SES016	-2.62595	7.2448	9.87075
spk_ver/v01/v0148	SES127	0.622144	9.58165	8.9595
spk_ver/v01/v0149	SES016	-5.92883	2.88273	8.81156
spk_ver/v01/v0150	SES016	-3.74152	5.82869	9.57021
spk_ver/v01/v0151	SES147	0.893149	8.67964	7.78649
spk_ver/v01/v0152	SES016	-3.47481	5.51315	8.98797
spk_ver/v01/v0153	SES104	1.45226	11.3701	9.9178
spk_ver/v01/v0154	SES016	-5.67132	2.69862	8.36994
spk_ver/v01/v0155	SES016	-4.48997	3.92566	8.41563
spk_ver/v01/v0156	SES019	-3.25048	3.88781	7.13829
spk_ver/v01/v0157	SES019	-4.80436	5.76651	10.5709
spk_ver/v01/v0158	SES019	-1.46354	6.59514	8.05868
spk_ver/v01/v0159	SES007	1.00796	9.73698	8.72901
spk_ver/v01/v0160	SES019	-4.25971	5.45452	9.71423
spk_ver/v01/v0161	SES019	-5.50115	1.84178	7.34292
spk_ver/v01/v0162	SES019	-5.2428	5.33921	10.582
spk_ver/v01/v0163	SES189	1.54865	10.2929	8.74422
spk_ver/v01/v0164	SES019	-3.94713	5.36569	9.31282
spk_ver/v01/v0165	SES019	-1.73543	3.92274	5.65817
spk_ver/v01/v0166	SES019	-5.77344	4.26524	10.0387
spk_ver/v01/v0167	SES019	-5.81827	2.56604	8.38431
spk_ver/v01/v0168	SES019	-4.20059	2.20964	6.41023
spk_ver/v01/v0169	SES019	-6.9075	0.991018	7.89852
spk_ver/v01/v0170	SES270	0.450727	8.68531	8.23459
spk_ver/v01/v0171	SES019	-3.64972	5.1831	8.83283
spk_ver/v01/v0172	SES019	-5.54134	2.8823	8.42364
spk_ver/v01/v0173	SES206	1.08559	10.0958	9.01024
spk_ver/v01/v0174	SES019	-4.37908	2.38889	6.76797
spk_ver/v01/v0175	SES014	1.05031	11.2981	10.2478
spk_ver/v01/v0176	SES019	-6.07228	4.0384	10.1107
spk_ver/v01/v0177	SES120	0.892344	9.03984	8.1475
spk_ver/v01/v0178	SES019	-3.94163	2.99604	6.93767
spk_ver/v01/v0179	SES019	-6.27535	5.06435	11.3397
spk_ver/v01/v0180	SES175	0.862257	9.79082	8.92857
spk_ver/v01/v0181	SES019	-5.57925	3.00225	8.58149
spk_ver/v01/v0182	SES019	-6.05372	4.16189	10.2156
spk_ver/v01/v0183	SES029	-3.40762	5.9576	9.36522
spk_ver/v01/v0184	SES029	-7.12866	0.691083	7.81975
spk_ver/v01/v0185	SES029	-4.85198	5.0511	9.90308
spk_ver/v01/v0186	SES068	0.977554	11.361	10.3834
spk_ver/v01/v0187	SES029	-6.83181	1.79181	8.62362
spk_ver/v01/v0188	SES029	-4.67089	5.14929	9.82019
spk_ver/v01/v0189	SES149	1.72713	11.9517	10.2246
spk_ver/v01/v0190	SES029	-5.50434	4.21339	9.71772
spk_ver/v01/v0191	SES029	-5.07172	3.09396	8.16568
spk_ver/v01/v0192	SES183	1.53519	11.4642	9.92903
spk_ver/v01/v0193	SES029	-3.9228	5.04547	8.96828
spk_ver/v01/v0194	SES016	1.65435	11.3129	9.6585
spk_ver/v01/v0195	SES029	-4.40175	5.33049	9.73225
spk_ver/v01/v0196	SES029	-2.30728	6.30366	8.61094
spk_ver/v01/v0197	SES029	-5.41973	4.03472	9.45445
spk_ver/v01/v0198	SES146	0.366386	8.64716	8.28077
spk_ver/v01/v0199	SES029	-6.09979	1.06751	7.1673
spk_ver/v02/v0200	SES029	-3.4691	5.5753	9.0444
spk_ver/v02/v0201	SES068	0.419443	10.4192	9.99977
spk_ver/v02/v0202	SES148	1.6446	10.3839	8.73926
spk_ver/v02/v0203	SES029	-4.49346	4.6614	9.15486
spk_ver/v02/v0204	SES029	-2.08485	6.94835	9.0332
spk_ver/v02/v0205	SES060	1.21389	12.1647	10.9508
spk_ver/v02/v0206	SES127	3.06089	12.6161	9.55522
spk_ver/v02/v0207	SES029	-5.15564	2.93537	8.09101
spk_ver/v02/v0208	SES048	1.75381	9.92457	8.17076
spk_ver/v02/v0209	SES029	-2.05466	7.65695	9.71161
spk_ver/v02/v0210	SES029	-5.99567	2.47988	8.47556
spk_ver/v02/v0211	SES029	-5.11373	4.38002	9.49374
spk_ver/v02/v0212	SES042	-8.32663	0.543017	8.86965
spk_ver/v02/v0213	SES085	1.6531	10.3886	8.7355
spk_ver/v02/v0214	SES206	2.23318	11.4775	9.24428
spk_ver/v02/v0215	SES144	0.446193	9.63706	9.19087
spk_ver/v02/v0216	SES042	-4.24401	4.54057	8.78458
spk_ver/v02/v0217	SES042	-5.8908	-1.76905	4.12175
spk_ver/v02/v0218	SES042	-3.01472	5.92411	8.93883
spk_ver/v02/v0219	SES206	1.09489	11.2461	10.1512
spk_ver/v02/v0220	SES019	3.16408	10.5154	7.35137
spk_ver/v02/v0221	SES007	-0.07162	9.30903	9.38065
spk_ver/v02/v0222	SES042	-9.77164	-1.68619	8.08545
spk_ver/v02/v0223	SES147	0.829437	8.89623	8.06679
spk_ver/v02/v0224	SES105	1.7359	9.85974	8.12384
spk_ver/v02/v0225	SES042	-2.94195	6.05027	8.99222
spk_ver/v02/v0226	SES275	0.618154	9.2801	8.66195
spk_ver/v02/v0227	SES042	-6.49571	0.924121	7.41983
spk_ver/v02/v0228	SES042	-5.74982	3.83138	9.5812
spk_ver/v02/v0229	SES042	-6.05814	4.28209	10.3402
spk_ver/v02/v0230	SES085	0.889998	11.7895	10.8995
spk_ver/v02/v0231	SES014	2.03364	12.8041	10.7705
spk_ver/v02/v0232	SES042	-3.01467	6.04313	9.05779
spk_ver/v02/v0233	SES048	-4.75179	4.6017	9.35349
spk_ver/v02/v0234	SES048	-3.77083	5.38546	9.1563
spk_ver/v02/v0235	SES029	0.932023	10.5113	9.57931
spk_ver/v02/v0236	SES048	-3.84998	6.48143	10.3314
spk_ver/v02/v0237	SES048	-6.11947	2.16851	8.28798
spk_ver/v02/v0238	SES048	-3.23462	6.84375	10.0784
spk_ver/v02/v0239	SES060	1.35262	11.3732	10.0206
spk_ver/v02/v0240	SES048	-4.41699	4.91656	9.33354
spk_ver/v02/v0241	SES048	-2.65192	7.33661	9.98853
spk_ver/v02/v0242	SES189	2.39453	10.519	8.1245
spk_ver/v02/v0243	SES162	0.950315	9.28471	8.33439
spk_ver/v02/v0244	SES048	-6.3956	2.9882	9.3838
spk_ver/v02/v0245	SES048	-5.06573	3.44748	8.51321
spk_ver/v02/v0246	SES048	-5.75115	3.45054	9.20169
spk_ver/v02/v0247	SES048	-8.26809	-1.62234	6.64575
spk_ver/v02/v0248	SES226	1.96435	10.283	8.31869
spk_ver/v02/v0249	SES048	-2.68504	6.38967	9.0747
spk_ver/v02/v0250	SES048	-4.93808	3.5468	8.48489
spk_ver/v02/v0251	SES048	-6.98323	0.146184	7.12942
spk_ver/v02/v0252	SES060	-4.42539	4.0481	8.47349
spk_ver/v02/v0253	SES060	-7.28236	1.23546	8.51782
spk_ver/v02/v0254	SES259	2.71365	11.9192	9.20554
spk_ver/v02/v0255	SES060	-6.40109	1.84532	8.24641
spk_ver/v02/v0256	SES202	0.271603	8.45206	8.18046
spk_ver/v02/v0257	SES148	1.05334	11.0254	9.97211
spk_ver/v02/v0258	SES060	-7.12697	-1.56858	5.55839
spk_ver/v02/v0259	SES060	-3.36974	6.54502	9.91477
spk_ver/v02/v0260	SES060	-3.95122	5.94246	9.89368
spk_ver/v02/v0261	SES099	1.73514	10.1014	8.3663
spk_ver/v02/v0262	SES060	-4.45622	4.9442	9.40042
spk_ver/v02/v0263	SES060	-3.73575	7.00028	10.736
spk_ver/v02/v0264	SES292	-0.143055	9.32659	9.46964
spk_ver/v02/v0265	SES060	-2.40541	6.88324	9.28866
spk_ver/v02/v0266	SES060	-8.00196	-0.628403	7.37355
spk_ver/v02/v0267	SES060	-8.24572	-0.756652	7.48907
spk_ver/v02/v0268	SES060	-9.15645	-3.25623	5.90023
spk_ver/v02/v0269	SES127	0.983041	11.3505	10.3675
spk_ver/v02/v0270	SES060	-5.28594	3.23001	8.51595
spk_ver/v02/v0271	SES060	-1.70303	8.46032	10.1634
spk_ver/v02/v0272	SES060	-6.378	0.297917	6.67592
spk_ver/v02/v0273	SES087	1.07094	9.89837	8.82743
spk_ver/v02/v0274	SES146	0.0526438	8.35486	8.30221
spk_ver/v02/v0275	SES060	-6.64381	1.10057	7.74437
spk_ver/v02/v0276	SES002	2.77282	11.3937	8.62092
spk_ver/v02/v0277	SES060	-2.51573	7.42986	9.94559
spk_ver/v02/v0278	SES060	-7.29715	0.53703	7.83418
spk_ver/v02/v0279	SES060	-6.83842	1.99757	8.83599
spk_ver/v02/v0280	SES129	2.24626	11.0456	8.79939
spk_ver/v02/v0281	SES162	1.52063	9.8279	8.30728
spk_ver/v02/v0282	SES060	-5.15809	3.37447	8.53257
spk_ver/v02/v0283	SES060	-4.34871	5.96808	10.3168
spk_ver/v02/v0284	SES062	-5.50515	1.25513	6.76028
spk_ver/v02/v0285	SES062	-6.81186	1.50979	8.32166
spk_ver/v02/v0286	SES120	-0.958682	6.99204	7.95072
spk_ver/v02/v0287	SES062	-5.66265	2.40767	8.07032
spk_ver/v02/v0288	SES062	-5.46215	2.767	8.22915
spk_ver/v02/v0289	SES062	-4.18568	5.03452	9.22021
spk_ver/v02/v0290	SES062	-2.64024	7.35898	9.99922
spk_ver/v02/v0291	SES275	0.309402	9.45298	9.14357
spk_ver/v02/v0292	SES062	-2.84291	6.10238	8.94529
spk_ver/v02/v0293	SES062	-3.51835	6.1144	9.63275
spk_ver/v02/v0294	SES062	-5.3742	3.57459	8.94879
spk_ver/v02/v0295	SES062	-3.62798	5.07691	8.70489
spk_ver/v02/v0296	SES062	-4.05144	5.41484	9.46629
spk_ver/v02/v0297	SES062	-6.37147	2.47006	8.84152
spk_ver/v02/v0298	SES062	-3.7387	4.36769	8.10639
spk_ver/v02/v0299	SES062	-3.17545	6.37325	9.5487
spk_ver/v03/v0300	SES062	-4.20113	4.41024	8.61137
spk_ver/v03/v0301	SES062	-3.01146	6.98524	9.9967
spk_ver/v03/v0302	SES172	0.493867	11.0419	10.5481
spk_ver/v03/v0303	SES062	-2.90723	6.41727	9.3245
spk_ver/v03/v0304	SES062	-4.58504	3.90375	8.4888
spk_ver/v03/v0305	SES062	-3.95592	4.39802	8.35394
spk_ver/v03/v0306	SES062	-4.21178	3.79611	8.00789
spk_ver/v03/v0307	SES062	-4.09958	5.23893	9.33852
spk_ver/v03/v0308	SES062	-3.35236	6.03582	9.38818
spk_ver/v03/v0309	SES062	-4.78607	1.6378	6.42387
spk_ver/v03/v0310	SES125	1.54116	12.1229	10.5818
spk_ver/v03/v0311	SES062	-2.82539	5.97861	8.80399
spk_ver/v03/v0312	SES062	-6.20055	1.67446	7.87501
spk_ver/v03/v0313	SES062	-3.74777	4.99292	8.74069
spk_ver/v03/v0314	SES068	-5.28984	3.79779	9.08763
spk_ver/v03/v0315	SES068	-3.65907	5.49837	9.15744
spk_ver/v03/v0316	SES068	-3.645	5.00421	8.64921
spk_ver/v03/v0317	SES068	-2.08349	6.13583	8.21932
spk_ver/v03/v0318	SES068	-3.85172	6.09671	9.94843
spk_ver/v03/v0319	SES068	-8.46779	-2.06113	6.40666
spk_ver/v03/v0320	SES068	-2.21434	7.18414	9.39847
spk_ver/v03/v0321	SES068	-2.66535	6.44177	9.10712
spk_ver/v03/v0322	SES068	-2.6379	5.6434	8.2813
spk_ver/v03/v0323	SES068	-2.87886	6.21958	9.09845
spk_ver/v03/v0324	SES144	-0.254351	7.36426	7.61862
spk_ver/v03/v0325	SES068	-2.20972	7.89376	10.1035
spk_ver/v03/v0326	SES068	-1.65407	8.60853	10.2626
spk_ver/v03/v0327	SES068	-3.05027	6.79881	9.84908
spk_ver/v03/v0328	SES068	-5.89262	1.97846	7.87108
spk_ver/v03/v0329	SES068	-3.03224	6.63286	9.6651
spk_ver/v03/v0330	SES180	0.590649	9.4169	8.82625
spk_ver/v03/v0331	SES068	-1.51727	7.78094	9.29821
spk_ver/v03/v0332	SES275	1.55643	10.6874	9.13093
spk_ver/v03/v0333	SES062	0.469079	11.7389	11.2698
spk_ver/v03/v0334	SES270	0.704061	8.29061	7.58655
spk_ver/v03/v0335	SES068	-8.80691	-2.67853	6.12838
spk_ver/v03/v0336	SES068	-1.91214	9.37348	11.2856
spk_ver/v03/v0337	SES068	-3.49272	5.4196	8.91233
spk_ver/v03/v0338	SES068	-3.90178	4.12597	8.02776
spk_ver/v03/v0339	SES068	-2.47708	7.15066	9.62774
spk_ver/v03/v0340	SES068	-3.72127	4.62234	8.34361
spk_ver/v03/v0341	SES016	1.28914	12.2268	10.9377
spk_ver/v03/v0342	SES068	-4.04038	4.01513	8.05551
spk_ver/v03/v0343	SES068	-3.69583	5.52336	9.21919
spk_ver/v03/v0344	SES125	1.13007	9.97048	8.84041
spk_ver/v03/v0345	SES187	0.492774	10.2515	9.75872
spk_ver/v03/v0346	SES068	-3.94144	6.07955	10.021
spk_ver/v03/v0347	SES143	0.931274	9.73082	8.79955
spk_ver/v03/v0348	SES292	1.12988	10.4647	9.33482
spk_ver/v03/v0349	SES082	-7.26452	2.34878	9.6133
spk_ver/v03/v0350	SES101	1.0102	10.9956	9.98536
spk_ver/v03/v0351	SES082	-1.4917	6.5953	8.08699
spk_ver/v03/v0352	SES082	-3.17853	4.3958	7.57433
spk_ver/v03/v0353	SES082	-4.52026	4.69065	9.21091
spk_ver/v03/v0354	SES082	-8.89301	-1.00924	7.88376
spk_ver/v03/v0355	SES083	0.387218	11.0545	10.6673
spk_ver/v03/v0356	SES082	-4.44264	3.52003	7.96268
spk_ver/v03/v0357	SES082	-5.99168	2.8756	8.86728
spk_ver/v03/v0358	SES082	-3.28446	5.32965	8.6141
spk_ver/v03/v0359	SES117	0.147687	7.34513	7.19745
spk_ver/v03/v0360	SES082	-7.52043	2.75165	10.2721
spk_ver/v03/v0361	SES082	-3.62067	5.13494	8.75561
spk_ver/v03/v0362	SES007	1.33943	10.1606	8.82116
spk_ver/v03/v0363	SES082	-4.77934	4.14953	8.92888
spk_ver/v03/v0364	SES019	2.73757	10.6157	7.87817
spk_ver/v03/v0365	SES082	-2.15002	5.43978	7.5898
spk_ver/v03/v0366	SES226	2.38149	11.0215	8.63999
spk_ver/v03/v0367	SES167	1.53001	11.7973	10.2673
spk_ver/v03/v0368	SES082	-3.75173	6.09673	9.84846
spk_ver/v03/v0369	SES042	2.90755	13.0354	10.1279
spk_ver/v03/v0370	SES042	1.48075	11.181	9.7002
spk_ver/v03/v0371	SES082	-6.47802	2.67941	9.15743
spk_ver/v03/v0372	SES082	-2.6085	6.50197	9.11047
spk_ver/v03/v0373	SES082	-6.5808	2.93857	9.51937
spk_ver/v03/v0374	SES083	-2.67225	8.21056	10.8828
spk_ver/v03/v0375	SES292	0.489831	9.99139	9.50156
spk_ver/v03/v0376	SES083	-4.94434	4.63638	9.58072
spk_ver/v03/v0377	SES083	-5.80895	1.64746	7.45642
spk_ver/v03/v0378	SES083	-2.3398	6.21379	8.55359
spk_ver/v03/v0379	SES083	-2.48141	6.43821	8.91962
spk_ver/v03/v0380	SES083	-4.27225	4.99358	9.26584
spk_ver/v03/v0381	SES083	-4.49068	4.81745	9.30813
spk_ver/v03/v0382	SES148	-0.168036	10.4216	10.5896
spk_ver/v03/v0383	SES083	-2.26029	8.04758	10.3079
spk_ver/v03/v0384	SES226	0.896393	9.6432	8.74681
spk_ver/v03/v0385	SES226	2.16325	11.5695	9.40622
spk_ver/v03/v0386	SES087	0.954705	9.7261	8.77139
spk_ver/v03/v0387	SES029	0.462119	10.1588	9.69666
spk_ver/v03/v0388	SES147	0.89927	9.8195	8.92023
spk_ver/v03/v0389	SES083	-6.63509	0.160434	6.79553
spk_ver/v03/v0390	SES189	1.35994	10.7786	9.41866
spk_ver/v03/v0391	SES083	-1.91881	7.52035	9.43916
spk_ver/v03/v0392	SES083	-1.15001	9.60112	10.7511
spk_ver/v03/v0393	SES083	-4.70494	4.85361	9.55855
spk_ver/v03/v0394	SES083	-5.89525	2.11498	8.01023
spk_ver/v03/v0395	SES083	-2.72699	7.68623	10.4132
spk_ver/v03/v0396	SES014	2.29586	13.2875	10.9916
spk_ver/v03/v0397	SES085	-0.708345	10.339	11.0474
spk_ver/v03/v0398	SES085	-2.33148	8.32707	10.6585
spk_ver/v03/v0399	SES085	-5.16966	3.79728	8.96694
spk_ver/v04/v0400	SES106	2.19898	11.3884	9.18945
spk_ver/v04/v0401	SES085	-5.94905	2.17339	8.12244
spk_ver/v04/v0402	SES085	-9.59997	-2.81161	6.78836
spk_ver/v04/v0403	SES085	-1.61016	8.99821	10.6084
spk_ver/v04/v0404	SES180	0.658612	10.1028	9.44415
spk_ver/v04/v0405	SES129	1.549	11.1769	9.62792
spk_ver/v04/v0406	SES085	-5.91323	2.38444	8.29767
spk_ver/v04/v0407	SES146	-0.00964546	7.94586	7.9555
spk_ver/v04/v0408	SES085	-2.31527	8.08116	10.3964
spk_ver/v04/v0409	SES085	-4.01456	3.51397	7.52853
spk_ver/v04/v0410	SES085	-4.13498	4.69548	8.83046
spk_ver/v04/v0411	SES292	0.169383	8.98021	8.81082
spk_ver/v04/v0412	SES085	-2.52106	7.68171	10.2028
spk_ver/v04/v0413	SES125	1.895	11.0769	9.18193
spk_ver/v04/v0414	SES085	-4.26154	4.07724	8.33878
spk_ver/v04/v0415	SES085	-3.34481	7.1988	10.5436
spk_ver/v04/v0416	SES085	-1.71046	7.62034	9.3308
spk_ver/v04/v0417	SES062	1.48564	12.556	11.0703
spk_ver/v04/v0418	SES060	2.30554	12.1885	9.88294
spk_ver/v04/v0419	SES085	-1.49566	7.91669	9.41235
spk_ver/v04/v0420	SES085	-7.30214	0.774685	8.07683
spk_ver/v04/v0421	SES085	-7.32115	-0.759065	6.56208
spk_ver/v04/v0422	SES085	-2.32208	5.39614	7.71822
spk_ver/v04/v0423	SES085	-7.13604	1.14833	8.28437
spk_ver/v04/v0424	SES085	-5.02924	0.982417	6.01166
spk_ver/v04/v0425	SES183	1.02162	9.86728	8.84566
spk_ver/v04/v0426	SES085	-6.10982	1.89498	8.0048
spk_ver/v04/v0427	SES087	-4.07871	3.35664	7.43535
spk_ver/v04/v0428	SES162	0.893038	9.97989	9.08685
spk_ver/v04/v0429	SES087	-1.96575	6.99763	8.96339
spk_ver/v04/v0430	SES087	-5.89471	3.76106	9.65577
spk_ver/v04/v0431	SES087	-4.77409	4.11788	8.89196
spk_ver/v04/v0432	SES087	-5.15155	2.20238	7.35393
spk_ver/v04/v0433	SES087	-4.20071	5.34563	9.54634
spk_ver/v04/v0434	SES142	1.59062	10.9078	9.31718
spk_ver/v04/v0435	SES087	-4.81052	4.7738	9.58433
spk_ver/v04/v0436	SES099	1.16213	10.2324	9.07028
spk_ver/v04/v0437	SES087	-1.81447	8.66198	10.4764
spk_ver/v04/v0438	SES087	-6.32181	3.20427	9.52609
spk_ver/v04/v0439	SES087	-2.57474	6.72178	9.29652
spk_ver/v04/v0440	SES087	-3.54499	6.86991	10.4149
spk_ver/v04/v0441	SES087	-5.46361	4.06526	9.52887
spk_ver/v04/v0442	SES187	1.86345	10.5991	8.73561
spk_ver/v04/v0443	SES172	1.59796	11.082	9.48401
spk_ver/v04/v0444	SES087	-3.76156	5.26117	9.02273
spk_ver/v04/v0445	SES087	-2.82208	5.91289	8.73497
spk_ver/v04/v0446	SES087	-1.85916	7.42329	9.28246
spk_ver/v04/v0447	SES087	-2.90212	6.16667	9.06879
spk_ver/v04/v0448	SES106	1.31889	8.23773	6.91884
spk_ver/v04/v0449	SES146	0.586636	8.82917	8.24253
spk_ver/v04/v0450	SES087	-4.97153	4.31065	9.28218
spk_ver/v04/v0451	SES087	-3.50186	4.92438	8.42624
spk_ver/v04/v0452	SES007	1.15717	9.37602	8.21885
spk_ver/v04/v0453	SES087	-4.39562	3.64035	8.03597
spk_ver/v04/v0454	SES087	-6.96981	2.52548	9.49529
spk_ver/v04/v0455	SES180	0.790581	9.66983	8.87925
spk_ver/v04/v0456	SES099	-5.15017	4.15402	9.30419
spk_ver/v04/v0457	SES042	1.64268	11.2223	9.57957
spk_ver/v04/v0458	SES099	-1.53785	6.8088	8.34665
spk_ver/v04/v0459	SES099	-4.53691	5.40965	9.94656
spk_ver/v04/v0460	SES099	-5.0407	3.16163	8.20234
spk_ver/v04/v0461	SES099	-3.62642	5.72619	9.3526
spk_ver/v04/v0462	SES082	2.26609	11.7618	9.49573
spk_ver/v04/v0463	SES099	-1.94786	6.93441	8.88227
spk_ver/v04/v0464	SES099	-0.335568	8.98326	9.31883
spk_ver/v04/v0465	SES099	-6.24484	3.2113	9.45615
spk_ver/v04/v0466	SES099	-1.3746	6.88492	8.25951
spk_ver/v04/v0467	SES099	-0.63557	7.98868	8.62425
spk_ver/v04/v0468	SES129	2.16055	11.4623	9.30173
spk_ver/v04/v0469	SES101	0.566183	9.54862	8.98244
spk_ver/v04/v0470	SES099	-5.75424	2.4699	8.22414
spk_ver/v04/v0471	SES172	1.92127	10.864	8.94276
spk_ver/v04/v0472	SES099	-0.986649	7.05046	8.03711
spk_ver/v04/v0473	SES270	3.85786	11.1611	7.30319
spk_ver/v04/v0474	SES099	-5.16916	5.00677	10.1759
spk_ver/v04/v0475	SES099	-3.17864	7.23082	10.4095
spk_ver/v04/v0476	SES099	-5.67526	0.478385	6.15364
spk_ver/v04/v0477	SES002	1.38201	10.8413	9.45933
spk_ver/v04/v0478	SES099	-2.30243	6.3172	8.61963
spk_ver/v04/v0479	SES007	0.174364	9.37719	9.20283
spk_ver/v04/v0480	SES101	-7.28319	1.79659	9.07978
spk_ver/v04/v0481	SES101	-4.23664	3.71221	7.94885
spk_ver/v04/v0482	SES175	0.411963	9.60392	9.19196
spk_ver/v04/v0483	SES101	-4.65234	4.24175	8.89409
spk_ver/v04/v0484	SES101	-6.51307	3.92136	10.4344
spk_ver/v04/v0485	SES101	-2.75166	5.39792	8.14957
spk_ver/v04/v0486	SES101	-2.3174	5.22634	7.54374
spk_ver/v04/v0487	SES101	-1.06931	8.89685	9.96616
spk_ver/v04/v0488	SES101	-7.63856	-0.254432	7.38412
spk_ver/v04/v0489	SES147	0.384804	7.72567	7.34087
spk_ver/v04/v0490	SES085	-2.01385	7.06365	9.0775
spk_ver/v04/v0491	SES101	-3.80607	4.29702	8.10309
spk_ver/v04/v0492	SES101	-7.69387	-1.5491	6.14477
spk_ver/v04/v0493	SES101	-4.41906	5.24622	9.66528
spk_ver/v04/v0494	SES101	-3.87627	4.61872	8.49499
spk_ver/v04/v0495	SES101	-1.89991	9.0476	10.9475
spk_ver/v04/v0496	SES101	-2.12699	8.40031	10.5273
spk_ver/v04/v0497	SES014	2.34085	13.2649	10.924
spk_ver/v04/v0498	SES101	-5.17463	3.72287	8.8975
spk_ver/v04/v0499	SES101	-4.09896	6.13198	10.2309
spk_ver/v05/v0500	SES085	0.50787	11.4346	10.9267
spk_ver/v05/v0501	SES101	-6.28825	2.31154	8.59979
spk_ver/v05/v0502	SES275	0.257972	9.21357	8.9556
spk_ver/v05/v0503	SES117	0.637119	8.89721	8.26009
spk_ver/v05/v0504	SES101	-6.25386	1.96042	8.21428
spk_ver/v05/v0505	SES101	-4.7673	4.7903	9.5576
spk_ver/v05/v0506	SES101	-3.11831	6.7056	9.82392
spk_ver/v05/v0507	SES048	0.846879	11.1521	10.3052
spk_ver/v05/v0508	SES117	-0.147833	7.80089	7.94872
spk_ver/v05/v0509	SES202	1.85645	10.6433	8.78688
spk_ver/v05/v0510	SES104	-4.92084	1.74603	6.66687
spk_ver/v05/v0511	SES008	1.3922	9.93711	8.54491
spk_ver/v05/v0512	SES104	-2.14961	4.83912	6.98872
spk_ver/v05/v0513	SES104	-3.97146	5.28146	9.25292
spk_ver/v05/v0514	SES104	-5.60691	4.80009	10.407
spk_ver/v05/v0515	SES104	-7.24355	2.50023	9.74378
spk_ver/v05/v0516	SES104	-4.53009	2.01294	6.54303
spk_ver/v05/v0517	SES060	1.19352	12.8624	11.6689
spk_ver/v05/v0518	SES104	-6.50018	2.04371	8.54389
spk_ver/v05/v0519	SES104	-8.60907	-1.00677	7.6023
spk_ver/v05/v0520	SES104	-2.02011	7.95938	9.97949
spk_ver/v05/v0521	SES008	0.662315	11.3621	10.6998
spk_ver/v05/v0522	SES068	1.03513	11.1409	10.1058
spk_ver/v05/v0523	SES087	1.00926	10.7351	9.7258
spk_ver/v05/v0524	SES104	-2.62782	5.7197	8.34752
spk_ver/v05/v0525	SES104	-1.1729	7.15219	8.3251
spk_ver/v05/v0526	SES104	-2.61067	6.85368	9.46435
spk_ver/v05/v0527	SES083	0.95071	10.5441	9.59341
spk_ver/v05/v0528	SES148	0.911139	10.4577	9.54657
spk_ver/v05/v0529	SES104	-5.16236	2.68052	7.84289
spk_ver/v05/v0530	SES104	-7.32926	2.13168	9.46093
spk_ver/v05/v0531	SES125	0.87698	9.73672	8.85974
spk_ver/v05/v0532	SES104	-7.37529	1.59067	8.96597
spk_ver/v05/v0533	SES149	1.9853	12.7975	10.8122
spk_ver/v05/v0534	SES104	-5.44398	3.91818	9.36216
spk_ver/v05/v0535	SES187	0.436705	8.83625	8.39954
spk_ver/v05/v0536	SES104	-3.12928	5.49268	8.62196
spk_ver/v05/v0537	SES104	-3.2883	4.6131	7.9014
spk_ver/v05/v0538	SES167	1.50856	11.1082	9.59966
spk_ver/v05/v0539	SES104	-3.63057	2.40194	6.03251
spk_ver/v05/v0540	SES104	-6.9423	4.55216	11.4945
spk_ver/v05/v0541	SES183	1.00014	8.96606	7.96592
spk_ver/v05/v0542	SES104	-2.15928	5.66917	7.82845
spk_ver/v05/v0543	SES104	-6.51202	3.16758	9.67959
spk_ver/v05/v0544	SES105	-4.48901	4.74461	9.23363
spk_ver/v05/v0545	SES105	-3.23574	5.55054	8.78628
spk_ver/v05/v0546	SES105	-4.11983	3.99741	8.11724
spk_ver/v05/v0547	SES105	-4.53434	4.3172	8.85154
spk_ver/v05/v0548	SES019	3.58375	10.6967	7.11298
spk_ver/v05/v0549	SES105	-3.07041	6.72897	9.79937
spk_ver/v05/v0550	SES105	-4.26074	2.7852	7.04595
spk_ver/v05/v0551	SES202	1.05774	8.93351	7.87578
spk_ver/v05/v0552	SES105	-4.8871	4.57144	9.45854
spk_ver/v05/v0553	SES105	-2.19433	7.23722	9.43155
spk_ver/v05/v0554	SES105	-2.44263	7.93143	10.3741
spk_ver/v05/v0555	SES105	-4.4489	3.65897	8.10787
spk_ver/v05/v0556	SES082	0.572286	9.96877	9.39648
spk_ver/v05/v0557	SES105	-5.41744	3.98567	9.40311
spk_ver/v05/v0558	SES014	0.766966	10.4034	9.63643
spk_ver/v05/v0559	SES105	-2.73348	7.19451	9.92798
spk_ver/v05/v0560	SES177	-0.247993	9.10733	9.35533
spk_ver/v05/v0561	SES189	1.96554	6.25921	4.29367
spk_ver/v05/v0562	SES105	-4.89962	2.84623	7.74585
spk_ver/v05/v0563	SES099	1.34833	8.31514	6.96681
spk_ver/v05/v0564	SES105	-2.55245	7.45343	10.0059
spk_ver/v05/v0565	SES105	-4.72267	3.01208	7.73476
spk_ver/v05/v0566	SES105	-6.21659	1.65431	7.8709
spk_ver/v05/v0567	SES142	1.20492	9.97834	8.77342
spk_ver/v05/v0568	SES048	-0.117025	9.24153	9.35856
spk_ver/v05/v0569	SES105	-4.143	4.6815	8.8245
spk_ver/v05/v0570	SES105	-2.11624	7.49006	9.6063
spk_ver/v05/v0571	SES105	-3.48503	5.36632	8.85135
spk_ver/v05/v0572	SES105	-5.7895	1.21892	7.00842
spk_ver/v05/v0573	SES105	-5.93536	1.34872	7.28408
spk_ver/v05/v0574	SES105	-1.01725	8.32955	9.3468
spk_ver/v05/v0575	SES105	-1.25221	7.35955	8.61175
spk_ver/v05/v0576	SES106	-5.44691	2.54232	7.98922
spk_ver/v05/v0577	SES106	-6.19307	2.36853	8.56161
spk_ver/v05/v0578	SES106	-5.8573	3.75012	9.60742
spk_ver/v05/v0579	SES106	-5.59702	4.16483	9.76185
spk_ver/v05/v0580	SES106	-3.13372	6.95586	10.0896
spk_ver/v05/v0581	SES106	-5.57092	4.72849	10.2994
spk_ver/v05/v0582	SES106	-2.97077	4.35966	7.33043
spk_ver/v05/v0583	SES106	-1.63009	7.51943	9.14952
spk_ver/v05/v0584	SES106	-5.33637	3.02299	8.35936
spk_ver/v05/v0585	SES106	-0.483202	5.38986	5.87306
spk_ver/v05/v0586	SES106	-4.50591	4.43072	8.93662
spk_ver/v05/v0587	SES106	-4.84771	2.70744	7.55515
spk_ver/v05/v0588	SES106	-5.54061	4.5251	10.0657
spk_ver/v05/v0589	SES106	-6.5063	3.79801	10.3043
spk_ver/v05/v0590	SES082	0.268488	8.83982	8.57134
spk_ver/v05/v0591	SES180	0.987556	9.85987	8.87232
spk_ver/v05/v0592	SES106	-2.9933	4.89548	7.88877
spk_ver/v05/v0593	SES106	-6.22907	2.5059	8.73497
spk_ver/v05/v0594	SES292	1.06493	10.4022	9.33727
spk_ver/v05/v0595	SES106	-2.73653	5.39655	8.13308
spk_ver/v05/v0596	SES106	-5.17688	4.03653	9.21341
spk_ver/v05/v0597	SES106	-5.89005	3.40139	9.29144
spk_ver/v05/v0598	SES042	1.66498	11.1469	9.48189
spk_ver/v05/v0599	SES106	-5.98829	2.20395	8.19223
spk_ver/v06/v0600	SES106	-0.959221	5.00349	5.96271
spk_ver/v06/v0601	SES106	-2.9281	4.79333	7.72144
spk_ver/v06/v0602	SES106	-4.46977	5.08316	9.55293
spk_ver/v06/v0603	SES106	-5.05984	3.87342	8.93327
spk_ver/v06/v0604	SES106	-4.41241	5.03821	9.45062
spk_ver/v06/v0605	SES106	-5.74873	2.85524	8.60397
spk_ver/v06/v0606	SES048	1.90217	11.9098	10.0077
spk_ver/v06/v0607	SES167	2.74265	12.8918	10.1491
spk_ver/v06/v0608	SES106	-5.2952	3.88452	9.17972
spk_ver/v06/v0609	SES143	1.265	10.2415	8.97654
spk_ver/v06/v0610	SES106	-4.94571	3.65969	8.6054
spk_ver/v06/v0611	SES106	-4.3607	4.91818	9.27888
spk_ver/v06/v0612	SES106	-6.24989	2.50877	8.75865
spk_ver/v06/v0613	SES117	-1.90617	8.02699	9.93316
spk_ver/v06/v0614	SES117	-5.03369	4.19286	9.22656
spk_ver/v06/v0615	SES117	-2.45409	6.77423	9.22832
spk_ver/v06/v0616	SES106	2.40781	12.0623	9.65451
spk_ver/v06/v0617	SES142	1.06646	9.1069	8.04044
spk_ver/v06/v0618	SES048	2.07607	12.1008	10.0247
spk_ver/v06/v0619	SES175	1.29648	9.9976	8.70112
spk_ver/v06/v0620	SES180	1.11053	11.1125	10.002
spk_ver/v06/v0621	SES117	-1.41687	6.63417	8.05103
spk_ver/v06/v0622	SES029	0.325515	9.83795	9.51244
spk_ver/v06/v0623	SES117	-3.29412	6.46773	9.76184
spk_ver/v06/v0624	SES117	-4.9171	3.29938	8.21648
spk_ver/v06/v0625	SES117	-2.47197	5.12302	7.59499
spk_ver/v06/v0626	SES106	1.4565	9.92271	8.46621
spk_ver/v06/v0627	SES226	2.41282	11.4379	9.02507
spk_ver/v06/v0628	SES117	-1.53066	8.01267	9.54334
spk_ver/v06/v0629	SES117	-3.95086	6.75368	10.7045
spk_ver/v06/v0630	SES117	-4.79356	4.62027	9.41383
spk_ver/v06/v0631	SES117	-5.23454	1.32302	6.55756
spk_ver/v06/v0632	SES117	-2.21288	8.11459	10.3275
spk_ver/v06/v0633	SES099	2.25007	10.4391	8.18905
spk_ver/v06/v0634	SES105	2.53154	10.6526	8.1211
spk_ver/v06/v0635	SES167	0.621206	10.3599	9.73873
spk_ver/v06/v0636	SES117	-1.22482	8.81784	10.0427
spk_ver/v06/v0637	SES202	1.60703	9.82674	8.21972
spk_ver/v06/v0638	SES117	-3.26186	6.78474	10.0466
spk_ver/v06/v0639	SES167	-0.117863	9.42956	9.54742
spk_ver/v06/v0640	SES117	-2.2488	7.13923	9.38803
spk_ver/v06/v0641	SES117	-4.13209	4.75748	8.88957
spk_ver/v06/v0642	SES101	1.26372	11.1703	9.9066
spk_ver/v06/v0643	SES068	0.738008	10.5479	9.80985
spk_ver/v06/v0644	SES120	-3.75484	3.59505	7.34989
spk_ver/v06/v0645	SES120	-2.74882	5.82855	8.57737
spk_ver/v06/v0646	SES172	1.37699	9.61968	8.24269
spk_ver/v06/v0647	SES120	-3.97244	5.92449	9.89693
spk_ver/v06/v0648	SES120	-0.943595	9.25835	10.2019
spk_ver/v06/v0649	SES120	-3.34699	2.96115	6.30814
spk_ver/v06/v0650	SES087	1.15529	10.2729	9.11756
spk_ver/v06/v0651	SES120	-1.64852	6.46922	8.11774
spk_ver/v06/v0652	SES104	0.418518	7.54097	7.12245
spk_ver/v06/v0653	SES129	1.56275	11.2617	9.69897
spk_ver/v06/v0654	SES120	-4.33674	4.24854	8.58528
spk_ver/v06/v0655	SES120	-1.8582	5.34651	7.20471
spk_ver/v06/v0656	SES120	-3.37975	6.25952	9.63928
spk_ver/v06/v0657	SES147	0.417444	8.25739	7.83995
spk_ver/v06/v0658	SES120	-2.73606	5.10448	7.84054
spk_ver/v06/v0659	SES120	-2.49966	6.79987	9.29953
spk_ver/v06/v0660	SES120	-2.33479	7.56861	9.9034
spk_ver/v06/v0661	SES120	-2.97466	4.40819	7.38286
spk_ver/v06/v0662	SES120	-2.38754	7.58687	9.97441
spk_ver/v06/v0663	SES120	-3.43911	4.43024	7.86935
spk_ver/v06/v0664	SES147	1.01565	10.0292	9.01352
spk_ver/v06/v0665	SES162	1.87763	10.2624	8.38482
spk_ver/v06/v0666	SES120	-3.34813	6.77346	10.1216
spk_ver/v06/v0667	SES120	-1.4776	7.53179	9.00939
spk_ver/v06/v0668	SES120	0.822831	9.93175	9.10892
spk_ver/v06/v0669	SES142	1.6636	10.8092	9.14563
spk_ver/v06/v0670	SES106	2.2776	11.0054	8.72782
spk_ver/v06/v0671	SES183	1.87947	9.94111	8.06164
spk_ver/v06/v0672	SES120	-1.26663	6.50152	7.76815
spk_ver/v06/v0673	SES029	-1.02619	8.74855	9.77475
spk_ver/v06/v0674	SES120	-2.20143	6.30399	8.50542
spk_ver/v06/v0675	SES008	1.80177	11.3603	9.55855
spk_ver/v06/v0676	SES125	-6.12909	1.24667	7.37576
spk_ver/v06/v0677	SES143	0.651536	9.19105	8.53951
spk_ver/v06/v0678	SES125	-6.46956	1.63161	8.10117
spk_ver/v06/v0679	SES162	0.535802	9.13121	8.59541
spk_ver/v06/v0680	SES125	-4.56821	5.22712	9.79533
spk_ver/v06/v0681	SES125	-3.50104	4.31153	7.81257
spk_ver/v06/v0682	SES125	-6.85731	3.93899	10.7963
spk_ver/v06/v0683	SES226	1.67537	11.0209	9.34548
spk_ver/v06/v0684	SES125	-3.64321	4.99836	8.64157
spk_ver/v06/v0685	SES125	-8.12976	0.841766	8.97152
spk_ver/v06/v0686	SES120	0.54295	10.76	10.2171
spk_ver/v06/v0687	SES125	-4.81868	0.828903	5.64758
spk_ver/v06/v0688	SES158	1.54308	9.17745	7.63437
spk_ver/v06/v0689	SES125	-7.47632	1.63802	9.11434
spk_ver/v06/v0690	SES105	2.29939	10.4499	8.15048
spk_ver/v06/v0691	SES125	-2.84293	4.90759	7.75052
spk_ver/v06/v0692	SES125	-3.51364	5.61958	9.13322
spk_ver/v06/v0693	SES180	1.85718	11.5612	9.704
spk_ver/v06/v0694	SES125	-8.39888	0.847536	9.24642
spk_ver/v06/v0695	SES125	-5.2803	4.38276	9.66306
spk_ver/v06/v0696	SES125	-7.66686	2.81294	10.4798
spk_ver/v06/v0697	SES125	-7.01062	1.29038	8.301
spk_ver/v06/v0698	SES083	0.717643	11.2923	10.5746
spk_ver/v06/v0699	SES125	-4.5163	5.22811	9.74441
spk_ver/v07/v0700	SES014	1.31186	11.2626	9.95074
spk_ver/v07/v0701	SES125	-5.47977	5.11077	10.5905
spk_ver/v07/v0702	SES127	-2.31116	7.37767	9.68883
spk_ver/v07/v0703	SES127	-2.47302	5.62827	8.10128
spk_ver/v07/v0704	SES206	1.73457	11.1805	9.44597
spk_ver/v07/v0705	SES127	-3.90136	5.33476	9.23612
spk_ver/v07/v0706	SES127	-2.00901	8.0126	10.0216
spk_ver/v07/v0707	SES127	-5.41532	3.83581	9.25112
spk_ver/v07/v0708	SES275	0.881066	10.3759	9.49488
spk_ver/v07/v0709	SES127	-4.10261	5.45677	9.55938
spk_ver/v07/v0710	SES105	1.32248	9.59086	8.26839
spk_ver/v07/v0711	SES127	-3.62624	3.96652	7.59276
spk_ver/v07/v0712	SES127	-4.18911	4.1599	8.34902
spk_ver/v07/v0713	SES127	-4.22969	3.80699	8.03669
spk_ver/v07/v0714	SES019	4.55289	10.7257	6.17285
spk_ver/v07/v0715	SES127	-5.94707	1.0337	6.98076
spk_ver/v07/v0716	SES148	0.779529	9.76444	8.98491
spk_ver/v07/v0717	SES162	1.54558	10.8912	9.34567
spk_ver/v07/v0718	SES189	0.676153	8.97159	8.29544
spk_ver/v07/v0719	SES149	0.182569	11.0422	10.8596
spk_ver/v07/v0720	SES175	1.10712	9.93112	8.824
spk_ver/v07/v0721	SES127	-4.43287	4.31426	8.74713
spk_ver/v07/v0722	SES127	-2.19946	6.72352	8.92298
spk_ver/v07/v0723	SES127	-3.7877	5.48179	9.26949
spk_ver/v07/v0724	SES127	-2.81049	6.81629	9.62678
spk_ver/v07/v0725	SES127	-3.78546	4.71155	8.49701
spk_ver/v07/v0726	SES259	2.47165	11.5971	9.12545
spk_ver/v07/v0727	SES127	-3.5651	5.23106	8.79615
spk_ver/v07/v0728	SES127	-1.97541	8.77317	10.7486
spk_ver/v07/v0729	SES127	-6.49029	1.32502	7.81531
spk_ver/v07/v0730	SES127	-3.77751	4.19872	7.97622
spk_ver/v07/v0731	SES129	-2.99623	7.64273	10.639
spk_ver/v07/v0732	SES129	-2.5007	6.44593	8.94663
spk_ver/v07/v0733	SES129	-3.91498	4.56303	8.47801
spk_ver/v07/v0734	SES129	-4.31444	3.93988	8.25432
spk_ver/v07/v0735	SES183	1.0042	9.93893	8.93474
spk_ver/v07/v0736	SES129	-3.68009	5.24718	8.92727
spk_ver/v07/v0737	SES129	-3.57858	5.63062	9.20921
spk_ver/v07/v0738	SES129	-7.06711	0.533957	7.60106
spk_ver/v07/v0739	SES129	-4.235	4.50654	8.74155
spk_ver/v07/v0740	SES167	-1.12533	9.45705	10.5824
spk_ver/v07/v0741	SES129	-3.55842	5.26404	8.82245
spk_ver/v07/v0742	SES129	-4.97953	5.81897	10.7985
spk_ver/v07/v0743	SES129	-3.17633	6.5543	9.73063
spk_ver/v07/v0744	SES129	-5.62896	2.62416	8.25312
spk_ver/v07/v0745	SES180	1.86613	11.1711	9.30498
spk_ver/v07/v0746	SES129	-2.64747	7.3163	9.96377
spk_ver/v07/v0747	SES292	-0.315073	9.46928	9.78435
spk_ver/v07/v0748	SES202	0.918776	8.32546	7.40668
spk_ver/v07/v0749	SES270	1.64744	9.44671	7.79928
spk_ver/v07/v0750	SES129	-3.93449	7.16135	11.0958
spk_ver/v07/v0751	SES129	-6.24833	3.71964	9.96798
spk_ver/v07/v0752	SES060	0.16685	9.00716	8.84031
spk_ver/v07/v0753	SES129	-4.70986	4.32448	9.03434
spk_ver/v07/v0754	SES129	-6.38316	0.653683	7.03684
spk_ver/v07/v0755	SES129	-5.57875	3.87921	9.45796
spk_ver/v07/v0756	SES175	0.571304	9.36081	8.7895
spk_ver/v07/v0757	SES129	-5.30374	1.05451	6.35825
spk_ver/v07/v0758	SES129	-7.00406	1.07144	8.0755
spk_ver/v07/v0759	SES129	-5.54344	4.09908	9.64252
spk_ver/v07/v0760	SES129	-4.01034	5.82692	9.83725
spk_ver/v07/v0761	SES129	-5.04142	5.00491	10.0463
spk_ver/v07/v0762	SES172	0.684314	9.59383	8.90952
spk_ver/v07/v0763	SES129	-5.63477	1.09543	6.73021
spk_ver/v07/v0764	SES129	-3.96778	6.38596	10.3537
spk_ver/v07/v0765	SES175	0.735908	9.19558	8.45967
spk_ver/v07/v0766	SES129	-4.67418	5.73604	10.4102
spk_ver/v07/v0767	SES129	-3.7099	5.20297	8.91287
spk_ver/v07/v0768	SES042	1.95115	12.1219	10.1707
spk_ver/v07/v0769	SES099	1.06006	9.01033	7.95028
spk_ver/v07/v0770	SES142	-4.47519	4.15477	8.62997
spk_ver/v07/v0771	SES142	-2.90447	6.96373	9.8682
spk_ver/v07/v0772	SES101	2.05383	12.0232	9.96937
spk_ver/v07/v0773	SES142	-8.33207	-0.728357	7.60371
spk_ver/v07/v0774	SES142	-6.79162	0.660224	7.45185
spk_ver/v07/v0775	SES142	-2.01112	7.78255	9.79367
spk_ver/v07/v0776	SES142	-3.71137	7.0193	10.7307
spk_ver/v07/v0777	SES142	-5.92914	2.68346	8.6126
spk_ver/v07/v0778	SES142	-3.25087	5.11161	8.36248
spk_ver/v07/v0779	SES142	-8.28873	-0.103829	8.1849
spk_ver/v07/v0780	SES142	-5.19659	0.986033	6.18262
spk_ver/v07/v0781	SES142	-9.03841	-0.82357	8.21484
spk_ver/v07/v0782	SES101	0.801525	9.85441	9.05289
spk_ver/v07/v0783	SES142	-5.51402	3.08862	8.60264
spk_ver/v07/v0784	SES187	1.37055	10.2568	8.88624
spk_ver/v07/v0785	SES143	0.193486	7.34195	7.14847
spk_ver/v07/v0786	SES142	-4.51958	5.76789	10.2875
spk_ver/v07/v0787	SES144	0.571651	9.82979	9.25813
spk_ver/v07/v0788	SES275	0.325807	8.98505	8.65924
spk_ver/v07/v0789	SES142	-3.67166	5.64321	9.31487
spk_ver/v07/v0790	SES099	1.9219	11.4282	9.50625
spk_ver/v07/v0791	SES142	-6.32688	1.29739	7.62427
spk_ver/v07/v0792	SES142	-4.46332	6.23186	10.6952
spk_ver/v07/v0793	SES142	-5.64993	2.77174	8.42167
spk_ver/v07/v0794	SES014	1.48347	11.4617	9.97827
spk_ver/v07/v0795	SES142	-6.46405	2.51707	8.98112
spk_ver/v07/v0796	SES142	-4.73788	5.12382	9.8617
spk_ver/v07/v0797	SES143	-0.975012	9.0674	10.0424
spk_ver/v07/v0798	SES206	1.21873	11.2085	9.98973
spk_ver/v07/v0799	SES143	-3.80132	3.03431	6.83563
spk_ver/v08/v0800	SES143	-2.47268	6.70285	9.17553
spk_ver/v08/v0801	SES143	-1.44965	9.10475	10.5544
spk_ver/v08/v0802	SES143	-3.22244	4.73117	7.95361
spk_ver/v08/v0803	SES143	-2.19134	5.68434	7.87568
spk_ver/v08/v0804	SES143	-2.7717	4.66233	7.43403
spk_ver/v08/v0805	SES143	-2.40773	5.72556	8.13329
spk_ver/v08/v0806	SES143	-2.94801	4.82538	7.77339
spk_ver/v08/v0807	SES177	-0.318562	8.5202	8.83876
spk_ver/v08/v0808	SES149	0.272605	10.5286	10.2559
spk_ver/v08/v0809	SES143	-3.58756	5.61815	9.20571
spk_ver/v08/v0810	SES158	1.99758	9.45214	7.45456
spk_ver/v08/v0811	SES143	-2.94315	4.48392	7.42706
spk_ver/v08/v0812	SES062	1.41515	12.3127	10.8976
spk_ver/v08/v0813	SES259	2.17971	11.3291	9.14942
spk_ver/v08/v0814	SES143	-3.7771	5.73705	9.51415
spk_ver/v08/v0815	SES143	-3.1914	5.36143	8.55283
spk_ver/v08/v0816	SES143	-1.98333	8.13198	10.1153
spk_ver/v08/v0817	SES144	0.727709	10.5265	9.79877
spk_ver/v08/v0818	SES143	-2.41517	6.82042	9.23559
spk_ver/v08/v0819	SES143	-2.50948	7.12348	9.63296
spk_ver/v08/v0820	SES143	-0.881382	9.34056	10.2219
spk_ver/v08/v0821	SES143	-1.47576	8.33275	9.80851
spk_ver/v08/v0822	SES143	-3.37731	5.10926	8.48657
spk_ver/v08/v0823	SES104	1.23842	10.8109	9.57245
spk_ver/v08/v0824	SES143	-3.82615	5.24986	9.07602
spk_ver/v08/v0825	SES143	-2.5558	5.85139	8.4072
spk_ver/v08/v0826	SES144	-4.93062	3.4041	8.33472
spk_ver/v08/v0827	SES144	-2.26291	7.76167	10.0246
spk_ver/v08/v0828	SES144	-1.87636	8.01435	9.89071
spk_ver/v08/v0829	SES172	1.37738	10.0713	8.69392
spk_ver/v08/v0830	SES144	-1.31008	7.85782	9.1679
spk_ver/v08/v0831	SES183	1.09779	9.87081	8.77301
spk_ver/v08/v0832	SES144	-5.30112	1.61087	6.91199
spk_ver/v08/v0833	SES144	-4.30526	4.57422	8.87948
spk_ver/v08/v0834	SES144	-1.67301	8.07055	9.74356
spk_ver/v08/v0835	SES144	-3.20087	5.31897	8.51985
spk_ver/v08/v0836	SES144	-3.43341	5.50187	8.93528
spk_ver/v08/v0837	SES144	-2.76733	7.45566	10.223
spk_ver/v08/v0838	SES144	-4.53569	3.71071	8.2464
spk_ver/v08/v0839	SES085	0.00736237	9.68354	9.67618
spk_ver/v08/v0840	SES144	-1.36986	8.4143	9.78416
spk_ver/v08/v0841	SES144	-6.17268	-0.00665764	6.16602
spk_ver/v08/v0842	SES144	-4.72045	4.08428	8.80473
spk_ver/v08/v0843	SES144	-1.4285	8.5455	9.974
spk_ver/v08/v0844	SES144	-4.01821	4.76204	8.78024
spk_ver/v08/v0845	SES144	-4.13057	6.48741	10.618
spk_ver/v08/v0846	SES104	0.0463686	8.81998	8.77362
spk_ver/v08/v0847	SES144	-4.07615	4.58308	8.65923
spk_ver/v08/v0848	SES144	-2.39052	5.99417	8.38469
spk_ver/v08/v0849	SES144	-5.76011	2.73989	8.49999
spk_ver/v08/v0850	SES144	-3.79765	5.99254	9.79019
spk_ver/v08/v0851	SES144	-2.48977	6.38505	8.87481
spk_ver/v08/v0852	SES144	-1.52609	9.10962	10.6357
spk_ver/v08/v0853	SES144	-4.39381	4.35408	8.74789
spk_ver/v08/v0854	SES144	-1.78814	7.7221	9.51024
spk_ver/v08/v0855	SES144	-0.530221	9.77675	10.307
spk_ver/v08/v0856	SES082	-1.07074	5.92053	6.99127
spk_ver/v08/v0857	SES142	1.51674	10.8344	9.3177
spk_ver/v08/v0858	SES144	-1.32358	6.94144	8.26502
spk_ver/v08/v0859	SES144	-2.42338	6.44358	8.86695
spk_ver/v08/v0860	SES146	-5.80498	2.07592	7.8809
spk_ver/v08/v0861	SES146	-4.42154	2.80312	7.22466
spk_ver/v08/v0862	SES146	-5.96799	1.06935	7.03734
spk_ver/v08/v0863	SES146	-2.99639	5.129	8.12539
spk_ver/v08/v0864	SES146	-3.7563	5.66951	9.42581
spk_ver/v08/v0865	SES008	2.12601	11.3099	9.1839
spk_ver/v08/v0866	SES142	0.214697	9.58504	9.37034
spk_ver/v08/v0867	SES146	-5.39392	3.30458	8.6985
spk_ver/v08/v0868	SES082	2.06563	12.4649	10.3993
spk_ver/v08/v0869	SES146	-2.61922	6.61246	9.23168
spk_ver/v08/v0870	SES146	-6.03184	0.70438	6.73622
spk_ver/v08/v0871	SES146	-5.45548	2.32598	7.78146
spk_ver/v08/v0872	SES146	-5.83406	0.632213	6.46628
spk_ver/v08/v0873	SES082	1.57402	11.6481	10.0741
spk_ver/v08/v0874	SES146	-4.44121	5.06566	9.50687
spk_ver/v08/v0875	SES144	0.139314	8.89236	8.75304
spk_ver/v08/v0876	SES146	-2.65369	8.63082	11.2845
spk_ver/v08/v0877	SES146	-4.80552	2.93009	7.73561
spk_ver/v08/v0878	SES146	-3.70527	5.52565	9.23091
spk_ver/v08/v0879	SES146	-3.53904	5.65701	9.19605
spk_ver/v08/v0880	SES146	-4.17844	4.67585	8.85429
spk_ver/v08/v0881	SES143	0.98284	9.37032	8.38748
spk_ver/v08/v0882	SES146	-0.816373	9.12879	9.94517
spk_ver/v08/v0883	SES147	-1.81054	7.97875	9.78929
spk_ver/v08/v0884	SES147	-1.25455	7.98451	9.23906
spk_ver/v08/v0885	SES016	1.30737	11.2683	9.96092
spk_ver/v08/v0886	SES147	-2.55627	6.2	8.75627
spk_ver/v08/v0887	SES147	-2.99255	6.03737	9.02992
spk_ver/v08/v0888	SES147	-4.24424	4.35801	8.60225
spk_ver/v08/v0889	SES019	1.65167	9.19588	7.54422
spk_ver/v08/v0890	SES147	-3.65974	4.83186	8.49159
spk_ver/v08/v0891	SES147	-3.30195	6.24893	9.55087
spk_ver/v08/v0892	SES147	-3.30726	5.77107	9.07833
spk_ver/v08/v0893	SES270	2.00696	8.04744	6.04048
spk_ver/v08/v0894	SES029	0.162106	9.14259	8.98049
spk_ver/v08/v0895	SES147	-3.4617	4.58613	8.04783
spk_ver/v08/v0896	SES117	0.462629	8.63592	8.1733
spk_ver/v08/v0897	SES183	1.68145	8.19594	6.51449
spk_ver/v08/v0898	SES147	-5.34481	4.19337	9.53818
spk_ver/v08/v0899	SES147	-3.33402	3.36599	6.70001
spk_ver/v09/v0900	SES087	0.692025	10.1888	9.49674
spk_ver/v09/v0901	SES147	-6.97402	0.908842	7.88286
spk_ver/v09/v0902	SES147	-4.65698	3.40705	8.06403
spk_ver/v09/v0903	SES147	-1.85728	7.20934	9.06662
spk_ver/v09/v0904	SES147	-3.21547	6.21616	9.43162
spk_ver/v09/v0905	SES143	1.15073	9.69668	8.54595
spk_ver/v09/v0906	SES149	-0.113795	10.3512	10.465
spk_ver/v09/v0907	SES148	-2.01419	7.54811	9.56231
spk_ver/v09/v0908	SES148	-1.44815	8.22411	9.67226
spk_ver/v09/v0909	SES106	2.48535	9.10478	6.61944
spk_ver/v09/v0910	SES148	-1.68783	6.02931	7.71714
spk_ver/v09/v0911	SES148	-3.33925	6.00189	9.34114
spk_ver/v09/v0912	SES142	0.41177	9.55636	9.14459
spk_ver/v09/v0913	SES148	-3.58228	3.91571	7.49799
spk_ver/v09/v0914	SES148	-4.18339	4.79608	8.97947
spk_ver/v09/v0915	SES148	-3.23084	5.40791	8.63875
spk_ver/v09/v0916	SES148	-3.10013	5.1502	8.25033
spk_ver/v09/v0917	SES148	0.935806	10.3188	9.38304
spk_ver/v09/v0918	SES148	-1.80449	7.67075	9.47524
spk_ver/v09/v0919	SES270	1.92268	9.68109	7.75841
spk_ver/v09/v0920	SES148	-3.30104	6.55573	9.85677
spk_ver/v09/v0921	SES148	-4.36664	5.29654	9.66318
spk_ver/v09/v0922	SES129	1.18283	11.1917	10.0089
spk_ver/v09/v0923	SES117	0.980502	10.3048	9.32433
spk_ver/v09/v0924	SES042	2.96683	12.3208	9.35393
spk_ver/v09/v0925	SES148	-6.41255	0.880086	7.29263
spk_ver/v09/v0926	SES148	-6.84201	-0.287324	6.55468
spk_ver/v09/v0927	SES144	0.532229	10.1204	9.58815
spk_ver/v09/v0928	SES007	1.74541	10.3543	8.60886
spk_ver/v09/v0929	SES148	-3.32407	7.77084	11.0949
spk_ver/v09/v0930	SES148	-2.48418	7.81069	10.2949
spk_ver/v09/v0931	SES148	-3.58725	4.55989	8.14714
spk_ver/v09/v0932	SES202	1.67318	11.3082	9.63504
spk_ver/v09/v0933	SES148	-1.35735	9.01896	10.3763
spk_ver/v09/v0934	SES148	-4.97336	3.91621	8.88957
spk_ver/v09/v0935	SES060	1.30063	11.6004	10.2997
spk_ver/v09/v0936	SES060	1.29478	11.1221	9.82728
spk_ver/v09/v0937	SES148	-2.19245	7.70628	9.89873
spk_ver/v09/v0938	SES148	-1.80187	8.15978	9.96165
spk_ver/v09/v0939	SES148	-4.16057	5.55076	9.71133
spk_ver/v09/v0940	SES148	-3.54866	5.68232	9.23097
spk_ver/v09/v0941	SES149	-4.46507	3.86879	8.33386
spk_ver/v09/v0942	SES149	-3.11328	7.53241	10.6457
spk_ver/v09/v0943	SES149	-2.26039	7.1302	9.39059
spk_ver/v09/v0944	SES149	-4.28906	4.2024	8.49146
spk_ver/v09/v0945	SES105	1.67709	10.5669	8.88979
spk_ver/v09/v0946	SES149	-5.55594	3.83406	9.39001
spk_ver/v09/v0947	SES149	-2.83326	5.22978	8.06304
spk_ver/v09/v0948	SES149	-4.31747	5.39759	9.71507
spk_ver/v09/v0949	SES149	-2.64589	8.53468	11.1806
spk_ver/v09/v0950	SES226	1.21083	11.4154	10.2046
spk_ver/v09/v0951	SES149	-3.57179	4.99749	8.56928
spk_ver/v09/v0952	SES149	-5.75886	1.20739	6.96625
spk_ver/v09/v0953	SES062	1.56254	11.9849	10.4224
spk_ver/v09/v0954	SES149	-3.35174	6.55761	9.90935
spk_ver/v09/v0955	SES048	0.345984	10.4	10.054
spk_ver/v09/v0956	SES158	-1.91185	7.25203	9.16388
spk_ver/v09/v0957	SES158	-6.3207	2.51324	8.83394
spk_ver/v09/v0958	SES158	-1.78015	8.45737	10.2375
spk_ver/v09/v0959	SES158	-3.88666	4.29038	8.17703
spk_ver/v09/v0960	SES158	-4.78175	3.20093	7.98268
spk_ver/v09/v0961	SES147	0.565725	9.60682	9.0411
spk_ver/v09/v0962	SES158	-7.10664	1.97299	9.07963
spk_ver/v09/v0963	SES292	0.608034	10.0106	9.40257
spk_ver/v09/v0964	SES060	1.78727	12.6295	10.8422
spk_ver/v09/v0965	SES002	0.442927	8.99373	8.5508
spk_ver/v09/v0966	SES149	1.3428	12.3856	11.0428
spk_ver/v09/v0967	SES158	-6.49463	2.70086	9.19548
spk_ver/v09/v0968	SES158	-5.27086	2.10676	7.37762
spk_ver/v09/v0969	SES275	0.0925541	8.56564	8.47308
spk_ver/v09/v0970	SES158	-4.86542	5.30003	10.1655
spk_ver/v09/v0971	SES158	-4.57154	5.01562	9.58717
spk_ver/v09/v0972	SES002	1.56139	10.5752	9.01378
spk_ver/v09/v0973	SES158	-6.65075	2.38914	9.03989
spk_ver/v09/v0974	SES202	0.985133	10.0291	9.04395
spk_ver/v09/v0975	SES158	-6.67509	2.07873	8.75382
spk_ver/v09/v0976	SES158	-0.882406	8.46266	9.34506
spk_ver/v09/v0977	SES162	-2.66693	7.48003	10.147
spk_ver/v09/v0978	SES162	-6.83693	0.323545	7.16047
spk_ver/v09/v0979	SES162	-8.19746	-0.298347	7.89912
spk_ver/v09/v0980	SES162	-2.4657	5.95286	8.41856
spk_ver/v09/v0981	SES162	-4.28259	3.9247	8.20729
spk_ver/v09/v0982	SES259	2.84712	11.3746	8.52751
spk_ver/v09/v0983	SES162	-6.49138	-0.973169	5.51821
spk_ver/v09/v0984	SES162	-2.01731	8.62231	10.6396
spk_ver/v09/v0985	SES162	-2.48314	6.76813	9.25127
spk_ver/v09/v0986	SES062	1.51042	12.0978	10.5874
spk_ver/v09/v0987	SES162	-1.75574	7.0823	8.83805
spk_ver/v09/v0988	SES162	-6.36779	2.50145	8.86924
spk_ver/v09/v0989	SES162	-6.7229	-0.387998	6.3349
spk_ver/v09/v0990	SES162	-4.91507	5.19852	10.1136
spk_ver/v09/v0991	SES087	1.12522	10.1859	9.06071
spk_ver/v09/v0992	SES120	-0.405365	7.8263	8.23166
spk_ver/v09/v0993	SES162	-5.38401	4.09169	9.4757
spk_ver/v09/v0994	SES162	-2.13404	8.19943	10.3335
spk_ver/v09/v0995	SES162	-6.53163	3.72244	10.2541
spk_ver/v09/v0996	SES162	-2.98798	8.2346	11.2226
spk_ver/v09/v0997	SES162	-6.30571	2.58781	8.89351
spk_ver/v09/v0998	SES162	-4.02577	4.04603	8.07179
spk_ver/v09/v0999	SES162	-2.96877	8.80694	11.7757
spk_ver/v10/v1000	SES162	-6.45026	1.99296	8.44322
spk_ver/v10/v1001	SES148	1.32307	9.42058	8.09751
spk_ver/v10/v1002	SES162	-2.41503	6.14926	8.56429
spk_ver/v10/v1003	SES162	-2.84212	7.67594	10.5181
spk_ver/v10/v1004	SES162	-3.84545	4.52287	8.36832
spk_ver/v10/v1005	SES162	-5.48454	1.39208	6.87661
spk_ver/v10/v1006	SES162	-5.30516	4.04227	9.34743
spk_ver/v10/v1007	SES162	-3.22589	4.66236	7.88824
spk_ver/v10/v1008	SES162	-7.69738	-1.88756	5.80982
spk_ver/v10/v1009	SES162	-7.03144	1.0734	8.10483
spk_ver/v10/v1010	SES167	-3.77267	3.13944	6.91211
spk_ver/v10/v1011	SES167	-1.67387	7.29692	8.97079
spk_ver/v10/v1012	SES167	-2.6216	5.57723	8.19883
spk_ver/v10/v1013	SES167	-6.28471	2.31965	8.60436
spk_ver/v10/v1014	SES167	-1.23402	9.24654	10.4806
spk_ver/v10/v1015	SES167	-2.43771	7.05979	9.4975
spk_ver/v10/v1016	SES167	-2.20025	8.06205	10.2623
spk_ver/v10/v1017	SES167	-2.66998	6.90594	9.57593
spk_ver/v10/v1018	SES167	-4.99516	4.75734	9.7525
spk_ver/v10/v1019	SES167	-3.93944	5.04494	8.98438
spk_ver/v10/v1020	SES167	-6.68259	0.76425	7.44684
spk_ver/v10/v1021	SES167	-1.86573	5.49544	7.36118
spk_ver/v10/v1022	SES167	-5.48934	3.16619	8.65552
spk_ver/v10/v1023	SES167	-4.62383	3.83667	8.4605
spk_ver/v10/v1024	SES167	-5.52461	2.51667	8.04128
spk_ver/v10/v1025	SES167	-2.09691	8.15344	10.2503
spk_ver/v10/v1026	SES167	-4.12511	5.5784	9.70351
spk_ver/v10/v1027	SES167	-2.61679	7.94236	10.5591
spk_ver/v10/v1028	SES167	-6.1813	2.00517	8.18647
spk_ver/v10/v1029	SES167	-4.80007	4.11245	8.91251
spk_ver/v10/v1030	SES167	-3.7347	5.89783	9.63253
spk_ver/v10/v1031	SES167	-5.21998	2.91133	8.13131
spk_ver/v10/v1032	SES167	-4.56898	5.72767	10.2967
spk_ver/v10/v1033	SES167	-5.11336	4.99568	10.109
spk_ver/v10/v1034	SES002	1.35709	10.9104	9.55326
spk_ver/v10/v1035	SES167	-1.59241	8.66764	10.2601
spk_ver/v10/v1036	SES083	1.29947	11.2115	9.91201
spk_ver/v10/v1037	SES167	-3.86619	5.01032	8.87651
spk_ver/v10/v1038	SES167	-3.41715	4.83438	8.25153
spk_ver/v10/v1039	SES167	-3.44763	5.44743	8.89506
spk_ver/v10/v1040	SES167	-6.17722	1.82674	8.00396
spk_ver/v10/v1041	SES167	-1.62149	6.9105	8.53199
spk_ver/v10/v1042	SES087	0.760979	9.36051	8.59953
spk_ver/v10/v1043	SES029	0.896351	10.3733	9.47695
spk_ver/v10/v1044	SES206	0.912395	10.6252	9.71279
spk_ver/v10/v1045	SES172	-2.79036	5.92773	8.71809
spk_ver/v10/v1046	SES172	1.75711	10.9687	9.21159
spk_ver/v10/v1047	SES172	-1.54673	7.97092	9.51765
spk_ver/v10/v1048	SES259	3.47713	12.5388	9.06171
spk_ver/v10/v1049	SES172	-5.777	4.00669	9.7837
spk_ver/v10/v1050	SES120	0.812647	9.04697	8.23432
spk_ver/v10/v1051	SES172	-3.57964	6.38577	9.96542
spk_ver/v10/v1052	SES172	-2.44837	6.99119	9.43955
spk_ver/v10/v1053	SES172	-3.5977	6.24572	9.84342
spk_ver/v10/v1054	SES172	-3.48916	5.41834	8.9075
spk_ver/v10/v1055	SES189	0.612524	9.11666	8.50413
spk_ver/v10/v1056	SES172	-4.84613	3.25611	8.10224
spk_ver/v10/v1057	SES172	-2.57763	5.73233	8.30996
spk_ver/v10/v1058	SES172	-2.13148	7.62045	9.75194
spk_ver/v10/v1059	SES172	-4.26603	5.25983	9.52586
spk_ver/v10/v1060	SES029	0.430978	11.1677	10.7367
spk_ver/v10/v1061	SES175	-5.86544	1.52992	7.39537
spk_ver/v10/v1062	SES187	0.520031	11.0095	10.4895
spk_ver/v10/v1063	SES019	3.00503	9.39554	6.3905
spk_ver/v10/v1064	SES175	-4.48199	3.61307	8.09506
spk_ver/v10/v1065	SES175	-5.316	2.73601	8.05201
spk_ver/v10/v1066	SES175	-7.75128	-1.243	6.50828
spk_ver/v10/v1067	SES175	-3.252	5.09601	8.34801
spk_ver/v10/v1068	SES175	-3.90891	4.17522	8.08413
spk_ver/v10/v1069	SES016	2.70065	12.8586	10.158
spk_ver/v10/v1070	SES175	-2.69553	6.65096	9.3465
spk_ver/v10/v1071	SES175	-1.74964	8.58979	10.3394
spk_ver/v10/v1072	SES175	-4.78395	3.59464	8.3786
spk_ver/v10/v1073	SES029	0.247565	10.1967	9.9491
spk_ver/v10/v1074	SES175	-3.00471	5.76354	8.76825
spk_ver/v10/v1075	SES175	-1.48744	9.19357	10.681
spk_ver/v10/v1076	SES175	-0.6875	10.2206	10.9081
spk_ver/v10/v1077	SES175	-2.7763	7.22488	10.0012
spk_ver/v10/v1078	SES127	1.57575	12.1921	10.6164
spk_ver/v10/v1079	SES175	-3.65772	6.49593	10.1536
spk_ver/v10/v1080	SES175	-4.12544	4.52616	8.65159
spk_ver/v10/v1081	SES175	-5.26578	2.55803	7.82381
spk_ver/v10/v1082	SES175	-3.52025	6.18904	9.70929
spk_ver/v10/v1083	SES007	1.25464	9.26624	8.0116
spk_ver/v10/v1084	SES068	1.25912	11.8561	10.597
spk_ver/v10/v1085	SES008	0.34087	11.2883	10.9474
spk_ver/v10/v1086	SES175	-2.0459	8.15181	10.1977
spk_ver/v10/v1087	SES175	-2.54485	7.10126	9.64611
spk_ver/v10/v1088	SES008	1.33128	11.2632	9.93187
spk_ver/v10/v1089	SES177	-2.67772	7.96405	10.6418
spk_ver/v10/v1090	SES177	-5.69583	2.84524	8.54106
spk_ver/v10/v1091	SES177	-5.61728	1.8712	7.48848
spk_ver/v10/v1092	SES177	-1.8668	7.16644	9.03324
spk_ver/v10/v1093	SES177	-4.47485	3.88933	8.36418
spk_ver/v10/v1094	SES002	1.04411	10.4983	9.45416
spk_ver/v10/v1095	SES104	1.06226	10.5092	9.44698
spk_ver/v10/v1096	SES177	-1.57267	8.44091	10.0136
spk_ver/v10/v1097	SES177	-3.76836	3.48259	7.25096
spk_ver/v10/v1098	SES177	-3.7242	6.88958	10.6138
spk_ver/v10/v1099	SES177	-1.55508	8.17419	9.72926
spk_ver/v11/v1100	SES177	-3.33172	4.2859	7.61762
spk_ver/v11/v1101	SES085	0.781895	10.7545	9.97263
spk_ver/v11/v1102	SES187	0.836788	10.2947	9.45788
spk_ver/v11/v1103	SES177	-1.98841	7.0301	9.01851
spk_ver/v11/v1104	SES177	0.65747	10.5228	9.86528
spk_ver/v11/v1105	SES177	-1.6234	8.11397	9.73737
spk_ver/v11/v1106	SES177	-4.26634	5.07533	9.34167
spk_ver/v11/v1107	SES177	-1.82183	8.4374	10.2592
spk_ver/v11/v1108	SES177	-1.27999	8.85382	10.1338
spk_ver/v11/v1109	SES125	1.51807	10.154	8.63596
spk_ver/v11/v1110	SES177	-3.9508	5.44225	9.39305
spk_ver/v11/v1111	SES177	-1.73484	8.32921	10.0641
spk_ver/v11/v1112	SES177	-4.54693	4.78412	9.33105
spk_ver/v11/v1113	SES177	-5.54237	3.19388	8.73625
spk_ver/v11/v1114	SES177	-1.71104	6.72303	8.43407
spk_ver/v11/v1115	SES177	-3.26887	4.26347	7.53234
spk_ver/v11/v1116	SES085	1.17747	12.1857	11.0083
spk_ver/v11/v1117	SES147	0.519032	9.70522	9.18619
spk_ver/v11/v1118	SES177	-1.8322	7.0801	8.9123
spk_ver/v11/v1119	SES177	-4.86928	3.50635	8.37564
spk_ver/v11/v1120	SES180	-6.46659	2.01105	8.47764
spk_ver/v11/v1121	SES189	0.13038	8.96606	8.83568
spk_ver/v11/v1122	SES117	0.957861	7.89293	6.93507
spk_ver/v11/v1123	SES129	2.53751	12.2974	9.7599
spk_ver/v11/v1124	SES180	-2.03903	7.04072	9.07975
spk_ver/v11/v1125	SES180	-2.16053	8.53115	10.6917
spk_ver/v11/v1126	SES180	-1.98903	8.03082	10.0198
spk_ver/v11/v1127	SES180	-3.91591	5.42132	9.33723
spk_ver/v11/v1128	SES016	1.20944	10.376	9.16659
spk_ver/v11/v1129	SES158	0.745532	9.38012	8.63459
spk_ver/v11/v1130	SES180	-3.32323	5.89419	9.21742
spk_ver/v11/v1131	SES180	-3.76362	7.41237	11.176
spk_ver/v11/v1132	SES180	-1.34969	7.70771	9.0574
spk_ver/v11/v1133	SES180	-3.84296	6.26494	10.1079
spk_ver/v11/v1134	SES180	-2.97726	4.60362	7.58088
spk_ver/v11/v1135	SES180	-3.34032	6.68411	10.0244
spk_ver/v11/v1136	SES180	-6.47048	-0.369437	6.10105
spk_ver/v11/v1137	SES148	0.0680542	9.76846	9.7004
spk_ver/v11/v1138	SES104	1.62934	12.8559	11.2265
spk_ver/v11/v1139	SES180	-5.04752	2.78765	7.83517
spk_ver/v11/v1140	SES083	0.747404	9.92578	9.17837
spk_ver/v11/v1141	SES180	-5.00319	3.72333	8.72652
spk_ver/v11/v1142	SES180	-3.76569	5.39602	9.16171
spk_ver/v11/v1143	SES180	-4.11331	4.18362	8.29693
spk_ver/v11/v1144	SES099	1.18558	8.9389	7.75332
spk_ver/v11/v1145	SES180	-2.63463	6.88981	9.52444
spk_ver/v11/v1146	SES183	-3.92185	5.73823	9.66008
spk_ver/v11/v1147	SES183	-2.38062	7.64553	10.0262
spk_ver/v11/v1148	SES183	-8.34044	-1.26426	7.07618
spk_ver/v11/v1149	SES183	-8.11946	1.1123	9.23176
spk_ver/v11/v1150	SES183	-7.62549	0.271118	7.89661
spk_ver/v11/v1151	SES082	1.4109	9.89368	8.48278
spk_ver/v11/v1152	SES183	-3.40014	4.15302	7.55316
spk_ver/v11/v1153	SES183	-1.92497	7.20477	9.12974
spk_ver/v11/v1154	SES002	0.993418	11.0455	10.0521
spk_ver/v11/v1155	SES183	-2.83732	6.00945	8.84676
spk_ver/v11/v1156	SES183	-6.05046	0.814972	6.86544
spk_ver/v11/v1157	SES183	-5.03406	5.70364	10.7377
spk_ver/v11/v1158	SES183	-1.80034	7.92679	9.72714
spk_ver/v11/v1159	SES183	-2.28152	6.96404	9.24556
spk_ver/v11/v1160	SES183	-7.55922	0.750473	8.30969
spk_ver/v11/v1161	SES183	-5.43176	1.09593	6.52768
spk_ver/v11/v1162	SES105	2.02417	10.6488	8.62461
spk_ver/v11/v1163	SES183	-6.51126	2.40162	8.91288
spk_ver/v11/v1164	SES259	2.94763	11.5135	8.56589
spk_ver/v11/v1165	SES183	-3.24164	5.80674	9.04838
spk_ver/v11/v1166	SES183	-6.45757	2.55866	9.01624
spk_ver/v11/v1167	SES183	-2.4837	5.83187	8.31557
spk_ver/v11/v1168	SES183	-2.26568	8.24681	10.5125
spk_ver/v11/v1169	SES183	-7.16186	2.22801	9.38987
spk_ver/v11/v1170	SES183	-4.6431	6.46592	11.109
spk_ver/v11/v1171	SES183	-11.0051	-3.84805	7.15702
spk_ver/v11/v1172	SES187	-3.75641	5.48724	9.24365
spk_ver/v11/v1173	SES019	3.12469	9.18779	6.06309
spk_ver/v11/v1174	SES187	-4.57018	2.17528	6.74546
spk_ver/v11/v1175	SES187	-3.27297	5.29459	8.56756
spk_ver/v11/v1176	SES083	1.43428	12.0005	10.5663
spk_ver/v11/v1177	SES187	-6.16843	0.42891	6.59734
spk_ver/v11/v1178	SES187	-5.42659	2.85486	8.28145
spk_ver/v11/v1179	SES187	-2.69612	6.06743	8.76355
spk_ver/v11/v1180	SES187	-2.20398	6.57994	8.78391
spk_ver/v11/v1181	SES187	-4.47279	5.34201	9.8148
spk_ver/v11/v1182	SES187	-1.63387	8.31808	9.95195
spk_ver/v11/v1183	SES187	-4.39597	3.85467	8.25064
spk_ver/v11/v1184	SES187	-1.08234	7.95265	9.03499
spk_ver/v11/v1185	SES127	1.5655	11.5725	10.007
spk_ver/v11/v1186	SES187	-1.68641	7.74615	9.43256
spk_ver/v11/v1187	SES187	-1.99476	8.53331	10.5281
spk_ver/v11/v1188	SES187	-2.08883	6.11389	8.20271
spk_ver/v11/v1189	SES042	0.999603	11.1734	10.1738
spk_ver/v11/v1190	SES187	-2.58257	6.85076	9.43333
spk_ver/v11/v1191	SES187	-5.39193	1.44708	6.83901
spk_ver/v11/v1192	SES187	-5.82532	1.65964	7.48497
spk_ver/v11/v1193	SES183	1.37015	10.2916	8.92142
spk_ver/v11/v1194	SES187	-3.33166	5.32136	8.65302
spk_ver/v11/v1195	SES187	-4.41585	3.59446	8.01031
spk_ver/v11/v1196	SES146	1.25819	8.67062	7.41244
spk_ver/v11/v1197	SES189	-5.9545	3.57254	9.52704
spk_ver/v11/v1198	SES175	1.44132	10.4354	8.99409
spk_ver/v11/v1199	SES189	-5.41017	1.09996	6.51012
spk_ver/v12/v1200	SES189	-2.10012	9.2107	11.3108
spk_ver/v12/v1201	SES177	1.45206	11.1426	9.69052
spk_ver/v12/v1202	SES189	-2.66502	5.89199	8.55701
spk_ver/v12/v1203	SES143	1.24356	10.3935	9.14996
spk_ver/v12/v1204	SES189	-2.87078	6.47258	9.34336
spk_ver/v12/v1205	SES189	-2.00418	8.48051	10.4847
spk_ver/v12/v1206	SES189	-5.05084	1.79035	6.84119
spk_ver/v12/v1207	SES189	-4.68929	5.04133	9.73063
spk_ver/v12/v1208	SES189	-3.80415	7.67088	11.475
spk_ver/v12/v1209	SES189	-5.97362	1.11206	7.08569
spk_ver/v12/v1210	SES189	-1.94678	7.52516	9.47195
spk_ver/v12/v1211	SES062	1.99449	12.7713	10.7768
spk_ver/v12/v1212	SES189	-2.99673	6.80012	9.79685
spk_ver/v12/v1213	SES048	2.13607	11.8447	9.70867
spk_ver/v12/v1214	SES042	2.87038	13.1055	10.2352
spk_ver/v12/v1215	SES008	1.22721	11.6151	10.3879
spk_ver/v12/v1216	SES202	-7.1316	2.87676	10.0084
spk_ver/v12/v1217	SES202	-4.59383	4.23046	8.82429
spk_ver/v12/v1218	SES085	0.830535	12.4493	11.6188
spk_ver/v12/v1219	SES202	-4.02342	6.07112	10.0945
spk_ver/v12/v1220	SES202	-2.08546	8.39141	10.4769
spk_ver/v12/v1221	SES202	-3.3504	5.20756	8.55797
spk_ver/v12/v1222	SES202	-8.5679	-1.43204	7.13586
spk_ver/v12/v1223	SES158	0.957013	9.33723	8.38021
spk_ver/v12/v1224	SES202	-3.69974	4.80045	8.50019
spk_ver/v12/v1225	SES202	-3.92487	5.23961	9.16448
spk_ver/v12/v1226	SES202	-4.14497	5.8262	9.97117
spk_ver/v12/v1227	SES202	-3.89964	4.85596	8.7556
spk_ver/v12/v1228	SES177	1.00344	10.3217	9.31821
spk_ver/v12/v1229	SES202	-4.22089	5.66736	9.88825
spk_ver/v12/v1230	SES202	-3.61655	5.97919	9.59574
spk_ver/v12/v1231	SES202	-5.15335	4.2973	9.45065
spk_ver/v12/v1232	SES202	-3.81005	3.84572	7.65576
spk_ver/v12/v1233	SES206	1.28816	11.4022	10.114
spk_ver/v12/v1234	SES202	-8.59392	-1.29303	7.30089
spk_ver/v12/v1235	SES202	-3.16821	6.84554	10.0138
spk_ver/v12/v1236	SES125	1.97019	10.1669	8.19672
spk_ver/v12/v1237	SES127	1.37316	11.2533	9.88011
spk_ver/v12/v1238	SES202	2.65046	11.4267	8.77622
spk_ver/v12/v1239	SES167	1.4702	11.8999	10.4297
spk_ver/v12/v1240	SES206	-5.23607	3.71598	8.95204
spk_ver/v12/v1241	SES206	-5.81924	3.32499	9.14423
spk_ver/v12/v1242	SES206	-1.66999	8.08456	9.75455
spk_ver/v12/v1243	SES206	-4.28475	3.56705	7.85179
spk_ver/v12/v1244	SES259	2.15081	10.4075	8.25665
spk_ver/v12/v1245	SES206	-4.09914	5.72956	9.8287
spk_ver/v12/v1246	SES206	-3.78978	6.45909	10.2489
spk_ver/v12/v1247	SES206	-2.5087	6.6025	9.1112
spk_ver/v12/v1248	SES206	-5.91311	2.12572	8.03883
spk_ver/v12/v1249	SES270	2.31458	8.98297	6.66838
spk_ver/v12/v1250	SES206	-4.84566	3.76441	8.61006
spk_ver/v12/v1251	SES206	-2.69116	7.59295	10.2841
spk_ver/v12/v1252	SES206	-2.97601	6.62446	9.60047
spk_ver/v12/v1253	SES206	-2.02257	6.71543	8.73801
spk_ver/v12/v1254	SES206	-3.1343	3.59012	6.72442
spk_ver/v12/v1255	SES125	1.99607	11.1153	9.11922
spk_ver/v12/v1256	SES206	-6.5859	3.53333	10.1192
spk_ver/v12/v1257	SES206	-4.84965	5.43255	10.2822
spk_ver/v12/v1258	SES206	-3.14596	5.07296	8.21891
spk_ver/v12/v1259	SES206	-5.84207	3.77806	9.62012
spk_ver/v12/v1260	SES206	-5.52266	3.48115	9.00382
spk_ver/v12/v1261	SES206	-5.53186	4.4938	10.0257
spk_ver/v12/v1262	SES206	-6.19899	3.51944	9.71843
spk_ver/v12/v1263	SES206	-3.60585	6.1192	9.72505
spk_ver/v12/v1264	SES149	0.658171	10.914	10.2558
spk_ver/v12/v1265	SES206	-2.23934	4.81629	7.05563
spk_ver/v12/v1266	SES206	-6.11613	2.58189	8.69802
spk_ver/v12/v1267	SES206	-3.00742	2.75562	5.76304
spk_ver/v12/v1268	SES206	-4.71999	3.63181	8.3518
spk_ver/v12/v1269	SES206	-6.34082	1.85593	8.19675
spk_ver/v12/v1270	SES206	-6.42335	0.790952	7.2143
spk_ver/v12/v1271	SES226	-5.87779	2.30184	8.17964
spk_ver/v12/v1272	SES226	-1.90612	7.9572	9.86332
spk_ver/v12/v1273	SES226	-5.60332	5.03366	10.637
spk_ver/v12/v1274	SES226	-5.58012	3.52959	9.10971
spk_ver/v12/v1275	SES226	-2.07577	4.59671	6.67249
spk_ver/v12/v1276	SES226	-6.29447	2.40177	8.69623
spk_ver/v12/v1277	SES226	-1.4275	8.2534	9.68089
spk_ver/v12/v1278	SES226	-1.09277	7.11752	8.21029
spk_ver/v12/v1279	SES226	-6.10047	4.74345	10.8439
spk_ver/v12/v1280	SES226	-5.40566	4.21323	9.61889
spk_ver/v12/v1281	SES226	-1.69102	5.89645	7.58747
spk_ver/v12/v1282	SES226	-3.52792	5.15355	8.68147
spk_ver/v12/v1283	SES143	1.48792	10.1301	8.64216
spk_ver/v12/v1284	SES226	-5.58691	5.08189	10.6688
spk_ver/v12/v1285	SES226	-2.53841	6.01973	8.55814
spk_ver/v12/v1286	SES226	-3.32647	4.37301	7.69948
spk_ver/v12/v1287	SES226	-4.39495	5.30259	9.69754
spk_ver/v12/v1288	SES226	-6.12937	3.9356	10.065
spk_ver/v12/v1289	SES104	1.21213	9.70715	8.49502
spk_ver/v12/v1290	SES008	3.4721	12.2778	8.80568
spk_ver/v12/v1291	SES226	-2.75121	6.40775	9.15896
spk_ver/v12/v1292	SES259	-7.60376	0.183978	7.78774
spk_ver/v12/v1293	SES062	1.0966	11.433	10.3364
spk_ver/v12/v1294	SES099	1.14438	8.32401	7.17964
spk_ver/v12/v1295	SES158	0.64061	7.732	7.09139
spk_ver/v12/v1296	SES259	-4.82847	5.76405	10.5925
spk_ver/v12/v1297	SES259	-8.19995	0.902775	9.10273
spk_ver/v12/v1298	SES259	-5.17989	3.62535	8.80524
spk_ver/v12/v1299	SES259	-7.37646	1.38646	8.76292
spk_ver/v13/v1300	SES120	1.25999	9.23268	7.97269
spk_ver/v13/v1301	SES259	-8.13841	1.04151	9.17992
spk_ver/v13/v1302	SES259	-7.97077	0.960894	8.93167
spk_ver/v13/v1303	SES129	1.79678	11.1133	9.3165
spk_ver/v13/v1304	SES259	-4.56363	4.34979	8.91342
spk_ver/v13/v1305	SES259	-5.65425	3.33825	8.9925
spk_ver/v13/v1306	SES106	0.880231	9.58156	8.70133
spk_ver/v13/v1307	SES259	-5.09833	3.94104	9.03937
spk_ver/v13/v1308	SES259	-3.41199	4.7223	8.13429
spk_ver/v13/v1309	SES259	-6.48892	3.95944	10.4484
spk_ver/v13/v1310	SES259	-6.72236	3.73478	10.4571
spk_ver/v13/v1311	SES259	-4.90775	4.50759	9.41534
spk_ver/v13/v1312	SES259	-5.72596	3.97901	9.70497
spk_ver/v13/v1313	SES144	0.451893	10.2187	9.76681
spk_ver/v13/v1314	SES259	-6.87301	1.69559	8.5686
spk_ver/v13/v1315	SES162	1.67955	10.5396	8.86002
spk_ver/v13/v1316	SES206	0.836939	10.545	9.7081
spk_ver/v13/v1317	SES175	0.498667	9.60305	9.10438
spk_ver/v13/v1318	SES259	-7.00994	2.10512	9.11506
spk_ver/v13/v1319	SES259	-6.13072	2.8534	8.98412
spk_ver/v13/v1320	SES270	-1.08692	7.12033	8.20725
spk_ver/v13/v1321	SES101	0.943326	10.8075	9.86421
spk_ver/v13/v1322	SES177	1.35321	11.7667	10.4135
spk_ver/v13/v1323	SES127	1.08542	12.1564	11.0709
spk_ver/v13/v1324	SES270	-5.4155	3.61925	9.03475
spk_ver/v13/v1325	SES062	1.55136	11.9929	10.4415
spk_ver/v13/v1326	SES270	0.114902	7.95782	7.84292
spk_ver/v13/v1327	SES120	-0.0545182	7.98697	8.04149
spk_ver/v13/v1328	SES270	-7.24427	1.0173	8.26158
spk_ver/v13/v1329	SES270	-5.47235	5.54329	11.0156
spk_ver/v13/v1330	SES270	-0.81075	6.91099	7.72174
spk_ver/v13/v1331	SES270	-5.19162	5.59173	10.7834
spk_ver/v13/v1332	SES270	-1.90794	7.99517	9.90311
spk_ver/v13/v1333	SES270	-3.45391	4.8077	8.26161
spk_ver/v13/v1334	SES270	-4.62083	5.30074	9.92157
spk_ver/v13/v1335	SES270	-0.336796	8.49195	8.82874
spk_ver/v13/v1336	SES270	-3.47464	4.44893	7.92357
spk_ver/v13/v1337	SES016	2.41721	12.1657	9.74845
spk_ver/v13/v1338	SES270	-5.47139	5.14326	10.6147
spk_ver/v13/v1339	SES002	0.60347	10.0095	9.406
spk_ver/v13/v1340	SES105	2.97793	10.7428	7.76485
spk_ver/v13/v1341	SES275	-2.16876	7.11446	9.28322
spk_ver/v13/v1342	SES187	1.45425	10.6336	9.17938
spk_ver/v13/v1343	SES275	-2.53371	6.0437	8.57741
spk_ver/v13/v1344	SES275	-4.8492	2.49656	7.34577
spk_ver/v13/v1345	SES275	-3.59158	4.5726	8.16418
spk_ver/v13/v1346	SES275	-5.53036	2.27242	7.80278
spk_ver/v13/v1347	SES275	-4.15223	5.32572	9.47794
spk_ver/v13/v1348	SES180	0.471414	10.3537	9.88225
spk_ver/v13/v1349	SES275	-3.19804	4.87941	8.07745
spk_ver/v13/v1350	SES275	-1.95266	8.20406	10.1567
spk_ver/v13/v1351	SES275	-3.22688	2.80621	6.03308
spk_ver/v13/v1352	SES275	-2.99464	7.06601	10.0607
spk_ver/v13/v1353	SES275	-3.01099	3.10241	6.11341
spk_ver/v13/v1354	SES189	0.995931	9.02244	8.02651
spk_ver/v13/v1355	SES068	1.18955	12.0269	10.8374
spk_ver/v13/v1356	SES275	-3.91189	2.72188	6.63377
spk_ver/v13/v1357	SES048	0.156435	9.72211	9.56568
spk_ver/v13/v1358	SES226	2.48543	12.6504	10.1649
spk_ver/v13/v1359	SES016	1.3449	11.4461	10.1013
spk_ver/v13/v1360	SES275	-2.96367	5.26196	8.22563
spk_ver/v13/v1361	SES068	1.08435	11.6116	10.5273
spk_ver/v13/v1362	SES275	-4.85546	3.39735	8.25282
spk_ver/v13/v1363	SES275	-4.19683	3.75586	7.95269
spk_ver/v13/v1364	SES275	-3.98436	4.27144	8.2558
spk_ver/v13/v1365	SES275	-1.99428	7.98421	9.97849
spk_ver/v13/v1366	SES187	1.20758	11.1483	9.94075
spk_ver/v13/v1367	SES275	-5.57942	1.8717	7.45112
spk_ver/v13/v1368	SES125	0.857918	9.7806	8.92268
spk_ver/v13/v1369	SES275	-3.38011	3.19315	6.57326
spk_ver/v13/v1370	SES292	-3.09688	5.8972	8.99408
spk_ver/v13/v1371	SES292	-2.68102	6.29493	8.97595
spk_ver/v13/v1372	SES292	-2.93806	4.48646	7.42452
spk_ver/v13/v1373	SES292	-3.0784	6.06806	9.14646
spk_ver/v13/v1374	SES101	1.46259	9.96702	8.50442
spk_ver/v13/v1375	SES292	-2.7916	6.64082	9.43243
spk_ver/v13/v1376	SES292	-2.89046	6.97819	9.86866
spk_ver/v13/v1377	SES292	-3.93546	3.61495	7.55041
spk_ver/v13/v1378	SES292	-1.79151	7.70522	9.49673
spk_ver/v13/v1379	SES292	-2.64907	6.01103	8.6601
spk_ver/v13/v1380	SES292	-2.38535	7.12414	9.50948
spk_ver/v13/v1381	SES292	-1.43196	9.69395	11.1259
spk_ver/v13/v1382	SES292	-1.91337	7.12265	9.03602
spk_ver/v13/v1383	SES292	-2.42814	5.92465	8.35278
spk_ver/v13/v1384	SES292	-2.06727	7.46404	9.53132
spk_ver/v13/v1385	SES292	-1.81179	7.87684	9.68863
spk_ver/v13/v1386	SES292	-1.60807	7.52272	9.1308
spk_ver/v13/v1387	SES158	1.85159	7.82596	5.97437
spk_ver/v13/v1388	SES292	-1.1735	9.6086	10.7821
spk_ver/v13/v1389	SES292	-1.52255	10.7054	12.2279
spk_ver/v13/v1390	SES292	-1.25258	7.82782	9.0804
spk_ver/v13/v1391	SES292	-2.96641	6.8311	9.79751
spk_ver/v13/v1392	SES292	-3.90023	4.91114	8.81137
spk_ver/v13/v1393	SES292	-2.49299	6.41572	8.90871
spk_ver/v13/v1394	SES292	-2.78811	7.2602	10.0483
spk_ver/v13/v1395	SES292	-2.1568	6.99488	9.15168
spk_ver/v13/v1396	SES117	1.21448	9.11302	7.89854
spk_ver/v13/v1397	SES292	-3.92179	5.24788	9.16967
spk_ver/v13/v1398	SES292	-3.18376	5.17169	8.35544
spk_ver/v13/v1399	SES292	-0.663059	8.95136	9.61442
