BLOCK00/SES002/SA002S12	SES002	2.02463	-51.1357	-53.1603
BLOCK00/SES002/SA002S13	SES002	1.99741	-50.9986	-52.996
BLOCK00/SES002/SA002S23	SES002	2.13322	-50.6994	-52.8327
BLOCK00/SES002/SA002S26	SES002	2.49423	-50.7699	-53.2641
BLOCK00/SES002/SA002S28	SES002	1.8135	-51.2632	-53.0767
BLOCK00/SES007/SA007S14	SES007	2.64316	-50.8963	-53.5394
BLOCK00/SES007/SA007S15	SES007	1.22348	-52.3596	-53.583
BLOCK00/SES007/SA007S24	SES007	1.63779	-51.9383	-53.5761
BLOCK00/SES007/SA007S27	SES007	1.56094	-52.4976	-54.0585
BLOCK00/SES007/SA007S29	SES007	1.50465	-51.618	-53.1226
BLOCK00/SES008/SA008S11	SES008	1.71665	-52.2995	-54.0161
BLOCK00/SES008/SA008S12	SES008	1.64085	-52.1941	-53.8349
BLOCK00/SES008/SA008S19	SES008	1.49361	-51.8677	-53.3613
BLOCK00/SES008/SA008S22	SES008	1.44694	-53.0466	-54.4935
BLOCK00/SES008/SA008S29	SES008	2.0413	-51.8624	-53.9037
BLOCK01/SES014/SA014S10	SES014	2.05267	-51.3022	-53.3549
BLOCK01/SES014/SA014S12	SES014	2.7229	-49.7257	-52.4486
BLOCK01/SES014/SA014S24	SES014	1.95372	-51.2141	-53.1678
BLOCK01/SES014/SA014S26	SES014	3.37304	-48.6977	-52.0707
BLOCK01/SES014/SA014S28	SES014	2.71563	-50.496	-53.2116
BLOCK01/SES016/SA016S12	SES016	1.06883	-54.0954	-55.1642
BLOCK01/SES016/SA016S13	SES016	2.09675	-53.0861	-55.1828
BLOCK01/SES016/SA016S22	SES016	1.86263	-52.8537	-54.7164
BLOCK01/SES016/SA016S25	SES016	2.12035	-51.0404	-53.1607
BLOCK01/SES016/SA016S27	SES016	2.82666	-51.4993	-54.3259
BLOCK01/SES019/SA019S13	SES019	2.78315	-51.9847	-54.7678
BLOCK01/SES019/SA019S14	SES019	1.73476	-52.2547	-53.9894
BLOCK01/SES019/SA019S22	SES019	2.43674	-51.3109	-53.7476
BLOCK01/SES019/SA019S25	SES019	2.18633	-52.2315	-54.4178
BLOCK01/SES019/SA019S29	SES019	3.42709	-51.6369	-55.064
BLOCK02/SES029/SA029S11	SES029	2.10748	-52.054	-54.1615
BLOCK02/SES029/SA029S12	SES029	1.54176	-52.0367	-53.5785
BLOCK02/SES029/SA029S20	SES029	1.30867	-53.3667	-54.6753
BLOCK02/SES029/SA029S25	SES029	1.93216	-52.1491	-54.0813
BLOCK02/SES029/SA029S28	SES029	1.71324	-52.3833	-54.0966
BLOCK04/SES042/SA042S12	SES042	2.81843	-49.6952	-52.5137
BLOCK04/SES042/SA042S15	SES042	1.88459	-50.2779	-52.1625
BLOCK04/SES042/SA042S22	SES042	3.60248	-48.7088	-52.3113
BLOCK04/SES042/SA042S25	SES042	1.43738	-51.2426	-52.68
BLOCK04/SES042/SA042S27	SES042	2.1602	-49.8484	-52.0086
BLOCK04/SES048/SA048S11	SES048	1.47126	-51.6405	-53.1117
BLOCK04/SES048/SA048S12	SES048	1.10521	-51.7176	-52.8228
BLOCK04/SES048/SA048S20	SES048	1.45121	-51.5309	-52.9821
BLOCK04/SES048/SA048S23	SES048	2.10002	-51.7431	-53.8431
BLOCK04/SES048/SA048S27	SES048	1.69461	-51.3789	-53.0735
BLOCK06/SES060/SA060S11	SES060	2.43643	-51.7389	-54.1753
BLOCK06/SES060/SA060S12	SES060	1.59177	-53.232	-54.8237
BLOCK06/SES060/SA060S22	SES060	0.67416	-53.6096	-54.2837
BLOCK06/SES060/SA060S24	SES060	1.46729	-51.8149	-53.2822
BLOCK06/SES060/SA060S28	SES060	2.46335	-50.2781	-52.7415
BLOCK06/SES062/SA062S10	SES062	1.85319	-51.2559	-53.1091
BLOCK06/SES062/SA062S11	SES062	2.30627	-51.6054	-53.9117
BLOCK06/SES062/SA062S21	SES062	2.60604	-49.6561	-52.2621
BLOCK06/SES062/SA062S26	SES062	2.24324	-50.8207	-53.0639
BLOCK06/SES062/SA062S29	SES062	2.24943	-50.9297	-53.1791
BLOCK06/SES068/SA068S14	SES068	1.36077	-52.7218	-54.0826
BLOCK06/SES068/SA068S15	SES068	2.32769	-51.2333	-53.561
BLOCK06/SES068/SA068S23	SES068	1.63717	-52.6415	-54.2786
BLOCK06/SES068/SA068S27	SES068	3.22147	-51.3811	-54.6026
BLOCK06/SES068/SA068S29	SES068	1.93013	-51.8085	-53.7386
BLOCK08/SES082/SA082S12	SES082	0.729103	-52.1925	-52.9216
BLOCK08/SES082/SA082S14	SES082	1.14512	-51.8124	-52.9576
BLOCK08/SES082/SA082S21	SES082	1.46111	-51.8462	-53.3073
BLOCK08/SES082/SA082S24	SES082	1.53309	-51.7326	-53.2657
BLOCK08/SES082/SA082S28	SES082	1.51108	-51.9691	-53.4802
BLOCK08/SES083/SA083S14	SES083	1.08128	-52.6294	-53.7107
BLOCK08/SES083/SA083S15	SES083	1.60565	-52.256	-53.8617
BLOCK08/SES083/SA083S24	SES083	1.34502	-52.3503	-53.6954
BLOCK08/SES083/SA083S26	SES083	1.00914	-52.3185	-53.3276
BLOCK08/SES083/SA083S29	SES083	0.927883	-52.6377	-53.5656
BLOCK08/SES085/SA085S10	SES085	1.45311	-52.5216	-53.9747
BLOCK08/SES085/SA085S13	SES085	1.5249	-53.29	-54.8149
BLOCK08/SES085/SA085S22	SES085	1.41673	-53.8203	-55.2371
BLOCK08/SES085/SA085S26	SES085	1.57959	-53.132	-54.7116
BLOCK08/SES085/SA085S28	SES085	1.489	-52.4275	-53.9165
BLOCK08/SES087/SA087S15	SES087	1.4923	-51.006	-52.4983
BLOCK08/SES087/SA087S16	SES087	2.0379	-50.827	-52.8649
BLOCK08/SES087/SA087S24	SES087	1.27946	-51.4208	-52.7002
BLOCK08/SES087/SA087S26	SES087	1.95234	-50.2052	-52.1576
BLOCK08/SES087/SA087S29	SES087	1.29439	-51.3606	-52.655
BLOCK09/SES099/SA099S15	SES099	2.24296	-51.489	-53.7319
BLOCK09/SES099/SA099S16	SES099	2.00702	-51.5602	-53.5672
BLOCK09/SES099/SA099S24	SES099	1.98474	-51.0913	-53.076
BLOCK09/SES099/SA099S26	SES099	2.43881	-50.7783	-53.2171
BLOCK09/SES099/SA099S29	SES099	2.27984	-50.9089	-53.1888
BLOCK10/SES101/SA101S11	SES101	1.48706	-51.6418	-53.1289
BLOCK10/SES101/SA101S13	SES101	1.14409	-52.1477	-53.2918
BLOCK10/SES101/SA101S22	SES101	1.4399	-52.7411	-54.181
BLOCK10/SES101/SA101S24	SES101	1.83068	-51.5239	-53.3546
BLOCK10/SES101/SA101S28	SES101	0.673397	-53.5299	-54.2033
BLOCK10/SES104/SA104S11	SES104	1.92558	-50.6357	-52.5613
BLOCK10/SES104/SA104S12	SES104	2.20928	-50.3532	-52.5625
BLOCK10/SES104/SA104S21	SES104	1.57186	-51.1021	-52.674
BLOCK10/SES104/SA104S24	SES104	1.45172	-51.2193	-52.671
BLOCK10/SES104/SA104S28	SES104	1.94749	-50.8753	-52.8228
BLOCK10/SES105/SA105S12	SES105	1.234	-52.3308	-53.5648
BLOCK10/SES105/SA105S13	SES105	0.927704	-52.2546	-53.1823
BLOCK10/SES105/SA105S22	SES105	0.854343	-53.2116	-54.0659
BLOCK10/SES105/SA105S26	SES105	1.67212	-52.2091	-53.8812
BLOCK10/SES105/SA105S29	SES105	1.29042	-52.5311	-53.8215
BLOCK10/SES106/SA106S09	SES106	0.793201	-52.2779	-53.0711
BLOCK10/SES106/SA106S11	SES106	1.62521	-50.5247	-52.1499
BLOCK10/SES106/SA106S22	SES106	2.21835	-51.3825	-53.6008
BLOCK10/SES106/SA106S27	SES106	1.54948	-50.9333	-52.4828
BLOCK10/SES106/SA106S29	SES106	1.5009	-50.4291	-51.93
BLOCK11/SES117/SA117S12	SES117	1.15882	-52.8887	-54.0475
BLOCK11/SES117/SA117S13	SES117	1.16302	-52.6517	-53.8148
BLOCK11/SES117/SA117S23	SES117	2.29014	-53.0336	-55.3238
BLOCK11/SES117/SA117S25	SES117	2.31116	-52.7359	-55.0471
BLOCK11/SES117/SA117S28	SES117	1.59585	-52.9097	-54.5056
BLOCK12/SES120/SA120S08	SES120	1.54889	-53.2925	-54.8414
BLOCK12/SES120/SA120S11	SES120	1.17741	-53.7095	-54.8869
BLOCK12/SES120/SA120S22	SES120	1.72325	-52.3374	-54.0607
BLOCK12/SES120/SA120S24	SES120	2.40248	-52.3486	-54.7511
BLOCK12/SES120/SA120S28	SES120	1.11541	-54.2342	-55.3497
BLOCK12/SES125/SA125S13	SES125	2.38678	-50.5624	-52.9492
BLOCK12/SES125/SA125S14	SES125	1.76112	-51.3636	-53.1248
BLOCK12/SES125/SA125S25	SES125	2.685	-50.3716	-53.0566
BLOCK12/SES125/SA125S27	SES125	2.47981	-50.4988	-52.9786
BLOCK12/SES125/SA125S29	SES125	2.19003	-50.7047	-52.8947
BLOCK12/SES127/SA127S11	SES127	1.54496	-52.5992	-54.1442
BLOCK12/SES127/SA127S12	SES127	1.27941	-52.5916	-53.871
BLOCK12/SES127/SA127S23	SES127	2.01897	-52.4884	-54.5074
BLOCK12/SES127/SA127S25	SES127	0.659531	-53.1214	-53.7809
BLOCK12/SES127/SA127S27	SES127	2.58767	-52.1702	-54.7579
BLOCK12/SES129/SA129S11	SES129	2.27389	-51.2913	-53.5652
BLOCK12/SES129/SA129S12	SES129	2.11378	-51.4678	-53.5816
BLOCK12/SES129/SA129S22	SES129	2.05405	-50.9652	-53.0193
BLOCK12/SES129/SA129S27	SES129	2.51337	-50.7279	-53.2412
BLOCK12/SES129/SA129S29	SES129	2.58598	-50.6754	-53.2613
BLOCK14/SES142/SA142S11	SES142	3.64185	-51.6604	-55.3022
BLOCK14/SES142/SA142S12	SES142	2.72337	-52.5011	-55.2245
BLOCK14/SES142/SA142S24	SES142	4.11884	-51.8568	-55.9756
BLOCK14/SES142/SA142S27	SES142	3.62162	-51.3228	-54.9444
BLOCK14/SES142/SA142S29	SES142	3.57677	-51.0625	-54.6393
BLOCK14/SES143/SA143S12	SES143	1.80183	-52.3743	-54.1761
BLOCK14/SES143/SA143S13	SES143	1.91328	-52.6907	-54.604
BLOCK14/SES143/SA143S23	SES143	2.34669	-52.6278	-54.9745
BLOCK14/SES143/SA143S25	SES143	2.56049	-52.1496	-54.7101
BLOCK14/SES143/SA143S28	SES143	2.3979	-51.8325	-54.2304
BLOCK14/SES144/SA144S09	SES144	1.627	-52.1496	-53.7766
BLOCK14/SES144/SA144S11	SES144	1.46574	-52.9427	-54.4085
BLOCK14/SES144/SA144S21	SES144	1.1143	-53.0117	-54.126
BLOCK14/SES144/SA144S25	SES144	0.915348	-52.926	-53.8414
BLOCK14/SES144/SA144S29	SES144	1.58398	-52.528	-54.112
BLOCK14/SES146/SA146S14	SES146	1.34293	-52.7668	-54.1098
BLOCK14/SES146/SA146S15	SES146	0.968987	-52.8807	-53.8497
BLOCK14/SES146/SA146S24	SES146	1.07352	-52.5861	-53.6596
BLOCK14/SES146/SA146S26	SES146	1.36955	-53.2311	-54.6006
BLOCK14/SES146/SA146S29	SES146	0.789982	-53.2019	-53.9919
BLOCK14/SES147/SA147S11	SES147	1.8755	-52.416	-54.2915
BLOCK14/SES147/SA147S13	SES147	2.26904	-51.4752	-53.7442
BLOCK14/SES147/SA147S23	SES147	2.26902	-52.6055	-54.8745
BLOCK14/SES147/SA147S26	SES147	2.05084	-52.5405	-54.5913
BLOCK14/SES147/SA147S28	SES147	2.09055	-51.9357	-54.0263
BLOCK14/SES148/SA148S10	SES148	1.54781	-51.7792	-53.327
BLOCK14/SES148/SA148S12	SES148	1.25735	-52.611	-53.8683
BLOCK14/SES148/SA148S22	SES148	1.54965	-52.1164	-53.666
BLOCK14/SES148/SA148S26	SES148	1.45228	-51.8509	-53.3032
BLOCK14/SES148/SA148S29	SES148	1.49021	-52.4976	-53.9878
BLOCK14/SES149/SA149S13	SES149	1.14971	-52.1215	-53.2712
BLOCK14/SES149/SA149S14	SES149	1.01696	-51.7699	-52.7868
BLOCK14/SES149/SA149S24	SES149	1.95002	-51.3116	-53.2616
BLOCK14/SES149/SA149S26	SES149	1.78473	-50.7082	-52.493
BLOCK14/SES149/SA149S28	SES149	3.31398	-50.1129	-53.4269
BLOCK15/SES158/SA158S13	SES158	1.57684	-51.7633	-53.3402
BLOCK15/SES158/SA158S14	SES158	1.40999	-52.2111	-53.6211
BLOCK15/SES158/SA158S23	SES158	2.08178	-51.4422	-53.524
BLOCK15/SES158/SA158S26	SES158	3.0808	-50.971	-54.0518
BLOCK15/SES158/SA158S28	SES158	1.29268	-51.8878	-53.1805
BLOCK16/SES162/SA162S10	SES162	1.18656	-53.2954	-54.482
BLOCK16/SES162/SA162S11	SES162	1.72639	-52.6978	-54.4242
BLOCK16/SES162/SA162S21	SES162	2.72879	-52.0131	-54.7419
BLOCK16/SES162/SA162S24	SES162	2.44157	-52.3325	-54.774
BLOCK16/SES162/SA162S27	SES162	2.00466	-53.0045	-55.0091
BLOCK16/SES167/SA167S14	SES167	3.11998	-50.9251	-54.0451
BLOCK16/SES167/SA167S15	SES167	2.39994	-52.0742	-54.4741
BLOCK16/SES167/SA167S21	SES167	2.58289	-50.8066	-53.3895
BLOCK16/SES167/SA167S25	SES167	2.92219	-51.8706	-54.7927
BLOCK16/SES167/SA167S29	SES167	3.5974	-50.6565	-54.2539
BLOCK17/SES172/SA172S12	SES172	2.07043	-52.5772	-54.6476
BLOCK17/SES172/SA172S13	SES172	2.3665	-52.8454	-55.2119
BLOCK17/SES172/SA172S23	SES172	2.3629	-51.5158	-53.8787
BLOCK17/SES172/SA172S27	SES172	2.49771	-52.483	-54.9807
BLOCK17/SES172/SA172S29	SES172	2.26895	-52.6168	-54.8858
BLOCK17/SES175/SA175S11	SES175	2.86484	-52.2236	-55.0884
BLOCK17/SES175/SA175S13	SES175	1.85431	-51.9522	-53.8065
BLOCK17/SES175/SA175S23	SES175	2.47924	-52.5237	-55.003
BLOCK17/SES175/SA175S25	SES175	1.70326	-53.6922	-55.3955
BLOCK17/SES175/SA175S28	SES175	2.62833	-51.9826	-54.611
BLOCK17/SES177/SA177S15	SES177	1.49516	-52.5131	-54.0083
BLOCK17/SES177/SA177S17	SES177	1.47916	-52.5407	-54.0199
BLOCK17/SES177/SA177S23	SES177	1.64071	-52.6861	-54.3268
BLOCK17/SES177/SA177S26	SES177	2.06145	-51.1508	-53.2122
BLOCK17/SES177/SA177S28	SES177	2.14531	-51.8129	-53.9582
BLOCK18/SES180/SA180S13	SES180	2.56296	-52.216	-54.779
BLOCK18/SES180/SA180S15	SES180	1.83432	-52.6738	-54.5081
BLOCK18/SES180/SA180S24	SES180	2.35244	-51.5353	-53.8877
BLOCK18/SES180/SA180S26	SES180	2.22093	-52.3613	-54.5823
BLOCK18/SES180/SA180S29	SES180	2.03729	-52.7611	-54.7984
BLOCK18/SES183/SA183S13	SES183	2.08017	-52.5322	-54.6124
BLOCK18/SES183/SA183S14	SES183	0.951607	-53.0763	-54.0279
BLOCK18/SES183/SA183S24	SES183	2.20678	-52.5393	-54.746
BLOCK18/SES183/SA183S27	SES183	2.01397	-52.4042	-54.4181
BLOCK18/SES183/SA183S29	SES183	1.70667	-52.0908	-53.7974
BLOCK18/SES187/SA187S13	SES187	1.87395	-53.5322	-55.4062
BLOCK18/SES187/SA187S14	SES187	1.79546	-52.7777	-54.5732
BLOCK18/SES187/SA187S24	SES187	2.43404	-53.0253	-55.4593
BLOCK18/SES187/SA187S27	SES187	1.81254	-52.9605	-54.773
BLOCK18/SES187/SA187S29	SES187	1.90921	-53.4706	-55.3798
BLOCK18/SES189/SA189S10	SES189	1.94892	-53.7911	-55.74
BLOCK18/SES189/SA189S13	SES189	2.64216	-54.4494	-57.0916
BLOCK18/SES189/SA189S24	SES189	3.0186	-53.1948	-56.2134
BLOCK18/SES189/SA189S26	SES189	1.96195	-53.1556	-55.1176
BLOCK18/SES189/SA189S29	SES189	3.03582	-52.9383	-55.9741
BLOCK20/SES202/SA202S12	SES202	2.84754	-52.2448	-55.0923
BLOCK20/SES202/SA202S14	SES202	3.86506	-51.1185	-54.9835
BLOCK20/SES202/SA202S24	SES202	2.64766	-52.3992	-55.0468
BLOCK20/SES202/SA202S27	SES202	3.3489	-51.1548	-54.5037
BLOCK20/SES202/SA202S29	SES202	3.92097	-50.844	-54.765
BLOCK20/SES206/SA206S15	SES206	1.63445	-50.8879	-52.5224
BLOCK20/SES206/SA206S17	SES206	2.54964	-50.5012	-53.0508
BLOCK20/SES206/SA206S24	SES206	2.41662	-50.1301	-52.5467
BLOCK20/SES206/SA206S27	SES206	2.02188	-51.1045	-53.1263
BLOCK20/SES206/SA206S29	SES206	2.3857	-49.9081	-52.2938
BLOCK22/SES226/SA226S12	SES226	1.44374	-51.2551	-52.6988
BLOCK22/SES226/SA226S13	SES226	0.1427	-52.9674	-53.1101
BLOCK22/SES226/SA226S20	SES226	0.872746	-52.2851	-53.1579
BLOCK22/SES226/SA226S23	SES226	1.1516	-51.5674	-52.719
BLOCK22/SES226/SA226S28	SES226	1.85527	-50.5341	-52.3894
BLOCK25/SES259/SA259S13	SES259	2.80558	-50.299	-53.1046
BLOCK25/SES259/SA259S14	SES259	1.95243	-50.7539	-52.7064
BLOCK25/SES259/SA259S22	SES259	2.26995	-50.3408	-52.6108
BLOCK25/SES259/SA259S24	SES259	2.61612	-49.9952	-52.6113
BLOCK25/SES259/SA259S28	SES259	2.08629	-50.2246	-52.3109
BLOCK27/SES270/SA270S14	SES270	2.11898	-52.0122	-54.1312
BLOCK27/SES270/SA270S16	SES270	1.42629	-52.2103	-53.6366
BLOCK27/SES270/SA270S22	SES270	2.1165	-51.3895	-53.506
BLOCK27/SES270/SA270S26	SES270	1.64038	-52.1521	-53.7924
BLOCK27/SES270/SA270S28	SES270	1.67051	-51.6524	-53.3229
BLOCK27/SES275/SA275S17	SES275	1.9421	-52.7518	-54.6939
BLOCK27/SES275/SA275S18	SES275	1.54991	-52.6595	-54.2094
BLOCK27/SES275/SA275S24	SES275	1.32935	-52.9969	-54.3262
BLOCK27/SES275/SA275S26	SES275	1.36766	-52.0449	-53.4125
BLOCK27/SES275/SA275S28	SES275	1.38159	-51.9014	-53.283
BLOCK29/SES292/SA292S10	SES292	1.20254	-52.3824	-53.5849
BLOCK29/SES292/SA292S12	SES292	1.22605	-53.6406	-54.8666
BLOCK29/SES292/SA292S22	SES292	1.98431	-51.9037	-53.888
BLOCK29/SES292/SA292S24	SES292	1.15194	-52.5383	-53.6903
BLOCK29/SES292/SA292S27	SES292	1.25168	-52.5135	-53.7652
BLOCK00/SES001/SA001S14	SES062	0.167606	-51.9503	-52.1179
BLOCK00/SES001/SA001S14	SES082	-0.520218	-52.6381	-52.1179
BLOCK00/SES001/SA001S14	SES106	-1.68398	-53.8019	-52.1179
BLOCK00/SES001/SA001S14	SES206	-2.00466	-54.1225	-52.1179
BLOCK00/SES001/SA001S15	SES062	0.774521	-51.2893	-52.0639
BLOCK00/SES001/SA001S15	SES104	-0.421974	-52.4858	-52.0639
BLOCK00/SES001/SA001S15	SES106	-0.831314	-52.8952	-52.0639
BLOCK00/SES001/SA001S15	SES206	-1.05724	-53.1211	-52.0639
BLOCK00/SES001/SA001S24	SES062	-0.0689964	-53.2798	-53.2108
BLOCK00/SES001/SA001S24	SES082	-1.03238	-54.2432	-53.2108
BLOCK00/SES001/SA001S24	SES087	-1.39886	-54.6096	-53.2108
BLOCK00/SES001/SA001S24	SES206	-0.702282	-53.9131	-53.2108
BLOCK00/SES001/SA001S27	SES062	-0.0165672	-52.5017	-52.4852
BLOCK00/SES001/SA001S27	SES082	-1.03379	-53.519	-52.4852
BLOCK00/SES001/SA001S27	SES087	-1.03854	-53.5237	-52.4852
BLOCK00/SES001/SA001S27	SES206	-1.12786	-53.613	-52.4852
BLOCK00/SES001/SA001S29	SES062	-0.0932732	-53.058	-52.9647
BLOCK00/SES001/SA001S29	SES082	-0.155369	-53.1201	-52.9647
BLOCK00/SES001/SA001S29	SES158	-0.303478	-53.2682	-52.9647
BLOCK00/SES001/SA001S29	SES206	-0.791794	-53.7565	-52.9647
BLOCK00/SES003/SA003S11	SES002	-0.628101	-53.064	-52.4359
BLOCK00/SES003/SA003S11	SES019	-0.836998	-53.2729	-52.4359
BLOCK00/SES003/SA003S11	SES082	0.388447	-52.0475	-52.4359
BLOCK00/SES003/SA003S11	SES125	-0.353394	-52.7893	-52.4359
BLOCK00/SES003/SA003S15	SES016	-2.31095	-54.7491	-52.4381
BLOCK00/SES003/SA003S15	SES019	-0.163754	-52.6019	-52.4381
BLOCK00/SES003/SA003S15	SES062	-0.339611	-52.7777	-52.4381
BLOCK00/SES003/SA003S15	SES206	-0.0773048	-52.5154	-52.4381
BLOCK00/SES003/SA003S22	SES002	-1.23018	-53.5347	-52.3046
BLOCK00/SES003/SA003S22	SES062	-0.776344	-53.0809	-52.3046
BLOCK00/SES003/SA003S22	SES082	-0.334717	-52.6393	-52.3046
BLOCK00/SES003/SA003S22	SES087	-0.579449	-52.884	-52.3046
BLOCK00/SES003/SA003S25	SES062	-0.737602	-53.4313	-52.6937
BLOCK00/SES003/SA003S25	SES082	0.162891	-52.5308	-52.6937
BLOCK00/SES003/SA003S25	SES087	-1.69818	-54.3919	-52.6937
BLOCK00/SES003/SA003S25	SES206	-1.45728	-54.151	-52.6937
BLOCK00/SES003/SA003S29	SES002	-1.38546	-53.8094	-52.424
BLOCK00/SES003/SA003S29	SES062	-0.602528	-53.0265	-52.424
BLOCK00/SES003/SA003S29	SES082	-0.362663	-52.7866	-52.424
BLOCK00/SES003/SA003S29	SES087	-0.53743	-52.9614	-52.424
BLOCK00/SES004/SA004S12	SES083	-0.100826	-54.3452	-54.2443
BLOCK00/SES004/SA004S12	SES148	0.21888	-54.0254	-54.2443
BLOCK00/SES004/SA004S12	SES172	0.419575	-53.8248	-54.2443
BLOCK00/SES004/SA004S12	SES292	0.149242	-54.0951	-54.2443
BLOCK00/SES004/SA004S17	SES083	-0.163715	-54.7242	-54.5605
BLOCK00/SES004/SA004S17	SES162	0.52573	-54.0347	-54.5605
BLOCK00/SES004/SA004S17	SES172	0.27351	-54.287	-54.5605
BLOCK00/SES004/SA004S17	SES292	0.278641	-54.2818	-54.5605
BLOCK00/SES004/SA004S24	SES083	0.554131	-53.7093	-54.2634
BLOCK00/SES004/SA004S24	SES148	0.674778	-53.5886	-54.2634
BLOCK00/SES004/SA004S24	SES172	1.05094	-53.2125	-54.2634
BLOCK00/SES004/SA004S24	SES292	1.08858	-53.1748	-54.2634
BLOCK00/SES004/SA004S26	SES083	0.853848	-53.165	-54.0189
BLOCK00/SES004/SA004S26	SES127	0.894821	-53.124	-54.0189
BLOCK00/SES004/SA004S26	SES148	0.0270424	-53.9918	-54.0189
BLOCK00/SES004/SA004S26	SES292	0.852425	-53.1664	-54.0189
BLOCK00/SES004/SA004S28	SES083	0.609741	-53.5247	-54.1344
BLOCK00/SES004/SA004S28	SES127	0.461304	-53.6731	-54.1344
BLOCK00/SES004/SA004S28	SES187	0.936794	-53.1976	-54.1344
BLOCK00/SES004/SA004S28	SES292	0.508289	-53.6261	-54.1344
BLOCK00/SES006/SA006S10	SES014	-1.02181	-55.3077	-54.2859
BLOCK00/SES006/SA006S10	SES158	-0.137112	-54.423	-54.2859
BLOCK00/SES006/SA006S10	SES226	-1.06068	-55.3466	-54.2859
BLOCK00/SES006/SA006S10	SES270	-0.12677	-54.4127	-54.2859
BLOCK00/SES006/SA006S11	SES158	-0.0348892	-54.0381	-54.0032
BLOCK00/SES006/SA006S11	SES226	-0.857262	-54.8604	-54.0032
BLOCK00/SES006/SA006S11	SES270	-0.315594	-54.3188	-54.0032
BLOCK00/SES006/SA006S11	SES275	-1.28814	-55.2913	-54.0032
BLOCK00/SES006/SA006S23	SES062	-1.01588	-54.3577	-53.3418
BLOCK00/SES006/SA006S23	SES105	-0.56905	-53.9109	-53.3418
BLOCK00/SES006/SA006S23	SES158	0.0118942	-53.3299	-53.3418
BLOCK00/SES006/SA006S23	SES275	-0.901955	-54.2438	-53.3418
BLOCK00/SES006/SA006S26	SES104	-0.975872	-54.031	-53.0551
BLOCK00/SES006/SA006S26	SES158	0.0556145	-52.9995	-53.0551
BLOCK00/SES006/SA006S26	SES270	-0.0524101	-53.1075	-53.0551
BLOCK00/SES006/SA006S26	SES275	-0.913921	-53.969	-53.0551
BLOCK00/SES006/SA006S28	SES007	-1.02631	-54.6958	-53.6695
BLOCK00/SES006/SA006S28	SES105	-0.954422	-54.6239	-53.6695
BLOCK00/SES006/SA006S28	SES158	-0.588951	-54.2584	-53.6695
BLOCK00/SES006/SA006S28	SES275	-1.53357	-55.203	-53.6695
BLOCK00/SES009/SA009S12	SES083	0.00325775	-53.6014	-53.6046
BLOCK00/SES009/SA009S12	SES148	0.134422	-53.4702	-53.6046
BLOCK00/SES009/SA009S12	SES177	-1.22337	-54.828	-53.6046
BLOCK00/SES009/SA009S12	SES292	0.927956	-52.6767	-53.6046
BLOCK00/SES009/SA009S15	SES007	1.8077	-51.2194	-53.0271
BLOCK00/SES009/SA009S15	SES099	-3.01399	-56.0411	-53.0271
BLOCK00/SES009/SA009S15	SES148	0.14946	-52.8776	-53.0271
BLOCK00/SES009/SA009S15	SES172	-0.0901947	-53.1173	-53.0271
BLOCK00/SES009/SA009S24	SES146	0.831562	-52.6547	-53.4863
BLOCK00/SES009/SA009S24	SES148	0.594582	-52.8917	-53.4863
BLOCK00/SES009/SA009S24	SES177	-0.6628	-54.1491	-53.4863
BLOCK00/SES009/SA009S24	SES292	1.12006	-52.3662	-53.4863
BLOCK00/SES009/SA009S26	SES083	-0.0276756	-54.1404	-54.1128
BLOCK00/SES009/SA009S26	SES101	0.46991	-53.6428	-54.1128
BLOCK00/SES009/SA009S26	SES120	0.668049	-53.4447	-54.1128
BLOCK00/SES009/SA009S26	SES177	-1.18504	-55.2978	-54.1128
BLOCK00/SES009/SA009S29	SES083	0.552784	-53.0219	-53.5746
BLOCK00/SES009/SA009S29	SES101	0.569172	-53.0055	-53.5746
BLOCK00/SES009/SA009S29	SES177	-1.15839	-54.733	-53.5746
BLOCK00/SES009/SA009S29	SES292	0.921135	-52.6535	-53.5746
BLOCK01/SES011/SA011S10	SES019	0.814709	-52.7216	-53.5364
BLOCK01/SES011/SA011S10	SES042	0.444405	-53.0919	-53.5364
BLOCK01/SES011/SA011S10	SES082	-0.198586	-53.7349	-53.5364
BLOCK01/SES011/SA011S10	SES206	1.12553	-52.4108	-53.5364
BLOCK01/SES011/SA011S11	SES019	0.00600815	-53.0318	-53.0378
BLOCK01/SES011/SA011S11	SES042	-0.124043	-53.1618	-53.0378
BLOCK01/SES011/SA011S11	SES082	-0.697697	-53.7355	-53.0378
BLOCK01/SES011/SA011S11	SES206	0.28035	-52.7574	-53.0378
BLOCK01/SES011/SA011S22	SES019	0.431446	-52.7708	-53.2022
BLOCK01/SES011/SA011S22	SES042	0.405968	-52.7962	-53.2022
BLOCK01/SES011/SA011S22	SES082	-0.232468	-53.4347	-53.2022
BLOCK01/SES011/SA011S22	SES206	0.876762	-52.3255	-53.2022
BLOCK01/SES011/SA011S24	SES019	0.326477	-52.3033	-52.6297
BLOCK01/SES011/SA011S24	SES042	0.844376	-51.7854	-52.6297
BLOCK01/SES011/SA011S24	SES104	-0.159386	-52.7891	-52.6297
BLOCK01/SES011/SA011S24	SES206	0.911972	-51.7178	-52.6297
BLOCK01/SES011/SA011S27	SES082	0.805828	-51.8298	-52.6356
BLOCK01/SES011/SA011S27	SES087	0.00489044	-52.6307	-52.6356
BLOCK01/SES011/SA011S27	SES125	0.763306	-51.8723	-52.6356
BLOCK01/SES011/SA011S27	SES206	1.07918	-51.5564	-52.6356
BLOCK01/SES012/SA012S11	SES007	-0.072155	-52.174	-52.1018
BLOCK01/SES012/SA012S11	SES082	0.39563	-51.7062	-52.1018
BLOCK01/SES012/SA012S11	SES083	-0.305481	-52.4073	-52.1018
BLOCK01/SES012/SA012S11	SES206	0.861389	-51.2404	-52.1018
BLOCK01/SES012/SA012S14	SES082	-0.154186	-52.8004	-52.6463
BLOCK01/SES012/SA012S14	SES087	-0.997696	-53.6439	-52.6463
BLOCK01/SES012/SA012S14	SES206	-0.0354805	-52.6817	-52.6463
BLOCK01/SES012/SA012S14	SES292	-0.940411	-53.5867	-52.6463
BLOCK01/SES012/SA012S24	SES082	0.785294	-52.668	-53.4533
BLOCK01/SES012/SA012S24	SES087	0.278156	-53.1752	-53.4533
BLOCK01/SES012/SA012S24	SES120	-1.00233	-54.4557	-53.4533
BLOCK01/SES012/SA012S24	SES206	0.80904	-52.6443	-53.4533
BLOCK01/SES012/SA012S26	SES019	-0.924717	-53.8229	-52.8982
BLOCK01/SES012/SA012S26	SES082	-0.304676	-53.2028	-52.8982
BLOCK01/SES012/SA012S26	SES206	0.906071	-51.9921	-52.8982
BLOCK01/SES012/SA012S26	SES292	-0.753059	-53.6512	-52.8982
BLOCK01/SES012/SA012S29	SES062	-0.331684	-53.1624	-52.8307
BLOCK01/SES012/SA012S29	SES082	0.41798	-52.4127	-52.8307
BLOCK01/SES012/SA012S29	SES083	-0.545166	-53.3759	-52.8307
BLOCK01/SES012/SA012S29	SES206	0.723461	-52.1073	-52.8307
BLOCK01/SES013/SA013S16	SES062	-1.36942	-54.451	-53.0816
BLOCK01/SES013/SA013S16	SES106	0.651062	-52.4305	-53.0816
BLOCK01/SES013/SA013S16	SES206	0.552452	-52.5291	-53.0816
BLOCK01/SES013/SA013S16	SES226	-0.0283012	-53.1099	-53.0816
BLOCK01/SES013/SA013S17	SES062	-1.08966	-53.6857	-52.5961
BLOCK01/SES013/SA013S17	SES106	0.57988	-52.0162	-52.5961
BLOCK01/SES013/SA013S17	SES206	0.969601	-51.6265	-52.5961
BLOCK01/SES013/SA013S17	SES226	-0.0541496	-52.6502	-52.5961
BLOCK01/SES013/SA013S23	SES104	0.474289	-52.7957	-53.27
BLOCK01/SES013/SA013S23	SES106	1.08372	-52.1863	-53.27
BLOCK01/SES013/SA013S23	SES206	0.923645	-52.3464	-53.27
BLOCK01/SES013/SA013S23	SES270	0.571701	-52.6983	-53.27
BLOCK01/SES013/SA013S25	SES042	-0.538738	-53.5005	-52.9617
BLOCK01/SES013/SA013S25	SES104	0.598412	-52.3633	-52.9617
BLOCK01/SES013/SA013S25	SES106	0.966148	-51.9956	-52.9617
BLOCK01/SES013/SA013S25	SES206	0.711662	-52.2501	-52.9617
BLOCK01/SES013/SA013S29	SES062	-0.982533	-53.7913	-52.8087
BLOCK01/SES013/SA013S29	SES104	0.235905	-52.5728	-52.8087
BLOCK01/SES013/SA013S29	SES106	0.798065	-52.0107	-52.8087
BLOCK01/SES013/SA013S29	SES206	0.428291	-52.3805	-52.8087
BLOCK02/SES021/SA021S13	SES016	-0.700874	-52.781	-52.0801
BLOCK02/SES021/SA021S13	SES029	-0.663868	-52.744	-52.0801
BLOCK02/SES021/SA021S13	SES087	0.47929	-51.6008	-52.0801
BLOCK02/SES021/SA021S13	SES206	1.06628	-51.0138	-52.0801
BLOCK02/SES021/SA021S15	SES087	0.824753	-51.2336	-52.0584
BLOCK02/SES021/SA021S15	SES125	0.972889	-51.0855	-52.0584
BLOCK02/SES021/SA021S15	SES206	1.4355	-50.6229	-52.0584
BLOCK02/SES021/SA021S15	SES226	0.792336	-51.266	-52.0584
BLOCK02/SES021/SA021S23	SES062	-0.433407	-53.7577	-53.3243
BLOCK02/SES021/SA021S23	SES087	-0.223713	-53.548	-53.3243
BLOCK02/SES021/SA021S23	SES206	-0.00750351	-53.3318	-53.3243
BLOCK02/SES021/SA021S23	SES226	0.35651	-52.9678	-53.3243
BLOCK02/SES021/SA021S27	SES002	-0.894711	-53.5383	-52.6436
BLOCK02/SES021/SA021S27	SES016	-1.16675	-53.8103	-52.6436
BLOCK02/SES021/SA021S27	SES019	0.221039	-52.4225	-52.6436
BLOCK02/SES021/SA021S27	SES062	0.0681496	-52.5754	-52.6436
BLOCK02/SES021/SA021S29	SES087	0.0232124	-52.6032	-52.6264
BLOCK02/SES021/SA021S29	SES125	0.34581	-52.2806	-52.6264
BLOCK02/SES021/SA021S29	SES206	1.0033	-51.6231	-52.6264
BLOCK02/SES021/SA021S29	SES226	0.60733	-52.0191	-52.6264
BLOCK04/SES043/SA043S09	SES083	0.0287476	-54.442	-54.4707
BLOCK04/SES043/SA043S09	SES101	-0.337017	-54.8077	-54.4707
BLOCK04/SES043/SA043S09	SES144	0.821037	-53.6497	-54.4707
BLOCK04/SES043/SA043S09	SES172	-0.290508	-54.7612	-54.4707
BLOCK04/SES043/SA043S11	SES083	0.0667877	-53.35	-53.4167
BLOCK04/SES043/SA043S11	SES101	-0.0766029	-53.4934	-53.4167
BLOCK04/SES043/SA043S11	SES144	0.639648	-52.7771	-53.4167
BLOCK04/SES043/SA043S11	SES172	0.112717	-53.304	-53.4167
BLOCK04/SES043/SA043S23	SES083	0.403278	-53.282	-53.6853
BLOCK04/SES043/SA043S23	SES144	1.05765	-52.6276	-53.6853
BLOCK04/SES043/SA043S23	SES177	-0.710922	-54.3962	-53.6853
BLOCK04/SES043/SA043S23	SES275	0.503784	-53.1815	-53.6853
BLOCK04/SES043/SA043S26	SES083	0.096344	-53.47	-53.5663
BLOCK04/SES043/SA043S26	SES101	-0.423943	-53.9903	-53.5663
BLOCK04/SES043/SA043S26	SES144	0.607826	-52.9585	-53.5663
BLOCK04/SES043/SA043S26	SES177	-0.92762	-54.494	-53.5663
BLOCK04/SES043/SA043S28	SES016	0.0656853	-53.2875	-53.3532
BLOCK04/SES043/SA043S28	SES083	0.691036	-52.6621	-53.3532
BLOCK04/SES043/SA043S28	SES101	0.640526	-52.7127	-53.3532
BLOCK04/SES043/SA043S28	SES144	0.514858	-52.8383	-53.3532
BLOCK04/SES044/SA044S10	SES127	-1.32062	-57.0878	-55.7672
BLOCK04/SES044/SA044S10	SES144	0.77626	-54.991	-55.7672
BLOCK04/SES044/SA044S10	SES147	-0.765484	-56.5327	-55.7672
BLOCK04/SES044/SA044S10	SES148	-0.285725	-56.0529	-55.7672
BLOCK04/SES044/SA044S11	SES101	-0.0829582	-55.166	-55.083
BLOCK04/SES044/SA044S11	SES144	0.728119	-54.3549	-55.083
BLOCK04/SES044/SA044S11	SES147	0.169827	-54.9132	-55.083
BLOCK04/SES044/SA044S11	SES177	-0.341919	-55.4249	-55.083
BLOCK04/SES044/SA044S24	SES007	-0.0281601	-54.3198	-54.2916
BLOCK04/SES044/SA044S24	SES101	0.0848274	-54.2068	-54.2916
BLOCK04/SES044/SA044S24	SES147	-1.26264	-55.5543	-54.2916
BLOCK04/SES044/SA044S24	SES177	-1.1072	-55.3988	-54.2916
BLOCK04/SES044/SA044S26	SES007	-0.482178	-54.7474	-54.2652
BLOCK04/SES044/SA044S26	SES016	-0.084137	-54.3493	-54.2652
BLOCK04/SES044/SA044S26	SES101	-0.0270348	-54.2922	-54.2652
BLOCK04/SES044/SA044S26	SES147	0.168762	-54.0964	-54.2652
BLOCK04/SES044/SA044S29	SES007	0.312874	-53.9372	-54.2501
BLOCK04/SES044/SA044S29	SES101	0.74416	-53.506	-54.2501
BLOCK04/SES044/SA044S29	SES147	0.0353012	-54.2148	-54.2501
BLOCK04/SES044/SA044S29	SES177	0.17099	-54.0791	-54.2501
BLOCK04/SES046/SA046S13	SES101	-0.00271225	-54.5492	-54.5465
BLOCK04/SES046/SA046S13	SES144	0.551483	-53.995	-54.5465
BLOCK04/SES046/SA046S13	SES147	0.00486755	-54.5416	-54.5465
BLOCK04/SES046/SA046S13	SES177	0.155277	-54.3912	-54.5465
BLOCK04/SES046/SA046S15	SES048	-1.28206	-54.8996	-53.6175
BLOCK04/SES046/SA046S15	SES083	0.138191	-53.4793	-53.6175
BLOCK04/SES046/SA046S15	SES120	-0.503094	-54.1206	-53.6175
BLOCK04/SES046/SA046S15	SES148	0.180859	-53.4367	-53.6175
BLOCK04/SES046/SA046S22	SES101	0.10004	-54.59	-54.69
BLOCK04/SES046/SA046S22	SES144	0.491077	-54.199	-54.69
BLOCK04/SES046/SA046S22	SES147	0.343269	-54.3468	-54.69
BLOCK04/SES046/SA046S22	SES172	0.645119	-54.0449	-54.69
BLOCK04/SES046/SA046S25	SES083	-0.259991	-54.1232	-53.8632
BLOCK04/SES046/SA046S25	SES127	-0.410828	-54.274	-53.8632
BLOCK04/SES046/SA046S25	SES144	-0.725105	-54.5883	-53.8632
BLOCK04/SES046/SA046S25	SES148	-0.381729	-54.2449	-53.8632
BLOCK04/SES046/SA046S28	SES007	-0.644798	-54.563	-53.9182
BLOCK04/SES046/SA046S28	SES105	-0.744045	-54.6623	-53.9182
BLOCK04/SES046/SA046S28	SES147	-0.244068	-54.1623	-53.9182
BLOCK04/SES046/SA046S28	SES148	0.345852	-53.5724	-53.9182
BLOCK04/SES049/SA049S16	SES104	-0.529392	-54.3571	-53.8278
BLOCK04/SES049/SA049S16	SES106	-0.100285	-53.928	-53.8278
BLOCK04/SES049/SA049S16	SES120	-1.3939	-55.2217	-53.8278
BLOCK04/SES049/SA049S16	SES206	-0.154385	-53.9821	-53.8278
BLOCK04/SES049/SA049S18	SES099	-0.249203	-53.7955	-53.5463
BLOCK04/SES049/SA049S18	SES104	-1.24741	-54.7937	-53.5463
BLOCK04/SES049/SA049S18	SES125	-0.815536	-54.3618	-53.5463
BLOCK04/SES049/SA049S18	SES206	-0.657616	-54.2039	-53.5463
BLOCK04/SES049/SA049S25	SES087	0.0889778	-53.3146	-53.4036
BLOCK04/SES049/SA049S25	SES104	0.23077	-53.1728	-53.4036
BLOCK04/SES049/SA049S25	SES125	-0.399254	-53.8028	-53.4036
BLOCK04/SES049/SA049S25	SES206	0.0135002	-53.3901	-53.4036
BLOCK04/SES049/SA049S27	SES099	0.100777	-52.9699	-53.0707
BLOCK04/SES049/SA049S27	SES104	0.501652	-52.569	-53.0707
BLOCK04/SES049/SA049S27	SES125	-0.380478	-53.4512	-53.0707
BLOCK04/SES049/SA049S27	SES206	-0.0131683	-53.0839	-53.0707
BLOCK04/SES049/SA049S29	SES099	0.346489	-52.0743	-52.4208
BLOCK04/SES049/SA049S29	SES104	0.611462	-51.8093	-52.4208
BLOCK04/SES049/SA049S29	SES125	0.155357	-52.2654	-52.4208
BLOCK04/SES049/SA049S29	SES206	0.118347	-52.3024	-52.4208
BLOCK06/SES063/SA063S09	SES068	-0.358017	-54.5542	-54.1962
BLOCK06/SES063/SA063S09	SES083	0.467781	-53.7284	-54.1962
BLOCK06/SES063/SA063S09	SES177	0.303398	-53.8928	-54.1962
BLOCK06/SES063/SA063S09	SES187	0.46801	-53.7282	-54.1962
BLOCK06/SES063/SA063S10	SES068	0.0321007	-54.3759	-54.408
BLOCK06/SES063/SA063S10	SES083	0.985588	-53.4225	-54.408
BLOCK06/SES063/SA063S10	SES172	1.02959	-53.3785	-54.408
BLOCK06/SES063/SA063S10	SES187	0.595093	-53.813	-54.408
BLOCK06/SES063/SA063S20	SES068	-0.53392	-55.1715	-54.6376
BLOCK06/SES063/SA063S20	SES083	0.638844	-53.9987	-54.6376
BLOCK06/SES063/SA063S20	SES172	0.135483	-54.5021	-54.6376
BLOCK06/SES063/SA063S20	SES187	1.37282	-53.2647	-54.6376
BLOCK06/SES063/SA063S24	SES029	0.0957184	-53.7039	-53.7996
BLOCK06/SES063/SA063S24	SES083	0.903156	-52.8965	-53.7996
BLOCK06/SES063/SA063S24	SES177	0.826176	-52.9735	-53.7996
BLOCK06/SES063/SA063S24	SES189	0.248192	-53.5514	-53.7996
BLOCK06/SES063/SA063S27	SES083	0.744793	-54.1937	-54.9385
BLOCK06/SES063/SA063S27	SES172	1.20449	-53.734	-54.9385
BLOCK06/SES063/SA063S27	SES187	0.0129662	-54.9256	-54.9385
BLOCK06/SES063/SA063S27	SES292	0.158249	-54.7803	-54.9385
BLOCK06/SES067/SA067S12	SES083	0.00631714	-54.0731	-54.0794
BLOCK06/SES067/SA067S12	SES172	-0.800388	-54.8798	-54.0794
BLOCK06/SES067/SA067S12	SES202	1.57962	-52.4998	-54.0794
BLOCK06/SES067/SA067S12	SES292	0.328854	-53.7506	-54.0794
BLOCK06/SES067/SA067S14	SES085	0.262505	-53.0719	-53.3344
BLOCK06/SES067/SA067S14	SES177	0.140415	-53.194	-53.3344
BLOCK06/SES067/SA067S14	SES183	0.817612	-52.5168	-53.3344
BLOCK06/SES067/SA067S14	SES202	0.989708	-52.3447	-53.3344
BLOCK06/SES067/SA067S21	SES144	0.482624	-54.5379	-55.0205
BLOCK06/SES067/SA067S21	SES177	0.447639	-54.5728	-55.0205
BLOCK06/SES067/SA067S21	SES183	-0.794575	-55.8151	-55.0205
BLOCK06/SES067/SA067S21	SES189	1.14938	-53.8711	-55.0205
BLOCK06/SES067/SA067S25	SES085	0.659931	-53.4637	-54.1237
BLOCK06/SES067/SA067S25	SES177	0.48201	-53.6417	-54.1237
BLOCK06/SES067/SA067S25	SES183	-0.118214	-54.2419	-54.1237
BLOCK06/SES067/SA067S25	SES202	1.17688	-52.9468	-54.1237
BLOCK06/SES067/SA067S29	SES085	0.62711	-53.7928	-54.4199
BLOCK06/SES067/SA067S29	SES177	0.574604	-53.8453	-54.4199
BLOCK06/SES067/SA067S29	SES183	0.805756	-53.6142	-54.4199
BLOCK06/SES067/SA067S29	SES202	2.29739	-52.1225	-54.4199
BLOCK06/SES069/SA069S12	SES029	-0.356377	-53.4783	-53.1219
BLOCK06/SES069/SA069S12	SES082	0.782551	-52.3394	-53.1219
BLOCK06/SES069/SA069S12	SES087	0.164875	-52.9571	-53.1219
BLOCK06/SES069/SA069S12	SES206	0.74194	-52.38	-53.1219
BLOCK06/SES069/SA069S13	SES029	-0.526112	-53.5617	-53.0356
BLOCK06/SES069/SA069S13	SES087	-0.285759	-53.3213	-53.0356
BLOCK06/SES069/SA069S13	SES206	-0.160374	-53.196	-53.0356
BLOCK06/SES069/SA069S13	SES226	-0.543991	-53.5796	-53.0356
BLOCK06/SES069/SA069S23	SES029	-0.0600777	-52.031	-51.9709
BLOCK06/SES069/SA069S23	SES087	0.749447	-51.2215	-51.9709
BLOCK06/SES069/SA069S23	SES206	0.363728	-51.6072	-51.9709
BLOCK06/SES069/SA069S23	SES226	0.557064	-51.4138	-51.9709
BLOCK06/SES069/SA069S25	SES087	0.0720596	-52.0941	-52.1661
BLOCK06/SES069/SA069S25	SES206	-0.309116	-52.4753	-52.1661
BLOCK06/SES069/SA069S25	SES226	-0.120392	-52.2865	-52.1661
BLOCK06/SES069/SA069S25	SES270	-0.258953	-52.4251	-52.1661
BLOCK06/SES069/SA069S27	SES087	-0.314415	-53.0401	-52.7257
BLOCK06/SES069/SA069S27	SES206	0.840092	-51.8856	-52.7257
BLOCK06/SES069/SA069S27	SES226	0.804516	-51.9212	-52.7257
BLOCK06/SES069/SA069S27	SES270	-0.0776596	-52.8034	-52.7257
BLOCK08/SES081/SA081S11	SES060	0.722145	-54.0875	-54.8097
BLOCK08/SES081/SA081S11	SES062	-1.08526	-55.8949	-54.8097
BLOCK08/SES081/SA081S11	SES117	0.51458	-54.2951	-54.8097
BLOCK08/SES081/SA081S11	SES162	1.00674	-53.8029	-54.8097
BLOCK08/SES081/SA081S13	SES016	1.48057	-52.1899	-53.6705
BLOCK08/SES081/SA081S13	SES060	1.33105	-52.3394	-53.6705
BLOCK08/SES081/SA081S13	SES068	1.39816	-52.2723	-53.6705
BLOCK08/SES081/SA081S13	SES129	0.197315	-53.4732	-53.6705
BLOCK08/SES081/SA081S24	SES060	0.962029	-53.1311	-54.0932
BLOCK08/SES081/SA081S24	SES068	0.739277	-53.3539	-54.0932
BLOCK08/SES081/SA081S24	SES117	0.381996	-53.7112	-54.0932
BLOCK08/SES081/SA081S24	SES275	-0.465153	-54.5583	-54.0932
BLOCK08/SES081/SA081S27	SES007	0.901611	-53.7318	-54.6334
BLOCK08/SES081/SA081S27	SES060	0.701241	-53.9322	-54.6334
BLOCK08/SES081/SA081S27	SES117	1.23148	-53.4019	-54.6334
BLOCK08/SES081/SA081S27	SES275	0.180195	-54.4532	-54.6334
BLOCK08/SES081/SA081S29	SES007	0.898792	-53.4432	-54.342
BLOCK08/SES081/SA081S29	SES060	1.19002	-53.1519	-54.342
BLOCK08/SES081/SA081S29	SES117	0.852753	-53.4892	-54.342
BLOCK08/SES081/SA081S29	SES275	-0.161049	-54.503	-54.342
BLOCK08/SES086/SA086S11	SES029	-1.51182	-55.5717	-54.0599
BLOCK08/SES086/SA086S11	SES082	-0.138725	-54.1986	-54.0599
BLOCK08/SES086/SA086S11	SES087	0.199451	-53.8605	-54.0599
BLOCK08/SES086/SA086S11	SES206	-0.109241	-54.1691	-54.0599
BLOCK08/SES086/SA086S12	SES029	-0.905613	-54.3849	-53.4793
BLOCK08/SES086/SA086S12	SES082	-0.155613	-53.6349	-53.4793
BLOCK08/SES086/SA086S12	SES087	0.879124	-52.6001	-53.4793
BLOCK08/SES086/SA086S12	SES206	0.433556	-53.0457	-53.4793
BLOCK08/SES086/SA086S20	SES029	-0.910503	-53.7188	-52.8083
BLOCK08/SES086/SA086S20	SES082	-0.153942	-52.9622	-52.8083
BLOCK08/SES086/SA086S20	SES087	1.49673	-51.3115	-52.8083
BLOCK08/SES086/SA086S20	SES206	1.33196	-51.4763	-52.8083
BLOCK08/SES086/SA086S24	SES087	0.883244	-52.7282	-53.6114
BLOCK08/SES086/SA086S24	SES104	0.4258	-53.1856	-53.6114
BLOCK08/SES086/SA086S24	SES120	-1.04022	-54.6516	-53.6114
BLOCK08/SES086/SA086S24	SES206	1.19609	-52.4153	-53.6114
BLOCK08/SES086/SA086S28	SES029	-0.880295	-53.702	-52.8217
BLOCK08/SES086/SA086S28	SES082	0.290577	-52.5311	-52.8217
BLOCK08/SES086/SA086S28	SES087	0.783527	-52.0382	-52.8217
BLOCK08/SES086/SA086S28	SES206	0.672203	-52.1495	-52.8217
BLOCK08/SES089/SA089S13	SES087	-1.07146	-53.8011	-52.7297
BLOCK08/SES089/SA089S13	SES206	-1.44741	-54.1771	-52.7297
BLOCK08/SES089/SA089S13	SES226	-0.466042	-53.1957	-52.7297
BLOCK08/SES089/SA089S13	SES270	-2.16238	-54.8921	-52.7297
BLOCK08/SES089/SA089S14	SES062	-0.413162	-52.4691	-52.056
BLOCK08/SES089/SA089S14	SES087	0.409454	-51.6465	-52.056
BLOCK08/SES089/SA089S14	SES206	-0.409073	-52.4651	-52.056
BLOCK08/SES089/SA089S14	SES226	0.120106	-51.9359	-52.056
BLOCK08/SES089/SA089S23	SES087	-0.484386	-53.2858	-52.8015
BLOCK08/SES089/SA089S23	SES206	-0.879513	-53.681	-52.8015
BLOCK08/SES089/SA089S23	SES226	0.227608	-52.5739	-52.8015
BLOCK08/SES089/SA089S23	SES270	-1.88837	-54.6898	-52.8015
BLOCK08/SES089/SA089S25	SES062	-0.16457	-52.2105	-52.0459
BLOCK08/SES089/SA089S25	SES087	-0.200035	-52.2459	-52.0459
BLOCK08/SES089/SA089S25	SES206	-1.02239	-53.0683	-52.0459
BLOCK08/SES089/SA089S25	SES226	0.349358	-51.6965	-52.0459
BLOCK08/SES089/SA089S28	SES062	-0.147133	-52.3644	-52.2173
BLOCK08/SES089/SA089S28	SES087	-0.132267	-52.3495	-52.2173
BLOCK08/SES089/SA089S28	SES206	-0.574352	-52.7916	-52.2173
BLOCK08/SES089/SA089S28	SES226	0.594997	-51.6223	-52.2173
BLOCK09/SES097/SA097S11	SES099	1.15415	-52.7038	-53.8579
BLOCK09/SES097/SA097S11	SES125	0.729511	-53.1284	-53.8579
BLOCK09/SES097/SA097S11	SES206	0.637661	-53.2202	-53.8579
BLOCK09/SES097/SA097S11	SES226	0.864521	-52.9934	-53.8579
BLOCK09/SES097/SA097S14	SES062	-1.03173	-54.1327	-53.101
BLOCK09/SES097/SA097S14	SES099	-0.131218	-53.2322	-53.101
BLOCK09/SES097/SA097S14	SES104	0.174129	-52.9269	-53.101
BLOCK09/SES097/SA097S14	SES206	-0.285839	-53.3869	-53.101
BLOCK09/SES097/SA097S22	SES099	0.646317	-53.2986	-53.9449
BLOCK09/SES097/SA097S22	SES206	0.257729	-53.6872	-53.9449
BLOCK09/SES097/SA097S22	SES226	0.0486145	-53.8963	-53.9449
BLOCK09/SES097/SA097S22	SES270	0.908875	-53.036	-53.9449
BLOCK09/SES097/SA097S26	SES099	0.771671	-52.3579	-53.1296
BLOCK09/SES097/SA097S26	SES120	-0.212086	-53.3417	-53.1296
BLOCK09/SES097/SA097S26	SES206	0.760052	-52.3695	-53.1296
BLOCK09/SES097/SA097S26	SES226	0.701107	-52.4285	-53.1296
BLOCK09/SES097/SA097S28	SES099	0.395054	-52.6514	-53.0464
BLOCK09/SES097/SA097S28	SES120	-0.659523	-53.706	-53.0464
BLOCK09/SES097/SA097S28	SES206	-0.41037	-53.4568	-53.0464
BLOCK09/SES097/SA097S28	SES226	0.0918694	-52.9546	-53.0464
BLOCK09/SES098/SA098S11	SES127	-0.344868	-55.8703	-55.5254
BLOCK09/SES098/SA098S11	SES144	0.226879	-55.2985	-55.5254
BLOCK09/SES098/SA098S11	SES147	1.24337	-54.282	-55.5254
BLOCK09/SES098/SA098S11	SES148	-0.713375	-56.2388	-55.5254
BLOCK09/SES098/SA098S12	SES127	-0.960117	-58.046	-57.0859
BLOCK09/SES098/SA098S12	SES144	0.344643	-56.7412	-57.0859
BLOCK09/SES098/SA098S12	SES147	1.30451	-55.7814	-57.0859
BLOCK09/SES098/SA098S12	SES189	1.20824	-55.8776	-57.0859
BLOCK09/SES098/SA098S20	SES127	-0.969219	-56.7217	-55.7525
BLOCK09/SES098/SA098S20	SES147	0.847584	-54.9049	-55.7525
BLOCK09/SES098/SA098S20	SES148	-0.744896	-56.4974	-55.7525
BLOCK09/SES098/SA098S20	SES292	-0.634697	-56.3872	-55.7525
BLOCK09/SES098/SA098S23	SES127	-0.324368	-55.5659	-55.2415
BLOCK09/SES098/SA098S23	SES147	1.17596	-54.0655	-55.2415
BLOCK09/SES098/SA098S23	SES187	1.06713	-54.1744	-55.2415
BLOCK09/SES098/SA098S23	SES292	-0.415112	-55.6566	-55.2415
BLOCK09/SES098/SA098S27	SES127	-0.815285	-56.5597	-55.7444
BLOCK09/SES098/SA098S27	SES147	0.585381	-55.1591	-55.7444
BLOCK09/SES098/SA098S27	SES148	-1.06183	-56.8063	-55.7444
BLOCK09/SES098/SA098S27	SES292	-0.870018	-56.6145	-55.7444
BLOCK10/SES102/SA102S13	SES101	0.623184	-53.7919	-54.4151
BLOCK10/SES102/SA102S13	SES105	-0.0117798	-54.4269	-54.4151
BLOCK10/SES102/SA102S13	SES120	0.127598	-54.2875	-54.4151
BLOCK10/SES102/SA102S13	SES158	-5.16222	-59.5773	-54.4151
BLOCK10/SES102/SA102S14	SES007	1.94593	-52.0857	-54.0317
BLOCK10/SES102/SA102S14	SES101	1.45583	-52.5758	-54.0317
BLOCK10/SES102/SA102S14	SES105	1.5888	-52.4429	-54.0317
BLOCK10/SES102/SA102S14	SES147	-0.648438	-54.6801	-54.0317
BLOCK10/SES102/SA102S22	SES007	0.651855	-52.5501	-53.2019
BLOCK10/SES102/SA102S22	SES101	0.785999	-52.4159	-53.2019
BLOCK10/SES102/SA102S22	SES105	0.745197	-52.4567	-53.2019
BLOCK10/SES102/SA102S22	SES158	-1.92449	-55.1264	-53.2019
BLOCK10/SES102/SA102S25	SES007	0.808559	-52.5803	-53.3888
BLOCK10/SES102/SA102S25	SES101	0.820099	-52.5687	-53.3888
BLOCK10/SES102/SA102S25	SES105	0.683853	-52.705	-53.3888
BLOCK10/SES102/SA102S25	SES147	-1.51389	-54.9027	-53.3888
BLOCK10/SES102/SA102S27	SES007	0.948174	-53.3534	-54.3016
BLOCK10/SES102/SA102S27	SES101	0.251961	-54.0496	-54.3016
BLOCK10/SES102/SA102S27	SES105	0.694305	-53.6073	-54.3016
BLOCK10/SES102/SA102S27	SES147	-0.482292	-54.7839	-54.3016
BLOCK10/SES103/SA103S14	SES105	-0.414829	-53.3018	-52.887
BLOCK10/SES103/SA103S14	SES106	0.218235	-52.6687	-52.887
BLOCK10/SES103/SA103S14	SES120	-1.32856	-54.2155	-52.887
BLOCK10/SES103/SA103S14	SES206	-0.190914	-53.0779	-52.887
BLOCK10/SES103/SA103S15	SES099	-0.435528	-53.7727	-53.3372
BLOCK10/SES103/SA103S15	SES101	-2.12629	-55.4635	-53.3372
BLOCK10/SES103/SA103S15	SES104	-0.755894	-54.0931	-53.3372
BLOCK10/SES103/SA103S15	SES125	-0.814465	-54.1517	-53.3372
BLOCK10/SES103/SA103S24	SES104	-0.400898	-53.121	-52.7201
BLOCK10/SES103/SA103S24	SES125	-0.474468	-53.1946	-52.7201
BLOCK10/SES103/SA103S24	SES148	-1.54702	-54.2671	-52.7201
BLOCK10/SES103/SA103S24	SES158	-0.0804939	-52.8006	-52.7201
BLOCK10/SES103/SA103S26	SES104	-0.581715	-53.6363	-53.0546
BLOCK10/SES103/SA103S26	SES106	-0.196285	-53.2509	-53.0546
BLOCK10/SES103/SA103S26	SES125	-0.492973	-53.5475	-53.0546
BLOCK10/SES103/SA103S26	SES148	-1.78703	-54.8416	-53.0546
BLOCK10/SES103/SA103S28	SES104	-0.0622292	-53.8139	-53.7517
BLOCK10/SES103/SA103S28	SES106	0.0936279	-53.6581	-53.7517
BLOCK10/SES103/SA103S28	SES125	-0.65192	-54.4036	-53.7517
BLOCK10/SES103/SA103S28	SES206	-0.367233	-54.1189	-53.7517
BLOCK12/SES121/SA121S12	SES042	-1.38266	-55.0581	-53.6755
BLOCK12/SES121/SA121S12	SES087	-0.550434	-54.2259	-53.6755
BLOCK12/SES121/SA121S12	SES105	-0.546558	-54.222	-53.6755
BLOCK12/SES121/SA121S12	SES206	-0.11673	-53.7922	-53.6755
BLOCK12/SES121/SA121S14	SES007	-1.38359	-55.2632	-53.8796
BLOCK12/SES121/SA121S14	SES105	-0.920319	-54.7999	-53.8796
BLOCK12/SES121/SA121S14	SES106	-0.878269	-54.7578	-53.8796
BLOCK12/SES121/SA121S14	SES206	-0.956791	-54.8364	-53.8796
BLOCK12/SES121/SA121S23	SES105	-0.611034	-54.8534	-54.2423
BLOCK12/SES121/SA121S23	SES106	-0.508053	-54.7504	-54.2423
BLOCK12/SES121/SA121S23	SES120	-1.56158	-55.8039	-54.2423
BLOCK12/SES121/SA121S23	SES206	-0.688293	-54.9306	-54.2423
BLOCK12/SES121/SA121S25	SES007	-1.19013	-55.7126	-54.5225
BLOCK12/SES121/SA121S25	SES105	-1.26509	-55.7876	-54.5225
BLOCK12/SES121/SA121S25	SES106	-0.573654	-55.0962	-54.5225
BLOCK12/SES121/SA121S25	SES206	-0.662415	-55.1849	-54.5225
BLOCK12/SES121/SA121S27	SES087	-0.682316	-54.9116	-54.2293
BLOCK12/SES121/SA121S27	SES105	-1.15605	-55.3854	-54.2293
BLOCK12/SES121/SA121S27	SES120	-1.04969	-55.279	-54.2293
BLOCK12/SES121/SA121S27	SES206	-0.294762	-54.5241	-54.2293
BLOCK12/SES124/SA124S16	SES042	0.561337	-52.01	-52.5714
BLOCK12/SES124/SA124S16	SES082	0.059639	-52.5117	-52.5714
BLOCK12/SES124/SA124S16	SES183	-1.38449	-53.9559	-52.5714
BLOCK12/SES124/SA124S16	SES206	0.35083	-52.2205	-52.5714
BLOCK12/SES124/SA124S17	SES105	-0.554352	-53.9555	-53.4012
BLOCK12/SES124/SA124S17	SES149	-0.162476	-53.5637	-53.4012
BLOCK12/SES124/SA124S17	SES158	-0.766048	-54.1672	-53.4012
BLOCK12/SES124/SA124S17	SES275	-0.973686	-54.3749	-53.4012
BLOCK12/SES124/SA124S23	SES105	-0.568207	-52.118	-51.5498
BLOCK12/SES124/SA124S23	SES125	0.959122	-50.5907	-51.5498
BLOCK12/SES124/SA124S23	SES129	-1.50613	-53.056	-51.5498
BLOCK12/SES124/SA124S23	SES158	0.184383	-51.3655	-51.5498
BLOCK12/SES124/SA124S26	SES105	-0.92065	-53.9597	-53.039
BLOCK12/SES124/SA124S26	SES125	1.37032	-51.6687	-53.039
BLOCK12/SES124/SA124S26	SES129	-1.62707	-54.6661	-53.039
BLOCK12/SES124/SA124S26	SES158	0.45293	-52.5861	-53.039
BLOCK12/SES124/SA124S28	SES104	0.468361	-51.7843	-52.2527
BLOCK12/SES124/SA124S28	SES106	0.694912	-51.5578	-52.2527
BLOCK12/SES124/SA124S28	SES125	1.01378	-51.2389	-52.2527
BLOCK12/SES124/SA124S28	SES275	-1.02223	-53.2749	-52.2527
BLOCK12/SES126/SA126S13	SES007	-0.693768	-56.2325	-55.5387
BLOCK12/SES126/SA126S13	SES162	0.775547	-54.7632	-55.5387
BLOCK12/SES126/SA126S13	SES177	0.312664	-55.2261	-55.5387
BLOCK12/SES126/SA126S13	SES180	0.592617	-54.9461	-55.5387
BLOCK12/SES126/SA126S14	SES144	0.691788	-53.5893	-54.2811
BLOCK12/SES126/SA126S14	SES148	0.460125	-53.821	-54.2811
BLOCK12/SES126/SA126S14	SES177	1.04485	-53.2363	-54.2811
BLOCK12/SES126/SA126S14	SES180	1.35909	-52.922	-54.2811
BLOCK12/SES126/SA126S20	SES007	-0.477226	-54.7487	-54.2715
BLOCK12/SES126/SA126S20	SES162	0.786102	-53.4854	-54.2715
BLOCK12/SES126/SA126S20	SES172	-0.76252	-55.034	-54.2715
BLOCK12/SES126/SA126S20	SES180	0.0679359	-54.2035	-54.2715
BLOCK12/SES126/SA126S24	SES120	0.238483	-54.3762	-54.6147
BLOCK12/SES126/SA126S24	SES162	1.5298	-53.0849	-54.6147
BLOCK12/SES126/SA126S24	SES177	0.847027	-53.7677	-54.6147
BLOCK12/SES126/SA126S24	SES180	1.26992	-53.3448	-54.6147
BLOCK12/SES126/SA126S26	SES120	-0.0568085	-54.8676	-54.8108
BLOCK12/SES126/SA126S26	SES177	0.57328	-54.2375	-54.8108
BLOCK12/SES126/SA126S26	SES180	1.28885	-53.522	-54.8108
BLOCK12/SES126/SA126S26	SES202	-0.959522	-55.7703	-54.8108
BLOCK12/SES128/SA128S10	SES087	-1.24159	-54.2634	-53.0218
BLOCK12/SES128/SA128S10	SES206	-0.410084	-53.4319	-53.0218
BLOCK12/SES128/SA128S10	SES226	-0.0147705	-53.0366	-53.0218
BLOCK12/SES128/SA128S10	SES270	-0.471237	-53.493	-53.0218
BLOCK12/SES128/SA128S12	SES120	-0.678158	-53.8176	-53.1395
BLOCK12/SES128/SA128S12	SES158	-0.790447	-53.9299	-53.1395
BLOCK12/SES128/SA128S12	SES206	0.0370827	-53.1024	-53.1395
BLOCK12/SES128/SA128S12	SES226	-0.409599	-53.5491	-53.1395
BLOCK12/SES128/SA128S21	SES106	-0.81916	-55.1367	-54.3175
BLOCK12/SES128/SA128S21	SES120	-0.236931	-54.5544	-54.3175
BLOCK12/SES128/SA128S21	SES206	-0.854515	-55.172	-54.3175
BLOCK12/SES128/SA128S21	SES226	-0.29108	-54.6086	-54.3175
BLOCK12/SES128/SA128S24	SES087	-1.38498	-54.7745	-53.3895
BLOCK12/SES128/SA128S24	SES120	-0.535183	-53.9247	-53.3895
BLOCK12/SES128/SA128S24	SES206	-0.746223	-54.1358	-53.3895
BLOCK12/SES128/SA128S24	SES226	-0.502472	-53.892	-53.3895
BLOCK12/SES128/SA128S27	SES099	-0.725037	-53.3652	-52.6402
BLOCK12/SES128/SA128S27	SES120	-0.231567	-52.8718	-52.6402
BLOCK12/SES128/SA128S27	SES206	-0.573483	-53.2137	-52.6402
BLOCK12/SES128/SA128S27	SES226	0.148987	-52.4912	-52.6402
BLOCK13/SES130/SA130S13	SES143	-1.13561	-56.5041	-55.3685
BLOCK13/SES130/SA130S13	SES144	1.02158	-54.3469	-55.3685
BLOCK13/SES130/SA130S13	SES146	0.436531	-54.932	-55.3685
BLOCK13/SES130/SA130S13	SES275	-0.558014	-55.9265	-55.3685
BLOCK13/SES130/SA130S15	SES143	-0.939301	-55.5817	-54.6424
BLOCK13/SES130/SA130S15	SES144	0.850262	-53.7921	-54.6424
BLOCK13/SES130/SA130S15	SES146	0.771461	-53.8709	-54.6424
BLOCK13/SES130/SA130S15	SES275	0.357601	-54.2848	-54.6424
BLOCK13/SES130/SA130S23	SES127	-1.7355	-57.0821	-55.3466
BLOCK13/SES130/SA130S23	SES144	0.0480576	-55.2986	-55.3466
BLOCK13/SES130/SA130S23	SES146	0.679073	-54.6676	-55.3466
BLOCK13/SES130/SA130S23	SES162	-0.70142	-56.0481	-55.3466
BLOCK13/SES130/SA130S25	SES127	-0.457146	-54.6606	-54.2035
BLOCK13/SES130/SA130S25	SES144	0.813652	-53.3898	-54.2035
BLOCK13/SES130/SA130S25	SES146	0.995113	-53.2083	-54.2035
BLOCK13/SES130/SA130S25	SES275	0.251175	-53.9523	-54.2035
BLOCK13/SES130/SA130S28	SES127	0.458523	-54.1915	-54.65
BLOCK13/SES130/SA130S28	SES144	0.865448	-53.7846	-54.65
BLOCK13/SES130/SA130S28	SES146	0.759766	-53.8903	-54.65
BLOCK13/SES130/SA130S28	SES275	0.827202	-53.8228	-54.65
BLOCK13/SES131/SA131S13	SES002	-0.856113	-55.267	-54.4109
BLOCK13/SES131/SA131S13	SES007	-1.12067	-55.5316	-54.4109
BLOCK13/SES131/SA131S13	SES099	-0.634396	-55.0453	-54.4109
BLOCK13/SES131/SA131S13	SES105	-0.876495	-55.2874	-54.4109
BLOCK13/SES131/SA131S14	SES104	-0.0981178	-53.2255	-53.1274
BLOCK13/SES131/SA131S14	SES106	0.433815	-52.6935	-53.1274
BLOCK13/SES131/SA131S14	SES125	-0.0527687	-53.1801	-53.1274
BLOCK13/SES131/SA131S14	SES148	-1.02293	-54.1503	-53.1274
BLOCK13/SES131/SA131S20	SES104	-1.0536	-54.6843	-53.6307
BLOCK13/SES131/SA131S20	SES106	-0.0817604	-53.7125	-53.6307
BLOCK13/SES131/SA131S20	SES125	-0.497234	-54.1279	-53.6307
BLOCK13/SES131/SA131S20	SES148	-2.12582	-55.7565	-53.6307
BLOCK13/SES131/SA131S22	SES099	-0.191547	-53.3474	-53.1558
BLOCK13/SES131/SA131S22	SES104	-0.553822	-53.7096	-53.1558
BLOCK13/SES131/SA131S22	SES125	-0.194004	-53.3498	-53.1558
BLOCK13/SES131/SA131S22	SES206	-0.490486	-53.6463	-53.1558
BLOCK13/SES131/SA131S29	SES087	-0.20982	-53.8909	-53.6811
BLOCK13/SES131/SA131S29	SES104	-1.25045	-54.9315	-53.6811
BLOCK13/SES131/SA131S29	SES125	-0.370506	-54.0516	-53.6811
BLOCK13/SES131/SA131S29	SES206	-0.528297	-54.2094	-53.6811
BLOCK13/SES132/SA132S11	SES083	0.0689735	-53.6764	-53.7454
BLOCK13/SES132/SA132S11	SES120	0.869385	-52.876	-53.7454
BLOCK13/SES132/SA132S11	SES127	0.479771	-53.2656	-53.7454
BLOCK13/SES132/SA132S11	SES275	-0.113827	-53.8592	-53.7454
BLOCK13/SES132/SA132S12	SES083	0.281734	-53.3333	-53.6151
BLOCK13/SES132/SA132S12	SES143	-0.132648	-53.7477	-53.6151
BLOCK13/SES132/SA132S12	SES144	0.7239	-52.8912	-53.6151
BLOCK13/SES132/SA132S12	SES148	0.201675	-53.4134	-53.6151
BLOCK13/SES132/SA132S22	SES062	0.489033	-53.2821	-53.7712
BLOCK13/SES132/SA132S22	SES083	0.846249	-52.9249	-53.7712
BLOCK13/SES132/SA132S22	SES127	0.828671	-52.9425	-53.7712
BLOCK13/SES132/SA132S22	SES275	0.501038	-53.2701	-53.7712
BLOCK13/SES132/SA132S24	SES007	0.398319	-53.2898	-53.6881
BLOCK13/SES132/SA132S24	SES083	0.398445	-53.2897	-53.6881
BLOCK13/SES132/SA132S24	SES127	0.387199	-53.3009	-53.6881
BLOCK13/SES132/SA132S24	SES275	0.0176964	-53.6704	-53.6881
BLOCK13/SES132/SA132S27	SES083	-0.121948	-54.4374	-54.3154
BLOCK13/SES132/SA132S27	SES120	1.12963	-53.1858	-54.3154
BLOCK13/SES132/SA132S27	SES127	-0.322723	-54.6381	-54.3154
BLOCK13/SES132/SA132S27	SES275	-0.278313	-54.5937	-54.3154
BLOCK14/SES141/SA141S09	SES143	0.770931	-53.6278	-54.3987
BLOCK14/SES141/SA141S09	SES144	0.572414	-53.8263	-54.3987
BLOCK14/SES141/SA141S09	SES162	0.885262	-53.5135	-54.3987
BLOCK14/SES141/SA141S09	SES180	0.62841	-53.7703	-54.3987
BLOCK14/SES141/SA141S15	SES127	0.0194092	-53.9744	-53.9938
BLOCK14/SES141/SA141S15	SES144	0.227554	-53.7662	-53.9938
BLOCK14/SES141/SA141S15	SES162	0.83593	-53.1578	-53.9938
BLOCK14/SES141/SA141S15	SES180	0.421055	-53.5727	-53.9938
BLOCK14/SES141/SA141S24	SES127	0.647812	-53.4588	-54.1066
BLOCK14/SES141/SA141S24	SES144	0.215771	-53.8908	-54.1066
BLOCK14/SES141/SA141S24	SES162	1.06603	-53.0406	-54.1066
BLOCK14/SES141/SA141S24	SES183	-0.517357	-54.6239	-54.1066
BLOCK14/SES141/SA141S26	SES142	0.44986	-54.65	-55.0999
BLOCK14/SES141/SA141S26	SES144	0.413586	-54.6863	-55.0999
BLOCK14/SES141/SA141S26	SES172	-0.221668	-55.3216	-55.0999
BLOCK14/SES141/SA141S26	SES180	0.869606	-54.2303	-55.0999
BLOCK14/SES141/SA141S29	SES127	1.33849	-52.8891	-54.2276
BLOCK14/SES141/SA141S29	SES142	1.72861	-52.499	-54.2276
BLOCK14/SES141/SA141S29	SES144	0.548397	-53.6792	-54.2276
BLOCK14/SES141/SA141S29	SES180	1.7615	-52.4661	-54.2276
BLOCK15/SES157/SA157S08	SES083	-0.536018	-54.4334	-53.8974
BLOCK15/SES157/SA157S08	SES127	-0.947258	-54.8447	-53.8974
BLOCK15/SES157/SA157S08	SES148	0.315105	-53.5823	-53.8974
BLOCK15/SES157/SA157S08	SES292	-0.194714	-54.0921	-53.8974
BLOCK15/SES157/SA157S11	SES083	-0.508942	-54.533	-54.0241
BLOCK15/SES157/SA157S11	SES127	-0.889477	-54.9136	-54.0241
BLOCK15/SES157/SA157S11	SES148	-0.168766	-54.1928	-54.0241
BLOCK15/SES157/SA157S11	SES292	-0.100002	-54.1241	-54.0241
BLOCK15/SES157/SA157S21	SES127	-0.53146	-54.6129	-54.0815
BLOCK15/SES157/SA157S21	SES148	0.8036	-53.2779	-54.0815
BLOCK15/SES157/SA157S21	SES158	-2.18826	-56.2697	-54.0815
BLOCK15/SES157/SA157S21	SES292	0.784458	-53.297	-54.0815
BLOCK15/SES157/SA157S24	SES127	-1.11883	-54.7361	-53.6173
BLOCK15/SES157/SA157S24	SES148	0.244186	-53.3731	-53.6173
BLOCK15/SES157/SA157S24	SES183	-0.156425	-53.7737	-53.6173
BLOCK15/SES157/SA157S24	SES292	0.300678	-53.3166	-53.6173
BLOCK15/SES157/SA157S26	SES007	0.789688	-53.0896	-53.8792
BLOCK15/SES157/SA157S26	SES127	0.384159	-53.4951	-53.8792
BLOCK15/SES157/SA157S26	SES147	-0.719002	-54.5983	-53.8792
BLOCK15/SES157/SA157S26	SES148	0.383549	-53.4957	-53.8792
BLOCK16/SES161/SA161S10	SES007	-0.850494	-54.5534	-53.7029
BLOCK16/SES161/SA161S10	SES105	-0.493805	-54.1967	-53.7029
BLOCK16/SES161/SA161S10	SES158	-1.58232	-55.2852	-53.7029
BLOCK16/SES161/SA161S10	SES275	-0.726856	-54.4297	-53.7029
BLOCK16/SES161/SA161S12	SES007	-0.654209	-53.7519	-53.0977
BLOCK16/SES161/SA161S12	SES105	-0.368607	-53.4663	-53.0977
BLOCK16/SES161/SA161S12	SES158	-1.14981	-54.2475	-53.0977
BLOCK16/SES161/SA161S12	SES275	-0.487888	-53.5856	-53.0977
BLOCK16/SES161/SA161S20	SES007	-1.26922	-55.3066	-54.0374
BLOCK16/SES161/SA161S20	SES105	-0.790939	-54.8283	-54.0374
BLOCK16/SES161/SA161S20	SES158	-1.61287	-55.6502	-54.0374
BLOCK16/SES161/SA161S20	SES275	-0.920296	-54.9577	-54.0374
BLOCK16/SES161/SA161S23	SES007	-0.849251	-54.1206	-53.2714
BLOCK16/SES161/SA161S23	SES105	-0.178299	-53.4497	-53.2714
BLOCK16/SES161/SA161S23	SES148	-1.01365	-54.285	-53.2714
BLOCK16/SES161/SA161S23	SES158	-0.947292	-54.2187	-53.2714
BLOCK16/SES161/SA161S28	SES007	-1.04812	-54.287	-53.2388
BLOCK16/SES161/SA161S28	SES105	-0.755527	-53.9944	-53.2388
BLOCK16/SES161/SA161S28	SES158	-1.13871	-54.3776	-53.2388
BLOCK16/SES161/SA161S28	SES206	-1.27327	-54.5121	-53.2388
BLOCK16/SES164/SA164S11	SES104	-0.265167	-52.976	-52.7108
BLOCK16/SES164/SA164S11	SES125	0.633335	-52.0775	-52.7108
BLOCK16/SES164/SA164S11	SES158	0.623611	-52.0872	-52.7108
BLOCK16/SES164/SA164S11	SES206	0.0654869	-52.6453	-52.7108
BLOCK16/SES164/SA164S13	SES099	0.315456	-53.8519	-54.1673
BLOCK16/SES164/SA164S13	SES104	-0.499958	-54.6673	-54.1673
BLOCK16/SES164/SA164S13	SES125	-0.161869	-54.3292	-54.1673
BLOCK16/SES164/SA164S13	SES206	-0.095295	-54.2626	-54.1673
BLOCK16/SES164/SA164S24	SES002	1.24789	-52.15	-53.3979
BLOCK16/SES164/SA164S24	SES099	1.59163	-51.8062	-53.3979
BLOCK16/SES164/SA164S24	SES125	0.655025	-52.7428	-53.3979
BLOCK16/SES164/SA164S24	SES226	0.367275	-53.0306	-53.3979
BLOCK16/SES164/SA164S27	SES087	-0.444824	-54.1468	-53.7019
BLOCK16/SES164/SA164S27	SES125	0.083744	-53.6182	-53.7019
BLOCK16/SES164/SA164S27	SES206	0.0890617	-53.6129	-53.7019
BLOCK16/SES164/SA164S27	SES226	-0.216797	-53.9187	-53.7019
BLOCK16/SES164/SA164S29	SES002	0.136913	-53.0321	-53.169
BLOCK16/SES164/SA164S29	SES019	-0.7621	-53.9311	-53.169
BLOCK16/SES164/SA164S29	SES125	0.13744	-53.0316	-53.169
BLOCK16/SES164/SA164S29	SES226	-0.183872	-53.3529	-53.169
BLOCK16/SES169/SA169S13	SES117	-0.437122	-54.4689	-54.0318
BLOCK16/SES169/SA169S13	SES144	0.263824	-53.768	-54.0318
BLOCK16/SES169/SA169S13	SES146	0.325771	-53.706	-54.0318
BLOCK16/SES169/SA169S13	SES162	-0.737545	-54.7693	-54.0318
BLOCK16/SES169/SA169S14	SES144	0.725117	-52.3961	-53.1212
BLOCK16/SES169/SA169S14	SES148	0.409332	-52.7119	-53.1212
BLOCK16/SES169/SA169S14	SES177	-0.344135	-53.4653	-53.1212
BLOCK16/SES169/SA169S14	SES180	-1.07059	-54.1918	-53.1212
BLOCK16/SES169/SA169S24	SES117	-0.793877	-55.129	-54.3352
BLOCK16/SES169/SA169S24	SES144	0.357193	-53.978	-54.3352
BLOCK16/SES169/SA169S24	SES146	0.120148	-54.215	-54.3352
BLOCK16/SES169/SA169S24	SES162	-0.459869	-54.795	-54.3352
BLOCK16/SES169/SA169S27	SES127	-0.247688	-53.938	-53.6903
BLOCK16/SES169/SA169S27	SES129	0.921597	-52.7687	-53.6903
BLOCK16/SES169/SA169S27	SES144	0.295639	-53.3947	-53.6903
BLOCK16/SES169/SA169S27	SES146	1.02038	-52.67	-53.6903
BLOCK16/SES169/SA169S29	SES144	0.756065	-52.416	-53.172
BLOCK16/SES169/SA169S29	SES162	-0.224709	-53.3967	-53.172
BLOCK16/SES169/SA169S29	SES177	-0.869167	-54.0412	-53.172
BLOCK16/SES169/SA169S29	SES180	-0.628201	-53.8002	-53.172
BLOCK17/SES171/SA171S12	SES083	-0.380688	-54.5122	-54.1315
BLOCK17/SES171/SA171S12	SES148	-0.158566	-54.29	-54.1315
BLOCK17/SES171/SA171S12	SES172	0.127373	-54.0041	-54.1315
BLOCK17/SES171/SA171S12	SES292	-0.509537	-54.641	-54.1315
BLOCK17/SES171/SA171S15	SES148	-0.012764	-55.1693	-55.1565
BLOCK17/SES171/SA171S15	SES177	-0.0277748	-55.1843	-55.1565
BLOCK17/SES171/SA171S15	SES180	-1.14519	-56.3017	-55.1565
BLOCK17/SES171/SA171S15	SES292	-0.757057	-55.9136	-55.1565
BLOCK17/SES171/SA171S22	SES007	-0.0660248	-53.8085	-53.7425
BLOCK17/SES171/SA171S22	SES148	-0.086216	-53.8287	-53.7425
BLOCK17/SES171/SA171S22	SES177	0.943005	-52.7994	-53.7425
BLOCK17/SES171/SA171S22	SES180	-0.543449	-54.2859	-53.7425
BLOCK17/SES171/SA171S25	SES101	-0.515518	-55.9772	-55.4617
BLOCK17/SES171/SA171S25	SES120	-0.825756	-56.2874	-55.4617
BLOCK17/SES171/SA171S25	SES177	0.438557	-55.0231	-55.4617
BLOCK17/SES171/SA171S25	SES180	-0.452995	-55.9147	-55.4617
BLOCK17/SES171/SA171S27	SES177	0.210583	-54.1553	-54.3659
BLOCK17/SES171/SA171S27	SES180	-0.709156	-55.075	-54.3659
BLOCK17/SES171/SA171S27	SES189	0.115398	-54.2505	-54.3659
BLOCK17/SES171/SA171S27	SES292	-0.875885	-55.2417	-54.3659
BLOCK17/SES173/SA173S13	SES162	0.440315	-54.8591	-55.2995
BLOCK17/SES173/SA173S13	SES177	-0.170956	-55.4704	-55.2995
BLOCK17/SES173/SA173S13	SES180	-0.0134163	-55.3129	-55.2995
BLOCK17/SES173/SA173S13	SES292	-0.569599	-55.8691	-55.2995
BLOCK17/SES173/SA173S14	SES007	-1.02216	-56.8157	-55.7936
BLOCK17/SES173/SA173S14	SES162	0.618866	-55.1747	-55.7936
BLOCK17/SES173/SA173S14	SES177	-0.0180626	-55.8116	-55.7936
BLOCK17/SES173/SA173S14	SES180	0.194096	-55.5995	-55.7936
BLOCK17/SES173/SA173S24	SES144	0.533104	-56.0269	-56.56
BLOCK17/SES173/SA173S24	SES162	0.407944	-56.1521	-56.56
BLOCK17/SES173/SA173S24	SES177	-0.429466	-56.9895	-56.56
BLOCK17/SES173/SA173S24	SES180	-0.312473	-56.8725	-56.56
BLOCK17/SES173/SA173S27	SES162	-0.0430641	-55.0306	-54.9876
BLOCK17/SES173/SA173S27	SES177	-0.208088	-55.1957	-54.9876
BLOCK17/SES173/SA173S27	SES180	-0.148808	-55.1364	-54.9876
BLOCK17/SES173/SA173S27	SES292	-1.00837	-55.9959	-54.9876
BLOCK17/SES173/SA173S29	SES162	0.945469	-55.2811	-56.2266
BLOCK17/SES173/SA173S29	SES175	1.29251	-54.9341	-56.2266
BLOCK17/SES173/SA173S29	SES177	0.15543	-56.0712	-56.2266
BLOCK17/SES173/SA173S29	SES292	-0.55637	-56.783	-56.2266
BLOCK18/SES182/SA182S10	SES144	0.556484	-53.7526	-54.3091
BLOCK18/SES182/SA182S10	SES177	0.611317	-53.6978	-54.3091
BLOCK18/SES182/SA182S10	SES180	0.387215	-53.9219	-54.3091
BLOCK18/SES182/SA182S10	SES275	-0.0549583	-54.3641	-54.3091
BLOCK18/SES182/SA182S12	SES144	0.582306	-53.0735	-53.6558
BLOCK18/SES182/SA182S12	SES177	0.241405	-53.4144	-53.6558
BLOCK18/SES182/SA182S12	SES180	0.100266	-53.5556	-53.6558
BLOCK18/SES182/SA182S12	SES275	0.178482	-53.4774	-53.6558
BLOCK18/SES182/SA182S21	SES117	1.00881	-54.106	-55.1149
BLOCK18/SES182/SA182S21	SES144	0.453808	-54.661	-55.1149
BLOCK18/SES182/SA182S21	SES162	1.06884	-54.046	-55.1149
BLOCK18/SES182/SA182S21	SES180	0.548752	-54.5661	-55.1149
BLOCK18/SES182/SA182S23	SES117	0.407196	-53.9965	-54.4037
BLOCK18/SES182/SA182S23	SES144	-0.0230408	-54.4267	-54.4037
BLOCK18/SES182/SA182S23	SES180	-0.0257111	-54.4294	-54.4037
BLOCK18/SES182/SA182S23	SES275	-0.276318	-54.68	-54.4037
BLOCK18/SES182/SA182S25	SES007	0.404633	-54.4734	-54.878
BLOCK18/SES182/SA182S25	SES162	1.25017	-53.6279	-54.878
BLOCK18/SES182/SA182S25	SES177	0.80386	-54.0742	-54.878
BLOCK18/SES182/SA182S25	SES180	1.15003	-53.728	-54.878
BLOCK18/SES184/SA184S12	SES177	0.360222	-54.2163	-54.5765
BLOCK18/SES184/SA184S12	SES180	0.0144501	-54.562	-54.5765
BLOCK18/SES184/SA184S12	SES189	-0.3382	-54.9147	-54.5765
BLOCK18/SES184/SA184S12	SES292	-0.351582	-54.9281	-54.5765
BLOCK18/SES184/SA184S13	SES101	-0.0569725	-54.8398	-54.7828
BLOCK18/SES184/SA184S13	SES177	0.154053	-54.6288	-54.7828
BLOCK18/SES184/SA184S13	SES180	0.298721	-54.4841	-54.7828
BLOCK18/SES184/SA184S13	SES292	0.32341	-54.4594	-54.7828
BLOCK18/SES184/SA184S22	SES177	0.0594864	-54.5845	-54.644
BLOCK18/SES184/SA184S22	SES180	0.559231	-54.0848	-54.644
BLOCK18/SES184/SA184S22	SES189	-0.460751	-55.1048	-54.644
BLOCK18/SES184/SA184S22	SES292	0.548603	-54.0954	-54.644
BLOCK18/SES184/SA184S25	SES101	0.888077	-53.0507	-53.9387
BLOCK18/SES184/SA184S25	SES177	0.41914	-53.5196	-53.9387
BLOCK18/SES184/SA184S25	SES180	0.745964	-53.1928	-53.9387
BLOCK18/SES184/SA184S25	SES292	1.03881	-52.8999	-53.9387
BLOCK18/SES184/SA184S27	SES083	0.215202	-53.9057	-54.1209
BLOCK18/SES184/SA184S27	SES177	0.0946541	-54.0263	-54.1209
BLOCK18/SES184/SA184S27	SES202	-1.10974	-55.2307	-54.1209
BLOCK18/SES184/SA184S27	SES292	0.235184	-53.8857	-54.1209
BLOCK20/SES204/SA204S12	SES062	-0.391182	-53.3911	-52.9999
BLOCK20/SES204/SA204S12	SES083	-0.841469	-53.8414	-52.9999
BLOCK20/SES204/SA204S12	SES206	0.205265	-52.7947	-52.9999
BLOCK20/SES204/SA204S12	SES226	-0.0108032	-53.0107	-52.9999
BLOCK20/SES204/SA204S14	SES068	-0.783997	-53.0075	-52.2235
BLOCK20/SES204/SA204S14	SES087	0.020401	-52.2031	-52.2235
BLOCK20/SES204/SA204S14	SES206	-0.461609	-52.6851	-52.2235
BLOCK20/SES204/SA204S14	SES226	-0.212368	-52.4358	-52.2235
BLOCK20/SES204/SA204S22	SES068	-1.06389	-54.4819	-53.418
BLOCK20/SES204/SA204S22	SES082	-0.965019	-54.383	-53.418
BLOCK20/SES204/SA204S22	SES083	-1.18177	-54.5998	-53.418
BLOCK20/SES204/SA204S22	SES206	0.127384	-53.2906	-53.418
BLOCK20/SES204/SA204S25	SES062	-1.00212	-54.1953	-53.1932
BLOCK20/SES204/SA204S25	SES083	-1.22202	-54.4152	-53.1932
BLOCK20/SES204/SA204S25	SES206	0.350445	-52.8427	-53.1932
BLOCK20/SES204/SA204S25	SES226	0.13855	-53.0546	-53.1932
BLOCK20/SES204/SA204S27	SES068	-1.52726	-54.4907	-52.9634
BLOCK20/SES204/SA204S27	SES082	-0.61697	-53.5804	-52.9634
BLOCK20/SES204/SA204S27	SES087	-0.111935	-53.0753	-52.9634
BLOCK20/SES204/SA204S27	SES206	0.0307426	-52.9327	-52.9634
BLOCK20/SES207/SA207S10	SES127	-0.411568	-54.37	-53.9584
BLOCK20/SES207/SA207S10	SES183	-0.293324	-54.2518	-53.9584
BLOCK20/SES207/SA207S10	SES189	0.248932	-53.7095	-53.9584
BLOCK20/SES207/SA207S10	SES292	-0.263977	-54.2224	-53.9584
BLOCK20/SES207/SA207S11	SES127	-0.887154	-55.2107	-54.3235
BLOCK20/SES207/SA207S11	SES183	0.712772	-53.6108	-54.3235
BLOCK20/SES207/SA207S11	SES187	0.323414	-54.0001	-54.3235
BLOCK20/SES207/SA207S11	SES292	0.225822	-54.0977	-54.3235
BLOCK20/SES207/SA207S25	SES068	0.143677	-54.5187	-54.6624
BLOCK20/SES207/SA207S25	SES083	0.0630989	-54.5993	-54.6624
BLOCK20/SES207/SA207S25	SES127	-0.174969	-54.8374	-54.6624
BLOCK20/SES207/SA207S25	SES187	1.13057	-53.5318	-54.6624
BLOCK20/SES207/SA207S27	SES127	-0.725708	-55.2815	-54.5558
BLOCK20/SES207/SA207S27	SES183	-0.213413	-54.7692	-54.5558
BLOCK20/SES207/SA207S27	SES187	-0.0534363	-54.6092	-54.5558
BLOCK20/SES207/SA207S27	SES292	-0.58215	-55.1379	-54.5558
BLOCK20/SES207/SA207S29	SES083	0.143898	-54.4256	-54.5695
BLOCK20/SES207/SA207S29	SES085	0.618893	-53.9506	-54.5695
BLOCK20/SES207/SA207S29	SES172	0.521667	-54.0478	-54.5695
BLOCK20/SES207/SA207S29	SES189	0.454212	-54.1153	-54.5695
BLOCK22/SES221/SA221S12	SES068	0.38908	-54.4136	-54.8027
BLOCK22/SES221/SA221S12	SES143	0.904472	-53.8982	-54.8027
BLOCK22/SES221/SA221S12	SES175	1.61991	-53.1827	-54.8027
BLOCK22/SES221/SA221S12	SES202	1.81512	-52.9875	-54.8027
BLOCK22/SES221/SA221S15	SES085	-0.132751	-55.8861	-55.7533
BLOCK22/SES221/SA221S15	SES143	0.275799	-55.4776	-55.7533
BLOCK22/SES221/SA221S15	SES175	0.950764	-54.8026	-55.7533
BLOCK22/SES221/SA221S15	SES187	1.63696	-54.1164	-55.7533
BLOCK22/SES221/SA221S23	SES068	0.349945	-54.5606	-54.9106
BLOCK22/SES221/SA221S23	SES143	0.592663	-54.3179	-54.9106
BLOCK22/SES221/SA221S23	SES175	1.50936	-53.4012	-54.9106
BLOCK22/SES221/SA221S23	SES189	1.95273	-52.9578	-54.9106
BLOCK22/SES221/SA221S27	SES085	0.0413666	-55.4692	-55.5105
BLOCK22/SES221/SA221S27	SES143	0.656208	-54.8543	-55.5105
BLOCK22/SES221/SA221S27	SES175	0.796986	-54.7135	-55.5105
BLOCK22/SES221/SA221S27	SES189	2.88715	-52.6234	-55.5105
BLOCK22/SES221/SA221S29	SES085	-0.223404	-56.4048	-56.1814
BLOCK22/SES221/SA221S29	SES143	0.618404	-55.563	-56.1814
BLOCK22/SES221/SA221S29	SES175	1.1496	-55.0318	-56.1814
BLOCK22/SES221/SA221S29	SES187	1.631	-54.5504	-56.1814
BLOCK22/SES223/SA223S11	SES143	0.515842	-55.0564	-55.5722
BLOCK22/SES223/SA223S11	SES144	-0.62183	-56.194	-55.5722
BLOCK22/SES223/SA223S11	SES175	0.806248	-54.766	-55.5722
BLOCK22/SES223/SA223S11	SES187	0.561253	-55.011	-55.5722
BLOCK22/SES223/SA223S13	SES068	-1.15879	-57.4274	-56.2687
BLOCK22/SES223/SA223S13	SES143	-0.0832481	-56.3519	-56.2687
BLOCK22/SES223/SA223S13	SES146	-1.58775	-57.8564	-56.2687
BLOCK22/SES223/SA223S13	SES202	-0.311344	-56.58	-56.2687
BLOCK22/SES223/SA223S22	SES143	0.26268	-55.0625	-55.3252
BLOCK22/SES223/SA223S22	SES144	-0.398731	-55.7239	-55.3252
BLOCK22/SES223/SA223S22	SES175	0.382084	-54.9431	-55.3252
BLOCK22/SES223/SA223S22	SES187	0.895397	-54.4298	-55.3252
BLOCK22/SES223/SA223S25	SES068	-0.157684	-55.8686	-55.7109
BLOCK22/SES223/SA223S25	SES143	0.19165	-55.5193	-55.7109
BLOCK22/SES223/SA223S25	SES175	0.616978	-55.0939	-55.7109
BLOCK22/SES223/SA223S25	SES187	0.718269	-54.9926	-55.7109
BLOCK22/SES223/SA223S27	SES143	1.0841	-54.4393	-55.5234
BLOCK22/SES223/SA223S27	SES146	0.0334129	-55.49	-55.5234
BLOCK22/SES223/SA223S27	SES187	1.07428	-54.4492	-55.5234
BLOCK22/SES223/SA223S27	SES292	-0.0573616	-55.5808	-55.5234
BLOCK27/SES273/SA273S12	SES099	1.37123	-51.1925	-52.5638
BLOCK27/SES273/SA273S12	SES104	1.49557	-51.0682	-52.5638
BLOCK27/SES273/SA273S12	SES125	0.730652	-51.8331	-52.5638
BLOCK27/SES273/SA273S12	SES206	1.53514	-51.0286	-52.5638
BLOCK27/SES273/SA273S13	SES099	1.35286	-50.9538	-52.3067
BLOCK27/SES273/SA273S13	SES104	1.02287	-51.2838	-52.3067
BLOCK27/SES273/SA273S13	SES206	0.950199	-51.3565	-52.3067
BLOCK27/SES273/SA273S13	SES292	-0.504089	-52.8108	-52.3067
BLOCK27/SES273/SA273S21	SES099	0.842949	-51.2963	-52.1393
BLOCK27/SES273/SA273S21	SES148	-1.91485	-54.0541	-52.1393
BLOCK27/SES273/SA273S21	SES149	0.0435371	-52.0957	-52.1393
BLOCK27/SES273/SA273S21	SES177	-2.58085	-54.7201	-52.1393
BLOCK27/SES273/SA273S25	SES104	0.798241	-51.5658	-52.364
BLOCK27/SES273/SA273S25	SES125	0.331356	-52.0327	-52.364
BLOCK27/SES273/SA273S25	SES158	0.972122	-51.3919	-52.364
BLOCK27/SES273/SA273S25	SES206	1.24703	-51.117	-52.364
BLOCK27/SES273/SA273S27	SES099	0.935638	-51.3914	-52.3271
BLOCK27/SES273/SA273S27	SES104	0.451874	-51.8752	-52.3271
BLOCK27/SES273/SA273S27	SES149	0.294605	-52.0325	-52.3271
BLOCK27/SES273/SA273S27	SES275	-0.0179634	-52.345	-52.3271
BLOCK27/SES274/SA274S10	SES105	-0.192619	-52.7977	-52.605
BLOCK27/SES274/SA274S10	SES125	0.514225	-52.0908	-52.605
BLOCK27/SES274/SA274S10	SES129	0.13554	-52.4695	-52.605
BLOCK27/SES274/SA274S10	SES158	-0.366692	-52.9717	-52.605
BLOCK27/SES274/SA274S11	SES105	-0.181808	-52.6301	-52.4482
BLOCK27/SES274/SA274S11	SES149	0.0359955	-52.4123	-52.4482
BLOCK27/SES274/SA274S11	SES158	-0.010643	-52.4589	-52.4482
BLOCK27/SES274/SA274S11	SES275	0.138302	-52.3099	-52.4482
BLOCK27/SES274/SA274S21	SES105	-0.184105	-52.5721	-52.388
BLOCK27/SES274/SA274S21	SES129	-0.381649	-52.7696	-52.388
BLOCK27/SES274/SA274S21	SES149	-0.0637932	-52.4518	-52.388
BLOCK27/SES274/SA274S21	SES158	-1.03254	-53.4205	-52.388
BLOCK27/SES274/SA274S24	SES105	0.0552406	-52.1387	-52.1939
BLOCK27/SES274/SA274S24	SES129	-0.648983	-52.8429	-52.1939
BLOCK27/SES274/SA274S24	SES149	0.0802803	-52.1136	-52.1939
BLOCK27/SES274/SA274S24	SES158	-0.484856	-52.6788	-52.1939
BLOCK27/SES274/SA274S29	SES105	-0.0819283	-52.6449	-52.563
BLOCK27/SES274/SA274S29	SES106	0.188969	-52.374	-52.563
BLOCK27/SES274/SA274S29	SES120	-0.301613	-52.8646	-52.563
BLOCK27/SES274/SA274S29	SES275	0.0983429	-52.4646	-52.563
BLOCK27/SES276/SA276S16	SES148	0.635731	-53.8129	-54.4486
BLOCK27/SES276/SA276S16	SES172	0.157902	-54.2907	-54.4486
BLOCK27/SES276/SA276S16	SES180	-1.30407	-55.7527	-54.4486
BLOCK27/SES276/SA276S16	SES292	0.362228	-54.0864	-54.4486
BLOCK27/SES276/SA276S17	SES101	-0.0747108	-54.6489	-54.5742
BLOCK27/SES276/SA276S17	SES177	-0.425659	-54.9998	-54.5742
BLOCK27/SES276/SA276S17	SES180	-0.251995	-54.8262	-54.5742
BLOCK27/SES276/SA276S17	SES292	0.543118	-54.0311	-54.5742
BLOCK27/SES276/SA276S24	SES101	0.563423	-53.4509	-54.0143
BLOCK27/SES276/SA276S24	SES177	-0.0893669	-54.1037	-54.0143
BLOCK27/SES276/SA276S24	SES180	-0.405361	-54.4197	-54.0143
BLOCK27/SES276/SA276S24	SES292	0.42598	-53.5883	-54.0143
BLOCK27/SES276/SA276S26	SES101	-0.281342	-54.8542	-54.5729
BLOCK27/SES276/SA276S26	SES177	-0.0687714	-54.6417	-54.5729
BLOCK27/SES276/SA276S26	SES180	0.373047	-54.1999	-54.5729
BLOCK27/SES276/SA276S26	SES292	0.60228	-53.9706	-54.5729
BLOCK27/SES276/SA276S28	SES101	0.517159	-54.0633	-54.5805
BLOCK27/SES276/SA276S28	SES177	0.36179	-54.2187	-54.5805
BLOCK27/SES276/SA276S28	SES180	0.754372	-53.8261	-54.5805
BLOCK27/SES276/SA276S28	SES292	0.648392	-53.9321	-54.5805
BLOCK27/SES277/SA277S12	SES101	-0.135212	-54.7387	-54.6034
BLOCK27/SES277/SA277S12	SES177	-0.515888	-55.1193	-54.6034
BLOCK27/SES277/SA277S12	SES180	-0.02668	-54.6301	-54.6034
BLOCK27/SES277/SA277S12	SES292	-0.618061	-55.2215	-54.6034
BLOCK27/SES277/SA277S14	SES177	-0.0176353	-54.6472	-54.6296
BLOCK27/SES277/SA277S14	SES180	-0.928066	-55.5576	-54.6296
BLOCK27/SES277/SA277S14	SES189	0.646004	-53.9836	-54.6296
BLOCK27/SES277/SA277S14	SES292	-1.09132	-55.7209	-54.6296
BLOCK27/SES277/SA277S21	SES177	0.339554	-53.6084	-53.9479
BLOCK27/SES277/SA277S21	SES180	-0.468796	-54.4167	-53.9479
BLOCK27/SES277/SA277S21	SES189	0.291832	-53.6561	-53.9479
BLOCK27/SES277/SA277S21	SES292	-0.237286	-54.1852	-53.9479
BLOCK27/SES277/SA277S24	SES144	-0.508186	-55.6036	-55.0954
BLOCK27/SES277/SA277S24	SES177	0.453667	-54.6417	-55.0954
BLOCK27/SES277/SA277S24	SES180	-0.510517	-55.6059	-55.0954
BLOCK27/SES277/SA277S24	SES189	0.482964	-54.6124	-55.0954
BLOCK27/SES277/SA277S29	SES177	0.938393	-52.9273	-53.8657
BLOCK27/SES277/SA277S29	SES180	0.490269	-53.3754	-53.8657
BLOCK27/SES277/SA277S29	SES202	0.861565	-53.0041	-53.8657
BLOCK27/SES277/SA277S29	SES292	-0.047966	-53.9136	-53.8657
BLOCK27/SES279/SA279S09	SES120	-0.472992	-53.2966	-52.8236
BLOCK27/SES279/SA279S09	SES146	-0.597561	-53.4212	-52.8236
BLOCK27/SES279/SA279S09	SES206	-0.834713	-53.6584	-52.8236
BLOCK27/SES279/SA279S09	SES226	-0.947403	-53.771	-52.8236
BLOCK27/SES279/SA279S10	SES099	-0.915024	-53.504	-52.589
BLOCK27/SES279/SA279S10	SES206	-0.709839	-53.2988	-52.589
BLOCK27/SES279/SA279S10	SES226	-0.48719	-53.0761	-52.589
BLOCK27/SES279/SA279S10	SES292	-0.220394	-52.8093	-52.589
BLOCK27/SES279/SA279S20	SES099	-1.58659	-54.3481	-52.7615
BLOCK27/SES279/SA279S20	SES206	-0.698013	-53.4595	-52.7615
BLOCK27/SES279/SA279S20	SES226	-0.465481	-53.2269	-52.7615
BLOCK27/SES279/SA279S20	SES292	0.0268478	-52.7346	-52.7615
BLOCK27/SES279/SA279S26	SES099	-0.559631	-53.4493	-52.8897
BLOCK27/SES279/SA279S26	SES206	0.100266	-52.7894	-52.8897
BLOCK27/SES279/SA279S26	SES226	-0.18169	-53.0714	-52.8897
BLOCK27/SES279/SA279S26	SES292	-0.208847	-53.0985	-52.8897
BLOCK27/SES279/SA279S28	SES099	-0.509766	-52.8674	-52.3577
BLOCK27/SES279/SA279S28	SES120	0.00244904	-52.3552	-52.3577
BLOCK27/SES279/SA279S28	SES177	-1.77761	-54.1353	-52.3577
BLOCK27/SES279/SA279S28	SES206	-0.0888863	-52.4466	-52.3577
BLOCK29/SES290/SA290S12	SES162	1.1178	-52.7966	-53.9144
BLOCK29/SES290/SA290S12	SES177	0.824677	-53.0897	-53.9144
BLOCK29/SES290/SA290S12	SES180	0.37915	-53.5352	-53.9144
BLOCK29/SES290/SA290S12	SES292	-0.0121231	-53.9265	-53.9144
BLOCK29/SES290/SA290S13	SES007	-1.2666	-56.5732	-55.3066
BLOCK29/SES290/SA290S13	SES162	0.432083	-54.8745	-55.3066
BLOCK29/SES290/SA290S13	SES177	0.725685	-54.5809	-55.3066
BLOCK29/SES290/SA290S13	SES180	0.769508	-54.5371	-55.3066
BLOCK29/SES290/SA290S22	SES177	0.938766	-53.3141	-54.2529
BLOCK29/SES290/SA290S22	SES180	0.617363	-53.6355	-54.2529
BLOCK29/SES290/SA290S22	SES202	0.605228	-53.6477	-54.2529
BLOCK29/SES290/SA290S22	SES292	-0.241528	-54.4944	-54.2529
BLOCK29/SES290/SA290S25	SES162	1.26954	-52.7272	-53.9968
BLOCK29/SES290/SA290S25	SES177	1.12032	-52.8765	-53.9968
BLOCK29/SES290/SA290S25	SES180	0.990662	-53.0061	-53.9968
BLOCK29/SES290/SA290S25	SES292	0.479527	-53.5173	-53.9968
BLOCK29/SES290/SA290S29	SES177	1.00375	-52.6843	-53.6881
BLOCK29/SES290/SA290S29	SES180	1.29339	-52.3947	-53.6881
BLOCK29/SES290/SA290S29	SES275	-0.32655	-54.0146	-53.6881
BLOCK29/SES290/SA290S29	SES292	0.604191	-53.0839	-53.6881
BLOCK29/SES291/SA291S11	SES105	-0.982388	-55.0086	-54.0262
BLOCK29/SES291/SA291S11	SES125	0.530319	-53.4959	-54.0262
BLOCK29/SES291/SA291S11	SES158	0.435356	-53.5909	-54.0262
BLOCK29/SES291/SA291S11	SES275	-1.46556	-55.4918	-54.0262
BLOCK29/SES291/SA291S12	SES158	0.745235	-52.4467	-53.1919
BLOCK29/SES291/SA291S12	SES226	0.314743	-52.8772	-53.1919
BLOCK29/SES291/SA291S12	SES270	1.3501	-51.8418	-53.1919
BLOCK29/SES291/SA291S12	SES275	-1.13891	-54.3308	-53.1919
BLOCK29/SES291/SA291S22	SES082	-0.262844	-53.2396	-52.9768
BLOCK29/SES291/SA291S22	SES158	0.0745468	-52.9022	-52.9768
BLOCK29/SES291/SA291S22	SES259	-0.255257	-53.232	-52.9768
BLOCK29/SES291/SA291S22	SES275	-1.06207	-54.0388	-52.9768
BLOCK29/SES291/SA291S24	SES104	1.25782	-51.5141	-52.7719
BLOCK29/SES291/SA291S24	SES125	1.18125	-51.5907	-52.7719
BLOCK29/SES291/SA291S24	SES158	0.949604	-51.8223	-52.7719
BLOCK29/SES291/SA291S24	SES275	-0.811039	-53.5829	-52.7719
BLOCK29/SES291/SA291S27	SES158	1.61873	-51.8799	-53.4987
BLOCK29/SES291/SA291S27	SES172	-1.84377	-55.3424	-53.4987
BLOCK29/SES291/SA291S27	SES275	-0.832909	-54.3316	-53.4987
BLOCK29/SES291/SA291S27	SES292	-0.461281	-53.9599	-53.4987
