BLOCK00/SES002/SA002S12	SES002	0.678999	10.0113	9.33232
BLOCK00/SES002/SA002S13	SES002	1.84969	10.4781	8.62842
BLOCK00/SES002/SA002S23	SES002	0.809292	10.1875	9.37819
BLOCK00/SES002/SA002S26	SES002	1.04377	10.8556	9.81188
BLOCK00/SES002/SA002S28	SES002	0.676671	9.28452	8.60785
BLOCK00/SES007/SA007S14	SES007	2.30602	13.0129	10.7069
BLOCK00/SES007/SA007S15	SES007	0.734756	10.5904	9.8556
BLOCK00/SES007/SA007S24	SES007	1.04969	10.6681	9.6184
BLOCK00/SES007/SA007S27	SES007	1.03353	9.9726	8.93907
BLOCK00/SES007/SA007S29	SES007	0.439811	10.7597	10.3199
BLOCK00/SES008/SA008S11	SES008	1.49323	11.1087	9.61551
BLOCK00/SES008/SA008S12	SES008	0.315422	10.1361	9.82072
BLOCK00/SES008/SA008S19	SES008	1.89666	12.4658	10.5691
BLOCK00/SES008/SA008S22	SES008	0.726097	9.71649	8.9904
BLOCK00/SES008/SA008S29	SES008	1.55006	11.9257	10.3756
BLOCK01/SES014/SA014S10	SES014	2.26357	11.6609	9.39735
BLOCK01/SES014/SA014S12	SES014	3.04066	13.946	10.9054
BLOCK01/SES014/SA014S24	SES014	1.18961	11.1854	9.9958
BLOCK01/SES014/SA014S26	SES014	1.82256	13.3597	11.5371
BLOCK01/SES014/SA014S28	SES014	3.38776	14.4024	11.0146
BLOCK01/SES016/SA016S12	SES016	1.50924	9.89664	8.3874
BLOCK01/SES016/SA016S13	SES016	1.52712	11.8154	10.2883
BLOCK01/SES016/SA016S22	SES016	1.35534	11.153	9.7977
BLOCK01/SES016/SA016S25	SES016	2.12271	13.4281	11.3053
BLOCK01/SES016/SA016S27	SES016	1.87157	12.8252	10.9536
BLOCK01/SES019/SA019S13	SES019	2.95585	9.67521	6.71937
BLOCK01/SES019/SA019S14	SES019	1.96639	9.62415	7.65776
BLOCK01/SES019/SA019S22	SES019	2.60475	10.1368	7.53206
BLOCK01/SES019/SA019S25	SES019	2.39132	10.2999	7.90854
BLOCK01/SES019/SA019S29	SES019	3.44431	10.3624	6.91809
BLOCK02/SES029/SA029S11	SES029	1.63938	11.8582	10.2188
BLOCK02/SES029/SA029S12	SES029	0.240774	11.2106	10.9698
BLOCK02/SES029/SA029S20	SES029	1.02858	11.4363	10.4078
BLOCK02/SES029/SA029S25	SES029	0.673232	11.4855	10.8123
BLOCK02/SES029/SA029S28	SES029	0.185368	10.6853	10.4999
BLOCK04/SES042/SA042S12	SES042	2.00601	11.9156	9.90959
BLOCK04/SES042/SA042S15	SES042	2.28408	12.3431	10.059
BLOCK04/SES042/SA042S22	SES042	2.75342	13.5387	10.7853
BLOCK04/SES042/SA042S25	SES042	1.55357	10.245	8.69139
BLOCK04/SES042/SA042S27	SES042	2.09412	12.8421	10.7479
BLOCK04/SES048/SA048S11	SES048	1.53022	11.814	10.2838
BLOCK04/SES048/SA048S12	SES048	0.566686	11.0693	10.5026
BLOCK04/SES048/SA048S20	SES048	0.278256	11.1998	10.9215
BLOCK04/SES048/SA048S23	SES048	1.41825	10.6928	9.27457
BLOCK04/SES048/SA048S27	SES048	0.980625	12.2967	11.3161
BLOCK06/SES060/SA060S11	SES060	2.11998	12.847	10.727
BLOCK06/SES060/SA060S12	SES060	0.189655	10.5428	10.3532
BLOCK06/SES060/SA060S22	SES060	-0.688546	8.37265	9.06119
BLOCK06/SES060/SA060S24	SES060	1.08837	12.1408	11.0524
BLOCK06/SES060/SA060S28	SES060	1.1004	13.2768	12.1764
BLOCK06/SES062/SA062S10	SES062	0.243803	10.9487	10.7049
BLOCK06/SES062/SA062S11	SES062	0.962321	10.7896	9.82728
BLOCK06/SES062/SA062S21	SES062	1.97419	14.2321	12.2579
BLOCK06/SES062/SA062S26	SES062	1.14866	12.6199	11.4713
BLOCK06/SES062/SA062S29	SES062	1.68507	13.6678	11.9827
BLOCK06/SES068/SA068S14	SES068	0.48541	11.2408	10.7554
BLOCK06/SES068/SA068S15	SES068	1.29514	12.3089	11.0138
BLOCK06/SES068/SA068S23	SES068	0.582481	10.4646	9.88216
BLOCK06/SES068/SA068S27	SES068	2.08274	13.4017	11.319
BLOCK06/SES068/SA068S29	SES068	0.719912	10.9791	10.2592
BLOCK08/SES082/SA082S12	SES082	-0.20469	8.81689	9.02158
BLOCK08/SES082/SA082S14	SES082	-0.0524025	8.62213	8.67453
BLOCK08/SES082/SA082S21	SES082	0.133444	9.05857	8.92512
BLOCK08/SES082/SA082S24	SES082	0.525836	10.4954	9.96957
BLOCK08/SES082/SA082S28	SES082	0.74173	9.69948	8.95775
BLOCK08/SES083/SA083S14	SES083	-0.147058	10.468	10.6151
BLOCK08/SES083/SA083S15	SES083	0.858246	11.2454	10.3872
BLOCK08/SES083/SA083S24	SES083	0.808228	10.9158	10.1075
BLOCK08/SES083/SA083S26	SES083	0.944559	10.5106	9.56606
BLOCK08/SES083/SA083S29	SES083	0.492183	11.1612	10.669
BLOCK08/SES085/SA085S10	SES085	0.678082	11.2551	10.5771
BLOCK08/SES085/SA085S13	SES085	-0.114542	10.0379	10.1524
BLOCK08/SES085/SA085S22	SES085	-0.0321188	11.1785	11.2106
BLOCK08/SES085/SA085S26	SES085	0.356573	11.3707	11.0142
BLOCK08/SES085/SA085S28	SES085	1.15829	11.735	10.5767
BLOCK08/SES087/SA087S15	SES087	1.49024	10.4604	8.97012
BLOCK08/SES087/SA087S16	SES087	1.82349	10.7314	8.90786
BLOCK08/SES087/SA087S24	SES087	1.21204	10.7537	9.54166
BLOCK08/SES087/SA087S26	SES087	1.32269	11.7387	10.416
BLOCK08/SES087/SA087S29	SES087	1.66304	10.6766	9.01358
BLOCK09/SES099/SA099S15	SES099	1.33962	9.76845	8.42884
BLOCK09/SES099/SA099S16	SES099	1.34171	10.1399	8.79821
BLOCK09/SES099/SA099S24	SES099	1.21208	10.3604	9.14833
BLOCK09/SES099/SA099S26	SES099	1.73051	10.4658	8.73533
BLOCK09/SES099/SA099S29	SES099	1.63067	10.8214	9.19076
BLOCK10/SES101/SA101S11	SES101	0.386605	10.398	10.0114
BLOCK10/SES101/SA101S13	SES101	1.57253	12.7999	11.2274
BLOCK10/SES101/SA101S22	SES101	1.03946	10.4852	9.44576
BLOCK10/SES101/SA101S24	SES101	0.982912	10.6331	9.65021
BLOCK10/SES101/SA101S28	SES101	0.605584	10.7121	10.1065
BLOCK10/SES104/SA104S11	SES104	1.34552	12.1014	10.7559
BLOCK10/SES104/SA104S12	SES104	1.51407	10.8936	9.37949
BLOCK10/SES104/SA104S21	SES104	1.43054	10.5207	9.09021
BLOCK10/SES104/SA104S24	SES104	0.367616	9.96415	9.59653
BLOCK10/SES104/SA104S28	SES104	0.846907	10.8571	10.0102
BLOCK10/SES105/SA105S12	SES105	0.900272	9.36186	8.46158
BLOCK10/SES105/SA105S13	SES105	1.33568	9.73774	8.40206
BLOCK10/SES105/SA105S22	SES105	0.612782	8.69201	8.07923
BLOCK10/SES105/SA105S26	SES105	1.47255	9.79123	8.31868
BLOCK10/SES105/SA105S29	SES105	1.5373	10.9195	9.38215
BLOCK10/SES106/SA106S09	SES106	1.29951	8.80466	7.50515
BLOCK10/SES106/SA106S11	SES106	1.49359	10.7223	9.22867
BLOCK10/SES106/SA106S22	SES106	2.84555	10.6382	7.79262
BLOCK10/SES106/SA106S27	SES106	1.64666	10.2228	8.57611
BLOCK10/SES106/SA106S29	SES106	0.88179	9.43105	8.54926
BLOCK11/SES117/SA117S12	SES117	0.888741	10.1513	9.2626
BLOCK11/SES117/SA117S13	SES117	0.181027	10.3595	10.1785
BLOCK11/SES117/SA117S23	SES117	1.37934	9.36467	7.98533
BLOCK11/SES117/SA117S25	SES117	0.963675	8.9222	7.95852
BLOCK11/SES117/SA117S28	SES117	1.20975	9.71332	8.50356
BLOCK12/SES120/SA120S08	SES120	0.965141	9.08254	8.1174
BLOCK12/SES120/SA120S11	SES120	0.455689	6.43548	5.97979
BLOCK12/SES120/SA120S22	SES120	0.327928	10.2556	9.92767
BLOCK12/SES120/SA120S24	SES120	0.676066	9.02004	8.34398
BLOCK12/SES120/SA120S28	SES120	-0.327147	7.00457	7.33172
BLOCK12/SES125/SA125S13	SES125	2.09914	10.7672	8.66809
BLOCK12/SES125/SA125S14	SES125	1.04129	9.66452	8.62323
BLOCK12/SES125/SA125S25	SES125	1.95611	11.1683	9.21223
BLOCK12/SES125/SA125S27	SES125	2.07681	12.1903	10.1135
BLOCK12/SES125/SA125S29	SES125	1.74872	10.9091	9.16041
BLOCK12/SES127/SA127S11	SES127	1.38316	10.5506	9.16745
BLOCK12/SES127/SA127S12	SES127	0.479774	11.3853	10.9055
BLOCK12/SES127/SA127S23	SES127	0.520737	10.6739	10.1531
BLOCK12/SES127/SA127S25	SES127	-0.0358963	9.74921	9.7851
BLOCK12/SES127/SA127S27	SES127	1.40235	11.4831	10.0808
BLOCK12/SES129/SA129S11	SES129	1.42123	11.8191	10.3979
BLOCK12/SES129/SA129S12	SES129	1.40604	12.0448	10.6387
BLOCK12/SES129/SA129S22	SES129	1.04298	10.7736	9.73059
BLOCK12/SES129/SA129S27	SES129	1.93493	11.8818	9.94685
BLOCK12/SES129/SA129S29	SES129	1.34169	11.8152	10.4736
BLOCK14/SES142/SA142S11	SES142	1.79271	10.901	9.10828
BLOCK14/SES142/SA142S12	SES142	1.11668	9.74447	8.62779
BLOCK14/SES142/SA142S24	SES142	1.1365	10.9043	9.76782
BLOCK14/SES142/SA142S27	SES142	1.38442	10.9897	9.60524
BLOCK14/SES142/SA142S29	SES142	1.67769	10.3553	8.67762
BLOCK14/SES143/SA143S12	SES143	0.912494	10.5812	9.66872
BLOCK14/SES143/SA143S13	SES143	0.94878	10.0192	9.07045
BLOCK14/SES143/SA143S23	SES143	1.10938	10.1819	9.07249
BLOCK14/SES143/SA143S25	SES143	1.42311	10.8961	9.47299
BLOCK14/SES143/SA143S28	SES143	0.708138	9.69728	8.98914
BLOCK14/SES144/SA144S09	SES144	1.14272	10.8212	9.67848
BLOCK14/SES144/SA144S11	SES144	0.833259	9.77351	8.94026
BLOCK14/SES144/SA144S21	SES144	-0.136771	9.34609	9.48286
BLOCK14/SES144/SA144S25	SES144	0.297626	9.59294	9.29531
BLOCK14/SES144/SA144S29	SES144	-0.163186	10.1276	10.2908
BLOCK14/SES146/SA146S14	SES146	0.745147	9.11546	8.37031
BLOCK14/SES146/SA146S15	SES146	0.773874	9.44734	8.67347
BLOCK14/SES146/SA146S24	SES146	0.885923	10.0126	9.12664
BLOCK14/SES146/SA146S26	SES146	1.20784	10.3968	9.189
BLOCK14/SES146/SA146S29	SES146	0.345511	8.54354	8.19803
BLOCK14/SES147/SA147S11	SES147	1.62228	10.7788	9.15654
BLOCK14/SES147/SA147S13	SES147	1.71348	11.2756	9.56209
BLOCK14/SES147/SA147S23	SES147	0.127985	9.4987	9.37071
BLOCK14/SES147/SA147S26	SES147	1.11383	10.4348	9.32099
BLOCK14/SES147/SA147S28	SES147	1.18668	10.085	8.89832
BLOCK14/SES148/SA148S10	SES148	1.62262	10.4912	8.86861
BLOCK14/SES148/SA148S12	SES148	0.604376	9.15755	8.55318
BLOCK14/SES148/SA148S22	SES148	1.71901	11.6876	9.96858
BLOCK14/SES148/SA148S26	SES148	0.292912	10.991	10.6981
BLOCK14/SES148/SA148S29	SES148	0.154207	9.45722	9.30302
BLOCK14/SES149/SA149S13	SES149	-0.566817	9.1516	9.71842
BLOCK14/SES149/SA149S14	SES149	0.707641	11.2664	10.5588
BLOCK14/SES149/SA149S24	SES149	1.10034	11.3219	10.2216
BLOCK14/SES149/SA149S26	SES149	1.73736	12.4037	10.6663
BLOCK14/SES149/SA149S28	SES149	2.04639	13.6171	11.5707
BLOCK15/SES158/SA158S13	SES158	1.51607	9.32306	7.80698
BLOCK15/SES158/SA158S14	SES158	2.6904	9.87812	7.18772
BLOCK15/SES158/SA158S23	SES158	0.799509	9.21941	8.4199
BLOCK15/SES158/SA158S26	SES158	2.32734	9.25266	6.92531
BLOCK15/SES158/SA158S28	SES158	1.08508	9.25033	8.16525
BLOCK16/SES162/SA162S10	SES162	0.671164	8.70459	8.03343
BLOCK16/SES162/SA162S11	SES162	0.990452	11.0116	10.0211
BLOCK16/SES162/SA162S21	SES162	2.01524	11.3698	9.3546
BLOCK16/SES162/SA162S24	SES162	1.2826	10.6494	9.36681
BLOCK16/SES162/SA162S27	SES162	1.39444	9.90114	8.50669
BLOCK16/SES167/SA167S14	SES167	1.12302	12.2524	11.1294
BLOCK16/SES167/SA167S15	SES167	0.994997	11.0356	10.0406
BLOCK16/SES167/SA167S21	SES167	1.92875	12.1391	10.2103
BLOCK16/SES167/SA167S25	SES167	2.00422	11.5431	9.5389
BLOCK16/SES167/SA167S29	SES167	2.4785	13.3758	10.8973
BLOCK17/SES172/SA172S12	SES172	1.45576	11.0398	9.58406
BLOCK17/SES172/SA172S13	SES172	1.77433	10.9036	9.12928
BLOCK17/SES172/SA172S23	SES172	1.40179	12.2772	10.8754
BLOCK17/SES172/SA172S27	SES172	1.46124	11.1612	9.69996
BLOCK17/SES172/SA172S29	SES172	1.91794	11.688	9.77005
BLOCK17/SES175/SA175S11	SES175	0.558916	10.6803	10.1214
BLOCK17/SES175/SA175S13	SES175	0.868242	10.7424	9.87411
BLOCK17/SES175/SA175S23	SES175	0.989952	11.1839	10.194
BLOCK17/SES175/SA175S25	SES175	0.226546	8.78155	8.55501
BLOCK17/SES175/SA175S28	SES175	0.0470896	10.4244	10.3773
BLOCK17/SES177/SA177S15	SES177	0.595813	10.3178	9.72201
BLOCK17/SES177/SA177S17	SES177	0.196587	9.98201	9.78542
BLOCK17/SES177/SA177S23	SES177	-0.396546	9.22209	9.61864
BLOCK17/SES177/SA177S26	SES177	1.01341	12.4211	11.4077
BLOCK17/SES177/SA177S28	SES177	0.68664	11.0793	10.3927
BLOCK18/SES180/SA180S13	SES180	-0.213336	9.40875	9.62208
BLOCK18/SES180/SA180S15	SES180	0.771037	9.70326	8.93222
BLOCK18/SES180/SA180S24	SES180	0.817158	11.5134	10.6963
BLOCK18/SES180/SA180S26	SES180	0.691352	11.0041	10.3128
BLOCK18/SES180/SA180S29	SES180	0.918317	10.6139	9.69562
BLOCK18/SES183/SA183S13	SES183	1.27935	9.72756	8.44821
BLOCK18/SES183/SA183S14	SES183	-0.0229092	9.0669	9.0898
BLOCK18/SES183/SA183S24	SES183	1.51418	9.64597	8.13179
BLOCK18/SES183/SA183S27	SES183	1.26863	9.81572	8.54709
BLOCK18/SES183/SA183S29	SES183	0.593042	10.2224	9.62939
BLOCK18/SES187/SA187S13	SES187	0.727663	10.1988	9.47117
BLOCK18/SES187/SA187S14	SES187	0.616821	9.65171	9.03489
BLOCK18/SES187/SA187S24	SES187	1.59607	9.98171	8.38564
BLOCK18/SES187/SA187S27	SES187	1.29892	10.451	9.15205
BLOCK18/SES187/SA187S29	SES187	1.41979	10.8517	9.4319
BLOCK18/SES189/SA189S10	SES189	1.49128	10.1102	8.61897
BLOCK18/SES189/SA189S13	SES189	1.71847	9.60216	7.88369
BLOCK18/SES189/SA189S24	SES189	2.38913	10.2363	7.84714
BLOCK18/SES189/SA189S26	SES189	1.23307	10.8621	9.629
BLOCK18/SES189/SA189S29	SES189	2.12424	10.4451	8.32088
BLOCK20/SES202/SA202S12	SES202	1.29564	8.30919	7.01355
BLOCK20/SES202/SA202S14	SES202	1.94134	10.315	8.3737
BLOCK20/SES202/SA202S24	SES202	1.1726	10.0474	8.8748
BLOCK20/SES202/SA202S27	SES202	1.52051	11.9354	10.4148
BLOCK20/SES202/SA202S29	SES202	1.22323	11.3297	10.1065
BLOCK20/SES206/SA206S15	SES206	-0.142897	9.80717	9.95007
BLOCK20/SES206/SA206S17	SES206	1.58217	11.4878	9.90568
BLOCK20/SES206/SA206S24	SES206	1.97943	12.216	10.2365
BLOCK20/SES206/SA206S27	SES206	1.38091	10.5773	9.19635
BLOCK20/SES206/SA206S29	SES206	1.33457	11.9544	10.6199
BLOCK22/SES226/SA226S12	SES226	0.830605	9.80049	8.96989
BLOCK22/SES226/SA226S13	SES226	-0.511011	8.24864	8.75965
BLOCK22/SES226/SA226S20	SES226	1.12079	9.84411	8.72332
BLOCK22/SES226/SA226S23	SES226	1.24696	10.5492	9.30227
BLOCK22/SES226/SA226S28	SES226	1.52363	10.6753	9.15171
BLOCK25/SES259/SA259S13	SES259	3.61742	12.1708	8.55335
BLOCK25/SES259/SA259S14	SES259	2.25675	11.1199	8.8632
BLOCK25/SES259/SA259S22	SES259	1.94861	10.8882	8.93961
BLOCK25/SES259/SA259S24	SES259	2.10141	12.0334	9.93195
BLOCK25/SES259/SA259S28	SES259	2.30921	11.4881	9.17893
BLOCK27/SES270/SA270S14	SES270	2.12141	9.00004	6.87862
BLOCK27/SES270/SA270S16	SES270	0.409543	8.7296	8.32006
BLOCK27/SES270/SA270S22	SES270	1.98313	9.92564	7.94251
BLOCK27/SES270/SA270S26	SES270	0.635516	7.92133	7.28581
BLOCK27/SES270/SA270S28	SES270	1.09302	9.46044	8.36742
BLOCK27/SES275/SA275S17	SES275	1.64579	10.5933	8.94749
BLOCK27/SES275/SA275S18	SES275	0.509523	10.6406	10.1311
BLOCK27/SES275/SA275S24	SES275	0.620744	8.91017	8.28943
BLOCK27/SES275/SA275S26	SES275	1.23695	10.7477	9.51079
BLOCK27/SES275/SA275S28	SES275	0.497779	10.2827	9.78494
BLOCK29/SES292/SA292S10	SES292	0.564	10.3151	9.75112
BLOCK29/SES292/SA292S12	SES292	0.625608	10.0615	9.43593
BLOCK29/SES292/SA292S22	SES292	0.339889	11.0158	10.6759
BLOCK29/SES292/SA292S24	SES292	0.206409	10.3281	10.1217
BLOCK29/SES292/SA292S27	SES292	0.0667582	10.3533	10.2865
BLOCK00/SES001/SA001S14	SES062	-2.90279	6.1054	9.00818
BLOCK00/SES001/SA001S14	SES082	-3.06731	5.94087	9.00818
BLOCK00/SES001/SA001S14	SES106	-2.41124	6.59694	9.00818
BLOCK00/SES001/SA001S14	SES206	-2.74039	6.26779	9.00818
BLOCK00/SES001/SA001S15	SES062	-2.7201	7.00515	9.72525
BLOCK00/SES001/SA001S15	SES104	-3.64379	6.08146	9.72525
BLOCK00/SES001/SA001S15	SES106	-2.40614	7.31911	9.72525
BLOCK00/SES001/SA001S15	SES206	-2.50337	7.22188	9.72525
BLOCK00/SES001/SA001S24	SES062	-4.08027	4.3037	8.38396
BLOCK00/SES001/SA001S24	SES082	-3.28649	5.09748	8.38396
BLOCK00/SES001/SA001S24	SES087	-3.36083	5.02314	8.38396
BLOCK00/SES001/SA001S24	SES206	-2.47015	5.91382	8.38396
BLOCK00/SES001/SA001S27	SES062	-2.44939	7.61675	10.0661
BLOCK00/SES001/SA001S27	SES082	-2.76496	7.30119	10.0661
BLOCK00/SES001/SA001S27	SES087	-1.94209	8.12405	10.0661
BLOCK00/SES001/SA001S27	SES206	-2.14768	7.91847	10.0661
BLOCK00/SES001/SA001S29	SES062	-4.48303	4.2728	8.75583
BLOCK00/SES001/SA001S29	SES082	-2.87091	5.88493	8.75583
BLOCK00/SES001/SA001S29	SES158	-2.18011	6.57572	8.75583
BLOCK00/SES001/SA001S29	SES206	-3.45823	5.29761	8.75583
BLOCK00/SES003/SA003S11	SES002	-1.81882	7.0497	8.86852
BLOCK00/SES003/SA003S11	SES019	-2.66909	6.19943	8.86852
BLOCK00/SES003/SA003S11	SES082	-1.72905	7.13947	8.86852
BLOCK00/SES003/SA003S11	SES125	-2.41018	6.45834	8.86852
BLOCK00/SES003/SA003S15	SES016	-2.29112	7.8023	10.0934
BLOCK00/SES003/SA003S15	SES019	-2.65242	7.44101	10.0934
BLOCK00/SES003/SA003S15	SES062	-1.58649	8.50694	10.0934
BLOCK00/SES003/SA003S15	SES206	-2.25226	7.84116	10.0934
BLOCK00/SES003/SA003S22	SES002	-2.98651	6.58502	9.57153
BLOCK00/SES003/SA003S22	SES062	-1.76781	7.80371	9.57153
BLOCK00/SES003/SA003S22	SES082	-2.60594	6.96559	9.57153
BLOCK00/SES003/SA003S22	SES087	-2.215	7.35652	9.57153
BLOCK00/SES003/SA003S25	SES062	-3.4988	5.53109	9.02988
BLOCK00/SES003/SA003S25	SES082	-2.62606	6.40382	9.02988
BLOCK00/SES003/SA003S25	SES087	-1.90012	7.12976	9.02988
BLOCK00/SES003/SA003S25	SES206	-2.41187	6.61802	9.02988
BLOCK00/SES003/SA003S29	SES002	-2.62743	6.08679	8.71422
BLOCK00/SES003/SA003S29	SES062	-3.36368	5.35054	8.71422
BLOCK00/SES003/SA003S29	SES082	-2.12437	6.58985	8.71422
BLOCK00/SES003/SA003S29	SES087	-3.0402	5.67402	8.71422
BLOCK00/SES004/SA004S12	SES083	-2.25434	7.01279	9.26713
BLOCK00/SES004/SA004S12	SES148	-2.82173	6.4454	9.26713
BLOCK00/SES004/SA004S12	SES172	-0.724968	8.54216	9.26713
BLOCK00/SES004/SA004S12	SES292	-2.08586	7.18127	9.26713
BLOCK00/SES004/SA004S17	SES083	-2.17173	7.0302	9.20193
BLOCK00/SES004/SA004S17	SES162	-1.44749	7.75444	9.20193
BLOCK00/SES004/SA004S17	SES172	-1.19287	8.00906	9.20193
BLOCK00/SES004/SA004S17	SES292	-2.22578	6.97615	9.20193
BLOCK00/SES004/SA004S24	SES083	-2.56527	7.40409	9.96936
BLOCK00/SES004/SA004S24	SES148	-3.06862	6.90074	9.96936
BLOCK00/SES004/SA004S24	SES172	-1.05828	8.91108	9.96936
BLOCK00/SES004/SA004S24	SES292	-1.72354	8.24582	9.96936
BLOCK00/SES004/SA004S26	SES083	-2.58577	6.79874	9.38452
BLOCK00/SES004/SA004S26	SES127	-2.4063	6.97822	9.38452
BLOCK00/SES004/SA004S26	SES148	-3.71009	5.67443	9.38452
BLOCK00/SES004/SA004S26	SES292	-3.24088	6.14364	9.38452
BLOCK00/SES004/SA004S28	SES083	-1.63424	9.11065	10.7449
BLOCK00/SES004/SA004S28	SES127	-1.28096	9.46393	10.7449
BLOCK00/SES004/SA004S28	SES187	-0.631129	10.1138	10.7449
BLOCK00/SES004/SA004S28	SES292	-2.33605	8.40884	10.7449
BLOCK00/SES006/SA006S10	SES014	-4.8615	1.55844	6.41993
BLOCK00/SES006/SA006S10	SES158	-2.64678	3.77316	6.41993
BLOCK00/SES006/SA006S10	SES226	-5.86284	0.55709	6.41993
BLOCK00/SES006/SA006S10	SES270	-1.99013	4.4298	6.41993
BLOCK00/SES006/SA006S11	SES158	-2.58102	3.86367	6.4447
BLOCK00/SES006/SA006S11	SES226	-3.72344	2.72125	6.4447
BLOCK00/SES006/SA006S11	SES270	-2.02815	4.41654	6.4447
BLOCK00/SES006/SA006S11	SES275	-3.69839	2.74631	6.4447
BLOCK00/SES006/SA006S23	SES062	-3.90113	4.45235	8.35348
BLOCK00/SES006/SA006S23	SES105	-4.75147	3.60201	8.35348
BLOCK00/SES006/SA006S23	SES158	-2.58301	5.77047	8.35348
BLOCK00/SES006/SA006S23	SES275	-3.02951	5.32397	8.35348
BLOCK00/SES006/SA006S26	SES104	-4.26631	3.67634	7.94264
BLOCK00/SES006/SA006S26	SES158	-2.33629	5.60635	7.94264
BLOCK00/SES006/SA006S26	SES270	-0.935885	7.00676	7.94264
BLOCK00/SES006/SA006S26	SES275	-3.54105	4.40159	7.94264
BLOCK00/SES006/SA006S28	SES007	-4.217	2.40049	6.61749
BLOCK00/SES006/SA006S28	SES105	-4.57433	2.04316	6.61749
BLOCK00/SES006/SA006S28	SES158	-2.83238	3.78511	6.61749
BLOCK00/SES006/SA006S28	SES275	-3.65007	2.96743	6.61749
BLOCK00/SES009/SA009S12	SES083	-4.13698	6.11688	10.2539
BLOCK00/SES009/SA009S12	SES148	-2.91254	7.34131	10.2539
BLOCK00/SES009/SA009S12	SES177	-1.2378	9.01605	10.2539
BLOCK00/SES009/SA009S12	SES292	-2.1463	8.10755	10.2539
BLOCK00/SES009/SA009S15	SES007	-0.681226	9.9339	10.6151
BLOCK00/SES009/SA009S15	SES099	-4.31928	6.29585	10.6151
BLOCK00/SES009/SA009S15	SES148	-2.24801	8.36712	10.6151
BLOCK00/SES009/SA009S15	SES172	-1.91135	8.70378	10.6151
BLOCK00/SES009/SA009S24	SES146	-1.60492	8.93898	10.5439
BLOCK00/SES009/SA009S24	SES148	-3.1272	7.4167	10.5439
BLOCK00/SES009/SA009S24	SES177	-0.627625	9.91627	10.5439
BLOCK00/SES009/SA009S24	SES292	-2.25567	8.28822	10.5439
BLOCK00/SES009/SA009S26	SES083	-3.22675	6.57822	9.80498
BLOCK00/SES009/SA009S26	SES101	-3.23155	6.57342	9.80498
BLOCK00/SES009/SA009S26	SES120	-2.09808	7.7069	9.80498
BLOCK00/SES009/SA009S26	SES177	-1.15301	8.65197	9.80498
BLOCK00/SES009/SA009S29	SES083	-2.747	7.69975	10.4468
BLOCK00/SES009/SA009S29	SES101	-2.67467	7.77209	10.4468
BLOCK00/SES009/SA009S29	SES177	-1.06049	9.38627	10.4468
BLOCK00/SES009/SA009S29	SES292	-2.07691	8.36984	10.4468
BLOCK01/SES011/SA011S10	SES019	-2.2605	6.94045	9.20094
BLOCK01/SES011/SA011S10	SES042	-1.59425	7.6067	9.20094
BLOCK01/SES011/SA011S10	SES082	-2.81999	6.38095	9.20094
BLOCK01/SES011/SA011S10	SES206	-2.16367	7.03727	9.20094
BLOCK01/SES011/SA011S11	SES019	-2.81199	5.13239	7.94439
BLOCK01/SES011/SA011S11	SES042	-1.69454	6.24985	7.94439
BLOCK01/SES011/SA011S11	SES082	-3.3503	4.59409	7.94439
BLOCK01/SES011/SA011S11	SES206	-2.02283	5.92156	7.94439
BLOCK01/SES011/SA011S22	SES019	-1.21416	6.9662	8.18036
BLOCK01/SES011/SA011S22	SES042	-0.662526	7.51783	8.18036
BLOCK01/SES011/SA011S22	SES082	-2.37897	5.80139	8.18036
BLOCK01/SES011/SA011S22	SES206	-2.35504	5.82531	8.18036
BLOCK01/SES011/SA011S24	SES019	-2.95071	6.12791	9.07862
BLOCK01/SES011/SA011S24	SES042	-0.941164	8.13746	9.07862
BLOCK01/SES011/SA011S24	SES104	-2.51324	6.56538	9.07862
BLOCK01/SES011/SA011S24	SES206	-2.21773	6.8609	9.07862
BLOCK01/SES011/SA011S27	SES082	-1.27743	7.14095	8.41838
BLOCK01/SES011/SA011S27	SES087	-2.8094	5.60898	8.41838
BLOCK01/SES011/SA011S27	SES125	-2.48492	5.93346	8.41838
BLOCK01/SES011/SA011S27	SES206	-2.13396	6.28442	8.41838
BLOCK01/SES012/SA012S11	SES007	-1.47626	9.38599	10.8623
BLOCK01/SES012/SA012S11	SES082	-2.86025	8.002	10.8623
BLOCK01/SES012/SA012S11	SES083	-3.15126	7.71099	10.8623
BLOCK01/SES012/SA012S11	SES206	-2.16242	8.69983	10.8623
BLOCK01/SES012/SA012S14	SES082	-1.80247	8.42567	10.2281
BLOCK01/SES012/SA012S14	SES087	-3.23732	6.99083	10.2281
BLOCK01/SES012/SA012S14	SES206	-1.51694	8.71121	10.2281
BLOCK01/SES012/SA012S14	SES292	-2.45725	7.7709	10.2281
BLOCK01/SES012/SA012S24	SES082	-1.42578	8.03636	9.46214
BLOCK01/SES012/SA012S24	SES087	-3.02116	6.44097	9.46214
BLOCK01/SES012/SA012S24	SES120	-2.73195	6.73018	9.46214
BLOCK01/SES012/SA012S24	SES206	-1.66161	7.80053	9.46214
BLOCK01/SES012/SA012S26	SES019	-5.10715	5.07288	10.18
BLOCK01/SES012/SA012S26	SES082	-3.23812	6.94191	10.18
BLOCK01/SES012/SA012S26	SES206	-1.45498	8.72506	10.18
BLOCK01/SES012/SA012S26	SES292	-1.81896	8.36108	10.18
BLOCK01/SES012/SA012S29	SES062	-2.15856	8.51615	10.6747
BLOCK01/SES012/SA012S29	SES082	-1.82442	8.8503	10.6747
BLOCK01/SES012/SA012S29	SES083	-4.02673	6.64798	10.6747
BLOCK01/SES012/SA012S29	SES206	-1.57344	9.10127	10.6747
BLOCK01/SES013/SA013S16	SES062	-3.9172	4.59046	8.50767
BLOCK01/SES013/SA013S16	SES106	-2.01003	6.49763	8.50767
BLOCK01/SES013/SA013S16	SES206	-2.58306	5.92461	8.50767
BLOCK01/SES013/SA013S16	SES226	-2.17577	6.3319	8.50767
BLOCK01/SES013/SA013S17	SES062	-3.09358	7.2996	10.3932
BLOCK01/SES013/SA013S17	SES106	-3.04578	7.34741	10.3932
BLOCK01/SES013/SA013S17	SES206	-1.0266	9.36658	10.3932
BLOCK01/SES013/SA013S17	SES226	-2.39164	8.00155	10.3932
BLOCK01/SES013/SA013S23	SES104	-2.37972	6.68184	9.06156
BLOCK01/SES013/SA013S23	SES106	-1.41771	7.64385	9.06156
BLOCK01/SES013/SA013S23	SES206	-2.19372	6.86784	9.06156
BLOCK01/SES013/SA013S23	SES270	-1.14757	7.91399	9.06156
BLOCK01/SES013/SA013S25	SES042	-3.08191	6.66441	9.74631
BLOCK01/SES013/SA013S25	SES104	-2.25591	7.4904	9.74631
BLOCK01/SES013/SA013S25	SES106	-1.28559	8.46072	9.74631
BLOCK01/SES013/SA013S25	SES206	-1.86538	7.88094	9.74631
BLOCK01/SES013/SA013S29	SES062	-4.39217	4.82308	9.21525
BLOCK01/SES013/SA013S29	SES104	-3.55549	5.65976	9.21525
BLOCK01/SES013/SA013S29	SES106	-1.97701	7.23824	9.21525
BLOCK01/SES013/SA013S29	SES206	-2.80747	6.40778	9.21525
BLOCK02/SES021/SA021S13	SES016	-3.53779	6.91443	10.4522
BLOCK02/SES021/SA021S13	SES029	-2.21126	8.24096	10.4522
BLOCK02/SES021/SA021S13	SES087	-2.63009	7.82213	10.4522
BLOCK02/SES021/SA021S13	SES206	-2.52075	7.93147	10.4522
BLOCK02/SES021/SA021S15	SES087	-1.71855	9.39002	11.1086
BLOCK02/SES021/SA021S15	SES125	-1.85597	9.2526	11.1086
BLOCK02/SES021/SA021S15	SES206	-1.66265	9.44592	11.1086
BLOCK02/SES021/SA021S15	SES226	-2.74582	8.36275	11.1086
BLOCK02/SES021/SA021S23	SES062	-3.60407	5.06181	8.66588
BLOCK02/SES021/SA021S23	SES087	-1.56777	7.09811	8.66588
BLOCK02/SES021/SA021S23	SES206	-2.64908	6.0168	8.66588
BLOCK02/SES021/SA021S23	SES226	-2.48908	6.1768	8.66588
BLOCK02/SES021/SA021S27	SES002	-1.43217	9.15572	10.5879
BLOCK02/SES021/SA021S27	SES016	-4.67271	5.91518	10.5879
BLOCK02/SES021/SA021S27	SES019	-2.546	8.04189	10.5879
BLOCK02/SES021/SA021S27	SES062	-2.34985	8.23804	10.5879
BLOCK02/SES021/SA021S29	SES087	-2.11321	8.4244	10.5376
BLOCK02/SES021/SA021S29	SES125	-1.39973	9.13789	10.5376
BLOCK02/SES021/SA021S29	SES206	-1.41066	9.12695	10.5376
BLOCK02/SES021/SA021S29	SES226	-3.00927	7.52834	10.5376
BLOCK04/SES043/SA043S09	SES083	-2.00456	6.72396	8.72851
BLOCK04/SES043/SA043S09	SES101	-1.86872	6.85979	8.72851
BLOCK04/SES043/SA043S09	SES144	-1.38945	7.33906	8.72851
BLOCK04/SES043/SA043S09	SES172	-2.28223	6.44629	8.72851
BLOCK04/SES043/SA043S11	SES083	-1.88919	8.33549	10.2247
BLOCK04/SES043/SA043S11	SES101	-1.86174	8.36294	10.2247
BLOCK04/SES043/SA043S11	SES144	-0.858168	9.3665	10.2247
BLOCK04/SES043/SA043S11	SES172	-2.05274	8.17194	10.2247
BLOCK04/SES043/SA043S23	SES083	-1.67062	8.53235	10.203
BLOCK04/SES043/SA043S23	SES144	-0.897441	9.30552	10.203
BLOCK04/SES043/SA043S23	SES177	-1.78872	8.41424	10.203
BLOCK04/SES043/SA043S23	SES275	-1.65695	8.54601	10.203
BLOCK04/SES043/SA043S26	SES083	-2.32358	6.60555	8.92914
BLOCK04/SES043/SA043S26	SES101	-2.01195	6.91719	8.92914
BLOCK04/SES043/SA043S26	SES144	-0.845825	8.08331	8.92914
BLOCK04/SES043/SA043S26	SES177	-2.3374	6.59174	8.92914
BLOCK04/SES043/SA043S28	SES016	-3.58022	6.4578	10.038
BLOCK04/SES043/SA043S28	SES083	-1.54059	8.49743	10.038
BLOCK04/SES043/SA043S28	SES101	-1.15967	8.87834	10.038
BLOCK04/SES043/SA043S28	SES144	-1.31104	8.72697	10.038
BLOCK04/SES044/SA044S10	SES127	-4.48489	1.56071	6.0456
BLOCK04/SES044/SA044S10	SES144	-1.40317	4.64243	6.0456
BLOCK04/SES044/SA044S10	SES147	-4.62813	1.41747	6.0456
BLOCK04/SES044/SA044S10	SES148	-3.89046	2.15514	6.0456
BLOCK04/SES044/SA044S11	SES101	-2.28402	5.7959	8.07992
BLOCK04/SES044/SA044S11	SES144	-0.857377	7.22254	8.07992
BLOCK04/SES044/SA044S11	SES147	-3.6077	4.47222	8.07992
BLOCK04/SES044/SA044S11	SES177	-2.35091	5.72901	8.07992
BLOCK04/SES044/SA044S24	SES007	-2.93973	5.91926	8.85899
BLOCK04/SES044/SA044S24	SES101	-2.42786	6.43113	8.85899
BLOCK04/SES044/SA044S24	SES147	-3.08213	5.77686	8.85899
BLOCK04/SES044/SA044S24	SES177	-2.53978	6.31921	8.85899
BLOCK04/SES044/SA044S26	SES007	-2.68001	6.43626	9.11626
BLOCK04/SES044/SA044S26	SES016	-2.19234	6.92393	9.11626
BLOCK04/SES044/SA044S26	SES101	-2.31684	6.79942	9.11626
BLOCK04/SES044/SA044S26	SES147	-1.96978	7.14649	9.11626
BLOCK04/SES044/SA044S29	SES007	-2.66989	6.81555	9.48544
BLOCK04/SES044/SA044S29	SES101	-0.545445	8.93999	9.48544
BLOCK04/SES044/SA044S29	SES147	-2.88718	6.59826	9.48544
BLOCK04/SES044/SA044S29	SES177	-2.88187	6.60357	9.48544
BLOCK04/SES046/SA046S13	SES101	-1.42082	7.40938	8.83021
BLOCK04/SES046/SA046S13	SES144	-1.23199	7.59822	8.83021
BLOCK04/SES046/SA046S13	SES147	-2.91657	5.91364	8.83021
BLOCK04/SES046/SA046S13	SES177	-1.92418	6.90603	8.83021
BLOCK04/SES046/SA046S15	SES048	-0.850438	9.4569	10.3073
BLOCK04/SES046/SA046S15	SES083	-1.07981	9.22752	10.3073
BLOCK04/SES046/SA046S15	SES120	-3.65695	6.65039	10.3073
BLOCK04/SES046/SA046S15	SES148	-2.04676	8.26058	10.3073
BLOCK04/SES046/SA046S22	SES101	-1.93168	7.35938	9.29107
BLOCK04/SES046/SA046S22	SES144	-1.61868	7.67239	9.29107
BLOCK04/SES046/SA046S22	SES147	-3.37896	5.91211	9.29107
BLOCK04/SES046/SA046S22	SES172	-1.92205	7.36902	9.29107
BLOCK04/SES046/SA046S25	SES083	-1.95984	6.91287	8.87271
BLOCK04/SES046/SA046S25	SES127	-2.70303	6.16969	8.87271
BLOCK04/SES046/SA046S25	SES144	-2.49227	6.38044	8.87271
BLOCK04/SES046/SA046S25	SES148	-2.46092	6.4118	8.87271
BLOCK04/SES046/SA046S28	SES007	-2.67048	6.28826	8.95874
BLOCK04/SES046/SA046S28	SES105	-2.95386	6.00489	8.95874
BLOCK04/SES046/SA046S28	SES147	-1.96235	6.99639	8.95874
BLOCK04/SES046/SA046S28	SES148	-2.10144	6.85731	8.95874
BLOCK04/SES049/SA049S16	SES104	-3.26352	4.40889	7.67241
BLOCK04/SES049/SA049S16	SES106	-2.59202	5.08039	7.67241
BLOCK04/SES049/SA049S16	SES120	-2.73589	4.93652	7.67241
BLOCK04/SES049/SA049S16	SES206	-2.36773	5.30468	7.67241
BLOCK04/SES049/SA049S18	SES099	-1.84232	5.34651	7.18883
BLOCK04/SES049/SA049S18	SES104	-3.54435	3.64448	7.18883
BLOCK04/SES049/SA049S18	SES125	-3.57486	3.61397	7.18883
BLOCK04/SES049/SA049S18	SES206	-2.75501	4.43382	7.18883
BLOCK04/SES049/SA049S25	SES087	-2.43441	5.90715	8.34156
BLOCK04/SES049/SA049S25	SES104	-1.96597	6.37559	8.34156
BLOCK04/SES049/SA049S25	SES125	-2.69449	5.64707	8.34156
BLOCK04/SES049/SA049S25	SES206	-0.930635	7.41092	8.34156
BLOCK04/SES049/SA049S27	SES099	-0.874484	7.52688	8.40136
BLOCK04/SES049/SA049S27	SES104	-1.76407	6.63729	8.40136
BLOCK04/SES049/SA049S27	SES125	-2.94649	5.45487	8.40136
BLOCK04/SES049/SA049S27	SES206	-2.12635	6.27502	8.40136
BLOCK04/SES049/SA049S29	SES099	-0.868569	8.62128	9.48985
BLOCK04/SES049/SA049S29	SES104	-1.32185	8.16799	9.48985
BLOCK04/SES049/SA049S29	SES125	-1.79215	7.6977	9.48985
BLOCK04/SES049/SA049S29	SES206	-1.04109	8.44876	9.48985
BLOCK06/SES063/SA063S09	SES068	-2.15565	8.20942	10.3651
BLOCK06/SES063/SA063S09	SES083	-1.08874	9.27634	10.3651
BLOCK06/SES063/SA063S09	SES177	-1.51513	8.84994	10.3651
BLOCK06/SES063/SA063S09	SES187	-1.98907	8.376	10.3651
BLOCK06/SES063/SA063S10	SES068	-2.67354	6.89579	9.56934
BLOCK06/SES063/SA063S10	SES083	-1.55552	8.01382	9.56934
BLOCK06/SES063/SA063S10	SES172	-2.41538	7.15396	9.56934
BLOCK06/SES063/SA063S10	SES187	-1.59083	7.97851	9.56934
BLOCK06/SES063/SA063S20	SES068	-3.02963	6.76228	9.79191
BLOCK06/SES063/SA063S20	SES083	-1.59881	8.19311	9.79191
BLOCK06/SES063/SA063S20	SES172	-1.76451	8.0274	9.79191
BLOCK06/SES063/SA063S20	SES187	-1.76674	8.02518	9.79191
BLOCK06/SES063/SA063S24	SES029	-3.55485	6.75134	10.3062
BLOCK06/SES063/SA063S24	SES083	-0.894657	9.41154	10.3062
BLOCK06/SES063/SA063S24	SES177	-1.35623	8.94996	10.3062
BLOCK06/SES063/SA063S24	SES189	-1.7406	8.5656	10.3062
BLOCK06/SES063/SA063S27	SES083	-1.26153	8.56071	9.82224
BLOCK06/SES063/SA063S27	SES172	-2.71894	7.1033	9.82224
BLOCK06/SES063/SA063S27	SES187	-2.74939	7.07285	9.82224
BLOCK06/SES063/SA063S27	SES292	-3.21321	6.60903	9.82224
BLOCK06/SES067/SA067S12	SES083	-2.55594	8.18254	10.7385
BLOCK06/SES067/SA067S12	SES172	-2.50443	8.23405	10.7385
BLOCK06/SES067/SA067S12	SES202	-1.72862	9.00986	10.7385
BLOCK06/SES067/SA067S12	SES292	-2.63158	8.1069	10.7385
BLOCK06/SES067/SA067S14	SES085	-2.11906	9.03505	11.1541
BLOCK06/SES067/SA067S14	SES177	-1.68282	9.47129	11.1541
BLOCK06/SES067/SA067S14	SES183	-0.551345	10.6028	11.1541
BLOCK06/SES067/SA067S14	SES202	-1.55973	9.59438	11.1541
BLOCK06/SES067/SA067S21	SES144	-1.86761	8.4764	10.344
BLOCK06/SES067/SA067S21	SES177	-1.40292	8.94109	10.344
BLOCK06/SES067/SA067S21	SES183	-0.980635	9.36337	10.344
BLOCK06/SES067/SA067S21	SES189	-1.54905	8.79496	10.344
BLOCK06/SES067/SA067S25	SES085	-1.74727	8.80855	10.5558
BLOCK06/SES067/SA067S25	SES177	-1.56022	8.99559	10.5558
BLOCK06/SES067/SA067S25	SES183	-1.68185	8.87396	10.5558
BLOCK06/SES067/SA067S25	SES202	-1.67071	8.8851	10.5558
BLOCK06/SES067/SA067S29	SES085	-2.14971	7.97482	10.1245
BLOCK06/SES067/SA067S29	SES177	-2.39946	7.72508	10.1245
BLOCK06/SES067/SA067S29	SES183	-0.616622	9.50791	10.1245
BLOCK06/SES067/SA067S29	SES202	-1.31266	8.81187	10.1245
BLOCK06/SES069/SA069S12	SES029	-3.50405	6.69679	10.2008
BLOCK06/SES069/SA069S12	SES082	-0.904222	9.29662	10.2008
BLOCK06/SES069/SA069S12	SES087	-2.28845	7.91239	10.2008
BLOCK06/SES069/SA069S12	SES206	-1.56968	8.63116	10.2008
BLOCK06/SES069/SA069S13	SES029	-3.89901	6.49506	10.3941
BLOCK06/SES069/SA069S13	SES087	-1.9928	8.40126	10.3941
BLOCK06/SES069/SA069S13	SES206	-2.01314	8.38092	10.3941
BLOCK06/SES069/SA069S13	SES226	-0.771603	9.62247	10.3941
BLOCK06/SES069/SA069S23	SES029	-0.886637	10.5814	11.4681
BLOCK06/SES069/SA069S23	SES087	-1.28213	10.186	11.4681
BLOCK06/SES069/SA069S23	SES206	-1.9187	9.54938	11.4681
BLOCK06/SES069/SA069S23	SES226	-1.37467	10.0934	11.4681
BLOCK06/SES069/SA069S25	SES087	-2.23639	8.76256	10.999
BLOCK06/SES069/SA069S25	SES206	-3.98358	7.01537	10.999
BLOCK06/SES069/SA069S25	SES226	-1.37117	9.62778	10.999
BLOCK06/SES069/SA069S25	SES270	-2.85211	8.14684	10.999
BLOCK06/SES069/SA069S27	SES087	-3.13975	7.48071	10.6205
BLOCK06/SES069/SA069S27	SES206	-1.92429	8.69617	10.6205
BLOCK06/SES069/SA069S27	SES226	-0.856653	9.7638	10.6205
BLOCK06/SES069/SA069S27	SES270	-2.23853	8.38193	10.6205
BLOCK08/SES081/SA081S11	SES060	-2.95687	6.7289	9.68577
BLOCK08/SES081/SA081S11	SES062	-2.1193	7.56647	9.68577
BLOCK08/SES081/SA081S11	SES117	-3.92134	5.76443	9.68577
BLOCK08/SES081/SA081S11	SES162	-3.39494	6.29083	9.68577
BLOCK08/SES081/SA081S13	SES016	-2.23207	8.64732	10.8794
BLOCK08/SES081/SA081S13	SES060	-0.648499	10.2309	10.8794
BLOCK08/SES081/SA081S13	SES068	-1.79305	9.08634	10.8794
BLOCK08/SES081/SA081S13	SES129	-2.63017	8.24922	10.8794
BLOCK08/SES081/SA081S24	SES060	-1.21581	8.86465	10.0805
BLOCK08/SES081/SA081S24	SES068	-1.65227	8.42819	10.0805
BLOCK08/SES081/SA081S24	SES117	-2.90019	7.18028	10.0805
BLOCK08/SES081/SA081S24	SES275	-1.93893	8.14154	10.0805
BLOCK08/SES081/SA081S27	SES007	-1.48005	7.89178	9.37182
BLOCK08/SES081/SA081S27	SES060	-2.51426	6.85756	9.37182
BLOCK08/SES081/SA081S27	SES117	-1.5418	7.83002	9.37182
BLOCK08/SES081/SA081S27	SES275	-1.96017	7.41165	9.37182
BLOCK08/SES081/SA081S29	SES007	-1.40627	8.77717	10.1834
BLOCK08/SES081/SA081S29	SES060	-1.37035	8.81309	10.1834
BLOCK08/SES081/SA081S29	SES117	-2.40447	7.77897	10.1834
BLOCK08/SES081/SA081S29	SES275	-2.18528	7.99816	10.1834
BLOCK08/SES086/SA086S11	SES029	-5.25145	3.01362	8.26507
BLOCK08/SES086/SA086S11	SES082	-3.33367	4.93141	8.26507
BLOCK08/SES086/SA086S11	SES087	-2.45658	5.80849	8.26507
BLOCK08/SES086/SA086S11	SES206	-3.16583	5.09924	8.26507
BLOCK08/SES086/SA086S12	SES029	-3.2435	6.33085	9.57434
BLOCK08/SES086/SA086S12	SES082	-3.42312	6.15123	9.57434
BLOCK08/SES086/SA086S12	SES087	-1.22069	8.35365	9.57434
BLOCK08/SES086/SA086S12	SES206	-2.31211	7.26224	9.57434
BLOCK08/SES086/SA086S20	SES029	-4.33904	5.81463	10.1537
BLOCK08/SES086/SA086S20	SES082	-3.97677	6.1769	10.1537
BLOCK08/SES086/SA086S20	SES087	-0.857857	9.29582	10.1537
BLOCK08/SES086/SA086S20	SES206	-1.74152	8.41215	10.1537
BLOCK08/SES086/SA086S24	SES087	-1.12653	7.76107	8.88761
BLOCK08/SES086/SA086S24	SES104	-3.35402	5.53359	8.88761
BLOCK08/SES086/SA086S24	SES120	-2.79222	6.09539	8.88761
BLOCK08/SES086/SA086S24	SES206	-1.00054	7.88707	8.88761
BLOCK08/SES086/SA086S28	SES029	-3.5184	6.31301	9.83141
BLOCK08/SES086/SA086S28	SES082	-2.83111	7.00029	9.83141
BLOCK08/SES086/SA086S28	SES087	-1.15086	8.68054	9.83141
BLOCK08/SES086/SA086S28	SES206	-1.6627	8.16871	9.83141
BLOCK08/SES089/SA089S13	SES087	-2.42393	6.34565	8.76959
BLOCK08/SES089/SA089S13	SES206	-2.43754	6.33205	8.76959
BLOCK08/SES089/SA089S13	SES226	-2.28269	6.4869	8.76959
BLOCK08/SES089/SA089S13	SES270	-3.17685	5.59274	8.76959
BLOCK08/SES089/SA089S14	SES062	-3.22925	6.24342	9.47267
BLOCK08/SES089/SA089S14	SES087	-1.56656	7.90611	9.47267
BLOCK08/SES089/SA089S14	SES206	-2.6229	6.84977	9.47267
BLOCK08/SES089/SA089S14	SES226	-2.45406	7.01861	9.47267
BLOCK08/SES089/SA089S23	SES087	-2.795	4.94261	7.73761
BLOCK08/SES089/SA089S23	SES206	-2.32367	5.41394	7.73761
BLOCK08/SES089/SA089S23	SES226	-2.39473	5.34289	7.73761
BLOCK08/SES089/SA089S23	SES270	-3.36445	4.37316	7.73761
BLOCK08/SES089/SA089S25	SES062	-2.70064	6.55575	9.25638
BLOCK08/SES089/SA089S25	SES087	-1.31644	7.93994	9.25638
BLOCK08/SES089/SA089S25	SES206	-2.96368	6.29271	9.25638
BLOCK08/SES089/SA089S25	SES226	-2.11223	7.14416	9.25638
BLOCK08/SES089/SA089S28	SES062	-2.07578	7.10364	9.17942
BLOCK08/SES089/SA089S28	SES087	-0.771097	8.40832	9.17942
BLOCK08/SES089/SA089S28	SES206	-1.64065	7.53877	9.17942
BLOCK08/SES089/SA089S28	SES226	-1.13218	8.04724	9.17942
BLOCK09/SES097/SA097S11	SES099	-1.22516	7.78921	9.01436
BLOCK09/SES097/SA097S11	SES125	-3.55735	5.45701	9.01436
BLOCK09/SES097/SA097S11	SES206	-2.74036	6.274	9.01436
BLOCK09/SES097/SA097S11	SES226	-1.75996	7.2544	9.01436
BLOCK09/SES097/SA097S14	SES062	-2.07945	6.69361	8.77306
BLOCK09/SES097/SA097S14	SES099	-1.60991	7.16316	8.77306
BLOCK09/SES097/SA097S14	SES104	-2.82489	5.94818	8.77306
BLOCK09/SES097/SA097S14	SES206	-3.39269	5.38038	8.77306
BLOCK09/SES097/SA097S22	SES099	-0.308424	8.21941	8.52784
BLOCK09/SES097/SA097S22	SES206	-2.06649	6.46134	8.52784
BLOCK09/SES097/SA097S22	SES226	-2.72797	5.79986	8.52784
BLOCK09/SES097/SA097S22	SES270	-1.29406	7.23377	8.52784
BLOCK09/SES097/SA097S26	SES099	-0.577287	8.77769	9.35498
BLOCK09/SES097/SA097S26	SES120	-2.5838	6.77118	9.35498
BLOCK09/SES097/SA097S26	SES206	-2.56147	6.79351	9.35498
BLOCK09/SES097/SA097S26	SES226	-3.80842	5.54656	9.35498
BLOCK09/SES097/SA097S28	SES099	-1.48626	7.56169	9.04795
BLOCK09/SES097/SA097S28	SES120	-2.44877	6.59918	9.04795
BLOCK09/SES097/SA097S28	SES206	-2.9575	6.09045	9.04795
BLOCK09/SES097/SA097S28	SES226	-3.59843	5.44953	9.04795
BLOCK09/SES098/SA098S11	SES127	-2.84099	6.12366	8.96465
BLOCK09/SES098/SA098S11	SES144	-2.51209	6.45256	8.96465
BLOCK09/SES098/SA098S11	SES147	-1.44271	7.52194	8.96465
BLOCK09/SES098/SA098S11	SES148	-4.06476	4.89988	8.96465
BLOCK09/SES098/SA098S12	SES127	-3.85803	4.13318	7.99121
BLOCK09/SES098/SA098S12	SES144	-3.18	4.81121	7.99121
BLOCK09/SES098/SA098S12	SES147	-2.25933	5.73189	7.99121
BLOCK09/SES098/SA098S12	SES189	-2.53793	5.45328	7.99121
BLOCK09/SES098/SA098S20	SES127	-4.09773	4.17541	8.27314
BLOCK09/SES098/SA098S20	SES147	-1.74511	6.52803	8.27314
BLOCK09/SES098/SA098S20	SES148	-3.5566	4.71654	8.27314
BLOCK09/SES098/SA098S20	SES292	-2.65856	5.61458	8.27314
BLOCK09/SES098/SA098S23	SES127	-3.01802	5.8266	8.84462
BLOCK09/SES098/SA098S23	SES147	-1.72438	7.12024	8.84462
BLOCK09/SES098/SA098S23	SES187	-2.01894	6.82568	8.84462
BLOCK09/SES098/SA098S23	SES292	-2.27683	6.56779	8.84462
BLOCK09/SES098/SA098S27	SES127	-4.63703	3.73812	8.37515
BLOCK09/SES098/SA098S27	SES147	-4.07088	4.30428	8.37515
BLOCK09/SES098/SA098S27	SES148	-4.9443	3.43085	8.37515
BLOCK09/SES098/SA098S27	SES292	-2.13376	6.24139	8.37515
BLOCK10/SES102/SA102S13	SES101	-2.01501	6.30685	8.32186
BLOCK10/SES102/SA102S13	SES105	-1.7625	6.55937	8.32186
BLOCK10/SES102/SA102S13	SES120	-3.5281	4.79376	8.32186
BLOCK10/SES102/SA102S13	SES158	-3.55958	4.76228	8.32186
BLOCK10/SES102/SA102S14	SES007	-0.794614	9.44439	10.239
BLOCK10/SES102/SA102S14	SES101	-0.184698	10.0543	10.239
BLOCK10/SES102/SA102S14	SES105	-0.357121	9.88188	10.239
BLOCK10/SES102/SA102S14	SES147	-3.16925	7.06975	10.239
BLOCK10/SES102/SA102S22	SES007	-1.99189	7.4483	9.44019
BLOCK10/SES102/SA102S22	SES101	-0.909536	8.53065	9.44019
BLOCK10/SES102/SA102S22	SES105	-0.805115	8.63508	9.44019
BLOCK10/SES102/SA102S22	SES158	-2.78362	6.65657	9.44019
BLOCK10/SES102/SA102S25	SES007	-1.35617	8.42668	9.78285
BLOCK10/SES102/SA102S25	SES101	-0.222036	9.56081	9.78285
BLOCK10/SES102/SA102S25	SES105	-1.23698	8.54587	9.78285
BLOCK10/SES102/SA102S25	SES147	-3.37959	6.40326	9.78285
BLOCK10/SES102/SA102S27	SES007	-1.86805	7.41216	9.28021
BLOCK10/SES102/SA102S27	SES101	-0.504781	8.77543	9.28021
BLOCK10/SES102/SA102S27	SES105	-1.70085	7.57936	9.28021
BLOCK10/SES102/SA102S27	SES147	-2.81955	6.46066	9.28021
BLOCK10/SES103/SA103S14	SES105	-3.28038	4.32577	7.60614
BLOCK10/SES103/SA103S14	SES106	-2.232	5.37415	7.60614
BLOCK10/SES103/SA103S14	SES120	-3.39152	4.21462	7.60614
BLOCK10/SES103/SA103S14	SES206	-3.62622	3.97992	7.60614
BLOCK10/SES103/SA103S15	SES099	-2.42202	3.94719	6.36921
BLOCK10/SES103/SA103S15	SES101	-5.80462	0.564593	6.36921
BLOCK10/SES103/SA103S15	SES104	-3.45496	2.91425	6.36921
BLOCK10/SES103/SA103S15	SES125	-2.71561	3.6536	6.36921
BLOCK10/SES103/SA103S24	SES104	-2.99212	5.79895	8.79107
BLOCK10/SES103/SA103S24	SES125	-3.011	5.78006	8.79107
BLOCK10/SES103/SA103S24	SES148	-4.48453	4.30654	8.79107
BLOCK10/SES103/SA103S24	SES158	-2.17002	6.62105	8.79107
BLOCK10/SES103/SA103S26	SES104	-3.10743	3.79264	6.90007
BLOCK10/SES103/SA103S26	SES106	-1.90642	4.99364	6.90007
BLOCK10/SES103/SA103S26	SES125	-3.21442	3.68564	6.90007
BLOCK10/SES103/SA103S26	SES148	-5.12247	1.7776	6.90007
BLOCK10/SES103/SA103S28	SES104	-3.6288	3.15037	6.77918
BLOCK10/SES103/SA103S28	SES106	-2.48782	4.29135	6.77918
BLOCK10/SES103/SA103S28	SES125	-4.21382	2.56536	6.77918
BLOCK10/SES103/SA103S28	SES206	-5.14346	1.63572	6.77918
BLOCK12/SES121/SA121S12	SES042	-3.87826	2.73118	6.60944
BLOCK12/SES121/SA121S12	SES087	-2.3857	4.22374	6.60944
BLOCK12/SES121/SA121S12	SES105	-2.23948	4.36996	6.60944
BLOCK12/SES121/SA121S12	SES206	-2.90357	3.70587	6.60944
BLOCK12/SES121/SA121S14	SES007	-3.55246	2.37407	5.92653
BLOCK12/SES121/SA121S14	SES105	-3.07809	2.84843	5.92653
BLOCK12/SES121/SA121S14	SES106	-2.47249	3.45404	5.92653
BLOCK12/SES121/SA121S14	SES206	-3.07292	2.8536	5.92653
BLOCK12/SES121/SA121S23	SES105	-2.93604	3.4543	6.39034
BLOCK12/SES121/SA121S23	SES106	-1.39918	4.99116	6.39034
BLOCK12/SES121/SA121S23	SES120	-2.69963	3.69072	6.39034
BLOCK12/SES121/SA121S23	SES206	-1.60862	4.78172	6.39034
BLOCK12/SES121/SA121S25	SES007	-2.92106	1.39941	4.32047
BLOCK12/SES121/SA121S25	SES105	-3.69857	0.621904	4.32047
BLOCK12/SES121/SA121S25	SES106	-2.15482	2.16565	4.32047
BLOCK12/SES121/SA121S25	SES206	-3.87568	0.444795	4.32047
BLOCK12/SES121/SA121S27	SES087	-1.38211	5.36643	6.74853
BLOCK12/SES121/SA121S27	SES105	-4.31011	2.43842	6.74853
BLOCK12/SES121/SA121S27	SES120	-2.00142	4.74711	6.74853
BLOCK12/SES121/SA121S27	SES206	-1.91423	4.8343	6.74853
BLOCK12/SES124/SA124S16	SES042	-1.16172	7.09379	8.2555
BLOCK12/SES124/SA124S16	SES082	-2.52588	5.72962	8.2555
BLOCK12/SES124/SA124S16	SES183	-2.99433	5.26118	8.2555
BLOCK12/SES124/SA124S16	SES206	-2.80533	5.45017	8.2555
BLOCK12/SES124/SA124S17	SES105	-3.14023	3.81481	6.95504
BLOCK12/SES124/SA124S17	SES149	-4.26783	2.68721	6.95504
BLOCK12/SES124/SA124S17	SES158	-4.16141	2.79363	6.95504
BLOCK12/SES124/SA124S17	SES275	-2.12549	4.82955	6.95504
BLOCK12/SES124/SA124S23	SES105	-3.36229	6.21065	9.57294
BLOCK12/SES124/SA124S23	SES125	-0.927506	8.64543	9.57294
BLOCK12/SES124/SA124S23	SES129	-3.46581	6.10713	9.57294
BLOCK12/SES124/SA124S23	SES158	-1.32816	8.24478	9.57294
BLOCK12/SES124/SA124S26	SES105	-4.37911	4.63283	9.01193
BLOCK12/SES124/SA124S26	SES125	-2.35291	6.65902	9.01193
BLOCK12/SES124/SA124S26	SES129	-3.91891	5.09302	9.01193
BLOCK12/SES124/SA124S26	SES158	-2.33052	6.68142	9.01193
BLOCK12/SES124/SA124S28	SES104	-2.12253	6.8379	8.96044
BLOCK12/SES124/SA124S28	SES106	-1.42352	7.53691	8.96044
BLOCK12/SES124/SA124S28	SES125	-0.900964	8.05947	8.96044
BLOCK12/SES124/SA124S28	SES275	-3.03179	5.92865	8.96044
BLOCK12/SES126/SA126S13	SES007	-2.12233	6.06876	8.19109
BLOCK12/SES126/SA126S13	SES162	-2.73667	5.45442	8.19109
BLOCK12/SES126/SA126S13	SES177	-1.81114	6.37995	8.19109
BLOCK12/SES126/SA126S13	SES180	-2.07472	6.11637	8.19109
BLOCK12/SES126/SA126S14	SES144	-1.81407	8.07745	9.89152
BLOCK12/SES126/SA126S14	SES148	-2.64738	7.24415	9.89152
BLOCK12/SES126/SA126S14	SES177	-1.39598	8.49554	9.89152
BLOCK12/SES126/SA126S14	SES180	-2.69926	7.19227	9.89152
BLOCK12/SES126/SA126S20	SES007	-1.45133	8.11868	9.57001
BLOCK12/SES126/SA126S20	SES162	-2.71315	6.85686	9.57001
BLOCK12/SES126/SA126S20	SES172	-2.76104	6.80896	9.57001
BLOCK12/SES126/SA126S20	SES180	-2.22217	7.34784	9.57001
BLOCK12/SES126/SA126S24	SES120	-1.09051	9.42804	10.5185
BLOCK12/SES126/SA126S24	SES162	-1.9366	8.58194	10.5185
BLOCK12/SES126/SA126S24	SES177	-1.07234	9.4462	10.5185
BLOCK12/SES126/SA126S24	SES180	-1.39198	9.12656	10.5185
BLOCK12/SES126/SA126S26	SES120	-0.998921	8.72185	9.72077
BLOCK12/SES126/SA126S26	SES177	-1.81416	7.90661	9.72077
BLOCK12/SES126/SA126S26	SES180	-2.01045	7.71032	9.72077
BLOCK12/SES126/SA126S26	SES202	-2.87645	6.84432	9.72077
BLOCK12/SES128/SA128S10	SES087	-3.57874	5.53595	9.11469
BLOCK12/SES128/SA128S10	SES206	-2.28617	6.82852	9.11469
BLOCK12/SES128/SA128S10	SES226	-1.75203	7.36267	9.11469
BLOCK12/SES128/SA128S10	SES270	-1.87702	7.23767	9.11469
BLOCK12/SES128/SA128S12	SES120	-2.06767	6.47091	8.53857
BLOCK12/SES128/SA128S12	SES158	-3.16551	5.37306	8.53857
BLOCK12/SES128/SA128S12	SES206	-2.37164	6.16694	8.53857
BLOCK12/SES128/SA128S12	SES226	-2.66583	5.87274	8.53857
BLOCK12/SES128/SA128S21	SES106	-3.36967	4.35148	7.72116
BLOCK12/SES128/SA128S21	SES120	-3.28121	4.43995	7.72116
BLOCK12/SES128/SA128S21	SES206	-2.79521	4.92594	7.72116
BLOCK12/SES128/SA128S21	SES226	-2.27002	5.45114	7.72116
BLOCK12/SES128/SA128S24	SES087	-2.92089	5.95941	8.8803
BLOCK12/SES128/SA128S24	SES120	-1.88455	6.99576	8.8803
BLOCK12/SES128/SA128S24	SES206	-2.1248	6.7555	8.8803
BLOCK12/SES128/SA128S24	SES226	-3.18623	5.69408	8.8803
BLOCK12/SES128/SA128S27	SES099	-1.4469	8.19492	9.64183
BLOCK12/SES128/SA128S27	SES120	-1.58262	8.0592	9.64183
BLOCK12/SES128/SA128S27	SES206	-1.92208	7.71975	9.64183
BLOCK12/SES128/SA128S27	SES226	-1.99537	7.64646	9.64183
BLOCK13/SES130/SA130S13	SES143	-1.49635	8.00027	9.49663
BLOCK13/SES130/SA130S13	SES144	-0.82561	8.67102	9.49663
BLOCK13/SES130/SA130S13	SES146	-1.89694	7.59969	9.49663
BLOCK13/SES130/SA130S13	SES275	-2.90423	6.5924	9.49663
BLOCK13/SES130/SA130S15	SES143	-2.08756	8.35349	10.4411
BLOCK13/SES130/SA130S15	SES144	-0.845821	9.59523	10.4411
BLOCK13/SES130/SA130S15	SES146	-1.63005	8.811	10.4411
BLOCK13/SES130/SA130S15	SES275	-1.96983	8.47122	10.4411
BLOCK13/SES130/SA130S23	SES127	-2.91934	6.01107	8.9304
BLOCK13/SES130/SA130S23	SES144	-2.44697	6.48343	8.9304
BLOCK13/SES130/SA130S23	SES146	-2.16766	6.76274	8.9304
BLOCK13/SES130/SA130S23	SES162	-1.82757	7.10283	8.9304
BLOCK13/SES130/SA130S25	SES127	-1.12085	9.07573	10.1966
BLOCK13/SES130/SA130S25	SES144	-1.24959	8.947	10.1966
BLOCK13/SES130/SA130S25	SES146	-1.21259	8.984	10.1966
BLOCK13/SES130/SA130S25	SES275	-1.09062	9.10597	10.1966
BLOCK13/SES130/SA130S28	SES127	-1.35832	8.13018	9.48851
BLOCK13/SES130/SA130S28	SES144	-1.54885	7.93965	9.48851
BLOCK13/SES130/SA130S28	SES146	-1.15076	8.33775	9.48851
BLOCK13/SES130/SA130S28	SES275	-0.90589	8.58262	9.48851
BLOCK13/SES131/SA131S13	SES002	-3.34724	3.17469	6.52193
BLOCK13/SES131/SA131S13	SES007	-3.21072	3.31122	6.52193
BLOCK13/SES131/SA131S13	SES099	-2.34964	4.1723	6.52193
BLOCK13/SES131/SA131S13	SES105	-3.19771	3.32422	6.52193
BLOCK13/SES131/SA131S14	SES104	-1.19568	6.81349	8.00916
BLOCK13/SES131/SA131S14	SES106	-2.38963	5.61953	8.00916
BLOCK13/SES131/SA131S14	SES125	-1.91407	6.09509	8.00916
BLOCK13/SES131/SA131S14	SES148	-1.9054	6.10376	8.00916
BLOCK13/SES131/SA131S20	SES104	-3.97416	2.25841	6.23256
BLOCK13/SES131/SA131S20	SES106	-3.18975	3.04281	6.23256
BLOCK13/SES131/SA131S20	SES125	-4.31131	1.92126	6.23256
BLOCK13/SES131/SA131S20	SES148	-3.09636	3.1362	6.23256
BLOCK13/SES131/SA131S22	SES099	-3.1457	4.89149	8.0372
BLOCK13/SES131/SA131S22	SES104	-3.07369	4.9635	8.0372
BLOCK13/SES131/SA131S22	SES125	-3.47471	4.56249	8.0372
BLOCK13/SES131/SA131S22	SES206	-3.35641	4.68079	8.0372
BLOCK13/SES131/SA131S29	SES087	-2.91951	4.19814	7.11766
BLOCK13/SES131/SA131S29	SES104	-4.01736	3.10029	7.11766
BLOCK13/SES131/SA131S29	SES125	-3.93691	3.18074	7.11766
BLOCK13/SES131/SA131S29	SES206	-3.93625	3.18141	7.11766
BLOCK13/SES132/SA132S11	SES083	-2.78451	7.10842	9.89292
BLOCK13/SES132/SA132S11	SES120	-0.405007	9.48792	9.89292
BLOCK13/SES132/SA132S11	SES127	-2.07015	7.82277	9.89292
BLOCK13/SES132/SA132S11	SES275	-1.52657	8.36635	9.89292
BLOCK13/SES132/SA132S12	SES083	-2.62738	7.56865	10.196
BLOCK13/SES132/SA132S12	SES143	-2.15136	8.04467	10.196
BLOCK13/SES132/SA132S12	SES144	-1.89687	8.29916	10.196
BLOCK13/SES132/SA132S12	SES148	-1.16671	9.02931	10.196
BLOCK13/SES132/SA132S22	SES062	-1.46802	8.76245	10.2305
BLOCK13/SES132/SA132S22	SES083	-2.58282	7.64765	10.2305
BLOCK13/SES132/SA132S22	SES127	-2.1268	8.10367	10.2305
BLOCK13/SES132/SA132S22	SES275	-1.25364	8.97682	10.2305
BLOCK13/SES132/SA132S24	SES007	-1.56162	9.24229	10.8039
BLOCK13/SES132/SA132S24	SES083	-3.26435	7.53956	10.8039
BLOCK13/SES132/SA132S24	SES127	-2.63066	8.17325	10.8039
BLOCK13/SES132/SA132S24	SES275	-1.38351	9.42039	10.8039
BLOCK13/SES132/SA132S27	SES083	-3.56856	6.07825	9.64681
BLOCK13/SES132/SA132S27	SES120	-0.359671	9.28714	9.64681
BLOCK13/SES132/SA132S27	SES127	-2.8739	6.77291	9.64681
BLOCK13/SES132/SA132S27	SES275	-2.27571	7.37109	9.64681
BLOCK14/SES141/SA141S09	SES143	-1.70875	8.23158	9.94033
BLOCK14/SES141/SA141S09	SES144	-1.32297	8.61736	9.94033
BLOCK14/SES141/SA141S09	SES162	-2.14317	7.79716	9.94033
BLOCK14/SES141/SA141S09	SES180	-2.10722	7.83312	9.94033
BLOCK14/SES141/SA141S15	SES127	-1.69199	8.09554	9.78753
BLOCK14/SES141/SA141S15	SES144	-1.91644	7.87109	9.78753
BLOCK14/SES141/SA141S15	SES162	-2.76217	7.02537	9.78753
BLOCK14/SES141/SA141S15	SES180	-1.8302	7.95733	9.78753
BLOCK14/SES141/SA141S24	SES127	-1.88554	8.04835	9.93389
BLOCK14/SES141/SA141S24	SES144	-2.23619	7.6977	9.93389
BLOCK14/SES141/SA141S24	SES162	-2.51957	7.41432	9.93389
BLOCK14/SES141/SA141S24	SES183	-2.31201	7.62188	9.93389
BLOCK14/SES141/SA141S26	SES142	-1.98446	7.76102	9.74548
BLOCK14/SES141/SA141S26	SES144	-2.4466	7.29888	9.74548
BLOCK14/SES141/SA141S26	SES172	-1.60593	8.13955	9.74548
BLOCK14/SES141/SA141S26	SES180	-2.2178	7.52768	9.74548
BLOCK14/SES141/SA141S29	SES127	-1.17139	8.61566	9.78706
BLOCK14/SES141/SA141S29	SES142	-0.904399	8.88266	9.78706
BLOCK14/SES141/SA141S29	SES144	-1.82399	7.96307	9.78706
BLOCK14/SES141/SA141S29	SES180	-1.40533	8.38172	9.78706
BLOCK15/SES157/SA157S08	SES083	-3.21005	5.98777	9.19783
BLOCK15/SES157/SA157S08	SES127	-2.12732	7.0705	9.19783
BLOCK15/SES157/SA157S08	SES148	-2.19045	7.00738	9.19783
BLOCK15/SES157/SA157S08	SES292	-2.45518	6.74265	9.19783
BLOCK15/SES157/SA157S11	SES083	-2.92839	6.90138	9.82977
BLOCK15/SES157/SA157S11	SES127	-2.01709	7.81268	9.82977
BLOCK15/SES157/SA157S11	SES148	-2.52558	7.30418	9.82977
BLOCK15/SES157/SA157S11	SES292	-2.53672	7.29305	9.82977
BLOCK15/SES157/SA157S21	SES127	-2.34286	7.4052	9.74805
BLOCK15/SES157/SA157S21	SES148	-0.575433	9.17262	9.74805
BLOCK15/SES157/SA157S21	SES158	-5.26541	4.48264	9.74805
BLOCK15/SES157/SA157S21	SES292	-2.29068	7.45738	9.74805
BLOCK15/SES157/SA157S24	SES127	-1.68448	8.29206	9.97653
BLOCK15/SES157/SA157S24	SES148	-1.58848	8.38805	9.97653
BLOCK15/SES157/SA157S24	SES183	-2.17734	7.79919	9.97653
BLOCK15/SES157/SA157S24	SES292	-2.88897	7.08756	9.97653
BLOCK15/SES157/SA157S26	SES007	-1.15087	8.64773	9.7986
BLOCK15/SES157/SA157S26	SES127	-1.62687	8.17173	9.7986
BLOCK15/SES157/SA157S26	SES147	-2.57712	7.22148	9.7986
BLOCK15/SES157/SA157S26	SES148	-1.7324	8.0662	9.7986
BLOCK16/SES161/SA161S10	SES007	-2.704	4.65442	7.35842
BLOCK16/SES161/SA161S10	SES105	-1.99516	5.36325	7.35842
BLOCK16/SES161/SA161S10	SES158	-2.15261	5.20581	7.35842
BLOCK16/SES161/SA161S10	SES275	-1.77662	5.5818	7.35842
BLOCK16/SES161/SA161S12	SES007	-3.27636	4.80992	8.08628
BLOCK16/SES161/SA161S12	SES105	-3.21616	4.87013	8.08628
BLOCK16/SES161/SA161S12	SES158	-2.29335	5.79293	8.08628
BLOCK16/SES161/SA161S12	SES275	-2.30679	5.77949	8.08628
BLOCK16/SES161/SA161S20	SES007	-2.79858	4.25975	7.05834
BLOCK16/SES161/SA161S20	SES105	-3.16999	3.88834	7.05834
BLOCK16/SES161/SA161S20	SES158	-2.15299	4.90534	7.05834
BLOCK16/SES161/SA161S20	SES275	-2.38772	4.67062	7.05834
BLOCK16/SES161/SA161S23	SES007	-3.5233	4.65783	8.18113
BLOCK16/SES161/SA161S23	SES105	-2.42581	5.75532	8.18113
BLOCK16/SES161/SA161S23	SES148	-2.99939	5.18174	8.18113
BLOCK16/SES161/SA161S23	SES158	-2.62311	5.55802	8.18113
BLOCK16/SES161/SA161S28	SES007	-3.66878	4.54936	8.21813
BLOCK16/SES161/SA161S28	SES105	-3.21112	5.00701	8.21813
BLOCK16/SES161/SA161S28	SES158	-1.94527	6.27286	8.21813
BLOCK16/SES161/SA161S28	SES206	-2.72878	5.48935	8.21813
BLOCK16/SES164/SA164S11	SES104	-2.75478	6.28096	9.03574
BLOCK16/SES164/SA164S11	SES125	-2.39316	6.64258	9.03574
BLOCK16/SES164/SA164S11	SES158	-1.24648	7.78926	9.03574
BLOCK16/SES164/SA164S11	SES206	-3.56012	5.47562	9.03574
BLOCK16/SES164/SA164S13	SES099	-2.69776	5.12211	7.81987
BLOCK16/SES164/SA164S13	SES104	-3.5999	4.21997	7.81987
BLOCK16/SES164/SA164S13	SES125	-3.47585	4.34402	7.81987
BLOCK16/SES164/SA164S13	SES206	-3.36481	4.45507	7.81987
BLOCK16/SES164/SA164S24	SES002	-1.43307	6.89399	8.32706
BLOCK16/SES164/SA164S24	SES099	-2.26975	6.05731	8.32706
BLOCK16/SES164/SA164S24	SES125	-3.35324	4.97381	8.32706
BLOCK16/SES164/SA164S24	SES226	-0.625353	7.7017	8.32706
BLOCK16/SES164/SA164S27	SES087	-3.23656	4.71804	7.95461
BLOCK16/SES164/SA164S27	SES125	-3.33465	4.61996	7.95461
BLOCK16/SES164/SA164S27	SES206	-3.90997	4.04463	7.95461
BLOCK16/SES164/SA164S27	SES226	-2.11396	5.84065	7.95461
BLOCK16/SES164/SA164S29	SES002	-1.13211	6.61481	7.74693
BLOCK16/SES164/SA164S29	SES019	-2.33783	5.4091	7.74693
BLOCK16/SES164/SA164S29	SES125	-2.61266	5.13427	7.74693
BLOCK16/SES164/SA164S29	SES226	-2.68706	5.05987	7.74693
BLOCK16/SES169/SA169S13	SES117	-1.8447	7.28798	9.13268
BLOCK16/SES169/SA169S13	SES144	-1.88054	7.25214	9.13268
BLOCK16/SES169/SA169S13	SES146	-2.08305	7.04963	9.13268
BLOCK16/SES169/SA169S13	SES162	-1.69407	7.43861	9.13268
BLOCK16/SES169/SA169S14	SES144	-2.13864	7.92969	10.0683
BLOCK16/SES169/SA169S14	SES148	-2.25099	7.81735	10.0683
BLOCK16/SES169/SA169S14	SES177	-1.11654	8.9518	10.0683
BLOCK16/SES169/SA169S14	SES180	-2.21066	7.85767	10.0683
BLOCK16/SES169/SA169S24	SES117	-1.76878	6.64887	8.41764
BLOCK16/SES169/SA169S24	SES144	-1.66005	6.75759	8.41764
BLOCK16/SES169/SA169S24	SES146	-1.28567	7.13197	8.41764
BLOCK16/SES169/SA169S24	SES162	-1.65977	6.75787	8.41764
BLOCK16/SES169/SA169S27	SES127	-1.71314	7.16049	8.87364
BLOCK16/SES169/SA169S27	SES129	-1.69093	7.18271	8.87364
BLOCK16/SES169/SA169S27	SES144	-1.99844	6.8752	8.87364
BLOCK16/SES169/SA169S27	SES146	-1.54799	7.32564	8.87364
BLOCK16/SES169/SA169S29	SES144	-1.29141	8.63372	9.92514
BLOCK16/SES169/SA169S29	SES162	-1.12262	8.80252	9.92514
BLOCK16/SES169/SA169S29	SES177	-2.22415	7.70098	9.92514
BLOCK16/SES169/SA169S29	SES180	-1.68894	8.2362	9.92514
BLOCK17/SES171/SA171S12	SES083	-2.46662	6.13032	8.59694
BLOCK17/SES171/SA171S12	SES148	-3.20719	5.38976	8.59694
BLOCK17/SES171/SA171S12	SES172	-2.29687	6.30007	8.59694
BLOCK17/SES171/SA171S12	SES292	-3.52655	5.07039	8.59694
BLOCK17/SES171/SA171S15	SES148	-2.49483	5.86019	8.35502
BLOCK17/SES171/SA171S15	SES177	-1.33164	7.02338	8.35502
BLOCK17/SES171/SA171S15	SES180	-3.30489	5.05013	8.35502
BLOCK17/SES171/SA171S15	SES292	-2.114	6.24102	8.35502
BLOCK17/SES171/SA171S22	SES007	-2.08861	7.69076	9.77937
BLOCK17/SES171/SA171S22	SES148	-2.60838	7.17099	9.77937
BLOCK17/SES171/SA171S22	SES177	-1.1109	8.66847	9.77937
BLOCK17/SES171/SA171S22	SES180	-3.02939	6.74998	9.77937
BLOCK17/SES171/SA171S25	SES101	-2.08019	6.69739	8.77757
BLOCK17/SES171/SA171S25	SES120	-3.72014	5.05743	8.77757
BLOCK17/SES171/SA171S25	SES177	-1.5819	7.19567	8.77757
BLOCK17/SES171/SA171S25	SES180	-2.71035	6.06723	8.77757
BLOCK17/SES171/SA171S27	SES177	-1.61593	7.28532	8.90126
BLOCK17/SES171/SA171S27	SES180	-3.15151	5.74975	8.90126
BLOCK17/SES171/SA171S27	SES189	-1.75357	7.14768	8.90126
BLOCK17/SES171/SA171S27	SES292	-2.97754	5.92372	8.90126
BLOCK17/SES173/SA173S13	SES162	-4.45273	4.80907	9.2618
BLOCK17/SES173/SA173S13	SES177	-1.939	7.32279	9.2618
BLOCK17/SES173/SA173S13	SES180	-3.75492	5.50688	9.2618
BLOCK17/SES173/SA173S13	SES292	-0.980292	8.2815	9.2618
BLOCK17/SES173/SA173S14	SES007	-1.95581	6.88058	8.83638
BLOCK17/SES173/SA173S14	SES162	-3.93649	4.89989	8.83638
BLOCK17/SES173/SA173S14	SES177	-2.11657	6.71982	8.83638
BLOCK17/SES173/SA173S14	SES180	-3.79214	5.04424	8.83638
BLOCK17/SES173/SA173S24	SES144	-2.98667	5.42802	8.41469
BLOCK17/SES173/SA173S24	SES162	-3.4478	4.96689	8.41469
BLOCK17/SES173/SA173S24	SES177	-1.55194	6.86275	8.41469
BLOCK17/SES173/SA173S24	SES180	-2.98076	5.43393	8.41469
BLOCK17/SES173/SA173S27	SES162	-4.14656	5.62005	9.76661
BLOCK17/SES173/SA173S27	SES177	-2.32117	7.44544	9.76661
BLOCK17/SES173/SA173S27	SES180	-3.22091	6.54569	9.76661
BLOCK17/SES173/SA173S27	SES292	-1.18898	8.57762	9.76661
BLOCK17/SES173/SA173S29	SES162	-3.27604	6.05453	9.33057
BLOCK17/SES173/SA173S29	SES175	-2.37068	6.95989	9.33057
BLOCK17/SES173/SA173S29	SES177	-1.47554	7.85503	9.33057
BLOCK17/SES173/SA173S29	SES292	-2.45134	6.87922	9.33057
BLOCK18/SES182/SA182S10	SES144	-1.9908	6.90194	8.89274
BLOCK18/SES182/SA182S10	SES177	-1.3438	7.54894	8.89274
BLOCK18/SES182/SA182S10	SES180	-3.20764	5.6851	8.89274
BLOCK18/SES182/SA182S10	SES275	-0.787913	8.10483	8.89274
BLOCK18/SES182/SA182S12	SES144	-0.742598	8.62961	9.37221
BLOCK18/SES182/SA182S12	SES177	-1.08608	8.28613	9.37221
BLOCK18/SES182/SA182S12	SES180	-2.09225	7.27996	9.37221
BLOCK18/SES182/SA182S12	SES275	-0.863477	8.50873	9.37221
BLOCK18/SES182/SA182S21	SES117	-2.26413	6.09961	8.36374
BLOCK18/SES182/SA182S21	SES144	-2.42575	5.93799	8.36374
BLOCK18/SES182/SA182S21	SES162	-2.11019	6.25355	8.36374
BLOCK18/SES182/SA182S21	SES180	-3.11421	5.24953	8.36374
BLOCK18/SES182/SA182S23	SES117	-1.83339	7.22598	9.05937
BLOCK18/SES182/SA182S23	SES144	-2.37971	6.67966	9.05937
BLOCK18/SES182/SA182S23	SES180	-2.76307	6.29629	9.05937
BLOCK18/SES182/SA182S23	SES275	-0.660128	8.39924	9.05937
BLOCK18/SES182/SA182S25	SES007	-0.477753	8.21658	8.69434
BLOCK18/SES182/SA182S25	SES162	-1.47565	7.21869	8.69434
BLOCK18/SES182/SA182S25	SES177	-1.36328	7.33106	8.69434
BLOCK18/SES182/SA182S25	SES180	-2.6411	6.05324	8.69434
BLOCK18/SES184/SA184S12	SES177	-2.153	7.04348	9.19648
BLOCK18/SES184/SA184S12	SES180	-2.52782	6.66866	9.19648
BLOCK18/SES184/SA184S12	SES189	-2.3163	6.88018	9.19648
BLOCK18/SES184/SA184S12	SES292	-1.88161	7.31486	9.19648
BLOCK18/SES184/SA184S13	SES101	-2.4518	6.66217	9.11396
BLOCK18/SES184/SA184S13	SES177	-2.07988	7.03408	9.11396
BLOCK18/SES184/SA184S13	SES180	-2.30595	6.80801	9.11396
BLOCK18/SES184/SA184S13	SES292	-2.64116	6.47281	9.11396
BLOCK18/SES184/SA184S22	SES177	-2.1681	8.49707	10.6652
BLOCK18/SES184/SA184S22	SES180	-2.33224	8.33292	10.6652
BLOCK18/SES184/SA184S22	SES189	-2.60891	8.05626	10.6652
BLOCK18/SES184/SA184S22	SES292	-2.24963	8.41553	10.6652
BLOCK18/SES184/SA184S25	SES101	-1.62887	9.14815	10.777
BLOCK18/SES184/SA184S25	SES177	-2.0127	8.76433	10.777
BLOCK18/SES184/SA184S25	SES180	-2.11965	8.65738	10.777
BLOCK18/SES184/SA184S25	SES292	-1.92457	8.85246	10.777
BLOCK18/SES184/SA184S27	SES083	-2.21271	6.48768	8.70039
BLOCK18/SES184/SA184S27	SES177	-1.37412	7.32627	8.70039
BLOCK18/SES184/SA184S27	SES202	-2.11506	6.58533	8.70039
BLOCK18/SES184/SA184S27	SES292	-1.92706	6.77334	8.70039
BLOCK20/SES204/SA204S12	SES062	-1.65446	8.7638	10.4183
BLOCK20/SES204/SA204S12	SES083	-3.73447	6.6838	10.4183
BLOCK20/SES204/SA204S12	SES206	-2.48157	7.9367	10.4183
BLOCK20/SES204/SA204S12	SES226	-3.28271	7.13556	10.4183
BLOCK20/SES204/SA204S14	SES068	-1.66643	9.81715	11.4836
BLOCK20/SES204/SA204S14	SES087	-1.29928	10.1843	11.4836
BLOCK20/SES204/SA204S14	SES206	-2.35194	9.13165	11.4836
BLOCK20/SES204/SA204S14	SES226	-3.96327	7.52032	11.4836
BLOCK20/SES204/SA204S22	SES068	-1.87326	8.59169	10.4649
BLOCK20/SES204/SA204S22	SES082	-4.16135	6.3036	10.4649
BLOCK20/SES204/SA204S22	SES083	-4.80762	5.65733	10.4649
BLOCK20/SES204/SA204S22	SES206	-2.53729	7.92765	10.4649
BLOCK20/SES204/SA204S25	SES062	-2.17713	8.11823	10.2954
BLOCK20/SES204/SA204S25	SES083	-4.36322	5.93213	10.2954
BLOCK20/SES204/SA204S25	SES206	-2.43727	7.85809	10.2954
BLOCK20/SES204/SA204S25	SES226	-3.24532	7.05004	10.2954
BLOCK20/SES204/SA204S27	SES068	-2.63338	7.12617	9.75955
BLOCK20/SES204/SA204S27	SES082	-3.77719	5.98236	9.75955
BLOCK20/SES204/SA204S27	SES087	-2.7126	7.04695	9.75955
BLOCK20/SES204/SA204S27	SES206	-2.71365	7.0459	9.75955
BLOCK20/SES207/SA207S10	SES127	-2.27645	6.58242	8.85887
BLOCK20/SES207/SA207S10	SES183	-2.22368	6.63519	8.85887
BLOCK20/SES207/SA207S10	SES189	-2.25757	6.6013	8.85887
BLOCK20/SES207/SA207S10	SES292	-1.8184	7.04047	8.85887
BLOCK20/SES207/SA207S11	SES127	-2.76208	5.98759	8.74967
BLOCK20/SES207/SA207S11	SES183	-2.21179	6.53788	8.74967
BLOCK20/SES207/SA207S11	SES187	-2.08689	6.66278	8.74967
BLOCK20/SES207/SA207S11	SES292	-1.77993	6.96974	8.74967
BLOCK20/SES207/SA207S25	SES068	-2.0506	7.32721	9.37781
BLOCK20/SES207/SA207S25	SES083	-3.04285	6.33496	9.37781
BLOCK20/SES207/SA207S25	SES127	-1.86984	7.50797	9.37781
BLOCK20/SES207/SA207S25	SES187	-1.86535	7.51245	9.37781
BLOCK20/SES207/SA207S27	SES127	-2.77536	4.97198	7.74734
BLOCK20/SES207/SA207S27	SES183	-1.8384	5.90894	7.74734
BLOCK20/SES207/SA207S27	SES187	-2.11272	5.63463	7.74734
BLOCK20/SES207/SA207S27	SES292	-2.81001	4.93734	7.74734
BLOCK20/SES207/SA207S29	SES083	-3.34633	6.02178	9.3681
BLOCK20/SES207/SA207S29	SES085	-2.06181	7.30629	9.3681
BLOCK20/SES207/SA207S29	SES172	-1.73376	7.63435	9.3681
BLOCK20/SES207/SA207S29	SES189	-2.7379	6.63021	9.3681
BLOCK22/SES221/SA221S12	SES068	-1.36181	9.03837	10.4002
BLOCK22/SES221/SA221S12	SES143	-2.71916	7.68103	10.4002
BLOCK22/SES221/SA221S12	SES175	-1.6811	8.71909	10.4002
BLOCK22/SES221/SA221S12	SES202	-2.01627	8.38392	10.4002
BLOCK22/SES221/SA221S15	SES085	-1.77869	7.60951	9.3882
BLOCK22/SES221/SA221S15	SES143	-3.18878	6.19942	9.3882
BLOCK22/SES221/SA221S15	SES175	-1.7112	7.67701	9.3882
BLOCK22/SES221/SA221S15	SES187	-2.12734	7.26087	9.3882
BLOCK22/SES221/SA221S23	SES068	-1.22014	8.67962	9.89976
BLOCK22/SES221/SA221S23	SES143	-2.33651	7.56325	9.89976
BLOCK22/SES221/SA221S23	SES175	-0.874017	9.02574	9.89976
BLOCK22/SES221/SA221S23	SES189	-1.27845	8.62131	9.89976
BLOCK22/SES221/SA221S27	SES085	-0.231684	9.8139	10.0456
BLOCK22/SES221/SA221S27	SES143	-2.25918	7.7864	10.0456
BLOCK22/SES221/SA221S27	SES175	-1.23165	8.81393	10.0456
BLOCK22/SES221/SA221S27	SES189	-0.725862	9.31972	10.0456
BLOCK22/SES221/SA221S29	SES085	-0.991296	7.84412	8.83542
BLOCK22/SES221/SA221S29	SES143	-2.06012	6.7753	8.83542
BLOCK22/SES221/SA221S29	SES175	-0.761302	8.07412	8.83542
BLOCK22/SES221/SA221S29	SES187	-2.06064	6.77478	8.83542
BLOCK22/SES223/SA223S11	SES143	-2.61612	5.34961	7.96573
BLOCK22/SES223/SA223S11	SES144	-4.49786	3.46787	7.96573
BLOCK22/SES223/SA223S11	SES175	-1.84986	6.11587	7.96573
BLOCK22/SES223/SA223S11	SES187	-3.53826	4.42747	7.96573
BLOCK22/SES223/SA223S13	SES068	-1.39703	6.455	7.85203
BLOCK22/SES223/SA223S13	SES143	-3.42489	4.42715	7.85203
BLOCK22/SES223/SA223S13	SES146	-3.43068	4.42135	7.85203
BLOCK22/SES223/SA223S13	SES202	-2.68643	5.1656	7.85203
BLOCK22/SES223/SA223S22	SES143	-2.00096	6.46643	8.46739
BLOCK22/SES223/SA223S22	SES144	-4.16053	4.30686	8.46739
BLOCK22/SES223/SA223S22	SES175	-1.97445	6.49294	8.46739
BLOCK22/SES223/SA223S22	SES187	-1.71292	6.75448	8.46739
BLOCK22/SES223/SA223S25	SES068	-1.53194	7.09593	8.62788
BLOCK22/SES223/SA223S25	SES143	-2.38618	6.2417	8.62788
BLOCK22/SES223/SA223S25	SES175	-1.94255	6.68533	8.62788
BLOCK22/SES223/SA223S25	SES187	-2.86104	5.76684	8.62788
BLOCK22/SES223/SA223S27	SES143	-1.24112	6.06264	7.30377
BLOCK22/SES223/SA223S27	SES146	-2.60372	4.70004	7.30377
BLOCK22/SES223/SA223S27	SES187	-2.49581	4.80796	7.30377
BLOCK22/SES223/SA223S27	SES292	-1.31229	5.99147	7.30377
BLOCK27/SES273/SA273S12	SES099	-1.04146	9.5951	10.6366
BLOCK27/SES273/SA273S12	SES104	-2.12169	8.51486	10.6366
BLOCK27/SES273/SA273S12	SES125	-3.03789	7.59867	10.6366
BLOCK27/SES273/SA273S12	SES206	-1.58152	9.05504	10.6366
BLOCK27/SES273/SA273S13	SES099	-1.48979	9.23127	10.7211
BLOCK27/SES273/SA273S13	SES104	-2.44885	8.2722	10.7211
BLOCK27/SES273/SA273S13	SES206	-2.08051	8.64054	10.7211
BLOCK27/SES273/SA273S13	SES292	-2.00601	8.71504	10.7211
BLOCK27/SES273/SA273S21	SES099	-0.902306	9.57807	10.4804
BLOCK27/SES273/SA273S21	SES148	-3.51729	6.96309	10.4804
BLOCK27/SES273/SA273S21	SES149	-2.79804	7.68233	10.4804
BLOCK27/SES273/SA273S21	SES177	-2.30612	8.17425	10.4804
BLOCK27/SES273/SA273S25	SES104	-2.95769	7.03121	9.98889
BLOCK27/SES273/SA273S25	SES125	-2.95576	7.03313	9.98889
BLOCK27/SES273/SA273S25	SES158	-1.09977	8.88912	9.98889
BLOCK27/SES273/SA273S25	SES206	-0.991429	8.99747	9.98889
BLOCK27/SES273/SA273S27	SES099	-1.08396	9.36804	10.452
BLOCK27/SES273/SA273S27	SES104	-2.20313	8.24886	10.452
BLOCK27/SES273/SA273S27	SES149	-1.98889	8.4631	10.452
BLOCK27/SES273/SA273S27	SES275	-2.21516	8.23683	10.452
BLOCK27/SES274/SA274S10	SES105	-2.58232	7.63303	10.2154
BLOCK27/SES274/SA274S10	SES125	-3.50389	6.71147	10.2154
BLOCK27/SES274/SA274S10	SES129	-0.930833	9.28452	10.2154
BLOCK27/SES274/SA274S10	SES158	-4.19648	6.01887	10.2154
BLOCK27/SES274/SA274S11	SES105	-1.84046	8.46828	10.3087
BLOCK27/SES274/SA274S11	SES149	-2.86835	7.44039	10.3087
BLOCK27/SES274/SA274S11	SES158	-2.67681	7.63193	10.3087
BLOCK27/SES274/SA274S11	SES275	-0.935419	9.37332	10.3087
BLOCK27/SES274/SA274S21	SES105	-2.87263	7.09833	9.97096
BLOCK27/SES274/SA274S21	SES129	-2.02455	7.94642	9.97096
BLOCK27/SES274/SA274S21	SES149	-2.41872	7.55224	9.97096
BLOCK27/SES274/SA274S21	SES158	-4.82852	5.14244	9.97096
BLOCK27/SES274/SA274S24	SES105	-2.19792	8.38883	10.5868
BLOCK27/SES274/SA274S24	SES129	-1.41418	9.17257	10.5868
BLOCK27/SES274/SA274S24	SES149	-3.43047	7.15628	10.5868
BLOCK27/SES274/SA274S24	SES158	-5.79709	4.78966	10.5868
BLOCK27/SES274/SA274S29	SES105	-2.71568	6.9345	9.65018
BLOCK27/SES274/SA274S29	SES106	-3.78468	5.8655	9.65018
BLOCK27/SES274/SA274S29	SES120	-1.68917	7.96102	9.65018
BLOCK27/SES274/SA274S29	SES275	-1.65813	7.99205	9.65018
BLOCK27/SES276/SA276S16	SES148	-2.04893	7.57131	9.62025
BLOCK27/SES276/SA276S16	SES172	-1.73495	7.88529	9.62025
BLOCK27/SES276/SA276S16	SES180	-2.63133	6.98892	9.62025
BLOCK27/SES276/SA276S16	SES292	-1.96786	7.65239	9.62025
BLOCK27/SES276/SA276S17	SES101	-2.00656	7.7853	9.79186
BLOCK27/SES276/SA276S17	SES177	-2.19124	7.60063	9.79186
BLOCK27/SES276/SA276S17	SES180	-2.12829	7.66357	9.79186
BLOCK27/SES276/SA276S17	SES292	-2.10795	7.68392	9.79186
BLOCK27/SES276/SA276S24	SES101	-1.44874	8.99357	10.4423
BLOCK27/SES276/SA276S24	SES177	-1.4559	8.98642	10.4423
BLOCK27/SES276/SA276S24	SES180	-2.16522	8.27709	10.4423
BLOCK27/SES276/SA276S24	SES292	-2.95013	7.49218	10.4423
BLOCK27/SES276/SA276S26	SES101	-2.6236	8.39354	11.0171
BLOCK27/SES276/SA276S26	SES177	-1.14097	9.87617	11.0171
BLOCK27/SES276/SA276S26	SES180	-0.661602	10.3555	11.0171
BLOCK27/SES276/SA276S26	SES292	-0.782676	10.2345	11.0171
BLOCK27/SES276/SA276S28	SES101	-1.55919	8.9113	10.4705
BLOCK27/SES276/SA276S28	SES177	-1.78283	8.68766	10.4705
BLOCK27/SES276/SA276S28	SES180	-0.579071	9.89142	10.4705
BLOCK27/SES276/SA276S28	SES292	-1.52774	8.94275	10.4705
BLOCK27/SES277/SA277S12	SES101	-2.36616	5.88324	8.2494
BLOCK27/SES277/SA277S12	SES177	-2.25992	5.98948	8.2494
BLOCK27/SES277/SA277S12	SES180	-3.64592	4.60349	8.2494
BLOCK27/SES277/SA277S12	SES292	-3.65508	4.59432	8.2494
BLOCK27/SES277/SA277S14	SES177	-1.81846	5.61876	7.43723
BLOCK27/SES277/SA277S14	SES180	-3.71412	3.72311	7.43723
BLOCK27/SES277/SA277S14	SES189	-1.12921	6.30802	7.43723
BLOCK27/SES277/SA277S14	SES292	-3.65227	3.78495	7.43723
BLOCK27/SES277/SA277S21	SES177	-1.46599	7.6477	9.11369
BLOCK27/SES277/SA277S21	SES180	-2.82687	6.28682	9.11369
BLOCK27/SES277/SA277S21	SES189	-0.649281	8.46441	9.11369
BLOCK27/SES277/SA277S21	SES292	-2.86344	6.25025	9.11369
BLOCK27/SES277/SA277S24	SES144	-2.72383	4.77518	7.49901
BLOCK27/SES277/SA277S24	SES177	-1.69829	5.80072	7.49901
BLOCK27/SES277/SA277S24	SES180	-4.17748	3.32153	7.49901
BLOCK27/SES277/SA277S24	SES189	-1.54258	5.95643	7.49901
BLOCK27/SES277/SA277S29	SES177	-1.62878	8.5132	10.142
BLOCK27/SES277/SA277S29	SES180	-2.90508	7.2369	10.142
BLOCK27/SES277/SA277S29	SES202	-2.06383	8.07815	10.142
BLOCK27/SES277/SA277S29	SES292	-3.13397	7.00801	10.142
BLOCK27/SES279/SA279S09	SES120	-2.05249	7.44019	9.49268
BLOCK27/SES279/SA279S09	SES146	-2.48415	7.00853	9.49268
BLOCK27/SES279/SA279S09	SES206	-2.12091	7.37177	9.49268
BLOCK27/SES279/SA279S09	SES226	-3.69645	5.79623	9.49268
BLOCK27/SES279/SA279S10	SES099	-1.03677	8.86455	9.90132
BLOCK27/SES279/SA279S10	SES206	-1.11297	8.78835	9.90132
BLOCK27/SES279/SA279S10	SES226	-2.95183	6.94949	9.90132
BLOCK27/SES279/SA279S10	SES292	-1.33173	8.56959	9.90132
BLOCK27/SES279/SA279S20	SES099	-2.4995	7.17621	9.67572
BLOCK27/SES279/SA279S20	SES206	-0.769144	8.90657	9.67572
BLOCK27/SES279/SA279S20	SES226	-2.78577	6.88995	9.67572
BLOCK27/SES279/SA279S20	SES292	-0.953321	8.72239	9.67572
BLOCK27/SES279/SA279S26	SES099	-1.49378	7.98853	9.48231
BLOCK27/SES279/SA279S26	SES206	-1.25473	8.22757	9.48231
BLOCK27/SES279/SA279S26	SES226	-2.9521	6.53021	9.48231
BLOCK27/SES279/SA279S26	SES292	-1.501	7.98131	9.48231
BLOCK27/SES279/SA279S28	SES099	-1.22054	10.3653	11.5858
BLOCK27/SES279/SA279S28	SES120	-1.4363	10.1495	11.5858
BLOCK27/SES279/SA279S28	SES177	-1.74287	9.84296	11.5858
BLOCK27/SES279/SA279S28	SES206	-1.59423	9.9916	11.5858
BLOCK29/SES290/SA290S12	SES162	-1.47829	8.47943	9.95772
BLOCK29/SES290/SA290S12	SES177	-1.34734	8.61038	9.95772
BLOCK29/SES290/SA290S12	SES180	-1.95761	8.00011	9.95772
BLOCK29/SES290/SA290S12	SES292	-2.43839	7.51933	9.95772
BLOCK29/SES290/SA290S13	SES007	-1.63745	8.58097	10.2184
BLOCK29/SES290/SA290S13	SES162	-2.88174	7.33668	10.2184
BLOCK29/SES290/SA290S13	SES177	-1.04665	9.17177	10.2184
BLOCK29/SES290/SA290S13	SES180	-1.72958	8.48883	10.2184
BLOCK29/SES290/SA290S22	SES177	-1.34924	8.03658	9.38581
BLOCK29/SES290/SA290S22	SES180	-2.10988	7.27593	9.38581
BLOCK29/SES290/SA290S22	SES202	-1.57026	7.81556	9.38581
BLOCK29/SES290/SA290S22	SES292	-2.03638	7.34944	9.38581
BLOCK29/SES290/SA290S25	SES162	-1.77361	8.36825	10.1419
BLOCK29/SES290/SA290S25	SES177	-1.44719	8.69466	10.1419
BLOCK29/SES290/SA290S25	SES180	-1.63962	8.50223	10.1419
BLOCK29/SES290/SA290S25	SES292	-1.43434	8.70752	10.1419
BLOCK29/SES290/SA290S29	SES177	-0.876213	9.13366	10.0099
BLOCK29/SES290/SA290S29	SES180	-1.79849	8.21138	10.0099
BLOCK29/SES290/SA290S29	SES275	-1.81835	8.19152	10.0099
BLOCK29/SES290/SA290S29	SES292	-1.64072	8.36915	10.0099
BLOCK29/SES291/SA291S11	SES105	-3.70626	4.37604	8.0823
BLOCK29/SES291/SA291S11	SES125	-1.84096	6.24134	8.0823
BLOCK29/SES291/SA291S11	SES158	-1.87725	6.20505	8.0823
BLOCK29/SES291/SA291S11	SES275	-3.27241	4.80989	8.0823
BLOCK29/SES291/SA291S12	SES158	-0.12353	8.56803	8.69156
BLOCK29/SES291/SA291S12	SES226	-2.83481	5.85675	8.69156
BLOCK29/SES291/SA291S12	SES270	-0.199072	8.49249	8.69156
BLOCK29/SES291/SA291S12	SES275	-4.92916	3.7624	8.69156
BLOCK29/SES291/SA291S22	SES082	-2.34351	6.89764	9.24115
BLOCK29/SES291/SA291S22	SES158	-1.76709	7.47406	9.24115
BLOCK29/SES291/SA291S22	SES259	-2.89221	6.34894	9.24115
BLOCK29/SES291/SA291S22	SES275	-4.15833	5.08281	9.24115
BLOCK29/SES291/SA291S24	SES104	-0.883965	9.28353	10.1675
BLOCK29/SES291/SA291S24	SES125	-1.53614	8.63136	10.1675
BLOCK29/SES291/SA291S24	SES158	-0.992443	9.17505	10.1675
BLOCK29/SES291/SA291S24	SES275	-3.91172	6.25577	10.1675
BLOCK29/SES291/SA291S27	SES158	-0.729712	8.94958	9.67929
BLOCK29/SES291/SA291S27	SES172	-4.68826	4.99103	9.67929
BLOCK29/SES291/SA291S27	SES275	-3.97735	5.70194	9.67929
BLOCK29/SES291/SA291S27	SES292	-3.06065	6.61864	9.67929
