BLOCK00/SES002/SA002S12	SES002	1.8728	-5.15104	-7.02384
BLOCK00/SES002/SA002S13	SES002	2.05686	-6.39965	-8.45651
BLOCK00/SES002/SA002S23	SES002	1.68927	-5.5728	-7.26208
BLOCK00/SES002/SA002S26	SES002	0.940647	-8.521	-9.46165
BLOCK00/SES002/SA002S28	SES002	0.149678	-8.4858	-8.63547
BLOCK00/SES007/SA007S14	SES007	2.48358	-4.39022	-6.8738
BLOCK00/SES007/SA007S15	SES007	2.59829	-5.14868	-7.74697
BLOCK00/SES007/SA007S24	SES007	1.98561	-5.07905	-7.06466
BLOCK00/SES007/SA007S27	SES007	1.87379	-7.12674	-9.00054
BLOCK00/SES007/SA007S29	SES007	2.01108	-4.58746	-6.59854
BLOCK00/SES008/SA008S11	SES008	2.42565	-3.70134	-6.12698
BLOCK00/SES008/SA008S12	SES008	1.22546	-4.65264	-5.8781
BLOCK00/SES008/SA008S19	SES008	2.89711	-3.72275	-6.61985
BLOCK00/SES008/SA008S22	SES008	1.71187	-5.59638	-7.30824
BLOCK00/SES008/SA008S29	SES008	2.72509	-2.82611	-5.55119
BLOCK01/SES014/SA014S10	SES014	1.99339	-5.14244	-7.13583
BLOCK01/SES014/SA014S12	SES014	2.54913	-4.65256	-7.20169
BLOCK01/SES014/SA014S24	SES014	2.52753	-5.24917	-7.7767
BLOCK01/SES014/SA014S26	SES014	2.2024	-5.84964	-8.05204
BLOCK01/SES014/SA014S28	SES014	3.9707	-2.56043	-6.53113
BLOCK01/SES016/SA016S12	SES016	0.562545	-9.12321	-9.68575
BLOCK01/SES016/SA016S13	SES016	2.20118	-5.88664	-8.08781
BLOCK01/SES016/SA016S22	SES016	1.75176	-6.30082	-8.05258
BLOCK01/SES016/SA016S25	SES016	2.54347	-3.60597	-6.14944
BLOCK01/SES016/SA016S27	SES016	2.8504	-6.33631	-9.18671
BLOCK01/SES019/SA019S13	SES019	3.9232	-4.46917	-8.39237
BLOCK01/SES019/SA019S14	SES019	1.86777	-6.44231	-8.31008
BLOCK01/SES019/SA019S22	SES019	3.60577	-4.00405	-7.60981
BLOCK01/SES019/SA019S25	SES019	2.31951	-5.81096	-8.13047
BLOCK01/SES019/SA019S29	SES019	3.51996	-6.27584	-9.7958
BLOCK02/SES029/SA029S11	SES029	2.42885	-4.15898	-6.58783
BLOCK02/SES029/SA029S12	SES029	0.922311	-6.19948	-7.12179
BLOCK02/SES029/SA029S20	SES029	1.95162	-3.81184	-5.76346
BLOCK02/SES029/SA029S25	SES029	0.389864	-6.95027	-7.34014
BLOCK02/SES029/SA029S28	SES029	1.52657	-5.48509	-7.01166
BLOCK04/SES042/SA042S12	SES042	3.15572	-4.47266	-7.62838
BLOCK04/SES042/SA042S15	SES042	2.72238	-5.67552	-8.3979
BLOCK04/SES042/SA042S22	SES042	4.21104	-7.32848	-11.5395
BLOCK04/SES042/SA042S25	SES042	2.70637	-7.96715	-10.6735
BLOCK04/SES042/SA042S27	SES042	3.8704	-6.4897	-10.3601
BLOCK04/SES048/SA048S11	SES048	2.82256	-3.33592	-6.15847
BLOCK04/SES048/SA048S12	SES048	1.96145	-5.84248	-7.80393
BLOCK04/SES048/SA048S20	SES048	1.5965	-5.32874	-6.92524
BLOCK04/SES048/SA048S23	SES048	2.92521	-3.37777	-6.30298
BLOCK04/SES048/SA048S27	SES048	1.17627	-6.06133	-7.2376
BLOCK06/SES060/SA060S11	SES060	2.9339	-5.16923	-8.10313
BLOCK06/SES060/SA060S12	SES060	1.85569	-7.97319	-9.82888
BLOCK06/SES060/SA060S22	SES060	-0.145122	-8.55022	-8.4051
BLOCK06/SES060/SA060S24	SES060	2.04752	-3.8652	-5.91272
BLOCK06/SES060/SA060S28	SES060	2.65177	-3.06484	-5.71661
BLOCK06/SES062/SA062S10	SES062	1.36381	-5.56075	-6.92456
BLOCK06/SES062/SA062S11	SES062	2.54377	-7.30589	-9.84966
BLOCK06/SES062/SA062S21	SES062	1.83275	-2.90747	-4.74023
BLOCK06/SES062/SA062S26	SES062	1.92464	-5.40313	-7.32777
BLOCK06/SES062/SA062S29	SES062	3.11872	-3.07675	-6.19547
BLOCK06/SES068/SA068S14	SES068	1.47976	-5.27449	-6.75425
BLOCK06/SES068/SA068S15	SES068	3.15432	-4.75465	-7.90897
BLOCK06/SES068/SA068S23	SES068	1.32314	-5.89801	-7.22115
BLOCK06/SES068/SA068S27	SES068	3.08774	-4.31831	-7.40606
BLOCK06/SES068/SA068S29	SES068	2.09089	-5.647	-7.73789
BLOCK08/SES082/SA082S12	SES082	-0.389206	-7.4149	-7.02569
BLOCK08/SES082/SA082S14	SES082	1.49337	-5.68046	-7.17383
BLOCK08/SES082/SA082S21	SES082	1.01409	-5.50268	-6.51677
BLOCK08/SES082/SA082S24	SES082	0.941424	-7.10661	-8.04804
BLOCK08/SES082/SA082S28	SES082	1.05071	-6.53033	-7.58104
BLOCK08/SES083/SA083S14	SES083	1.49202	-4.86095	-6.35297
BLOCK08/SES083/SA083S15	SES083	1.33187	-6.05481	-7.38668
BLOCK08/SES083/SA083S24	SES083	1.10156	-6.15427	-7.25583
BLOCK08/SES083/SA083S26	SES083	0.845055	-7.6115	-8.45655
BLOCK08/SES083/SA083S29	SES083	1.62245	-6.50737	-8.12982
BLOCK08/SES085/SA085S10	SES085	2.20522	-4.18254	-6.38776
BLOCK08/SES085/SA085S13	SES085	1.02526	-7.79601	-8.82127
BLOCK08/SES085/SA085S22	SES085	2.54091	-4.04242	-6.58333
BLOCK08/SES085/SA085S26	SES085	1.87691	-6.87726	-8.75417
BLOCK08/SES085/SA085S28	SES085	1.70803	-5.01175	-6.71979
BLOCK08/SES087/SA087S15	SES087	1.67513	-6.36177	-8.03691
BLOCK08/SES087/SA087S16	SES087	2.76919	-5.18998	-7.95917
BLOCK08/SES087/SA087S24	SES087	1.8564	-8.14583	-10.0022
BLOCK08/SES087/SA087S26	SES087	1.48382	-6.18115	-7.66497
BLOCK08/SES087/SA087S29	SES087	2.23547	-4.56141	-6.79688
BLOCK09/SES099/SA099S15	SES099	2.63482	-5.95195	-8.58677
BLOCK09/SES099/SA099S16	SES099	2.17724	-3.7012	-5.87844
BLOCK09/SES099/SA099S24	SES099	2.59527	-4.84264	-7.43792
BLOCK09/SES099/SA099S26	SES099	2.37908	-5.66566	-8.04474
BLOCK09/SES099/SA099S29	SES099	2.71565	-5.80998	-8.52563
BLOCK10/SES101/SA101S11	SES101	1.19035	-5.91621	-7.10655
BLOCK10/SES101/SA101S13	SES101	2.59043	-1.64228	-4.23272
BLOCK10/SES101/SA101S22	SES101	1.81765	-6.2694	-8.08705
BLOCK10/SES101/SA101S24	SES101	2.23545	-4.56699	-6.80244
BLOCK10/SES101/SA101S28	SES101	2.15969	-4.93905	-7.09874
BLOCK10/SES104/SA104S11	SES104	2.319	-4.43721	-6.75622
BLOCK10/SES104/SA104S12	SES104	2.06455	-5.57221	-7.63676
BLOCK10/SES104/SA104S21	SES104	2.49199	-5.31875	-7.81075
BLOCK10/SES104/SA104S24	SES104	0.280142	-8.93639	-9.21653
BLOCK10/SES104/SA104S28	SES104	1.00595	-8.1798	-9.18576
BLOCK10/SES105/SA105S12	SES105	1.87992	-6.65813	-8.53805
BLOCK10/SES105/SA105S13	SES105	1.29326	-6.24804	-7.5413
BLOCK10/SES105/SA105S22	SES105	0.689326	-6.87426	-7.56359
BLOCK10/SES105/SA105S26	SES105	0.93135	-7.47996	-8.41131
BLOCK10/SES105/SA105S29	SES105	2.33945	-3.98593	-6.32538
BLOCK10/SES106/SA106S09	SES106	2.18924	-6.88737	-9.07661
BLOCK10/SES106/SA106S11	SES106	2.55389	-4.30506	-6.85895
BLOCK10/SES106/SA106S22	SES106	3.13843	-7.04595	-10.1844
BLOCK10/SES106/SA106S27	SES106	2.0879	-4.81772	-6.90562
BLOCK10/SES106/SA106S29	SES106	2.35027	-5.17714	-7.52741
BLOCK11/SES117/SA117S12	SES117	2.15146	-6.18386	-8.33532
BLOCK11/SES117/SA117S13	SES117	1.00913	-6.49381	-7.50294
BLOCK11/SES117/SA117S23	SES117	2.20128	-7.87338	-10.0747
BLOCK11/SES117/SA117S25	SES117	2.35292	-5.57634	-7.92926
BLOCK11/SES117/SA117S28	SES117	2.66362	-6.90309	-9.56671
BLOCK12/SES120/SA120S08	SES120	2.51261	-7.83656	-10.3492
BLOCK12/SES120/SA120S11	SES120	1.56521	-12.1232	-13.6884
BLOCK12/SES120/SA120S22	SES120	1.80242	-5.31149	-7.11391
BLOCK12/SES120/SA120S24	SES120	1.93761	-9.0081	-10.9457
BLOCK12/SES120/SA120S28	SES120	1.25431	-8.17308	-9.42738
BLOCK12/SES125/SA125S13	SES125	2.74773	-7.2576	-10.0053
BLOCK12/SES125/SA125S14	SES125	2.00586	-8.37754	-10.3834
BLOCK12/SES125/SA125S25	SES125	2.86198	-6.42639	-9.28837
BLOCK12/SES125/SA125S27	SES125	2.29223	-6.21155	-8.50378
BLOCK12/SES125/SA125S29	SES125	1.66797	-6.00365	-7.67162
BLOCK12/SES127/SA127S11	SES127	2.50115	-4.34032	-6.84147
BLOCK12/SES127/SA127S12	SES127	1.29093	-2.95169	-4.24262
BLOCK12/SES127/SA127S23	SES127	2.05425	-3.8044	-5.85865
BLOCK12/SES127/SA127S25	SES127	1.4266	-3.83205	-5.25865
BLOCK12/SES127/SA127S27	SES127	2.15684	-3.81534	-5.97218
BLOCK12/SES129/SA129S11	SES129	2.26738	-3.23306	-5.50043
BLOCK12/SES129/SA129S12	SES129	2.42466	-2.85631	-5.28097
BLOCK12/SES129/SA129S22	SES129	1.83369	-4.25908	-6.09277
BLOCK12/SES129/SA129S27	SES129	1.95335	-4.3891	-6.34244
BLOCK12/SES129/SA129S29	SES129	1.15197	-8.03579	-9.18775
BLOCK14/SES142/SA142S11	SES142	2.91507	-4.3413	-7.25637
BLOCK14/SES142/SA142S12	SES142	2.16343	-6.7042	-8.86763
BLOCK14/SES142/SA142S24	SES142	2.58549	-5.56616	-8.15164
BLOCK14/SES142/SA142S27	SES142	2.54254	-5.21171	-7.75425
BLOCK14/SES142/SA142S29	SES142	2.23685	-5.13484	-7.37168
BLOCK14/SES143/SA143S12	SES143	2.34877	-4.76017	-7.10894
BLOCK14/SES143/SA143S13	SES143	2.02942	-4.86203	-6.89145
BLOCK14/SES143/SA143S23	SES143	1.84165	-5.3859	-7.22755
BLOCK14/SES143/SA143S25	SES143	2.23266	-6.19737	-8.43003
BLOCK14/SES143/SA143S28	SES143	2.07578	-6.254	-8.32978
BLOCK14/SES144/SA144S09	SES144	1.73703	-5.0907	-6.82773
BLOCK14/SES144/SA144S11	SES144	0.810822	-5.75394	-6.56476
BLOCK14/SES144/SA144S21	SES144	0.264597	-6.38282	-6.64742
BLOCK14/SES144/SA144S25	SES144	1.31784	-5.82521	-7.14305
BLOCK14/SES144/SA144S29	SES144	1.02051	-6.99233	-8.01284
BLOCK14/SES146/SA146S14	SES146	1.68874	-5.88363	-7.57237
BLOCK14/SES146/SA146S15	SES146	1.77684	-6.60173	-8.37857
BLOCK14/SES146/SA146S24	SES146	1.97703	-6.32129	-8.29833
BLOCK14/SES146/SA146S26	SES146	2.07434	-6.34442	-8.41877
BLOCK14/SES146/SA146S29	SES146	1.66186	-7.11317	-8.77503
BLOCK14/SES147/SA147S11	SES147	2.03287	-5.63828	-7.67115
BLOCK14/SES147/SA147S13	SES147	2.64508	-3.54661	-6.19169
BLOCK14/SES147/SA147S23	SES147	1.76027	-4.63956	-6.39983
BLOCK14/SES147/SA147S26	SES147	2.23226	-4.25534	-6.4876
BLOCK14/SES147/SA147S28	SES147	2.05871	-3.23026	-5.28898
BLOCK14/SES148/SA148S10	SES148	1.89019	-3.74943	-5.63962
BLOCK14/SES148/SA148S12	SES148	1.8766	-5.66232	-7.53892
BLOCK14/SES148/SA148S22	SES148	1.78363	-3.83796	-5.62159
BLOCK14/SES148/SA148S26	SES148	1.49932	-2.94915	-4.44847
BLOCK14/SES148/SA148S29	SES148	0.0497742	-7.13009	-7.17987
BLOCK14/SES149/SA149S13	SES149	1.25348	-5.3007	-6.55419
BLOCK14/SES149/SA149S14	SES149	2.16958	-3.56736	-5.73694
BLOCK14/SES149/SA149S24	SES149	2.08167	-4.74638	-6.82805
BLOCK14/SES149/SA149S26	SES149	1.97226	-4.56809	-6.54036
BLOCK14/SES149/SA149S28	SES149	3.23514	-1.11853	-4.35368
BLOCK15/SES158/SA158S13	SES158	2.65108	-6.79011	-9.44119
BLOCK15/SES158/SA158S14	SES158	2.97282	-7.54149	-10.5143
BLOCK15/SES158/SA158S23	SES158	2.28046	-5.78123	-8.06169
BLOCK15/SES158/SA158S26	SES158	2.46141	-7.07831	-9.53972
BLOCK15/SES158/SA158S28	SES158	1.90047	-6.97039	-8.87086
BLOCK16/SES162/SA162S10	SES162	1.20405	-7.36989	-8.57394
BLOCK16/SES162/SA162S11	SES162	2.08853	-4.11521	-6.20374
BLOCK16/SES162/SA162S21	SES162	1.85544	-5.0656	-6.92104
BLOCK16/SES162/SA162S24	SES162	2.25052	-4.96326	-7.21378
BLOCK16/SES162/SA162S27	SES162	2.34961	-7.08062	-9.43023
BLOCK16/SES167/SA167S14	SES167	2.48023	-3.41819	-5.89843
BLOCK16/SES167/SA167S15	SES167	2.74859	-2.93588	-5.68448
BLOCK16/SES167/SA167S21	SES167	3.22388	-1.95435	-5.17823
BLOCK16/SES167/SA167S25	SES167	3.15415	-4.09906	-7.25321
BLOCK16/SES167/SA167S29	SES167	2.85859	-1.92108	-4.77968
BLOCK17/SES172/SA172S12	SES172	2.46738	-6.00559	-8.47298
BLOCK17/SES172/SA172S13	SES172	2.16065	-6.25221	-8.41286
BLOCK17/SES172/SA172S23	SES172	1.8855	-4.03177	-5.91727
BLOCK17/SES172/SA172S27	SES172	1.57361	-6.99256	-8.56617
BLOCK17/SES172/SA172S29	SES172	2.69016	-4.38482	-7.07498
BLOCK17/SES175/SA175S11	SES175	1.59633	-6.40911	-8.00544
BLOCK17/SES175/SA175S13	SES175	1.92977	-2.28906	-4.21883
BLOCK17/SES175/SA175S23	SES175	2.24363	-3.27075	-5.51438
BLOCK17/SES175/SA175S25	SES175	1.24614	-6.30151	-7.54764
BLOCK17/SES175/SA175S28	SES175	2.17705	-4.42561	-6.60266
BLOCK17/SES177/SA177S15	SES177	1.35884	-6.46562	-7.82446
BLOCK17/SES177/SA177S17	SES177	1.50137	-6.06582	-7.56719
BLOCK17/SES177/SA177S23	SES177	0.648056	-6.71095	-7.359
BLOCK17/SES177/SA177S26	SES177	2.29432	-3.03279	-5.32711
BLOCK17/SES177/SA177S28	SES177	2.37812	-6.12012	-8.49824
BLOCK18/SES180/SA180S13	SES180	1.57248	-7.48044	-9.05292
BLOCK18/SES180/SA180S15	SES180	1.43971	-5.03634	-6.47605
BLOCK18/SES180/SA180S24	SES180	1.45841	-4.30998	-5.76839
BLOCK18/SES180/SA180S26	SES180	1.1198	-5.49864	-6.61844
BLOCK18/SES180/SA180S29	SES180	1.23808	-7.46592	-8.704
BLOCK18/SES183/SA183S13	SES183	2.18605	-5.36882	-7.55487
BLOCK18/SES183/SA183S14	SES183	1.00309	-5.76456	-6.76765
BLOCK18/SES183/SA183S24	SES183	2.23329	-6.36266	-8.59595
BLOCK18/SES183/SA183S27	SES183	2.41341	-5.6346	-8.04801
BLOCK18/SES183/SA183S29	SES183	2.6336	-4.43926	-7.07286
BLOCK18/SES187/SA187S13	SES187	1.18916	-7.17141	-8.36057
BLOCK18/SES187/SA187S14	SES187	1.27835	-7.05503	-8.33338
BLOCK18/SES187/SA187S24	SES187	1.71582	-6.1646	-7.88041
BLOCK18/SES187/SA187S27	SES187	2.05527	-5.4307	-7.48596
BLOCK18/SES187/SA187S29	SES187	1.22963	-9.03094	-10.2606
BLOCK18/SES189/SA189S10	SES189	2.46707	-6.21272	-8.6798
BLOCK18/SES189/SA189S13	SES189	3.22585	-8.89318	-12.119
BLOCK18/SES189/SA189S24	SES189	2.51135	-6.1311	-8.64244
BLOCK18/SES189/SA189S26	SES189	2.33294	-5.70081	-8.03375
BLOCK18/SES189/SA189S29	SES189	2.28781	-5.9168	-8.20461
BLOCK20/SES202/SA202S12	SES202	2.63861	-6.89544	-9.53404
BLOCK20/SES202/SA202S14	SES202	2.45367	-6.34558	-8.79925
BLOCK20/SES202/SA202S24	SES202	1.46815	-7.31286	-8.781
BLOCK20/SES202/SA202S27	SES202	2.60831	-4.46875	-7.07706
BLOCK20/SES202/SA202S29	SES202	2.32704	-5.15738	-7.48442
BLOCK20/SES206/SA206S15	SES206	0.730391	-4.92587	-5.65626
BLOCK20/SES206/SA206S17	SES206	1.79855	-6.54405	-8.3426
BLOCK20/SES206/SA206S24	SES206	1.79037	-4.752	-6.54237
BLOCK20/SES206/SA206S27	SES206	2.89566	-6.57493	-9.47059
BLOCK20/SES206/SA206S29	SES206	2.52095	-6.53429	-9.05524
BLOCK22/SES226/SA226S12	SES226	1.62395	-6.08206	-7.70601
BLOCK22/SES226/SA226S13	SES226	-0.0525579	-6.12913	-6.07658
BLOCK22/SES226/SA226S20	SES226	1.04551	-5.71975	-6.76525
BLOCK22/SES226/SA226S23	SES226	1.20794	-5.05678	-6.26472
BLOCK22/SES226/SA226S28	SES226	1.56486	-5.50639	-7.07125
BLOCK25/SES259/SA259S13	SES259	4.16752	-5.15637	-9.32389
BLOCK25/SES259/SA259S14	SES259	2.82048	-4.8098	-7.63028
BLOCK25/SES259/SA259S22	SES259	2.7603	-5.13095	-7.89125
BLOCK25/SES259/SA259S24	SES259	2.69861	-5.78882	-8.48742
BLOCK25/SES259/SA259S28	SES259	2.56983	-5.26991	-7.83974
BLOCK27/SES270/SA270S14	SES270	2.52818	-5.8133	-8.34148
BLOCK27/SES270/SA270S16	SES270	1.32234	-5.34429	-6.66663
BLOCK27/SES270/SA270S22	SES270	2.88205	-4.77606	-7.65811
BLOCK27/SES270/SA270S26	SES270	1.62166	-7.2578	-8.87946
BLOCK27/SES270/SA270S28	SES270	2.71338	-3.84805	-6.56143
BLOCK27/SES275/SA275S17	SES275	1.64821	-5.31958	-6.96779
BLOCK27/SES275/SA275S18	SES275	1.24848	-6.11135	-7.35983
BLOCK27/SES275/SA275S24	SES275	1.55821	-5.83402	-7.39224
BLOCK27/SES275/SA275S26	SES275	1.93583	-5.12572	-7.06156
BLOCK27/SES275/SA275S28	SES275	1.52847	-5.35578	-6.88425
BLOCK29/SES292/SA292S10	SES292	0.0144887	-6.37195	-6.38644
BLOCK29/SES292/SA292S12	SES292	2.10867	-7.0197	-9.12837
BLOCK29/SES292/SA292S22	SES292	1.22939	-6.01193	-7.24132
BLOCK29/SES292/SA292S24	SES292	1.90271	-4.04235	-5.94506
BLOCK29/SES292/SA292S27	SES292	1.26414	-5.24173	-6.50587
BLOCK00/SES001/SA001S14	SES062	-2.21455	-11.034	-8.8195
BLOCK00/SES001/SA001S14	SES082	0.374369	-8.44513	-8.8195
BLOCK00/SES001/SA001S14	SES106	-0.283731	-9.10323	-8.8195
BLOCK00/SES001/SA001S14	SES206	-0.328268	-9.14776	-8.8195
BLOCK00/SES001/SA001S15	SES062	-2.37966	-10.2193	-7.83966
BLOCK00/SES001/SA001S15	SES104	0.0736213	-7.76604	-7.83966
BLOCK00/SES001/SA001S15	SES106	0.406499	-7.43316	-7.83966
BLOCK00/SES001/SA001S15	SES206	-1.02412	-8.86378	-7.83966
BLOCK00/SES001/SA001S24	SES062	-2.03212	-10.6986	-8.66645
BLOCK00/SES001/SA001S24	SES082	-0.406714	-9.07317	-8.66645
BLOCK00/SES001/SA001S24	SES087	-1.49236	-10.1588	-8.66645
BLOCK00/SES001/SA001S24	SES206	-0.145068	-8.81152	-8.66645
BLOCK00/SES001/SA001S27	SES062	-0.842033	-5.962	-5.11997
BLOCK00/SES001/SA001S27	SES082	-0.0346026	-5.15457	-5.11997
BLOCK00/SES001/SA001S27	SES087	-0.237585	-5.35755	-5.11997
BLOCK00/SES001/SA001S27	SES206	-0.82731	-5.94728	-5.11997
BLOCK00/SES001/SA001S29	SES062	-2.15751	-10.097	-7.93951
BLOCK00/SES001/SA001S29	SES082	0.176837	-7.76268	-7.93951
BLOCK00/SES001/SA001S29	SES158	0.0614028	-7.87811	-7.93951
BLOCK00/SES001/SA001S29	SES206	-1.05796	-8.99747	-7.93951
BLOCK00/SES003/SA003S11	SES002	0.658735	-6.04792	-6.70666
BLOCK00/SES003/SA003S11	SES019	-1.27703	-7.98369	-6.70666
BLOCK00/SES003/SA003S11	SES082	0.487876	-6.21878	-6.70666
BLOCK00/SES003/SA003S11	SES125	-0.256593	-6.96325	-6.70666
BLOCK00/SES003/SA003S15	SES016	0.0517731	-6.65503	-6.7068
BLOCK00/SES003/SA003S15	SES019	-1.82948	-8.53628	-6.7068
BLOCK00/SES003/SA003S15	SES062	1.06098	-5.64582	-6.7068
BLOCK00/SES003/SA003S15	SES206	0.399172	-6.30763	-6.7068
BLOCK00/SES003/SA003S22	SES002	0.696729	-6.39947	-7.0962
BLOCK00/SES003/SA003S22	SES062	0.564549	-6.53165	-7.0962
BLOCK00/SES003/SA003S22	SES082	0.292497	-6.8037	-7.0962
BLOCK00/SES003/SA003S22	SES087	-0.196371	-7.29257	-7.0962
BLOCK00/SES003/SA003S25	SES062	-1.45547	-9.90877	-8.4533
BLOCK00/SES003/SA003S25	SES082	0.580852	-7.87244	-8.4533
BLOCK00/SES003/SA003S25	SES087	-0.106904	-8.5602	-8.4533
BLOCK00/SES003/SA003S25	SES206	-0.896426	-9.34972	-8.4533
BLOCK00/SES003/SA003S29	SES002	-0.647288	-7.71052	-7.06323
BLOCK00/SES003/SA003S29	SES062	-1.48374	-8.54697	-7.06323
BLOCK00/SES003/SA003S29	SES082	0.217823	-6.84541	-7.06323
BLOCK00/SES003/SA003S29	SES087	-0.73826	-7.80149	-7.06323
BLOCK00/SES004/SA004S12	SES083	-0.696935	-6.77559	-6.07865
BLOCK00/SES004/SA004S12	SES148	-0.331444	-6.4101	-6.07865
BLOCK00/SES004/SA004S12	SES172	0.630639	-5.44801	-6.07865
BLOCK00/SES004/SA004S12	SES292	-0.704015	-6.78267	-6.07865
BLOCK00/SES004/SA004S17	SES083	-0.285715	-6.58515	-6.29943
BLOCK00/SES004/SA004S17	SES162	1.00759	-5.29185	-6.29943
BLOCK00/SES004/SA004S17	SES172	1.01206	-5.28737	-6.29943
BLOCK00/SES004/SA004S17	SES292	0.0323124	-6.26712	-6.29943
BLOCK00/SES004/SA004S24	SES083	-0.163659	-6.80265	-6.63899
BLOCK00/SES004/SA004S24	SES148	-1.18366	-7.82265	-6.63899
BLOCK00/SES004/SA004S24	SES172	1.1485	-5.4905	-6.63899
BLOCK00/SES004/SA004S24	SES292	-0.134377	-6.77337	-6.63899
BLOCK00/SES004/SA004S26	SES083	0.217431	-7.57283	-7.79026
BLOCK00/SES004/SA004S26	SES127	-1.23225	-9.02251	-7.79026
BLOCK00/SES004/SA004S26	SES148	-2.3295	-10.1198	-7.79026
BLOCK00/SES004/SA004S26	SES292	-1.34758	-9.13784	-7.79026
BLOCK00/SES004/SA004S28	SES083	0.447283	-3.84132	-4.28861
BLOCK00/SES004/SA004S28	SES127	1.05586	-3.23275	-4.28861
BLOCK00/SES004/SA004S28	SES187	1.12035	-3.16826	-4.28861
BLOCK00/SES004/SA004S28	SES292	0.0958929	-4.19271	-4.28861
BLOCK00/SES006/SA006S10	SES014	-6.50978	-17.492	-10.9822
BLOCK00/SES006/SA006S10	SES158	-4.58301	-15.5653	-10.9822
BLOCK00/SES006/SA006S10	SES226	-6.36113	-17.3434	-10.9822
BLOCK00/SES006/SA006S10	SES270	-2.85254	-13.8348	-10.9822
BLOCK00/SES006/SA006S11	SES158	-3.21559	-12.8467	-9.63115
BLOCK00/SES006/SA006S11	SES226	-3.62343	-13.2546	-9.63115
BLOCK00/SES006/SA006S11	SES270	-1.9877	-11.6188	-9.63115
BLOCK00/SES006/SA006S11	SES275	-1.30138	-10.9325	-9.63115
BLOCK00/SES006/SA006S23	SES062	-4.11684	-13.3749	-9.25807
BLOCK00/SES006/SA006S23	SES105	-2.7878	-12.0459	-9.25807
BLOCK00/SES006/SA006S23	SES158	-2.51485	-11.7729	-9.25807
BLOCK00/SES006/SA006S23	SES275	-0.434182	-9.69225	-9.25807
BLOCK00/SES006/SA006S26	SES104	-4.42786	-14.0008	-9.57291
BLOCK00/SES006/SA006S26	SES158	-3.44989	-13.0228	-9.57291
BLOCK00/SES006/SA006S26	SES270	-0.315766	-9.88868	-9.57291
BLOCK00/SES006/SA006S26	SES275	-0.0698471	-9.64276	-9.57291
BLOCK00/SES006/SA006S28	SES007	-2.70665	-12.7172	-10.0105
BLOCK00/SES006/SA006S28	SES105	-1.65752	-11.668	-10.0105
BLOCK00/SES006/SA006S28	SES158	-0.716069	-10.7266	-10.0105
BLOCK00/SES006/SA006S28	SES275	-2.34744	-12.3579	-10.0105
BLOCK00/SES009/SA009S12	SES083	-1.57638	-9.6755	-8.09912
BLOCK00/SES009/SA009S12	SES148	-1.99704	-10.0962	-8.09912
BLOCK00/SES009/SA009S12	SES177	1.02129	-7.07783	-8.09912
BLOCK00/SES009/SA009S12	SES292	0.526627	-7.57249	-8.09912
BLOCK00/SES009/SA009S15	SES007	1.0692	-6.24787	-7.31707
BLOCK00/SES009/SA009S15	SES099	-2.37332	-9.69039	-7.31707
BLOCK00/SES009/SA009S15	SES148	-1.97437	-9.29144	-7.31707
BLOCK00/SES009/SA009S15	SES172	0.56121	-6.75586	-7.31707
BLOCK00/SES009/SA009S24	SES146	0.755426	-8.17566	-8.93109
BLOCK00/SES009/SA009S24	SES148	-1.47957	-10.4107	-8.93109
BLOCK00/SES009/SA009S24	SES177	1.08846	-7.84263	-8.93109
BLOCK00/SES009/SA009S24	SES292	0.756598	-8.17449	-8.93109
BLOCK00/SES009/SA009S26	SES083	-1.41823	-8.82161	-7.40338
BLOCK00/SES009/SA009S26	SES101	-1.32173	-8.72511	-7.40338
BLOCK00/SES009/SA009S26	SES120	0.521872	-6.88151	-7.40338
BLOCK00/SES009/SA009S26	SES177	0.815774	-6.58761	-7.40338
BLOCK00/SES009/SA009S29	SES083	-0.901816	-8.0798	-7.17798
BLOCK00/SES009/SA009S29	SES101	-0.798429	-7.97641	-7.17798
BLOCK00/SES009/SA009S29	SES177	0.674113	-6.50387	-7.17798
BLOCK00/SES009/SA009S29	SES292	-0.031621	-7.2096	-7.17798
BLOCK01/SES011/SA011S10	SES019	-1.59938	-11.9981	-10.3987
BLOCK01/SES011/SA011S10	SES042	1.88431	-8.51444	-10.3987
BLOCK01/SES011/SA011S10	SES082	0.383553	-10.0152	-10.3987
BLOCK01/SES011/SA011S10	SES206	1.1524	-9.24635	-10.3987
BLOCK01/SES011/SA011S11	SES019	-1.74924	-11.0319	-9.28265
BLOCK01/SES011/SA011S11	SES042	0.628093	-8.65456	-9.28265
BLOCK01/SES011/SA011S11	SES082	-0.0432777	-9.32593	-9.28265
BLOCK01/SES011/SA011S11	SES206	-0.704945	-9.9876	-9.28265
BLOCK01/SES011/SA011S22	SES019	-1.11378	-11.1513	-10.0375
BLOCK01/SES011/SA011S22	SES042	1.86385	-8.17365	-10.0375
BLOCK01/SES011/SA011S22	SES082	0.192849	-9.84466	-10.0375
BLOCK01/SES011/SA011S22	SES206	0.471022	-9.56648	-10.0375
BLOCK01/SES011/SA011S24	SES019	-3.3016	-12.6186	-9.31697
BLOCK01/SES011/SA011S24	SES042	0.97836	-8.33861	-9.31697
BLOCK01/SES011/SA011S24	SES104	0.40086	-8.91611	-9.31697
BLOCK01/SES011/SA011S24	SES206	0.771904	-8.54507	-9.31697
BLOCK01/SES011/SA011S27	SES082	0.594727	-7.78223	-8.37695
BLOCK01/SES011/SA011S27	SES087	-2.23149	-10.6084	-8.37695
BLOCK01/SES011/SA011S27	SES125	-0.0765591	-8.45351	-8.37695
BLOCK01/SES011/SA011S27	SES206	-0.454012	-8.83097	-8.37695
BLOCK01/SES012/SA012S11	SES007	0.633119	-6.21448	-6.8476
BLOCK01/SES012/SA012S11	SES082	0.266559	-6.58104	-6.8476
BLOCK01/SES012/SA012S11	SES083	-1.65149	-8.49909	-6.8476
BLOCK01/SES012/SA012S11	SES206	0.157544	-6.69006	-6.8476
BLOCK01/SES012/SA012S14	SES082	0.0298796	-8.56391	-8.59379
BLOCK01/SES012/SA012S14	SES087	-1.40282	-9.99661	-8.59379
BLOCK01/SES012/SA012S14	SES206	0.950032	-7.64376	-8.59379
BLOCK01/SES012/SA012S14	SES292	-0.689805	-9.2836	-8.59379
BLOCK01/SES012/SA012S24	SES082	0.393594	-9.7911	-10.1847
BLOCK01/SES012/SA012S24	SES087	-1.67649	-11.8612	-10.1847
BLOCK01/SES012/SA012S24	SES120	-0.556472	-10.7412	-10.1847
BLOCK01/SES012/SA012S24	SES206	-0.936944	-11.1216	-10.1847
BLOCK01/SES012/SA012S26	SES019	-6.47531	-16.8072	-10.3319
BLOCK01/SES012/SA012S26	SES082	-0.316034	-10.6479	-10.3319
BLOCK01/SES012/SA012S26	SES206	0.978292	-9.3536	-10.3319
BLOCK01/SES012/SA012S26	SES292	-0.0750551	-10.4069	-10.3319
BLOCK01/SES012/SA012S29	SES062	-0.997104	-6.11767	-5.12056
BLOCK01/SES012/SA012S29	SES082	0.582178	-4.53839	-5.12056
BLOCK01/SES012/SA012S29	SES083	-1.49569	-6.61625	-5.12056
BLOCK01/SES012/SA012S29	SES206	1.10971	-4.01085	-5.12056
BLOCK01/SES013/SA013S16	SES062	-3.21296	-12.6383	-9.4253
BLOCK01/SES013/SA013S16	SES106	-1.7274	-11.1527	-9.4253
BLOCK01/SES013/SA013S16	SES206	-1.52058	-10.9459	-9.4253
BLOCK01/SES013/SA013S16	SES226	-2.94917	-12.3745	-9.4253
BLOCK01/SES013/SA013S17	SES062	-1.19196	-8.75388	-7.56192
BLOCK01/SES013/SA013S17	SES106	-1.08531	-8.64722	-7.56192
BLOCK01/SES013/SA013S17	SES206	0.154373	-7.40754	-7.56192
BLOCK01/SES013/SA013S17	SES226	0.324034	-7.23788	-7.56192
BLOCK01/SES013/SA013S23	SES104	0.540507	-8.47729	-9.0178
BLOCK01/SES013/SA013S23	SES106	0.412292	-8.6055	-9.0178
BLOCK01/SES013/SA013S23	SES206	-0.676538	-9.69433	-9.0178
BLOCK01/SES013/SA013S23	SES270	-0.645534	-9.66333	-9.0178
BLOCK01/SES013/SA013S25	SES042	-3.11447	-11.8099	-8.69547
BLOCK01/SES013/SA013S25	SES104	0.843636	-7.85184	-8.69547
BLOCK01/SES013/SA013S25	SES106	0.292588	-8.40289	-8.69547
BLOCK01/SES013/SA013S25	SES206	-0.988104	-9.68358	-8.69547
BLOCK01/SES013/SA013S29	SES062	-2.51246	-11.5402	-9.02772
BLOCK01/SES013/SA013S29	SES104	-0.00695419	-9.03467	-9.02772
BLOCK01/SES013/SA013S29	SES106	-0.022275	-9.04999	-9.02772
BLOCK01/SES013/SA013S29	SES206	-1.21661	-10.2443	-9.02772
BLOCK02/SES021/SA021S13	SES016	-1.44813	-9.40133	-7.9532
BLOCK02/SES021/SA021S13	SES029	-0.598527	-8.55173	-7.9532
BLOCK02/SES021/SA021S13	SES087	-1.70032	-9.65352	-7.9532
BLOCK02/SES021/SA021S13	SES206	-0.758016	-8.71122	-7.9532
BLOCK02/SES021/SA021S15	SES087	-0.278069	-7.65837	-7.38031
BLOCK02/SES021/SA021S15	SES125	0.499454	-6.88085	-7.38031
BLOCK02/SES021/SA021S15	SES206	-0.434691	-7.815	-7.38031
BLOCK02/SES021/SA021S15	SES226	-0.496123	-7.87643	-7.38031
BLOCK02/SES021/SA021S23	SES062	-2.43565	-11.1481	-8.71245
BLOCK02/SES021/SA021S23	SES087	-0.200769	-8.91322	-8.71245
BLOCK02/SES021/SA021S23	SES206	-0.804542	-9.51699	-8.71245
BLOCK02/SES021/SA021S23	SES226	-0.834085	-9.54654	-8.71245
BLOCK02/SES021/SA021S27	SES002	0.343163	-5.91467	-6.25784
BLOCK02/SES021/SA021S27	SES016	-2.48527	-8.7431	-6.25784
BLOCK02/SES021/SA021S27	SES019	-1.04165	-7.29948	-6.25784
BLOCK02/SES021/SA021S27	SES062	0.0620704	-6.19577	-6.25784
BLOCK02/SES021/SA021S29	SES087	0.231423	-7.75407	-7.98549
BLOCK02/SES021/SA021S29	SES125	-0.070117	-8.05561	-7.98549
BLOCK02/SES021/SA021S29	SES206	1.11725	-6.86824	-7.98549
BLOCK02/SES021/SA021S29	SES226	0.0226331	-7.96286	-7.98549
BLOCK04/SES043/SA043S09	SES083	0.0927515	-8.35442	-8.44717
BLOCK04/SES043/SA043S09	SES101	0.18475	-8.26242	-8.44717
BLOCK04/SES043/SA043S09	SES144	0.213844	-8.23333	-8.44717
BLOCK04/SES043/SA043S09	SES172	-0.460869	-8.90804	-8.44717
BLOCK04/SES043/SA043S11	SES083	0.4747	-5.74279	-6.21749
BLOCK04/SES043/SA043S11	SES101	0.545804	-5.67168	-6.21749
BLOCK04/SES043/SA043S11	SES144	1.12122	-5.09626	-6.21749
BLOCK04/SES043/SA043S11	SES172	-0.384835	-6.60232	-6.21749
BLOCK04/SES043/SA043S23	SES083	0.226829	-6.53791	-6.76474
BLOCK04/SES043/SA043S23	SES144	1.01748	-5.74726	-6.76474
BLOCK04/SES043/SA043S23	SES177	0.0869637	-6.67778	-6.76474
BLOCK04/SES043/SA043S23	SES275	-0.0830479	-6.84779	-6.76474
BLOCK04/SES043/SA043S26	SES083	-0.301616	-10.5199	-10.2182
BLOCK04/SES043/SA043S26	SES101	-0.0293026	-10.2475	-10.2182
BLOCK04/SES043/SA043S26	SES144	0.0538034	-10.1644	-10.2182
BLOCK04/SES043/SA043S26	SES177	-1.10705	-11.3253	-10.2182
BLOCK04/SES043/SA043S28	SES016	-1.3523	-8.76764	-7.41535
BLOCK04/SES043/SA043S28	SES083	-0.138614	-7.55396	-7.41535
BLOCK04/SES043/SA043S28	SES101	0.151189	-7.26416	-7.41535
BLOCK04/SES043/SA043S28	SES144	-0.181915	-7.59726	-7.41535
BLOCK04/SES044/SA044S10	SES127	-6.30967	-17.2112	-10.9015
BLOCK04/SES044/SA044S10	SES144	-1.0666	-11.9681	-10.9015
BLOCK04/SES044/SA044S10	SES147	-4.03353	-14.9351	-10.9015
BLOCK04/SES044/SA044S10	SES148	-3.95488	-14.8564	-10.9015
BLOCK04/SES044/SA044S11	SES101	-0.910357	-9.79268	-8.88233
BLOCK04/SES044/SA044S11	SES144	0.310046	-8.57228	-8.88233
BLOCK04/SES044/SA044S11	SES147	-1.74984	-10.6322	-8.88233
BLOCK04/SES044/SA044S11	SES177	-1.43563	-10.318	-8.88233
BLOCK04/SES044/SA044S24	SES007	-1.69997	-10.0103	-8.31031
BLOCK04/SES044/SA044S24	SES101	-0.32725	-8.63756	-8.31031
BLOCK04/SES044/SA044S24	SES147	-2.27418	-10.5845	-8.31031
BLOCK04/SES044/SA044S24	SES177	-0.981145	-9.29145	-8.31031
BLOCK04/SES044/SA044S26	SES007	-0.2484	-6.65452	-6.40612
BLOCK04/SES044/SA044S26	SES016	-0.356392	-6.76251	-6.40612
BLOCK04/SES044/SA044S26	SES101	-0.614329	-7.02045	-6.40612
BLOCK04/SES044/SA044S26	SES147	0.224514	-6.18161	-6.40612
BLOCK04/SES044/SA044S29	SES007	-0.784616	-7.94848	-7.16387
BLOCK04/SES044/SA044S29	SES101	-0.339505	-7.50337	-7.16387
BLOCK04/SES044/SA044S29	SES147	-0.526697	-7.69057	-7.16387
BLOCK04/SES044/SA044S29	SES177	-0.580725	-7.74459	-7.16387
BLOCK04/SES046/SA046S13	SES101	0.144575	-8.7367	-8.88128
BLOCK04/SES046/SA046S13	SES144	0.240974	-8.6403	-8.88128
BLOCK04/SES046/SA046S13	SES147	-1.04977	-9.93105	-8.88128
BLOCK04/SES046/SA046S13	SES177	-0.687152	-9.56843	-8.88128
BLOCK04/SES046/SA046S15	SES048	1.21798	-4.03663	-5.25461
BLOCK04/SES046/SA046S15	SES083	0.112726	-5.14188	-5.25461
BLOCK04/SES046/SA046S15	SES120	-0.563021	-5.81763	-5.25461
BLOCK04/SES046/SA046S15	SES148	-0.504303	-5.75891	-5.25461
BLOCK04/SES046/SA046S22	SES101	0.146791	-7.47304	-7.61983
BLOCK04/SES046/SA046S22	SES144	0.677675	-6.94216	-7.61983
BLOCK04/SES046/SA046S22	SES147	-0.505569	-8.1254	-7.61983
BLOCK04/SES046/SA046S22	SES172	0.61482	-7.00501	-7.61983
BLOCK04/SES046/SA046S25	SES083	0.269146	-5.53166	-5.8008
BLOCK04/SES046/SA046S25	SES127	-0.528973	-6.32978	-5.8008
BLOCK04/SES046/SA046S25	SES144	0.385123	-5.41568	-5.8008
BLOCK04/SES046/SA046S25	SES148	0.0195732	-5.78123	-5.8008
BLOCK04/SES046/SA046S28	SES007	-0.988692	-8.03455	-7.04586
BLOCK04/SES046/SA046S28	SES105	-1.40184	-8.4477	-7.04586
BLOCK04/SES046/SA046S28	SES147	-2.59281	-9.63867	-7.04586
BLOCK04/SES046/SA046S28	SES148	-2.88847	-9.93433	-7.04586
BLOCK04/SES049/SA049S16	SES104	-0.360271	-9.42661	-9.06634
BLOCK04/SES049/SA049S16	SES106	-1.854	-10.9203	-9.06634
BLOCK04/SES049/SA049S16	SES120	-0.35413	-9.42047	-9.06634
BLOCK04/SES049/SA049S16	SES206	-0.775486	-9.84183	-9.06634
BLOCK04/SES049/SA049S18	SES099	0.337191	-8.48849	-8.82568
BLOCK04/SES049/SA049S18	SES104	-0.595556	-9.42124	-8.82568
BLOCK04/SES049/SA049S18	SES125	-1.31167	-10.1374	-8.82568
BLOCK04/SES049/SA049S18	SES206	-2.52701	-11.3527	-8.82568
BLOCK04/SES049/SA049S25	SES087	-0.231715	-9.70868	-9.47696
BLOCK04/SES049/SA049S25	SES104	0.657985	-8.81898	-9.47696
BLOCK04/SES049/SA049S25	SES125	-0.525353	-10.0023	-9.47696
BLOCK04/SES049/SA049S25	SES206	0.0305939	-9.44637	-9.47696
BLOCK04/SES049/SA049S27	SES099	0.206073	-4.92477	-5.13085
BLOCK04/SES049/SA049S27	SES104	0.802711	-4.32813	-5.13085
BLOCK04/SES049/SA049S27	SES125	-1.15376	-6.2846	-5.13085
BLOCK04/SES049/SA049S27	SES206	-1.26827	-6.39911	-5.13085
BLOCK04/SES049/SA049S29	SES099	0.967171	-5.31428	-6.28145
BLOCK04/SES049/SA049S29	SES104	0.944941	-5.33651	-6.28145
BLOCK04/SES049/SA049S29	SES125	0.00654173	-6.2749	-6.28145
BLOCK04/SES049/SA049S29	SES206	-0.313596	-6.59504	-6.28145
BLOCK06/SES063/SA063S09	SES068	-1.27152	-10.6259	-9.35434
BLOCK06/SES063/SA063S09	SES083	-0.0196075	-9.37395	-9.35434
BLOCK06/SES063/SA063S09	SES177	0.03368	-9.32066	-9.35434
BLOCK06/SES063/SA063S09	SES187	-0.325685	-9.68002	-9.35434
BLOCK06/SES063/SA063S10	SES068	-1.6627	-10.2734	-8.61069
BLOCK06/SES063/SA063S10	SES083	-0.918116	-9.52881	-8.61069
BLOCK06/SES063/SA063S10	SES172	-0.618941	-9.22963	-8.61069
BLOCK06/SES063/SA063S10	SES187	0.0948448	-8.51585	-8.61069
BLOCK06/SES063/SA063S20	SES068	-2.19962	-11.7639	-9.56428
BLOCK06/SES063/SA063S20	SES083	0.0329981	-9.53128	-9.56428
BLOCK06/SES063/SA063S20	SES172	0.0787792	-9.4855	-9.56428
BLOCK06/SES063/SA063S20	SES187	0.164833	-9.39945	-9.56428
BLOCK06/SES063/SA063S24	SES029	-2.06756	-11.0933	-9.02579
BLOCK06/SES063/SA063S24	SES083	-0.28838	-9.31417	-9.02579
BLOCK06/SES063/SA063S24	SES177	-0.924005	-9.94979	-9.02579
BLOCK06/SES063/SA063S24	SES189	0.135377	-8.89041	-9.02579
BLOCK06/SES063/SA063S27	SES083	-0.249182	-9.24363	-8.99445
BLOCK06/SES063/SA063S27	SES172	-0.539216	-9.53366	-8.99445
BLOCK06/SES063/SA063S27	SES187	-0.0961123	-9.09056	-8.99445
BLOCK06/SES063/SA063S27	SES292	-0.603961	-9.59841	-8.99445
BLOCK06/SES067/SA067S12	SES083	-0.608522	-7.5889	-6.98038
BLOCK06/SES067/SA067S12	SES172	-0.960494	-7.94088	-6.98038
BLOCK06/SES067/SA067S12	SES202	-0.494317	-7.4747	-6.98038
BLOCK06/SES067/SA067S12	SES292	-0.611468	-7.59185	-6.98038
BLOCK06/SES067/SA067S14	SES085	-0.305703	-4.87769	-4.57199
BLOCK06/SES067/SA067S14	SES177	-0.931993	-5.50398	-4.57199
BLOCK06/SES067/SA067S14	SES183	1.48443	-3.08756	-4.57199
BLOCK06/SES067/SA067S14	SES202	-0.280405	-4.8524	-4.57199
BLOCK06/SES067/SA067S21	SES144	-0.185736	-8.65593	-8.4702
BLOCK06/SES067/SA067S21	SES177	0.119143	-8.35105	-8.4702
BLOCK06/SES067/SA067S21	SES183	1.6044	-6.8658	-8.4702
BLOCK06/SES067/SA067S21	SES189	1.2498	-7.22039	-8.4702
BLOCK06/SES067/SA067S25	SES085	-1.83297	-9.32657	-7.4936
BLOCK06/SES067/SA067S25	SES177	-0.165965	-7.65957	-7.4936
BLOCK06/SES067/SA067S25	SES183	0.289191	-7.20441	-7.4936
BLOCK06/SES067/SA067S25	SES202	-0.27397	-7.76757	-7.4936
BLOCK06/SES067/SA067S29	SES085	-3.88639	-12.7504	-8.86401
BLOCK06/SES067/SA067S29	SES177	-1.78542	-10.6494	-8.86401
BLOCK06/SES067/SA067S29	SES183	0.835714	-8.0283	-8.86401
BLOCK06/SES067/SA067S29	SES202	-2.35339	-11.2174	-8.86401
BLOCK06/SES069/SA069S12	SES029	-1.2088	-7.76363	-6.55483
BLOCK06/SES069/SA069S12	SES082	0.441319	-6.11351	-6.55483
BLOCK06/SES069/SA069S12	SES087	-0.110931	-6.66576	-6.55483
BLOCK06/SES069/SA069S12	SES206	0.556201	-5.99863	-6.55483
BLOCK06/SES069/SA069S13	SES029	-0.71734	-6.87015	-6.15281
BLOCK06/SES069/SA069S13	SES087	0.546183	-5.60663	-6.15281
BLOCK06/SES069/SA069S13	SES206	-0.602352	-6.75517	-6.15281
BLOCK06/SES069/SA069S13	SES226	0.599686	-5.55313	-6.15281
BLOCK06/SES069/SA069S23	SES029	0.790486	-4.06307	-4.85356
BLOCK06/SES069/SA069S23	SES087	1.63299	-3.22056	-4.85356
BLOCK06/SES069/SA069S23	SES206	0.203454	-4.6501	-4.85356
BLOCK06/SES069/SA069S23	SES226	1.03593	-3.81762	-4.85356
BLOCK06/SES069/SA069S25	SES087	0.529585	-6.11192	-6.64151
BLOCK06/SES069/SA069S25	SES206	-1.14757	-7.78907	-6.64151
BLOCK06/SES069/SA069S25	SES226	-0.330147	-6.97165	-6.64151
BLOCK06/SES069/SA069S25	SES270	-0.136818	-6.77832	-6.64151
BLOCK06/SES069/SA069S27	SES087	-0.335911	-7.40471	-7.0688
BLOCK06/SES069/SA069S27	SES206	0.170723	-6.89808	-7.0688
BLOCK06/SES069/SA069S27	SES226	0.257092	-6.81171	-7.0688
BLOCK06/SES069/SA069S27	SES270	-0.662139	-7.73094	-7.0688
BLOCK08/SES081/SA081S11	SES060	-1.04469	-9.31136	-8.26667
BLOCK08/SES081/SA081S11	SES062	-0.171939	-8.43861	-8.26667
BLOCK08/SES081/SA081S11	SES117	-1.08942	-9.35609	-8.26667
BLOCK08/SES081/SA081S11	SES162	-1.64659	-9.91327	-8.26667
BLOCK08/SES081/SA081S13	SES016	-1.42017	-8.53921	-7.11904
BLOCK08/SES081/SA081S13	SES060	0.198989	-6.92005	-7.11904
BLOCK08/SES081/SA081S13	SES068	-0.454955	-7.574	-7.11904
BLOCK08/SES081/SA081S13	SES129	-0.770882	-7.88992	-7.11904
BLOCK08/SES081/SA081S24	SES060	0.556699	-6.98421	-7.54091
BLOCK08/SES081/SA081S24	SES068	0.323527	-7.21739	-7.54091
BLOCK08/SES081/SA081S24	SES117	0.385048	-7.15586	-7.54091
BLOCK08/SES081/SA081S24	SES275	0.535807	-7.00511	-7.54091
BLOCK08/SES081/SA081S27	SES007	0.121903	-10.1331	-10.255
BLOCK08/SES081/SA081S27	SES060	-0.621937	-10.8769	-10.255
BLOCK08/SES081/SA081S27	SES117	0.29108	-9.96388	-10.255
BLOCK08/SES081/SA081S27	SES275	-0.975982	-11.2309	-10.255
BLOCK08/SES081/SA081S29	SES007	0.958629	-9.12473	-10.0834
BLOCK08/SES081/SA081S29	SES060	-0.0246496	-10.108	-10.0834
BLOCK08/SES081/SA081S29	SES117	0.274275	-9.80908	-10.0834
BLOCK08/SES081/SA081S29	SES275	-1.10646	-11.1898	-10.0834
BLOCK08/SES086/SA086S11	SES029	-2.52121	-13.0586	-10.5374
BLOCK08/SES086/SA086S11	SES082	-0.464081	-11.0015	-10.5374
BLOCK08/SES086/SA086S11	SES087	0.783269	-9.75411	-10.5374
BLOCK08/SES086/SA086S11	SES206	-1.00882	-11.5462	-10.5374
BLOCK08/SES086/SA086S12	SES029	-2.06886	-10.8306	-8.76174
BLOCK08/SES086/SA086S12	SES082	-1.19895	-9.9607	-8.76174
BLOCK08/SES086/SA086S12	SES087	0.811261	-7.95048	-8.76174
BLOCK08/SES086/SA086S12	SES206	-0.13416	-8.8959	-8.76174
BLOCK08/SES086/SA086S20	SES029	-2.95245	-11.1698	-8.21736
BLOCK08/SES086/SA086S20	SES082	-0.933509	-9.15087	-8.21736
BLOCK08/SES086/SA086S20	SES087	0.573108	-7.64425	-8.21736
BLOCK08/SES086/SA086S20	SES206	0.546907	-7.67045	-8.21736
BLOCK08/SES086/SA086S24	SES087	0.323891	-8.94634	-9.27023
BLOCK08/SES086/SA086S24	SES104	-0.165991	-9.43622	-9.27023
BLOCK08/SES086/SA086S24	SES120	0.211165	-9.05907	-9.27023
BLOCK08/SES086/SA086S24	SES206	0.905685	-8.36455	-9.27023
BLOCK08/SES086/SA086S28	SES029	-1.99498	-9.08652	-7.09155
BLOCK08/SES086/SA086S28	SES082	-0.473249	-7.5648	-7.09155
BLOCK08/SES086/SA086S28	SES087	0.565814	-6.52573	-7.09155
BLOCK08/SES086/SA086S28	SES206	0.53627	-6.55528	-7.09155
BLOCK08/SES089/SA089S13	SES087	-0.216795	-9.33315	-9.11636
BLOCK08/SES089/SA089S13	SES206	-2.009	-11.1254	-9.11636
BLOCK08/SES089/SA089S13	SES226	-0.47149	-9.58785	-9.11636
BLOCK08/SES089/SA089S13	SES270	-0.899772	-10.0161	-9.11636
BLOCK08/SES089/SA089S14	SES062	-2.19277	-10.4117	-8.21898
BLOCK08/SES089/SA089S14	SES087	0.167634	-8.05134	-8.21898
BLOCK08/SES089/SA089S14	SES206	-0.772425	-8.9914	-8.21898
BLOCK08/SES089/SA089S14	SES226	-1.34227	-9.56125	-8.21898
BLOCK08/SES089/SA089S23	SES087	-0.170339	-11.5893	-11.4189
BLOCK08/SES089/SA089S23	SES206	-0.773348	-12.1923	-11.4189
BLOCK08/SES089/SA089S23	SES226	-2.06058	-13.4795	-11.4189
BLOCK08/SES089/SA089S23	SES270	-2.29319	-13.7121	-11.4189
BLOCK08/SES089/SA089S25	SES062	-1.62556	-9.89493	-8.26937
BLOCK08/SES089/SA089S25	SES087	0.403212	-7.86615	-8.26937
BLOCK08/SES089/SA089S25	SES206	-0.947269	-9.21664	-8.26937
BLOCK08/SES089/SA089S25	SES226	0.0217514	-8.24761	-8.26937
BLOCK08/SES089/SA089S28	SES062	-0.926094	-9.08914	-8.16305
BLOCK08/SES089/SA089S28	SES087	0.896404	-7.26664	-8.16305
BLOCK08/SES089/SA089S28	SES206	-0.304845	-8.46789	-8.16305
BLOCK08/SES089/SA089S28	SES226	-0.0752916	-8.23834	-8.16305
BLOCK09/SES097/SA097S11	SES099	1.55521	-6.71467	-8.26989
BLOCK09/SES097/SA097S11	SES125	0.16093	-8.10896	-8.26989
BLOCK09/SES097/SA097S11	SES206	-0.690881	-8.96077	-8.26989
BLOCK09/SES097/SA097S11	SES226	1.42147	-6.84841	-8.26989
BLOCK09/SES097/SA097S14	SES062	-1.78717	-8.37265	-6.58548
BLOCK09/SES097/SA097S14	SES099	-0.0644326	-6.64991	-6.58548
BLOCK09/SES097/SA097S14	SES104	-1.36759	-7.95306	-6.58548
BLOCK09/SES097/SA097S14	SES206	-1.96892	-8.55439	-6.58548
BLOCK09/SES097/SA097S22	SES099	1.31288	-6.79796	-8.11084
BLOCK09/SES097/SA097S22	SES206	-0.479089	-8.58993	-8.11084
BLOCK09/SES097/SA097S22	SES226	-1.64038	-9.75122	-8.11084
BLOCK09/SES097/SA097S22	SES270	0.0490942	-8.06174	-8.11084
BLOCK09/SES097/SA097S26	SES099	1.533	-7.41656	-8.94956
BLOCK09/SES097/SA097S26	SES120	0.625305	-8.32426	-8.94956
BLOCK09/SES097/SA097S26	SES206	-1.03563	-9.98519	-8.94956
BLOCK09/SES097/SA097S26	SES226	0.0220661	-8.9275	-8.94956
BLOCK09/SES097/SA097S28	SES099	1.89191	-5.66655	-7.55846
BLOCK09/SES097/SA097S28	SES120	0.335503	-7.22296	-7.55846
BLOCK09/SES097/SA097S28	SES206	-0.25656	-7.81502	-7.55846
BLOCK09/SES097/SA097S28	SES226	-0.616522	-8.17498	-7.55846
BLOCK09/SES098/SA098S11	SES127	-0.542601	-8.22015	-7.67755
BLOCK09/SES098/SA098S11	SES144	-0.027503	-7.70505	-7.67755
BLOCK09/SES098/SA098S11	SES147	0.760687	-6.91686	-7.67755
BLOCK09/SES098/SA098S11	SES148	-1.17591	-8.85345	-7.67755
BLOCK09/SES098/SA098S12	SES127	-2.25807	-11.5347	-9.27668
BLOCK09/SES098/SA098S12	SES144	-2.1206	-11.3973	-9.27668
BLOCK09/SES098/SA098S12	SES147	-0.957892	-10.2346	-9.27668
BLOCK09/SES098/SA098S12	SES189	-0.315583	-9.59226	-9.27668
BLOCK09/SES098/SA098S20	SES127	-3.47373	-13.5207	-10.0469
BLOCK09/SES098/SA098S20	SES147	-2.62441	-12.6714	-10.0469
BLOCK09/SES098/SA098S20	SES148	-3.93053	-13.9775	-10.0469
BLOCK09/SES098/SA098S20	SES292	-0.147203	-10.1941	-10.0469
BLOCK09/SES098/SA098S23	SES127	-1.14651	-9.2908	-8.14429
BLOCK09/SES098/SA098S23	SES147	-0.709855	-8.85414	-8.14429
BLOCK09/SES098/SA098S23	SES187	0.391293	-7.75299	-8.14429
BLOCK09/SES098/SA098S23	SES292	0.115731	-8.02856	-8.14429
BLOCK09/SES098/SA098S27	SES127	-4.0056	-12.6115	-8.60593
BLOCK09/SES098/SA098S27	SES147	-1.99004	-10.596	-8.60593
BLOCK09/SES098/SA098S27	SES148	-3.18733	-11.7933	-8.60593
BLOCK09/SES098/SA098S27	SES292	-0.386591	-8.99252	-8.60593
BLOCK10/SES102/SA102S13	SES101	-0.226491	-10.0764	-9.84988
BLOCK10/SES102/SA102S13	SES105	-1.64864	-11.4985	-9.84988
BLOCK10/SES102/SA102S13	SES120	-0.86063	-10.7105	-9.84988
BLOCK10/SES102/SA102S13	SES158	-0.397027	-10.2469	-9.84988
BLOCK10/SES102/SA102S14	SES007	2.04713	-4.22736	-6.27449
BLOCK10/SES102/SA102S14	SES101	1.03935	-5.23514	-6.27449
BLOCK10/SES102/SA102S14	SES105	0.407167	-5.86732	-6.27449
BLOCK10/SES102/SA102S14	SES147	-1.15015	-7.42464	-6.27449
BLOCK10/SES102/SA102S22	SES007	-0.338291	-7.51705	-7.17876
BLOCK10/SES102/SA102S22	SES101	0.161662	-7.01709	-7.17876
BLOCK10/SES102/SA102S22	SES105	0.432701	-6.74606	-7.17876
BLOCK10/SES102/SA102S22	SES158	-0.0409222	-7.21968	-7.17876
BLOCK10/SES102/SA102S25	SES007	0.585475	-6.67992	-7.2654
BLOCK10/SES102/SA102S25	SES101	0.260947	-7.00445	-7.2654
BLOCK10/SES102/SA102S25	SES105	-0.288946	-7.55434	-7.2654
BLOCK10/SES102/SA102S25	SES147	-1.60237	-8.86777	-7.2654
BLOCK10/SES102/SA102S27	SES007	0.969438	-5.97283	-6.94227
BLOCK10/SES102/SA102S27	SES101	1.20368	-5.73859	-6.94227
BLOCK10/SES102/SA102S27	SES105	-0.01157	-6.95384	-6.94227
BLOCK10/SES102/SA102S27	SES147	-0.87353	-7.8158	-6.94227
BLOCK10/SES103/SA103S14	SES105	-1.25593	-11.3488	-10.0929
BLOCK10/SES103/SA103S14	SES106	-1.27541	-11.3683	-10.0929
BLOCK10/SES103/SA103S14	SES120	-1.47401	-11.5669	-10.0929
BLOCK10/SES103/SA103S14	SES206	-1.84834	-11.9412	-10.0929
BLOCK10/SES103/SA103S15	SES099	-2.384	-13.744	-11.36
BLOCK10/SES103/SA103S15	SES101	-4.90433	-16.2643	-11.36
BLOCK10/SES103/SA103S15	SES104	-0.478541	-11.8385	-11.36
BLOCK10/SES103/SA103S15	SES125	-3.26112	-14.6211	-11.36
BLOCK10/SES103/SA103S24	SES104	-0.163627	-8.2883	-8.12467
BLOCK10/SES103/SA103S24	SES125	-3.09669	-11.2214	-8.12467
BLOCK10/SES103/SA103S24	SES148	-1.65096	-9.77563	-8.12467
BLOCK10/SES103/SA103S24	SES158	-0.994081	-9.11875	-8.12467
BLOCK10/SES103/SA103S26	SES104	-0.52994	-10.6852	-10.1553
BLOCK10/SES103/SA103S26	SES106	-1.07849	-11.2337	-10.1553
BLOCK10/SES103/SA103S26	SES125	-1.93978	-12.095	-10.1553
BLOCK10/SES103/SA103S26	SES148	-3.91572	-14.071	-10.1553
BLOCK10/SES103/SA103S28	SES104	-0.73606	-11.6581	-10.922
BLOCK10/SES103/SA103S28	SES106	-2.60463	-13.5267	-10.922
BLOCK10/SES103/SA103S28	SES125	-2.65731	-13.5793	-10.922
BLOCK10/SES103/SA103S28	SES206	-2.44523	-13.3673	-10.922
BLOCK12/SES121/SA121S12	SES042	-1.7781	-10.1206	-8.34245
BLOCK12/SES121/SA121S12	SES087	-0.618892	-8.96134	-8.34245
BLOCK12/SES121/SA121S12	SES105	-0.0084343	-8.35089	-8.34245
BLOCK12/SES121/SA121S12	SES206	0.545741	-7.79671	-8.34245
BLOCK12/SES121/SA121S14	SES007	-0.692303	-12.5069	-11.8146
BLOCK12/SES121/SA121S14	SES105	-1.53971	-13.3543	-11.8146
BLOCK12/SES121/SA121S14	SES106	-1.70848	-13.5231	-11.8146
BLOCK12/SES121/SA121S14	SES206	-0.0807695	-11.8954	-11.8146
BLOCK12/SES121/SA121S23	SES105	-1.40856	-11.8355	-10.4269
BLOCK12/SES121/SA121S23	SES106	-1.16655	-11.5935	-10.4269
BLOCK12/SES121/SA121S23	SES120	-0.276012	-10.7029	-10.4269
BLOCK12/SES121/SA121S23	SES206	1.12557	-9.30136	-10.4269
BLOCK12/SES121/SA121S25	SES007	0.208612	-11.3395	-11.5481
BLOCK12/SES121/SA121S25	SES105	-2.02021	-13.5683	-11.5481
BLOCK12/SES121/SA121S25	SES106	-0.143522	-11.6916	-11.5481
BLOCK12/SES121/SA121S25	SES206	0.252667	-11.2954	-11.5481
BLOCK12/SES121/SA121S27	SES087	0.0394716	-11.5721	-11.6116
BLOCK12/SES121/SA121S27	SES105	-1.76236	-13.374	-11.6116
BLOCK12/SES121/SA121S27	SES120	1.02273	-10.5889	-11.6116
BLOCK12/SES121/SA121S27	SES206	0.25352	-11.3581	-11.6116
BLOCK12/SES124/SA124S16	SES042	0.337674	-6.29067	-6.62834
BLOCK12/SES124/SA124S16	SES082	-0.313505	-6.94184	-6.62834
BLOCK12/SES124/SA124S16	SES183	-0.523239	-7.15158	-6.62834
BLOCK12/SES124/SA124S16	SES206	-0.807663	-7.436	-6.62834
BLOCK12/SES124/SA124S17	SES105	-0.858251	-10.3101	-9.45182
BLOCK12/SES124/SA124S17	SES149	0.210624	-9.24119	-9.45182
BLOCK12/SES124/SA124S17	SES158	-0.884784	-10.3366	-9.45182
BLOCK12/SES124/SA124S17	SES275	-0.234875	-9.68669	-9.45182
BLOCK12/SES124/SA124S23	SES105	-1.63093	-8.13626	-6.50534
BLOCK12/SES124/SA124S23	SES125	1.81149	-4.69384	-6.50534
BLOCK12/SES124/SA124S23	SES129	-1.46118	-7.96652	-6.50534
BLOCK12/SES124/SA124S23	SES158	-0.0313983	-6.53673	-6.50534
BLOCK12/SES124/SA124S26	SES105	-2.18258	-10.3135	-8.1309
BLOCK12/SES124/SA124S26	SES125	0.335364	-7.79554	-8.1309
BLOCK12/SES124/SA124S26	SES129	-0.846842	-8.97774	-8.1309
BLOCK12/SES124/SA124S26	SES158	-0.00331593	-8.13422	-8.1309
BLOCK12/SES124/SA124S28	SES104	0.872788	-6.13841	-7.01119
BLOCK12/SES124/SA124S28	SES106	0.686684	-6.32451	-7.01119
BLOCK12/SES124/SA124S28	SES125	1.80974	-5.20145	-7.01119
BLOCK12/SES124/SA124S28	SES275	-0.886298	-7.89749	-7.01119
BLOCK12/SES126/SA126S13	SES007	0.512742	-8.56308	-9.07583
BLOCK12/SES126/SA126S13	SES162	-1.24564	-10.3215	-9.07583
BLOCK12/SES126/SA126S13	SES177	0.0376015	-9.03823	-9.07583
BLOCK12/SES126/SA126S13	SES180	-0.802871	-9.8787	-9.07583
BLOCK12/SES126/SA126S14	SES144	-0.281063	-8.02079	-7.73972
BLOCK12/SES126/SA126S14	SES148	-1.06525	-8.80498	-7.73972
BLOCK12/SES126/SA126S14	SES177	0.341872	-7.39785	-7.73972
BLOCK12/SES126/SA126S14	SES180	-0.436944	-8.17667	-7.73972
BLOCK12/SES126/SA126S20	SES007	-0.0759435	-5.76706	-5.69112
BLOCK12/SES126/SA126S20	SES162	-0.643793	-6.33491	-5.69112
BLOCK12/SES126/SA126S20	SES172	-0.21907	-5.91019	-5.69112
BLOCK12/SES126/SA126S20	SES180	-0.177217	-5.86834	-5.69112
BLOCK12/SES126/SA126S24	SES120	1.07366	-5.95225	-7.02591
BLOCK12/SES126/SA126S24	SES162	-0.593412	-7.61932	-7.02591
BLOCK12/SES126/SA126S24	SES177	0.770118	-6.25579	-7.02591
BLOCK12/SES126/SA126S24	SES180	0.28304	-6.74287	-7.02591
BLOCK12/SES126/SA126S26	SES120	1.1607	-5.55504	-6.71575
BLOCK12/SES126/SA126S26	SES177	-0.0622025	-6.77795	-6.71575
BLOCK12/SES126/SA126S26	SES180	0.817145	-5.8986	-6.71575
BLOCK12/SES126/SA126S26	SES202	-0.411973	-7.12772	-6.71575
BLOCK12/SES128/SA128S10	SES087	-0.190706	-7.79332	-7.60261
BLOCK12/SES128/SA128S10	SES206	0.187193	-7.41542	-7.60261
BLOCK12/SES128/SA128S10	SES226	0.0180221	-7.58459	-7.60261
BLOCK12/SES128/SA128S10	SES270	-0.0168242	-7.61943	-7.60261
BLOCK12/SES128/SA128S12	SES120	1.56673	-7.20509	-8.77182
BLOCK12/SES128/SA128S12	SES158	-0.558041	-9.32986	-8.77182
BLOCK12/SES128/SA128S12	SES206	0.801364	-7.97045	-8.77182
BLOCK12/SES128/SA128S12	SES226	-0.861585	-9.6334	-8.77182
BLOCK12/SES128/SA128S21	SES106	-3.1825	-10.4803	-7.29783
BLOCK12/SES128/SA128S21	SES120	0.0102057	-7.28762	-7.29783
BLOCK12/SES128/SA128S21	SES206	-0.351885	-7.64971	-7.29783
BLOCK12/SES128/SA128S21	SES226	-1.03351	-8.33134	-7.29783
BLOCK12/SES128/SA128S24	SES087	0.33901	-8.57013	-8.90914
BLOCK12/SES128/SA128S24	SES120	0.772844	-8.1363	-8.90914
BLOCK12/SES128/SA128S24	SES206	0.496343	-8.4128	-8.90914
BLOCK12/SES128/SA128S24	SES226	-0.439954	-9.3491	-8.90914
BLOCK12/SES128/SA128S27	SES099	0.90332	-6.70653	-7.60985
BLOCK12/SES128/SA128S27	SES120	0.773143	-6.8367	-7.60985
BLOCK12/SES128/SA128S27	SES206	0.503239	-7.10661	-7.60985
BLOCK12/SES128/SA128S27	SES226	-0.592502	-8.20235	-7.60985
BLOCK13/SES130/SA130S13	SES143	0.201762	-8.05701	-8.25877
BLOCK13/SES130/SA130S13	SES144	1.08486	-7.17391	-8.25877
BLOCK13/SES130/SA130S13	SES146	-1.38641	-9.64518	-8.25877
BLOCK13/SES130/SA130S13	SES275	-0.382935	-8.64171	-8.25877
BLOCK13/SES130/SA130S15	SES143	0.595514	-5.83041	-6.42592
BLOCK13/SES130/SA130S15	SES144	1.30211	-5.12381	-6.42592
BLOCK13/SES130/SA130S15	SES146	0.550386	-5.87553	-6.42592
BLOCK13/SES130/SA130S15	SES275	0.298131	-6.12779	-6.42592
BLOCK13/SES130/SA130S23	SES127	-0.403219	-7.03238	-6.62917
BLOCK13/SES130/SA130S23	SES144	1.07826	-5.55091	-6.62917
BLOCK13/SES130/SA130S23	SES146	-0.0700092	-6.69918	-6.62917
BLOCK13/SES130/SA130S23	SES162	0.10078	-6.52839	-6.62917
BLOCK13/SES130/SA130S25	SES127	0.0901613	-4.80489	-4.89505
BLOCK13/SES130/SA130S25	SES144	1.03283	-3.86222	-4.89505
BLOCK13/SES130/SA130S25	SES146	0.710651	-4.1844	-4.89505
BLOCK13/SES130/SA130S25	SES275	-0.139503	-5.03456	-4.89505
BLOCK13/SES130/SA130S28	SES127	-0.139409	-7.39167	-7.25226
BLOCK13/SES130/SA130S28	SES144	-0.479919	-7.73218	-7.25226
BLOCK13/SES130/SA130S28	SES146	0.263395	-6.98886	-7.25226
BLOCK13/SES130/SA130S28	SES275	-0.334619	-7.58688	-7.25226
BLOCK13/SES131/SA131S13	SES002	-1.59343	-10.2558	-8.66234
BLOCK13/SES131/SA131S13	SES007	-1.31211	-9.97446	-8.66234
BLOCK13/SES131/SA131S13	SES099	-0.388477	-9.05082	-8.66234
BLOCK13/SES131/SA131S13	SES105	-0.767809	-9.43015	-8.66234
BLOCK13/SES131/SA131S14	SES104	-0.258854	-4.71931	-4.46045
BLOCK13/SES131/SA131S14	SES106	-2.40014	-6.86059	-4.46045
BLOCK13/SES131/SA131S14	SES125	-0.933769	-5.39422	-4.46045
BLOCK13/SES131/SA131S14	SES148	0.664182	-3.79627	-4.46045
BLOCK13/SES131/SA131S20	SES104	-2.30127	-11.2621	-8.96079
BLOCK13/SES131/SA131S20	SES106	-2.28221	-11.243	-8.96079
BLOCK13/SES131/SA131S20	SES125	-1.82194	-10.7827	-8.96079
BLOCK13/SES131/SA131S20	SES148	-1.58989	-10.5507	-8.96079
BLOCK13/SES131/SA131S22	SES099	-1.34592	-8.01901	-6.67309
BLOCK13/SES131/SA131S22	SES104	-0.633973	-7.30707	-6.67309
BLOCK13/SES131/SA131S22	SES125	-0.178213	-6.85131	-6.67309
BLOCK13/SES131/SA131S22	SES206	-1.23014	-7.90323	-6.67309
BLOCK13/SES131/SA131S29	SES087	-1.36786	-9.82747	-8.45961
BLOCK13/SES131/SA131S29	SES104	-2.75835	-11.218	-8.45961
BLOCK13/SES131/SA131S29	SES125	-2.43553	-10.8951	-8.45961
BLOCK13/SES131/SA131S29	SES206	-2.55863	-11.0182	-8.45961
BLOCK13/SES132/SA132S11	SES083	-1.04828	-10.0858	-9.03752
BLOCK13/SES132/SA132S11	SES120	1.65049	-7.38703	-9.03752
BLOCK13/SES132/SA132S11	SES127	-1.67224	-10.7098	-9.03752
BLOCK13/SES132/SA132S11	SES275	-0.424647	-9.46217	-9.03752
BLOCK13/SES132/SA132S12	SES083	-1.25982	-8.4756	-7.21578
BLOCK13/SES132/SA132S12	SES143	-1.75919	-8.97497	-7.21578
BLOCK13/SES132/SA132S12	SES144	-0.921288	-8.13707	-7.21578
BLOCK13/SES132/SA132S12	SES148	-0.700813	-7.91659	-7.21578
BLOCK13/SES132/SA132S22	SES062	-0.0393229	-8.1257	-8.08638
BLOCK13/SES132/SA132S22	SES083	-0.693999	-8.78038	-8.08638
BLOCK13/SES132/SA132S22	SES127	-0.69872	-8.7851	-8.08638
BLOCK13/SES132/SA132S22	SES275	0.363229	-7.72315	-8.08638
BLOCK13/SES132/SA132S24	SES007	0.6022	-6.1804	-6.7826
BLOCK13/SES132/SA132S24	SES083	-1.51813	-8.30073	-6.7826
BLOCK13/SES132/SA132S24	SES127	-1.614	-8.39661	-6.7826
BLOCK13/SES132/SA132S24	SES275	-0.943509	-7.72611	-6.7826
BLOCK13/SES132/SA132S27	SES083	-3.08963	-12.2636	-9.17397
BLOCK13/SES132/SA132S27	SES120	1.77524	-7.39873	-9.17397
BLOCK13/SES132/SA132S27	SES127	-4.44899	-13.623	-9.17397
BLOCK13/SES132/SA132S27	SES275	-1.45965	-10.6336	-9.17397
BLOCK14/SES141/SA141S09	SES143	-0.396669	-6.6861	-6.28943
BLOCK14/SES141/SA141S09	SES144	0.448095	-5.84134	-6.28943
BLOCK14/SES141/SA141S09	SES162	-0.122153	-6.41159	-6.28943
BLOCK14/SES141/SA141S09	SES180	0.183155	-6.10628	-6.28943
BLOCK14/SES141/SA141S15	SES127	-0.125328	-7.53731	-7.41198
BLOCK14/SES141/SA141S15	SES144	-0.69403	-8.10601	-7.41198
BLOCK14/SES141/SA141S15	SES162	-1.07238	-8.48436	-7.41198
BLOCK14/SES141/SA141S15	SES180	-0.168891	-7.58087	-7.41198
BLOCK14/SES141/SA141S24	SES127	0.0690937	-8.3552	-8.42429
BLOCK14/SES141/SA141S24	SES144	-0.734043	-9.15834	-8.42429
BLOCK14/SES141/SA141S24	SES162	0.607509	-7.81678	-8.42429
BLOCK14/SES141/SA141S24	SES183	0.247863	-8.17643	-8.42429
BLOCK14/SES141/SA141S26	SES142	0.669914	-7.66617	-8.33608
BLOCK14/SES141/SA141S26	SES144	-1.17143	-9.50751	-8.33608
BLOCK14/SES141/SA141S26	SES172	0.108127	-8.22795	-8.33608
BLOCK14/SES141/SA141S26	SES180	-0.375297	-8.71138	-8.33608
BLOCK14/SES141/SA141S29	SES127	0.500947	-6.42827	-6.92922
BLOCK14/SES141/SA141S29	SES142	1.14459	-5.78463	-6.92922
BLOCK14/SES141/SA141S29	SES144	0.192886	-6.73633	-6.92922
BLOCK14/SES141/SA141S29	SES180	1.05257	-5.87665	-6.92922
BLOCK15/SES157/SA157S08	SES083	-1.26136	-7.47167	-6.21031
BLOCK15/SES157/SA157S08	SES127	-0.787337	-6.99765	-6.21031
BLOCK15/SES157/SA157S08	SES148	-0.556501	-6.76681	-6.21031
BLOCK15/SES157/SA157S08	SES292	-1.23132	-7.44163	-6.21031
BLOCK15/SES157/SA157S11	SES083	-1.10257	-7.91406	-6.81148
BLOCK15/SES157/SA157S11	SES127	-1.11661	-7.9281	-6.81148
BLOCK15/SES157/SA157S11	SES148	-1.21098	-8.02247	-6.81148
BLOCK15/SES157/SA157S11	SES292	-1.21781	-8.0293	-6.81148
BLOCK15/SES157/SA157S21	SES127	0.584903	-4.83891	-5.42382
BLOCK15/SES157/SA157S21	SES148	0.866301	-4.55752	-5.42382
BLOCK15/SES157/SA157S21	SES158	-4.22221	-9.64603	-5.42382
BLOCK15/SES157/SA157S21	SES292	-0.397614	-5.82143	-5.42382
BLOCK15/SES157/SA157S24	SES127	-0.954105	-8.77891	-7.8248
BLOCK15/SES157/SA157S24	SES148	-1.09472	-8.91952	-7.8248
BLOCK15/SES157/SA157S24	SES183	-0.543077	-8.36788	-7.8248
BLOCK15/SES157/SA157S24	SES292	-1.50069	-9.3255	-7.8248
BLOCK15/SES157/SA157S26	SES007	-0.313064	-6.84468	-6.53161
BLOCK15/SES157/SA157S26	SES127	0.55668	-5.97493	-6.53161
BLOCK15/SES157/SA157S26	SES147	-0.270043	-6.80165	-6.53161
BLOCK15/SES157/SA157S26	SES148	-1.00885	-7.54046	-6.53161
BLOCK16/SES161/SA161S10	SES007	-0.0460896	-7.75318	-7.70709
BLOCK16/SES161/SA161S10	SES105	0.059844	-7.64725	-7.70709
BLOCK16/SES161/SA161S10	SES158	-0.530317	-8.23741	-7.70709
BLOCK16/SES161/SA161S10	SES275	-0.416714	-8.12381	-7.70709
BLOCK16/SES161/SA161S12	SES007	-1.34349	-12.0644	-10.7209
BLOCK16/SES161/SA161S12	SES105	-0.840393	-11.5613	-10.7209
BLOCK16/SES161/SA161S12	SES158	-0.696093	-11.417	-10.7209
BLOCK16/SES161/SA161S12	SES275	-2.34075	-13.0616	-10.7209
BLOCK16/SES161/SA161S20	SES007	-0.338334	-10.7305	-10.3921
BLOCK16/SES161/SA161S20	SES105	-1.42181	-11.8139	-10.3921
BLOCK16/SES161/SA161S20	SES158	0.475513	-9.91662	-10.3921
BLOCK16/SES161/SA161S20	SES275	-2.9393	-13.3314	-10.3921
BLOCK16/SES161/SA161S23	SES007	-2.52529	-13.3775	-10.8522
BLOCK16/SES161/SA161S23	SES105	0.0789137	-10.7733	-10.8522
BLOCK16/SES161/SA161S23	SES148	-1.60938	-12.4616	-10.8522
BLOCK16/SES161/SA161S23	SES158	-1.46132	-12.3135	-10.8522
BLOCK16/SES161/SA161S28	SES007	-0.662305	-11.0301	-10.3678
BLOCK16/SES161/SA161S28	SES105	-1.82377	-12.1916	-10.3678
BLOCK16/SES161/SA161S28	SES158	0.956648	-9.41118	-10.3678
BLOCK16/SES161/SA161S28	SES206	-0.444525	-10.8124	-10.3678
BLOCK16/SES164/SA164S11	SES104	0.458215	-6.74265	-7.20086
BLOCK16/SES164/SA164S11	SES125	0.123999	-7.07687	-7.20086
BLOCK16/SES164/SA164S11	SES158	-0.0230637	-7.22393	-7.20086
BLOCK16/SES164/SA164S11	SES206	-1.23078	-8.43164	-7.20086
BLOCK16/SES164/SA164S13	SES099	-1.62957	-9.7275	-8.09793
BLOCK16/SES164/SA164S13	SES104	-1.84751	-9.94543	-8.09793
BLOCK16/SES164/SA164S13	SES125	-1.25718	-9.35511	-8.09793
BLOCK16/SES164/SA164S13	SES206	-2.52545	-10.6234	-8.09793
BLOCK16/SES164/SA164S24	SES002	0.520025	-7.14389	-7.66392
BLOCK16/SES164/SA164S24	SES099	-0.396878	-8.0608	-7.66392
BLOCK16/SES164/SA164S24	SES125	-0.506367	-8.17029	-7.66392
BLOCK16/SES164/SA164S24	SES226	0.1693	-7.49462	-7.66392
BLOCK16/SES164/SA164S27	SES087	-1.38124	-9.82429	-8.44304
BLOCK16/SES164/SA164S27	SES125	-1.73527	-10.1783	-8.44304
BLOCK16/SES164/SA164S27	SES206	-2.27836	-10.7214	-8.44304
BLOCK16/SES164/SA164S27	SES226	-2.89146	-11.3345	-8.44304
BLOCK16/SES164/SA164S29	SES002	-0.123457	-7.12431	-7.00086
BLOCK16/SES164/SA164S29	SES019	-2.81739	-9.81824	-7.00086
BLOCK16/SES164/SA164S29	SES125	-0.975362	-7.97622	-7.00086
BLOCK16/SES164/SA164S29	SES226	-1.32729	-8.32815	-7.00086
BLOCK16/SES169/SA169S13	SES117	-0.367042	-8.78045	-8.41341
BLOCK16/SES169/SA169S13	SES144	-0.827591	-9.241	-8.41341
BLOCK16/SES169/SA169S13	SES146	0.176202	-8.2372	-8.41341
BLOCK16/SES169/SA169S13	SES162	-0.359484	-8.77289	-8.41341
BLOCK16/SES169/SA169S14	SES144	-0.0560317	-5.49138	-5.43535
BLOCK16/SES169/SA169S14	SES148	0.809988	-4.62537	-5.43535
BLOCK16/SES169/SA169S14	SES177	0.363698	-5.07166	-5.43535
BLOCK16/SES169/SA169S14	SES180	0.240737	-5.19462	-5.43535
BLOCK16/SES169/SA169S24	SES117	0.0236149	-7.83101	-7.85463
BLOCK16/SES169/SA169S24	SES144	0.290908	-7.56372	-7.85463
BLOCK16/SES169/SA169S24	SES146	-0.422792	-8.27742	-7.85463
BLOCK16/SES169/SA169S24	SES162	0.382063	-7.47256	-7.85463
BLOCK16/SES169/SA169S27	SES127	-0.0250697	-7.26659	-7.24152
BLOCK16/SES169/SA169S27	SES129	-0.566468	-7.80799	-7.24152
BLOCK16/SES169/SA169S27	SES144	-0.740153	-7.98167	-7.24152
BLOCK16/SES169/SA169S27	SES146	-0.228987	-7.4705	-7.24152
BLOCK16/SES169/SA169S29	SES144	0.00113821	-5.57143	-5.57257
BLOCK16/SES169/SA169S29	SES162	0.269157	-5.30341	-5.57257
BLOCK16/SES169/SA169S29	SES177	-0.108726	-5.6813	-5.57257
BLOCK16/SES169/SA169S29	SES180	-0.117637	-5.69021	-5.57257
BLOCK17/SES171/SA171S12	SES083	-0.830533	-8.31486	-7.48432
BLOCK17/SES171/SA171S12	SES148	-2.04109	-9.52541	-7.48432
BLOCK17/SES171/SA171S12	SES172	-1.2223	-8.70662	-7.48432
BLOCK17/SES171/SA171S12	SES292	-1.27878	-8.7631	-7.48432
BLOCK17/SES171/SA171S15	SES148	-2.5683	-10.3023	-7.73398
BLOCK17/SES171/SA171S15	SES177	-0.961004	-8.69499	-7.73398
BLOCK17/SES171/SA171S15	SES180	-3.70059	-11.4346	-7.73398
BLOCK17/SES171/SA171S15	SES292	-1.72306	-9.45704	-7.73398
BLOCK17/SES171/SA171S22	SES007	-0.458611	-5.03006	-4.57145
BLOCK17/SES171/SA171S22	SES148	0.573105	-3.99834	-4.57145
BLOCK17/SES171/SA171S22	SES177	0.605886	-3.96556	-4.57145
BLOCK17/SES171/SA171S22	SES180	-1.65557	-6.22702	-4.57145
BLOCK17/SES171/SA171S25	SES101	-0.902374	-9.31466	-8.41228
BLOCK17/SES171/SA171S25	SES120	-2.09427	-10.5066	-8.41228
BLOCK17/SES171/SA171S25	SES177	-0.214908	-8.62719	-8.41228
BLOCK17/SES171/SA171S25	SES180	-0.986347	-9.39863	-8.41228
BLOCK17/SES171/SA171S27	SES177	-0.806186	-8.8643	-8.05811
BLOCK17/SES171/SA171S27	SES180	-1.90066	-9.95877	-8.05811
BLOCK17/SES171/SA171S27	SES189	0.082159	-7.97596	-8.05811
BLOCK17/SES171/SA171S27	SES292	-1.64349	-9.70161	-8.05811
BLOCK17/SES173/SA173S13	SES162	-2.92834	-10.5686	-7.64025
BLOCK17/SES173/SA173S13	SES177	-0.662038	-8.30229	-7.64025
BLOCK17/SES173/SA173S13	SES180	-0.408536	-8.04879	-7.64025
BLOCK17/SES173/SA173S13	SES292	0.450437	-7.18982	-7.64025
BLOCK17/SES173/SA173S14	SES007	-1.0186	-8.20546	-7.18686
BLOCK17/SES173/SA173S14	SES162	-2.48914	-9.676	-7.18686
BLOCK17/SES173/SA173S14	SES177	-0.426243	-7.6131	-7.18686
BLOCK17/SES173/SA173S14	SES180	-1.40686	-8.59372	-7.18686
BLOCK17/SES173/SA173S24	SES144	-1.51821	-9.42144	-7.90322
BLOCK17/SES173/SA173S24	SES162	-1.13122	-9.03444	-7.90322
BLOCK17/SES173/SA173S24	SES177	-0.0324883	-7.93571	-7.90322
BLOCK17/SES173/SA173S24	SES180	-1.59083	-9.49405	-7.90322
BLOCK17/SES173/SA173S27	SES162	-3.02449	-11.4327	-8.40824
BLOCK17/SES173/SA173S27	SES177	-1.40892	-9.81716	-8.40824
BLOCK17/SES173/SA173S27	SES180	-1.33608	-9.74432	-8.40824
BLOCK17/SES173/SA173S27	SES292	-0.13591	-8.54415	-8.40824
BLOCK17/SES173/SA173S29	SES162	-1.79149	-8.28612	-6.49463
BLOCK17/SES173/SA173S29	SES175	0.453976	-6.04066	-6.49463
BLOCK17/SES173/SA173S29	SES177	0.57852	-5.91611	-6.49463
BLOCK17/SES173/SA173S29	SES292	0.843366	-5.65127	-6.49463
BLOCK18/SES182/SA182S10	SES144	-1.14896	-8.48191	-7.33295
BLOCK18/SES182/SA182S10	SES177	-0.263172	-7.59612	-7.33295
BLOCK18/SES182/SA182S10	SES180	-1.93709	-9.27003	-7.33295
BLOCK18/SES182/SA182S10	SES275	-1.43381	-8.76675	-7.33295
BLOCK18/SES182/SA182S12	SES144	-0.469688	-7.75978	-7.29009
BLOCK18/SES182/SA182S12	SES177	-0.674627	-7.96472	-7.29009
BLOCK18/SES182/SA182S12	SES180	-2.59424	-9.88433	-7.29009
BLOCK18/SES182/SA182S12	SES275	-0.496963	-7.78706	-7.29009
BLOCK18/SES182/SA182S21	SES117	-0.813459	-10.1216	-9.30816
BLOCK18/SES182/SA182S21	SES144	-1.30297	-10.6111	-9.30816
BLOCK18/SES182/SA182S21	SES162	-0.986073	-10.2942	-9.30816
BLOCK18/SES182/SA182S21	SES180	-1.59973	-10.9079	-9.30816
BLOCK18/SES182/SA182S23	SES117	-0.642333	-11.2129	-10.5706
BLOCK18/SES182/SA182S23	SES144	-5.44755	-16.0181	-10.5706
BLOCK18/SES182/SA182S23	SES180	-3.91347	-14.484	-10.5706
BLOCK18/SES182/SA182S23	SES275	-3.27302	-13.8436	-10.5706
BLOCK18/SES182/SA182S25	SES007	1.25681	-7.10249	-8.3593
BLOCK18/SES182/SA182S25	SES162	-0.625813	-8.98511	-8.3593
BLOCK18/SES182/SA182S25	SES177	-0.136462	-8.49576	-8.3593
BLOCK18/SES182/SA182S25	SES180	-2.59481	-10.9541	-8.3593
BLOCK18/SES184/SA184S12	SES177	-0.129283	-6.2434	-6.11411
BLOCK18/SES184/SA184S12	SES180	0.252399	-5.86171	-6.11411
BLOCK18/SES184/SA184S12	SES189	-0.781699	-6.89581	-6.11411
BLOCK18/SES184/SA184S12	SES292	0.474711	-5.6394	-6.11411
BLOCK18/SES184/SA184S13	SES101	0.249421	-7.29229	-7.54171
BLOCK18/SES184/SA184S13	SES177	0.741897	-6.79981	-7.54171
BLOCK18/SES184/SA184S13	SES180	0.255153	-7.28656	-7.54171
BLOCK18/SES184/SA184S13	SES292	0.398182	-7.14353	-7.54171
BLOCK18/SES184/SA184S22	SES177	0.90661	-6.38398	-7.29059
BLOCK18/SES184/SA184S22	SES180	1.2186	-6.07199	-7.29059
BLOCK18/SES184/SA184S22	SES189	-0.0902095	-7.3808	-7.29059
BLOCK18/SES184/SA184S22	SES292	0.430897	-6.85969	-7.29059
BLOCK18/SES184/SA184S25	SES101	0.112561	-6.50535	-6.61791
BLOCK18/SES184/SA184S25	SES177	-0.18755	-6.80546	-6.61791
BLOCK18/SES184/SA184S25	SES180	0.575127	-6.04278	-6.61791
BLOCK18/SES184/SA184S25	SES292	0.334723	-6.28318	-6.61791
BLOCK18/SES184/SA184S27	SES083	-0.321749	-7.02872	-6.70697
BLOCK18/SES184/SA184S27	SES177	-0.226087	-6.93306	-6.70697
BLOCK18/SES184/SA184S27	SES202	-0.227986	-6.93495	-6.70697
BLOCK18/SES184/SA184S27	SES292	-0.547923	-7.25489	-6.70697
BLOCK20/SES204/SA204S12	SES062	0.595166	-6.43168	-7.02685
BLOCK20/SES204/SA204S12	SES083	-0.330492	-7.35734	-7.02685
BLOCK20/SES204/SA204S12	SES206	0.235561	-6.79129	-7.02685
BLOCK20/SES204/SA204S12	SES226	-0.747867	-7.77472	-7.02685
BLOCK20/SES204/SA204S14	SES068	0.657199	-4.73288	-5.39008
BLOCK20/SES204/SA204S14	SES087	1.1302	-4.25989	-5.39008
BLOCK20/SES204/SA204S14	SES206	0.578394	-4.81169	-5.39008
BLOCK20/SES204/SA204S14	SES226	-0.266467	-5.65655	-5.39008
BLOCK20/SES204/SA204S22	SES068	-0.0710173	-6.94279	-6.87177
BLOCK20/SES204/SA204S22	SES082	0.43448	-6.43729	-6.87177
BLOCK20/SES204/SA204S22	SES083	-2.04596	-8.91773	-6.87177
BLOCK20/SES204/SA204S22	SES206	0.859929	-6.01184	-6.87177
BLOCK20/SES204/SA204S25	SES062	0.506557	-6.45566	-6.96221
BLOCK20/SES204/SA204S25	SES083	-1.04007	-8.00228	-6.96221
BLOCK20/SES204/SA204S25	SES206	0.73114	-6.23107	-6.96221
BLOCK20/SES204/SA204S25	SES226	-0.227234	-7.18945	-6.96221
BLOCK20/SES204/SA204S27	SES068	-0.79972	-8.73833	-7.93861
BLOCK20/SES204/SA204S27	SES082	-1.01533	-8.95394	-7.93861
BLOCK20/SES204/SA204S27	SES087	0.75399	-7.18462	-7.93861
BLOCK20/SES204/SA204S27	SES206	-0.853516	-8.79212	-7.93861
BLOCK20/SES207/SA207S10	SES127	-1.18599	-7.50018	-6.31419
BLOCK20/SES207/SA207S10	SES183	0.511825	-5.80237	-6.31419
BLOCK20/SES207/SA207S10	SES189	0.374507	-5.93968	-6.31419
BLOCK20/SES207/SA207S10	SES292	-0.128126	-6.44232	-6.31419
BLOCK20/SES207/SA207S11	SES127	-0.861591	-7.42285	-6.56126
BLOCK20/SES207/SA207S11	SES183	-0.788598	-7.34985	-6.56126
BLOCK20/SES207/SA207S11	SES187	-0.381102	-6.94236	-6.56126
BLOCK20/SES207/SA207S11	SES292	0.190166	-6.37109	-6.56126
BLOCK20/SES207/SA207S25	SES068	-0.0359769	-7.97053	-7.93455
BLOCK20/SES207/SA207S25	SES083	-0.644057	-8.57861	-7.93455
BLOCK20/SES207/SA207S25	SES127	0.480315	-7.45424	-7.93455
BLOCK20/SES207/SA207S25	SES187	0.181926	-7.75262	-7.93455
BLOCK20/SES207/SA207S27	SES127	-0.961294	-9.51253	-8.55124
BLOCK20/SES207/SA207S27	SES183	-0.447573	-8.99881	-8.55124
BLOCK20/SES207/SA207S27	SES187	0.434984	-8.11625	-8.55124
BLOCK20/SES207/SA207S27	SES292	-0.326262	-8.8775	-8.55124
BLOCK20/SES207/SA207S29	SES083	-1.44823	-7.69829	-6.25006
BLOCK20/SES207/SA207S29	SES085	-0.875938	-7.126	-6.25006
BLOCK20/SES207/SA207S29	SES172	0.367313	-5.88275	-6.25006
BLOCK20/SES207/SA207S29	SES189	-3.07994	-9.33	-6.25006
BLOCK22/SES221/SA221S12	SES068	1.31213	-4.49782	-5.80995
BLOCK22/SES221/SA221S12	SES143	-0.430342	-6.24029	-5.80995
BLOCK22/SES221/SA221S12	SES175	0.420023	-5.38992	-5.80995
BLOCK22/SES221/SA221S12	SES202	0.35418	-5.45577	-5.80995
BLOCK22/SES221/SA221S15	SES085	0.31527	-6.77863	-7.0939
BLOCK22/SES221/SA221S15	SES143	-0.241268	-7.33517	-7.0939
BLOCK22/SES221/SA221S15	SES175	0.151402	-6.9425	-7.0939
BLOCK22/SES221/SA221S15	SES187	-0.155419	-7.24932	-7.0939
BLOCK22/SES221/SA221S23	SES068	0.948117	-6.20704	-7.15515
BLOCK22/SES221/SA221S23	SES143	-1.00644	-8.16159	-7.15515
BLOCK22/SES221/SA221S23	SES175	-0.0301514	-7.1853	-7.15515
BLOCK22/SES221/SA221S23	SES189	-0.447167	-7.60232	-7.15515
BLOCK22/SES221/SA221S27	SES085	1.51544	-5.83261	-7.34805
BLOCK22/SES221/SA221S27	SES143	0.863728	-6.48432	-7.34805
BLOCK22/SES221/SA221S27	SES175	0.44523	-6.90282	-7.34805
BLOCK22/SES221/SA221S27	SES189	-0.705879	-8.05393	-7.34805
BLOCK22/SES221/SA221S29	SES085	0.477868	-7.91964	-8.3975
BLOCK22/SES221/SA221S29	SES143	-0.179516	-8.57702	-8.3975
BLOCK22/SES221/SA221S29	SES175	0.818655	-7.57885	-8.3975
BLOCK22/SES221/SA221S29	SES187	-0.428564	-8.82607	-8.3975
BLOCK22/SES223/SA223S11	SES143	0.0359631	-8.60071	-8.63667
BLOCK22/SES223/SA223S11	SES144	-2.52691	-11.1636	-8.63667
BLOCK22/SES223/SA223S11	SES175	0.0142899	-8.62238	-8.63667
BLOCK22/SES223/SA223S11	SES187	-0.613776	-9.25045	-8.63667
BLOCK22/SES223/SA223S13	SES068	0.469409	-9.62517	-10.0946
BLOCK22/SES223/SA223S13	SES143	-0.782952	-10.8775	-10.0946
BLOCK22/SES223/SA223S13	SES146	0.454539	-9.64004	-10.0946
BLOCK22/SES223/SA223S13	SES202	0.0315285	-10.0631	-10.0946
BLOCK22/SES223/SA223S22	SES143	-0.215238	-7.09168	-6.87645
BLOCK22/SES223/SA223S22	SES144	-2.83366	-9.7101	-6.87645
BLOCK22/SES223/SA223S22	SES175	0.235486	-6.64096	-6.87645
BLOCK22/SES223/SA223S22	SES187	-0.170925	-7.04737	-6.87645
BLOCK22/SES223/SA223S25	SES068	0.272767	-7.33405	-7.60681
BLOCK22/SES223/SA223S25	SES143	-0.829992	-8.43681	-7.60681
BLOCK22/SES223/SA223S25	SES175	0.501179	-7.10563	-7.60681
BLOCK22/SES223/SA223S25	SES187	-0.353946	-7.96076	-7.60681
BLOCK22/SES223/SA223S27	SES143	0.656997	-8.55449	-9.21149
BLOCK22/SES223/SA223S27	SES146	-1.23012	-10.4416	-9.21149
BLOCK22/SES223/SA223S27	SES187	-0.0657701	-9.27726	-9.21149
BLOCK22/SES223/SA223S27	SES292	1.53294	-7.67855	-9.21149
BLOCK27/SES273/SA273S12	SES099	1.41047	-6.84501	-8.25548
BLOCK27/SES273/SA273S12	SES104	1.43444	-6.82104	-8.25548
BLOCK27/SES273/SA273S12	SES125	0.789087	-7.46639	-8.25548
BLOCK27/SES273/SA273S12	SES206	1.70885	-6.54663	-8.25548
BLOCK27/SES273/SA273S13	SES099	1.03622	-4.73931	-5.77553
BLOCK27/SES273/SA273S13	SES104	0.394831	-5.3807	-5.77553
BLOCK27/SES273/SA273S13	SES206	0.318559	-5.45697	-5.77553
BLOCK27/SES273/SA273S13	SES292	0.553011	-5.22252	-5.77553
BLOCK27/SES273/SA273S21	SES099	0.085165	-6.83083	-6.91599
BLOCK27/SES273/SA273S21	SES148	-1.97551	-8.8915	-6.91599
BLOCK27/SES273/SA273S21	SES149	-0.947013	-7.86301	-6.91599
BLOCK27/SES273/SA273S21	SES177	-0.319751	-7.23574	-6.91599
BLOCK27/SES273/SA273S25	SES104	1.21492	-7.46599	-8.68092
BLOCK27/SES273/SA273S25	SES125	0.0327625	-8.64816	-8.68092
BLOCK27/SES273/SA273S25	SES158	2.0638	-6.61712	-8.68092
BLOCK27/SES273/SA273S25	SES206	1.27016	-7.41076	-8.68092
BLOCK27/SES273/SA273S27	SES099	0.130347	-4.79566	-4.92601
BLOCK27/SES273/SA273S27	SES104	0.203353	-4.72265	-4.92601
BLOCK27/SES273/SA273S27	SES149	0.256993	-4.66901	-4.92601
BLOCK27/SES273/SA273S27	SES275	-0.0955763	-5.02158	-4.92601
BLOCK27/SES274/SA274S10	SES105	-1.41834	-6.21621	-4.79787
BLOCK27/SES274/SA274S10	SES125	-2.04883	-6.8467	-4.79787
BLOCK27/SES274/SA274S10	SES129	0.612055	-4.18581	-4.79787
BLOCK27/SES274/SA274S10	SES158	-4.02134	-8.81921	-4.79787
BLOCK27/SES274/SA274S11	SES105	-0.77175	-7.69564	-6.92389
BLOCK27/SES274/SA274S11	SES149	-0.649963	-7.57385	-6.92389
BLOCK27/SES274/SA274S11	SES158	-1.18308	-8.10698	-6.92389
BLOCK27/SES274/SA274S11	SES275	0.645619	-6.27827	-6.92389
BLOCK27/SES274/SA274S21	SES105	-0.878478	-7.80699	-6.92851
BLOCK27/SES274/SA274S21	SES129	0.347788	-6.58073	-6.92851
BLOCK27/SES274/SA274S21	SES149	-0.847603	-7.77612	-6.92851
BLOCK27/SES274/SA274S21	SES158	-3.00036	-9.92888	-6.92851
BLOCK27/SES274/SA274S24	SES105	-1.20532	-7.99088	-6.78556
BLOCK27/SES274/SA274S24	SES129	-0.0498834	-6.83544	-6.78556
BLOCK27/SES274/SA274S24	SES149	-1.61277	-8.39833	-6.78556
BLOCK27/SES274/SA274S24	SES158	-3.75916	-10.5447	-6.78556
BLOCK27/SES274/SA274S29	SES105	-0.60055	-7.50403	-6.90348
BLOCK27/SES274/SA274S29	SES106	-1.74735	-8.65083	-6.90348
BLOCK27/SES274/SA274S29	SES120	-0.0361924	-6.93967	-6.90348
BLOCK27/SES274/SA274S29	SES275	0.110118	-6.79336	-6.90348
BLOCK27/SES276/SA276S16	SES148	0.219934	-6.68397	-6.9039
BLOCK27/SES276/SA276S16	SES172	1.50629	-5.39762	-6.9039
BLOCK27/SES276/SA276S16	SES180	0.773713	-6.13019	-6.9039
BLOCK27/SES276/SA276S16	SES292	0.41374	-6.49016	-6.9039
BLOCK27/SES276/SA276S17	SES101	0.251015	-6.77133	-7.02235
BLOCK27/SES276/SA276S17	SES177	-0.00944376	-7.03179	-7.02235
BLOCK27/SES276/SA276S17	SES180	0.164338	-6.85801	-7.02235
BLOCK27/SES276/SA276S17	SES292	0.311447	-6.7109	-7.02235
BLOCK27/SES276/SA276S24	SES101	0.133049	-6.11376	-6.24681
BLOCK27/SES276/SA276S24	SES177	0.778243	-5.46856	-6.24681
BLOCK27/SES276/SA276S24	SES180	0.915562	-5.33125	-6.24681
BLOCK27/SES276/SA276S24	SES292	0.00459242	-6.24222	-6.24681
BLOCK27/SES276/SA276S26	SES101	-0.705587	-5.92216	-5.21657
BLOCK27/SES276/SA276S26	SES177	0.434047	-4.78252	-5.21657
BLOCK27/SES276/SA276S26	SES180	0.319582	-4.89699	-5.21657
BLOCK27/SES276/SA276S26	SES292	1.16742	-4.04916	-5.21657
BLOCK27/SES276/SA276S28	SES101	0.117263	-4.82161	-4.93887
BLOCK27/SES276/SA276S28	SES177	-0.293083	-5.23195	-4.93887
BLOCK27/SES276/SA276S28	SES180	0.784605	-4.15426	-4.93887
BLOCK27/SES276/SA276S28	SES292	0.274724	-4.66414	-4.93887
BLOCK27/SES277/SA277S12	SES101	-0.35286	-9.1216	-8.76874
BLOCK27/SES277/SA277S12	SES177	-1.71546	-10.4842	-8.76874
BLOCK27/SES277/SA277S12	SES180	-1.07711	-9.84585	-8.76874
BLOCK27/SES277/SA277S12	SES292	-0.91439	-9.68313	-8.76874
BLOCK27/SES277/SA277S14	SES177	-0.587267	-9.32173	-8.73446
BLOCK27/SES277/SA277S14	SES180	-1.60696	-10.3414	-8.73446
BLOCK27/SES277/SA277S14	SES189	0.545868	-8.18859	-8.73446
BLOCK27/SES277/SA277S14	SES292	-1.55666	-10.2911	-8.73446
BLOCK27/SES277/SA277S21	SES177	-0.520139	-7.94366	-7.42352
BLOCK27/SES277/SA277S21	SES180	-0.682394	-8.10591	-7.42352
BLOCK27/SES277/SA277S21	SES189	-0.218102	-7.64162	-7.42352
BLOCK27/SES277/SA277S21	SES292	-0.796562	-8.22008	-7.42352
BLOCK27/SES277/SA277S24	SES144	-1.11358	-9.92164	-8.80806
BLOCK27/SES277/SA277S24	SES177	-1.33447	-10.1425	-8.80806
BLOCK27/SES277/SA277S24	SES180	-2.14483	-10.9529	-8.80806
BLOCK27/SES277/SA277S24	SES189	-0.284706	-9.09276	-8.80806
BLOCK27/SES277/SA277S29	SES177	0.535097	-4.72918	-5.26428
BLOCK27/SES277/SA277S29	SES180	0.203131	-5.06115	-5.26428
BLOCK27/SES277/SA277S29	SES202	0.323639	-4.94064	-5.26428
BLOCK27/SES277/SA277S29	SES292	-0.226935	-5.49121	-5.26428
BLOCK27/SES279/SA279S09	SES120	-0.136979	-6.04986	-5.91288
BLOCK27/SES279/SA279S09	SES146	-0.188223	-6.1011	-5.91288
BLOCK27/SES279/SA279S09	SES206	0.553077	-5.3598	-5.91288
BLOCK27/SES279/SA279S09	SES226	-1.39392	-7.3068	-5.91288
BLOCK27/SES279/SA279S10	SES099	-0.0698256	-7.07557	-7.00575
BLOCK27/SES279/SA279S10	SES206	-0.280844	-7.28659	-7.00575
BLOCK27/SES279/SA279S10	SES226	-2.12784	-9.13359	-7.00575
BLOCK27/SES279/SA279S10	SES292	0.761084	-6.24466	-7.00575
BLOCK27/SES279/SA279S20	SES099	-1.7441	-9.94318	-8.19909
BLOCK27/SES279/SA279S20	SES206	0.46775	-7.73134	-8.19909
BLOCK27/SES279/SA279S20	SES226	-2.56884	-10.7679	-8.19909
BLOCK27/SES279/SA279S20	SES292	-0.669507	-8.86859	-8.19909
BLOCK27/SES279/SA279S26	SES099	-0.0353546	-9.00109	-8.96574
BLOCK27/SES279/SA279S26	SES206	0.963627	-8.00211	-8.96574
BLOCK27/SES279/SA279S26	SES226	-2.08502	-11.0508	-8.96574
BLOCK27/SES279/SA279S26	SES292	1.56287	-7.40287	-8.96574
BLOCK27/SES279/SA279S28	SES099	0.972943	-4.11431	-5.08726
BLOCK27/SES279/SA279S28	SES120	0.539623	-4.54764	-5.08726
BLOCK27/SES279/SA279S28	SES177	-0.575266	-5.66252	-5.08726
BLOCK27/SES279/SA279S28	SES206	-0.0341816	-5.12144	-5.08726
BLOCK29/SES290/SA290S12	SES162	0.848073	-5.07225	-5.92033
BLOCK29/SES290/SA290S12	SES177	0.321257	-5.59907	-5.92033
BLOCK29/SES290/SA290S12	SES180	0.334816	-5.58551	-5.92033
BLOCK29/SES290/SA290S12	SES292	-0.100546	-6.02087	-5.92033
BLOCK29/SES290/SA290S13	SES007	0.548108	-5.76724	-6.31535
BLOCK29/SES290/SA290S13	SES162	-0.520646	-6.83599	-6.31535
BLOCK29/SES290/SA290S13	SES177	0.161025	-6.15432	-6.31535
BLOCK29/SES290/SA290S13	SES180	0.130792	-6.18456	-6.31535
BLOCK29/SES290/SA290S22	SES177	0.333881	-5.5782	-5.91208
BLOCK29/SES290/SA290S22	SES180	-0.01297	-5.92505	-5.91208
BLOCK29/SES290/SA290S22	SES202	0.427068	-5.48501	-5.91208
BLOCK29/SES290/SA290S22	SES292	0.425747	-5.48633	-5.91208
BLOCK29/SES290/SA290S25	SES162	0.488211	-6.20137	-6.68958
BLOCK29/SES290/SA290S25	SES177	0.478987	-6.21059	-6.68958
BLOCK29/SES290/SA290S25	SES180	0.607784	-6.0818	-6.68958
BLOCK29/SES290/SA290S25	SES292	0.741319	-5.94826	-6.68958
BLOCK29/SES290/SA290S29	SES177	0.474772	-4.79952	-5.2743
BLOCK29/SES290/SA290S29	SES180	1.22604	-4.04826	-5.2743
BLOCK29/SES290/SA290S29	SES275	1.20714	-4.06716	-5.2743
BLOCK29/SES290/SA290S29	SES292	0.779469	-4.49483	-5.2743
BLOCK29/SES291/SA291S11	SES105	-0.540261	-9.05342	-8.51316
BLOCK29/SES291/SA291S11	SES125	-0.18571	-8.69887	-8.51316
BLOCK29/SES291/SA291S11	SES158	-0.185425	-8.69858	-8.51316
BLOCK29/SES291/SA291S11	SES275	-0.920405	-9.43356	-8.51316
BLOCK29/SES291/SA291S12	SES158	2.21178	-7.03346	-9.24524
BLOCK29/SES291/SA291S12	SES226	-0.83268	-10.0779	-9.24524
BLOCK29/SES291/SA291S12	SES270	0.41692	-8.82832	-9.24524
BLOCK29/SES291/SA291S12	SES275	-2.39596	-11.6412	-9.24524
BLOCK29/SES291/SA291S22	SES082	0.00943708	-7.58301	-7.59245
BLOCK29/SES291/SA291S22	SES158	0.841315	-6.75113	-7.59245
BLOCK29/SES291/SA291S22	SES259	0.206532	-7.38592	-7.59245
BLOCK29/SES291/SA291S22	SES275	-1.18043	-8.77288	-7.59245
BLOCK29/SES291/SA291S24	SES104	0.724983	-7.10944	-7.83442
BLOCK29/SES291/SA291S24	SES125	0.434959	-7.39946	-7.83442
BLOCK29/SES291/SA291S24	SES158	1.4755	-6.35892	-7.83442
BLOCK29/SES291/SA291S24	SES275	-1.58662	-9.42104	-7.83442
BLOCK29/SES291/SA291S27	SES158	0.991595	-5.71265	-6.70424
BLOCK29/SES291/SA291S27	SES172	-1.24889	-7.95313	-6.70424
BLOCK29/SES291/SA291S27	SES275	-0.90914	-7.61338	-6.70424
BLOCK29/SES291/SA291S27	SES292	0.0715871	-6.63265	-6.70424
